TN:
SF:/home/gabriel/Escritorio/SPEC_CPU2000_CD_2/benchspec/CINT2000/300.twolf/src/xpickint.c
FN:8,XPICK_INT
FNDA:229846431,XPICK_INT
FNF:1
FNH:1
BRDA:14,0,0,0
BRDA:14,0,1,229846431
BRDA:18,0,0,230061205
BRDA:18,0,1,0
BRDA:19,0,0,214774
BRDA:19,0,1,229846431
BRF:6
BRH:4
DA:8,229846431
DA:14,229846431
DA:15,0
DA:18,230061205
DA:19,230061205
DA:20,229846431
LF:6
LH:5
end_of_record
SF:/home/gabriel/Escritorio/SPEC_CPU2000_CD_2/benchspec/CINT2000/300.twolf/src/xpickint.c
FN:8,XPICK_INT
FNDA:229846431,XPICK_INT
FNDA:229846431,XPICK_INT
FNDA:229846431,XPICK_INT
FNF:3
FNH:3
BRDA:14,9999,0,0
BRDA:14,9999,1,100
BRDA:14,9999,2,0
BRDA:14,9999,3,100
BRDA:14,9999,4,0
BRDA:14,9999,5,100
BRDA:18,9999,0,100
BRDA:18,9999,1,0
BRDA:18,9999,3,100
BRDA:18,9999,4,0
BRDA:18,9999,6,100
BRDA:18,9999,7,0
BRDA:19,9999,0,1
BRDA:19,9999,1,99
BRDA:19,9999,2,1
BRDA:19,9999,3,99
BRDA:19,9999,4,1
BRDA:19,9999,5,99
BRF:18
BRH:12
DA:8,689539293
DA:14,689539293
DA:15,0
DA:18,690183615
DA:19,690183615
DA:20,689539293
LF:6
LH:5
end_of_record
TN:
SF:/home/gabriel/Escritorio/SPEC_CPU2000_CD_2/benchspec/CINT2000/300.twolf/src/ucg0.c
FN:4,ucg0
FN:237,sub_reset1
FNDA:0,ucg0
FNDA:0,sub_reset1
FNF:2
FNH:0
BRDA:34,2,0,-
BRDA:34,2,1,-
BRDA:40,0,0,-
BRDA:40,0,1,-
BRDA:41,0,0,-
BRDA:41,0,1,-
BRDA:45,0,0,-
BRDA:45,0,1,-
BRDA:50,0,0,-
BRDA:50,0,1,-
BRDA:54,0,0,-
BRDA:54,0,1,-
BRDA:61,2,0,-
BRDA:61,2,1,-
BRDA:62,0,0,-
BRDA:62,0,1,-
BRDA:66,0,0,-
BRDA:66,0,1,-
BRDA:70,0,0,-
BRDA:70,0,1,-
BRDA:77,0,0,-
BRDA:77,0,1,-
BRDA:79,1,0,-
BRDA:79,1,1,-
BRDA:83,1,0,-
BRDA:83,1,1,-
BRDA:90,0,0,-
BRDA:90,0,1,-
BRDA:92,1,0,-
BRDA:92,1,1,-
BRDA:96,1,0,-
BRDA:96,1,1,-
BRDA:105,0,0,-
BRDA:105,0,1,-
BRDA:113,9999,0,-
BRDA:113,9999,1,-
BRDA:116,0,0,-
BRDA:116,0,1,-
BRDA:120,0,0,-
BRDA:120,0,1,-
BRDA:121,2,0,-
BRDA:121,2,1,-
BRDA:125,2,0,-
BRDA:125,2,1,-
BRDA:138,2,0,-
BRDA:138,2,1,-
BRDA:144,2,0,-
BRDA:144,2,1,-
BRDA:147,2,0,-
BRDA:147,2,1,-
BRDA:148,1,0,-
BRDA:148,1,1,-
BRDA:153,2,0,-
BRDA:153,2,1,-
BRDA:154,1,0,-
BRDA:154,1,1,-
BRDA:162,0,0,-
BRDA:162,0,1,-
BRDA:164,1,0,-
BRDA:164,1,1,-
BRDA:170,0,0,-
BRDA:170,0,1,-
BRDA:172,1,0,-
BRDA:172,1,1,-
BRDA:182,2,0,-
BRDA:182,2,1,-
BRDA:188,2,0,-
BRDA:188,2,1,-
BRDA:192,2,0,-
BRDA:192,2,1,-
BRDA:196,2,0,-
BRDA:196,2,1,-
BRDA:199,2,0,-
BRDA:199,2,1,-
BRDA:200,1,0,-
BRDA:200,1,1,-
BRDA:205,2,0,-
BRDA:205,2,1,-
BRDA:206,1,0,-
BRDA:206,1,1,-
BRDA:214,0,0,-
BRDA:214,0,1,-
BRDA:216,1,0,-
BRDA:216,1,1,-
BRDA:222,0,0,-
BRDA:222,0,1,-
BRDA:224,1,0,-
BRDA:224,1,1,-
BRDA:247,0,0,-
BRDA:247,0,1,-
BRDA:248,1,0,-
BRDA:248,1,1,-
BRDA:252,0,0,-
BRDA:252,0,1,-
BRDA:254,0,0,-
BRDA:254,0,1,-
BRDA:264,0,0,-
BRDA:264,0,1,-
BRDA:265,1,0,-
BRDA:265,1,1,-
BRDA:269,0,0,-
BRDA:269,0,1,-
BRDA:271,0,0,-
BRDA:271,0,1,-
BRF:104
BRH:0
DA:4,0
DA:23,0
DA:24,0
DA:25,0
DA:27,0
DA:28,0
DA:30,0
DA:31,0
DA:32,0
DA:33,0
DA:34,0
DA:36,0
DA:37,0
DA:39,0
DA:40,0
DA:41,0
DA:42,0
DA:43,0
DA:45,0
DA:46,0
DA:47,0
DA:50,0
DA:51,0
DA:52,0
DA:54,0
DA:55,0
DA:56,0
DA:59,0
DA:60,0
DA:61,0
DA:62,0
DA:66,0
DA:67,0
DA:70,0
DA:71,0
DA:74,0
DA:75,0
DA:77,0
DA:78,0
DA:79,0
DA:80,0
DA:82,0
DA:83,0
DA:84,0
DA:87,0
DA:90,0
DA:91,0
DA:92,0
DA:93,0
DA:95,0
DA:96,0
DA:97,0
DA:100,0
DA:103,0
DA:104,0
DA:105,0
DA:106,0
DA:109,0
DA:110,0
DA:111,0
DA:112,0
DA:113,0
DA:114,0
DA:116,0
DA:117,0
DA:120,0
DA:121,0
DA:122,0
DA:123,0
DA:124,0
DA:125,0
DA:126,0
DA:127,0
DA:128,0
DA:129,0
DA:130,0
DA:131,0
DA:132,0
DA:133,0
DA:134,0
DA:135,0
DA:138,0
DA:140,0
DA:141,0
DA:142,0
DA:144,0
DA:145,0
DA:147,0
DA:148,0
DA:149,0
DA:150,0
DA:151,0
DA:153,0
DA:154,0
DA:155,0
DA:156,0
DA:157,0
DA:160,0
DA:162,0
DA:163,0
DA:164,0
DA:165,0
DA:166,0
DA:167,0
DA:170,0
DA:171,0
DA:172,0
DA:173,0
DA:174,0
DA:175,0
DA:179,0
DA:180,0
DA:182,0
DA:184,0
DA:185,0
DA:186,0
DA:188,0
DA:189,0
DA:190,0
DA:191,0
DA:192,0
DA:193,0
DA:196,0
DA:197,0
DA:199,0
DA:200,0
DA:201,0
DA:202,0
DA:203,0
DA:205,0
DA:206,0
DA:207,0
DA:208,0
DA:209,0
DA:212,0
DA:214,0
DA:215,0
DA:216,0
DA:217,0
DA:218,0
DA:219,0
DA:222,0
DA:223,0
DA:224,0
DA:225,0
DA:226,0
DA:227,0
DA:231,0
DA:232,0
DA:237,0
DA:246,0
DA:247,0
DA:248,0
DA:249,0
DA:250,0
DA:251,0
DA:252,0
DA:253,0
DA:254,0
DA:255,0
DA:257,0
DA:259,0
DA:260,0
DA:261,0
DA:264,0
DA:265,0
DA:266,0
DA:267,0
DA:268,0
DA:269,0
DA:270,0
DA:271,0
DA:272,0
DA:274,0
DA:276,0
DA:277,0
DA:278,0
DA:281,0
LF:178
LH:0
end_of_record
TN:
SF:/home/gabriel/Escritorio/SPEC_CPU2000_CD_2/benchspec/CINT2000/300.twolf/src/utemp.c
FN:37,utemp
FN:291,add_dummy_feeds
FNDA:1,utemp
FNDA:1,add_dummy_feeds
FNF:2
FNH:2
BRDA:51,0,0,0
BRDA:51,0,1,1
BRDA:67,1,0,1023
BRDA:67,1,1,1
BRDA:75,2,0,1888
BRDA:75,2,1,1
BRDA:76,0,0,0
BRDA:76,0,1,1888
BRDA:83,0,0,0
BRDA:83,0,1,1
BRDA:90,0,0,0
BRDA:90,0,1,1
BRDA:95,0,0,4
BRDA:95,0,1,1
BRDA:122,0,0,4
BRDA:122,0,1,123
BRDA:124,0,0,0
BRDA:124,0,1,4
BRDA:133,0,0,120
BRDA:133,0,1,3
BRDA:135,9999,0,1
BRDA:135,9999,1,119
BRDA:140,0,0,1
BRDA:140,0,1,2
BRDA:142,0,0,1
BRDA:142,0,1,0
BRDA:150,9999,0,0
BRDA:150,9999,1,1
BRDA:157,9999,0,1
BRDA:157,9999,1,0
BRDA:165,9999,0,1
BRDA:165,9999,1,0
BRDA:166,0,0,1
BRDA:166,0,1,0
BRDA:167,2,0,16
BRDA:167,2,1,1
BRDA:183,9999,0,0
BRDA:183,9999,1,1
BRDA:185,0,1,-
BRDA:185,0,2,-
BRDA:212,9999,0,1
BRDA:212,9999,1,0
BRDA:213,0,0,1
BRDA:213,0,1,0
BRDA:221,0,0,2
BRDA:221,0,1,0
BRDA:229,0,0,123
BRDA:229,0,1,0
BRDA:231,9999,0,8
BRDA:231,9999,1,115
BRDA:237,0,0,122
BRDA:237,0,1,1
BRDA:237,1,2,0
BRDA:237,1,3,122
BRDA:243,1,0,8
BRDA:243,1,1,1
BRDA:253,9999,0,1
BRDA:253,9999,1,0
BRDA:256,9999,0,0
BRDA:256,9999,1,1
BRDA:257,0,0,-
BRDA:257,0,1,-
BRDA:264,0,0,17
BRDA:264,0,1,1
BRDA:299,2,0,16
BRDA:299,2,1,1
BRDA:303,1,0,836
BRDA:303,1,1,16
BRDA:311,0,0,0
BRDA:311,0,1,836
BRF:70
BRH:47
DA:37,1
DA:49,1
DA:51,1
DA:52,0
DA:54,1
DA:56,1
DA:57,1
DA:58,1
DA:59,1
DA:60,1
DA:61,1
DA:64,1
DA:65,1
DA:66,1
DA:67,1024
DA:68,1023
DA:69,1023
DA:70,1023
DA:74,1
DA:75,1889
DA:76,1888
DA:77,0
DA:79,1888
DA:83,1
DA:84,0
DA:87,1
DA:88,1
DA:90,1
DA:91,0
DA:94,1
DA:95,5
DA:96,4
DA:98,1
DA:99,1
DA:100,1
DA:101,1
DA:102,1
DA:103,1
DA:104,1
DA:105,1
DA:106,1
DA:107,1
DA:108,1
DA:109,1
DA:110,1
DA:111,1
DA:112,1
DA:113,1
DA:116,1
DA:117,1
DA:119,1
DA:120,1
DA:122,127
DA:123,4
DA:124,4
DA:125,0
DA:126,0
DA:127,0
DA:129,4
DA:130,4
DA:133,123
DA:134,120
DA:135,120
DA:136,1
DA:138,120
DA:140,3
DA:141,1
DA:142,1
DA:143,1
DA:144,1
DA:146,1
DA:147,1
DA:148,1
DA:150,1
DA:151,0
DA:152,0
DA:153,0
DA:156,1
DA:157,1
DA:158,1
DA:159,1
DA:160,1
DA:161,1
DA:162,1
DA:164,1
DA:165,1
DA:166,1
DA:167,17
DA:168,16
DA:171,1
DA:173,1
DA:174,1
DA:175,1
DA:176,1
DA:178,1
DA:179,1
DA:181,1
DA:182,1
DA:183,1
DA:184,0
DA:185,0
DA:186,0
DA:187,0
DA:191,1
DA:192,1
DA:193,1
DA:194,1
DA:201,1
DA:202,1
DA:203,1
DA:204,1
DA:205,1
DA:206,1
DA:207,1
DA:208,1
DA:210,1
DA:212,1
DA:213,1
DA:214,1
DA:215,1
DA:216,1
DA:217,1
DA:221,2
DA:222,2
DA:223,2
DA:224,2
DA:229,123
DA:230,123
DA:231,123
DA:232,8
DA:234,123
DA:237,123
DA:243,9
DA:244,8
DA:245,8
DA:246,8
DA:249,1
DA:251,1
DA:253,1
DA:254,1
DA:255,1
DA:256,1
DA:257,0
DA:258,0
DA:261,1
DA:262,1
DA:264,18
DA:265,17
DA:266,17
DA:268,1
DA:269,1
DA:270,1
DA:272,0
DA:274,1
DA:275,1
DA:276,1
DA:278,1
DA:281,122
DA:283,122
DA:284,1
DA:291,1
DA:299,17
DA:300,16
DA:301,48
DA:302,32
DA:303,852
DA:304,836
DA:305,836
DA:306,836
DA:307,836
DA:308,836
DA:309,836
DA:310,836
DA:311,836
DA:312,0
DA:314,836
DA:315,836
DA:317,836
DA:321,836
DA:322,836
DA:323,836
DA:324,836
DA:325,836
DA:326,836
DA:327,836
DA:328,836
LF:186
LH:168
end_of_record
SF:/usr/include/bits/stdio2.h
DA:34,837
DA:98,31
DA:105,131
LF:3
LH:3
end_of_record
TN:
SF:/home/gabriel/Escritorio/SPEC_CPU2000_CD_2/benchspec/CINT2000/300.twolf/src/readseg.c
FN:11,readseg
FNDA:1,readseg
FNF:1
FNH:1
BRDA:26,1,1,5218
BRDA:26,1,2,1
BRDA:27,0,0,5218
BRDA:27,0,1,0
BRDA:27,1,2,1888
BRDA:27,1,3,3330
BRDA:27,2,4,1888
BRDA:27,2,5,0
BRDA:27,3,6,1888
BRDA:27,3,7,0
BRDA:27,7,8,1888
BRDA:27,7,9,3330
BRDA:29,0,0,0
BRDA:29,0,1,3330
BRDA:29,1,2,-
BRDA:29,1,3,-
BRDA:29,2,4,-
BRDA:29,2,5,-
BRDA:29,3,6,-
BRDA:29,3,7,-
BRDA:29,7,8,3330
BRDA:29,7,9,0
BRDA:32,9999,0,0
BRDA:32,9999,1,3330
BRDA:32,0,2,-
BRDA:32,0,3,-
BRDA:32,1,4,-
BRDA:32,1,5,-
BRDA:32,2,6,-
BRDA:32,2,7,-
BRDA:32,6,8,3174
BRDA:32,6,9,156
BRDA:74,1,0,1922
BRDA:74,1,1,1
BRDA:79,0,1,5218
BRDA:79,0,2,1
BRDA:80,0,0,5218
BRDA:80,0,1,0
BRDA:80,1,2,1888
BRDA:80,1,3,3330
BRDA:80,2,4,1888
BRDA:80,2,5,0
BRDA:80,3,6,1888
BRDA:80,3,7,0
BRDA:80,7,8,1888
BRDA:80,7,9,3330
BRDA:83,0,0,0
BRDA:83,0,1,3330
BRDA:83,1,2,-
BRDA:83,1,3,-
BRDA:83,2,4,-
BRDA:83,2,5,-
BRDA:83,3,6,-
BRDA:83,3,7,-
BRDA:83,7,8,3330
BRDA:83,7,9,0
BRDA:86,9999,0,0
BRDA:86,9999,1,3330
BRDA:86,0,2,-
BRDA:86,0,3,-
BRDA:86,1,4,-
BRDA:86,1,5,-
BRDA:86,2,6,-
BRDA:86,2,7,-
BRDA:86,6,8,3174
BRDA:86,6,9,156
BRDA:112,9999,0,0
BRDA:112,9999,1,3174
BRDA:112,0,2,-
BRDA:112,0,3,-
BRDA:117,0,0,0
BRDA:117,0,1,3174
BRDA:117,1,2,-
BRDA:117,1,3,-
BRDA:144,9999,0,0
BRDA:144,9999,1,156
BRDA:144,0,2,-
BRDA:144,0,3,-
BRDA:154,0,0,0
BRDA:154,0,1,156
BRDA:156,0,0,0
BRDA:156,0,1,156
BRDA:162,0,0,0
BRDA:162,0,1,156
BRDA:162,1,2,-
BRDA:162,1,3,-
BRDA:168,0,0,0
BRDA:168,0,1,156
BRDA:168,1,2,-
BRDA:168,1,3,-
BRDA:184,9999,0,0
BRDA:184,9999,1,156
BRDA:186,0,0,0
BRDA:186,0,1,156
BRDA:192,0,0,0
BRDA:192,0,1,156
BRDA:192,1,2,-
BRDA:192,1,3,-
BRDA:198,0,0,0
BRDA:198,0,1,156
BRDA:198,1,2,-
BRDA:198,1,3,-
BRDA:202,0,0,0
BRDA:202,0,1,156
BRDA:204,0,0,-
BRDA:204,0,1,-
BRDA:216,2,0,1920
BRDA:216,2,1,1
BRDA:217,0,0,32
BRDA:217,0,1,1888
BRDA:218,2,0,32
BRDA:218,2,1,0
BRDA:219,0,0,32
BRDA:219,0,1,0
BRF:114
BRH:48
DA:11,1
DA:22,1
DA:23,1
DA:24,1
DA:26,5219
DA:27,5218
DA:28,1888
DA:29,3330
DA:30,3330
DA:31,3330
DA:32,3330
DA:33,3174
DA:34,3174
DA:35,3174
DA:36,3174
DA:37,3174
DA:38,3174
DA:39,3174
DA:41,156
DA:42,156
DA:43,156
DA:44,156
DA:45,156
DA:46,156
DA:47,156
DA:48,156
DA:49,156
DA:50,156
DA:51,156
DA:52,156
DA:53,156
DA:54,156
DA:55,156
DA:56,156
DA:57,156
DA:58,156
DA:59,156
DA:60,156
DA:64,1
DA:65,1
DA:66,1
DA:67,1
DA:70,1
DA:71,1
DA:72,1
DA:73,1
DA:74,1923
DA:75,1922
DA:77,1
DA:79,5219
DA:80,5218
DA:81,1888
DA:82,1888
DA:83,3330
DA:84,3330
DA:85,3330
DA:86,3330
DA:87,3174
DA:88,3174
DA:89,3174
DA:90,3174
DA:91,3174
DA:92,3174
DA:93,3174
DA:94,6348
DA:95,3174
DA:96,6348
DA:97,3174
DA:98,6348
DA:99,3174
DA:100,6348
DA:101,3174
DA:102,3174
DA:103,3174
DA:104,3174
DA:105,3174
DA:106,3174
DA:107,3174
DA:108,3174
DA:109,3174
DA:110,3174
DA:111,3174
DA:112,3174
DA:113,0
DA:114,0
DA:116,3174
DA:117,3174
DA:118,0
DA:119,0
DA:122,156
DA:123,156
DA:124,156
DA:125,156
DA:126,156
DA:127,156
DA:128,156
DA:129,156
DA:130,156
DA:131,156
DA:132,312
DA:133,156
DA:134,312
DA:135,156
DA:136,312
DA:137,156
DA:138,312
DA:139,156
DA:140,156
DA:141,156
DA:142,156
DA:143,156
DA:144,156
DA:145,0
DA:146,156
DA:148,0
DA:150,156
DA:151,156
DA:152,156
DA:153,156
DA:154,156
DA:155,0
DA:156,156
DA:157,0
DA:158,0
DA:160,156
DA:161,156
DA:162,156
DA:163,0
DA:164,0
DA:166,156
DA:167,156
DA:168,156
DA:169,0
DA:170,0
DA:172,156
DA:173,156
DA:174,156
DA:175,156
DA:176,156
DA:177,156
DA:178,156
DA:179,156
DA:180,156
DA:181,156
DA:182,156
DA:183,156
DA:184,156
DA:185,0
DA:186,156
DA:187,0
DA:188,0
DA:190,156
DA:191,156
DA:192,156
DA:193,0
DA:194,0
DA:196,156
DA:197,156
DA:198,156
DA:199,0
DA:200,0
DA:202,156
DA:203,0
DA:204,0
DA:205,0
DA:206,0
DA:207,0
DA:208,0
DA:214,1
DA:215,1
DA:216,1921
DA:217,1920
DA:218,32
DA:219,32
DA:220,32
DA:221,32
LF:176
LH:150
end_of_record
SF:/usr/include/bits/stdio2.h
DA:98,1
LF:1
LH:1
end_of_record
TN:
SF:/home/gabriel/Escritorio/SPEC_CPU2000_CD_2/benchspec/CINT2000/300.twolf/src/findest.c
FN:8,assignro
FN:78,reassign
FNDA:1,assignro
FNDA:1,reassign
FNF:2
FNH:2
BRDA:17,0,0,18
BRDA:17,0,1,1
BRDA:21,2,0,1888
BRDA:21,2,1,1
BRDA:24,2,0,5407
BRDA:24,2,1,1888
BRDA:29,2,0,0
BRDA:29,2,1,1
BRDA:30,0,0,-
BRDA:30,0,1,-
BRDA:33,2,0,-
BRDA:33,2,1,-
BRDA:37,0,0,-
BRDA:37,0,1,-
BRDA:40,2,0,-
BRDA:40,2,1,-
BRDA:46,2,0,-
BRDA:46,2,1,-
BRDA:48,0,0,-
BRDA:48,0,1,-
BRDA:49,0,0,-
BRDA:49,0,1,-
BRDA:55,2,0,-
BRDA:55,2,1,-
BRDA:56,0,0,-
BRDA:56,0,1,-
BRDA:60,0,0,-
BRDA:60,0,1,-
BRDA:62,0,0,-
BRDA:62,0,1,-
BRDA:66,0,0,-
BRDA:66,0,1,-
BRDA:86,2,0,1888
BRDA:86,2,1,1
BRDA:89,2,0,10814
BRDA:89,2,1,1888
BRDA:94,2,0,0
BRDA:94,2,1,1
BRDA:95,0,0,-
BRDA:95,0,1,-
BRDA:98,2,0,-
BRDA:98,2,1,-
BRDA:102,0,0,-
BRDA:102,0,1,-
BRDA:105,2,0,-
BRDA:105,2,1,-
BRDA:111,2,0,-
BRDA:111,2,1,-
BRDA:113,0,0,-
BRDA:113,0,1,-
BRDA:114,0,0,-
BRDA:114,0,1,-
BRDA:120,2,0,-
BRDA:120,2,1,-
BRDA:121,0,0,-
BRDA:121,0,1,-
BRDA:125,0,0,-
BRDA:125,0,1,-
BRDA:127,0,0,-
BRDA:127,0,1,-
BRDA:131,0,0,-
BRDA:131,0,1,-
BRF:62
BRH:12
DA:8,1
DA:15,1
DA:17,19
DA:18,18
DA:21,1889
DA:22,1888
DA:23,1888
DA:24,7295
DA:25,5407
DA:26,5407
DA:29,1
DA:30,0
DA:31,0
DA:32,0
DA:33,0
DA:34,0
DA:35,0
DA:37,0
DA:38,0
DA:39,0
DA:40,0
DA:41,0
DA:42,0
DA:45,0
DA:46,0
DA:47,0
DA:48,0
DA:49,0
DA:51,0
DA:54,0
DA:55,0
DA:56,0
DA:60,0
DA:61,0
DA:62,0
DA:63,0
DA:65,0
DA:66,0
DA:67,0
DA:69,0
DA:72,0
DA:78,1
DA:86,1889
DA:87,1888
DA:88,1888
DA:89,12702
DA:90,10814
DA:91,10814
DA:94,1
DA:95,0
DA:96,0
DA:97,0
DA:98,0
DA:99,0
DA:100,0
DA:102,0
DA:103,0
DA:104,0
DA:105,0
DA:106,0
DA:107,0
DA:110,0
DA:111,0
DA:112,0
DA:113,0
DA:114,0
DA:116,0
DA:119,0
DA:120,0
DA:121,0
DA:125,0
DA:126,0
DA:127,0
DA:128,0
DA:130,0
DA:131,0
DA:132,0
DA:134,0
DA:137,0
LF:79
LH:19
end_of_record
TN:
SF:/home/gabriel/Escritorio/SPEC_CPU2000_CD_2/benchspec/CINT2000/300.twolf/src/date.c
FN:3,getCompileDate
FNDA:1,getCompileDate
FNF:1
FNH:1
DA:3,1
DA:7,1
LF:2
LH:2
end_of_record
TN:
SF:/home/gabriel/Escritorio/SPEC_CPU2000_CD_2/benchspec/CINT2000/300.twolf/src/rand.c
FN:36,Yacm_random
FN:49,Yset_random_seed
FNDA:446826298,Yacm_random
FNDA:1,Yset_random_seed
FNF:2
FNH:2
BRDA:42,0,0,4958597
BRDA:42,0,1,441867701
BRDA:53,0,0,0
BRDA:53,0,1,1
BRF:4
BRH:3
DA:36,446826298
DA:40,446826298
DA:41,446826298
DA:42,446826298
DA:43,4958597
DA:45,446826298
DA:49,1
DA:52,1
DA:53,1
DA:54,0
DA:56,1
DA:57,1
LF:12
LH:11
end_of_record
TN:
SF:/home/gabriel/Escritorio/SPEC_CPU2000_CD_2/benchspec/CINT2000/300.twolf/src/upair.c
FN:9,upair
FNDA:3,upair
FNF:1
FNH:1
BRDA:26,1,0,24664
BRDA:26,1,1,3
BRDA:27,0,0,24664
BRDA:27,0,1,0
BRDA:28,0,0,0
BRDA:28,0,1,24664
BRDA:31,0,0,24664
BRDA:31,0,1,0
BRDA:35,0,0,0
BRDA:35,0,1,24664
BRDA:47,0,0,24493
BRDA:47,0,1,171
BRDA:49,0,0,0
BRDA:49,0,1,24493
BRDA:55,0,0,24522
BRDA:55,0,1,142
BRDA:57,0,0,0
BRDA:57,0,1,24522
BRDA:63,0,0,0
BRDA:63,0,1,24664
BRDA:67,0,0,24351
BRDA:67,0,1,313
BRDA:68,0,1,12173
BRDA:68,0,2,12178
BRDA:77,0,1,4029
BRDA:77,0,2,8144
BRDA:90,0,1,680
BRDA:90,0,2,7464
BRDA:103,0,1,4125
BRDA:103,0,2,8053
BRDA:115,0,1,512
BRDA:115,0,2,7541
BRDA:124,0,0,142
BRDA:124,0,1,171
BRDA:130,0,1,131
BRDA:130,0,2,11
BRDA:136,0,0,171
BRDA:136,0,1,0
BRDA:136,1,2,171
BRDA:136,1,3,0
BRDA:137,0,0,171
BRDA:137,0,1,0
BRDA:144,0,1,2
BRDA:144,0,2,169
BRDA:152,0,0,24664
BRDA:152,0,1,0
BRDA:153,0,0,17529
BRDA:153,0,1,7135
BRDA:154,0,0,11053
BRDA:154,0,1,6476
BRDA:157,0,0,-
BRDA:157,0,1,-
BRDA:158,0,0,-
BRDA:158,0,1,-
BRF:54
BRH:39
DA:9,3
DA:23,3
DA:24,3
DA:26,24667
DA:27,24664
DA:28,24664
DA:29,0
DA:31,24664
DA:33,24664
DA:34,24664
DA:35,24664
DA:36,0
DA:38,24664
DA:40,24664
DA:41,24664
DA:43,24664
DA:44,24664
DA:45,24664
DA:46,24664
DA:47,24664
DA:48,24493
DA:49,24493
DA:50,0
DA:53,171
DA:55,24664
DA:56,24522
DA:57,24522
DA:58,0
DA:61,142
DA:63,24664
DA:64,0
DA:67,24664
DA:68,24351
DA:72,12173
DA:73,12173
DA:74,12173
DA:75,12173
DA:76,12173
DA:77,12173
DA:78,4029
DA:79,4029
DA:80,4029
DA:81,4029
DA:83,8144
DA:84,8144
DA:85,8144
DA:86,16288
DA:87,8144
DA:88,8144
DA:89,8144
DA:90,8144
DA:91,680
DA:92,680
DA:93,680
DA:95,8144
DA:98,12178
DA:99,12178
DA:100,12178
DA:101,12178
DA:102,12178
DA:103,12178
DA:104,4125
DA:105,4125
DA:106,4125
DA:107,4125
DA:109,8053
DA:110,8053
DA:111,8053
DA:112,8053
DA:113,8053
DA:114,8053
DA:115,8053
DA:116,512
DA:117,512
DA:118,512
DA:120,8053
DA:124,313
DA:125,142
DA:126,142
DA:127,142
DA:128,142
DA:129,142
DA:130,142
DA:131,131
DA:132,131
DA:133,131
DA:135,142
DA:136,171
DA:137,171
DA:138,171
DA:139,171
DA:140,171
DA:141,171
DA:142,171
DA:143,171
DA:144,171
DA:145,2
DA:146,2
DA:147,2
DA:149,171
DA:152,24664
DA:153,24664
DA:154,17529
DA:157,0
DA:158,0
DA:162,3
DA:163,3
DA:164,3
LF:108
LH:101
end_of_record
SF:/usr/include/bits/stdio2.h
DA:98,3
LF:1
LH:1
end_of_record
TN:
SF:/home/gabriel/Escritorio/SPEC_CPU2000_CD_2/benchspec/CINT2000/300.twolf/src/qsorte.c
FN:12,qsorte
FN:58,qste
FN:141,comparee
FNDA:1888,qsorte
FNDA:64,qste
FNDA:0,comparee
FNF:3
FNH:2
BRDA:20,0,0,1064
BRDA:20,0,1,824
BRDA:26,0,0,32
BRDA:26,0,1,1032
BRDA:32,1,0,1128
BRDA:32,1,1,1064
BRDA:33,0,0,539
BRDA:33,0,1,589
BRDA:35,0,0,539
BRDA:35,0,1,525
BRDA:37,1,0,6468
BRDA:37,1,1,539
BRDA:43,1,0,1487
BRDA:43,1,1,1064
BRDA:44,0,0,90
BRDA:44,0,1,1487
BRDA:46,0,0,72
BRDA:46,0,1,1415
BRDA:47,1,0,864
BRDA:47,1,1,72
BRDA:49,2,0,1080
BRDA:49,2,1,864
BRDA:69,0,0,100
BRDA:69,0,1,61
BRDA:70,0,0,51
BRDA:70,0,1,49
BRDA:71,0,0,81
BRDA:71,0,1,19
BRDA:73,0,0,42
BRDA:73,0,1,39
BRDA:74,0,0,38
BRDA:74,0,1,43
BRDA:77,0,0,66
BRDA:77,0,1,34
BRDA:83,0,0,726
BRDA:83,0,1,66
BRDA:90,0,0,567
BRDA:90,0,1,235
BRDA:90,1,2,290
BRDA:90,1,3,277
BRDA:92,0,0,569
BRDA:92,0,1,251
BRDA:93,0,0,308
BRDA:93,0,1,261
BRDA:98,0,0,74
BRDA:98,0,1,187
BRDA:108,0,0,90
BRDA:108,0,1,161
BRDA:122,0,0,3861
BRDA:122,0,1,351
BRDA:126,0,0,85
BRDA:126,0,1,76
BRDA:127,0,0,21
BRDA:127,0,1,64
BRDA:132,0,0,11
BRDA:132,0,1,65
BRDA:136,0,0,97
BRDA:136,0,1,64
BRF:58
BRH:58
DA:12,1888
DA:20,1888
DA:22,1064
DA:23,1064
DA:24,1064
DA:25,1064
DA:26,1064
DA:27,32
DA:28,32
DA:30,1032
DA:32,2192
DA:33,1128
DA:34,539
DA:35,1064
DA:37,7007
DA:38,6468
DA:39,6468
DA:40,6468
DA:43,3375
DA:44,1577
DA:46,1487
DA:47,936
DA:48,864
DA:49,1944
DA:50,1080
DA:51,864
DA:58,64
DA:66,64
DA:68,161
DA:69,161
DA:70,100
DA:71,100
DA:73,81
DA:74,81
DA:75,38
DA:77,100
DA:78,66
DA:80,792
DA:81,792
DA:82,792
DA:83,792
DA:89,161
DA:90,802
DA:91,290
DA:92,820
DA:93,569
DA:94,308
DA:95,308
DA:97,261
DA:98,261
DA:100,74
DA:103,187
DA:104,187
DA:108,251
DA:112,90
DA:113,90
DA:114,90
DA:117,351
DA:119,4212
DA:120,4212
DA:121,4212
DA:122,4212
DA:123,351
DA:124,351
DA:125,161
DA:126,161
DA:127,85
DA:128,21
DA:129,85
DA:130,85
DA:132,76
DA:133,11
DA:134,76
DA:136,161
DA:137,64
DA:141,0
DA:145,0
LF:77
LH:75
end_of_record
TN:
SF:/home/gabriel/Escritorio/SPEC_CPU2000_CD_2/benchspec/CINT2000/300.twolf/src/ucgxp.c
FN:9,ucgxp
FN:315,sub_reset2
FNDA:0,ucgxp
FNDA:0,sub_reset2
FNF:2
FNH:0
BRDA:43,2,0,-
BRDA:43,2,1,-
BRDA:48,0,0,-
BRDA:48,0,1,-
BRDA:49,0,0,-
BRDA:49,0,1,-
BRDA:53,0,0,-
BRDA:53,0,1,-
BRDA:59,0,0,-
BRDA:59,0,1,-
BRDA:63,0,0,-
BRDA:63,0,1,-
BRDA:69,2,0,-
BRDA:69,2,1,-
BRDA:70,0,0,-
BRDA:70,0,1,-
BRDA:74,0,0,-
BRDA:74,0,1,-
BRDA:78,2,0,-
BRDA:78,2,1,-
BRDA:83,0,0,-
BRDA:83,0,1,-
BRDA:84,0,0,-
BRDA:84,0,1,-
BRDA:88,0,0,-
BRDA:88,0,1,-
BRDA:94,0,0,-
BRDA:94,0,1,-
BRDA:98,0,0,-
BRDA:98,0,1,-
BRDA:104,2,0,-
BRDA:104,2,1,-
BRDA:105,0,0,-
BRDA:105,0,1,-
BRDA:109,0,0,-
BRDA:109,0,1,-
BRDA:113,0,0,-
BRDA:113,0,1,-
BRDA:117,0,0,-
BRDA:117,0,1,-
BRDA:125,0,0,-
BRDA:125,0,1,-
BRDA:127,1,0,-
BRDA:127,1,1,-
BRDA:131,1,0,-
BRDA:131,1,1,-
BRDA:138,0,0,-
BRDA:138,0,1,-
BRDA:140,1,0,-
BRDA:140,1,1,-
BRDA:144,1,0,-
BRDA:144,1,1,-
BRDA:153,0,0,-
BRDA:153,0,1,-
BRDA:161,9999,0,-
BRDA:161,9999,1,-
BRDA:164,0,0,-
BRDA:164,0,1,-
BRDA:168,0,0,-
BRDA:168,0,1,-
BRDA:170,0,0,-
BRDA:170,0,1,-
BRDA:174,2,0,-
BRDA:174,2,1,-
BRDA:179,2,0,-
BRDA:179,2,1,-
BRDA:184,2,0,-
BRDA:184,2,1,-
BRDA:188,2,0,-
BRDA:188,2,1,-
BRDA:201,2,0,-
BRDA:201,2,1,-
BRDA:204,2,0,-
BRDA:204,2,1,-
BRDA:205,1,0,-
BRDA:205,1,1,-
BRDA:210,2,0,-
BRDA:210,2,1,-
BRDA:211,1,0,-
BRDA:211,1,1,-
BRDA:219,0,0,-
BRDA:219,0,1,-
BRDA:221,1,0,-
BRDA:221,1,1,-
BRDA:227,0,0,-
BRDA:227,0,1,-
BRDA:229,1,0,-
BRDA:229,1,1,-
BRDA:237,0,0,-
BRDA:237,0,1,-
BRDA:241,2,0,-
BRDA:241,2,1,-
BRDA:246,2,0,-
BRDA:246,2,1,-
BRDA:251,2,0,-
BRDA:251,2,1,-
BRDA:255,2,0,-
BRDA:255,2,1,-
BRDA:259,2,0,-
BRDA:259,2,1,-
BRDA:262,2,0,-
BRDA:262,2,1,-
BRDA:263,1,0,-
BRDA:263,1,1,-
BRDA:268,2,0,-
BRDA:268,2,1,-
BRDA:269,1,0,-
BRDA:269,1,1,-
BRDA:277,0,0,-
BRDA:277,0,1,-
BRDA:279,1,0,-
BRDA:279,1,1,-
BRDA:285,0,0,-
BRDA:285,0,1,-
BRDA:287,1,0,-
BRDA:287,1,1,-
BRDA:295,0,0,-
BRDA:295,0,1,-
BRDA:301,2,0,-
BRDA:301,2,1,-
BRDA:304,1,0,-
BRDA:304,1,1,-
BRDA:327,0,0,-
BRDA:327,0,1,-
BRDA:328,1,0,-
BRDA:328,1,1,-
BRDA:332,0,0,-
BRDA:332,0,1,-
BRDA:334,0,0,-
BRDA:334,0,1,-
BRDA:344,0,0,-
BRDA:344,0,1,-
BRDA:345,1,0,-
BRDA:345,1,1,-
BRDA:349,0,0,-
BRDA:349,0,1,-
BRDA:351,0,0,-
BRDA:351,0,1,-
BRDA:373,2,0,-
BRDA:373,2,1,-
BRDA:374,0,0,-
BRDA:374,0,1,-
BRDA:384,2,0,-
BRDA:384,2,1,-
BRDA:387,1,0,-
BRDA:387,1,1,-
BRF:146
BRH:0
DA:9,0
DA:28,0
DA:29,0
DA:30,0
DA:31,0
DA:33,0
DA:34,0
DA:35,0
DA:36,0
DA:38,0
DA:39,0
DA:40,0
DA:42,0
DA:43,0
DA:45,0
DA:47,0
DA:48,0
DA:49,0
DA:50,0
DA:51,0
DA:53,0
DA:54,0
DA:55,0
DA:59,0
DA:60,0
DA:61,0
DA:63,0
DA:64,0
DA:65,0
DA:68,0
DA:69,0
DA:70,0
DA:74,0
DA:75,0
DA:78,0
DA:80,0
DA:82,0
DA:83,0
DA:84,0
DA:85,0
DA:86,0
DA:88,0
DA:89,0
DA:90,0
DA:94,0
DA:95,0
DA:96,0
DA:98,0
DA:99,0
DA:100,0
DA:103,0
DA:104,0
DA:105,0
DA:109,0
DA:110,0
DA:113,0
DA:114,0
DA:117,0
DA:118,0
DA:119,0
DA:121,0
DA:122,0
DA:125,0
DA:126,0
DA:127,0
DA:128,0
DA:130,0
DA:131,0
DA:132,0
DA:135,0
DA:138,0
DA:139,0
DA:140,0
DA:141,0
DA:143,0
DA:144,0
DA:145,0
DA:148,0
DA:151,0
DA:152,0
DA:153,0
DA:154,0
DA:157,0
DA:158,0
DA:159,0
DA:160,0
DA:161,0
DA:162,0
DA:164,0
DA:165,0
DA:168,0
DA:170,0
DA:171,0
DA:172,0
DA:174,0
DA:176,0
DA:177,0
DA:179,0
DA:181,0
DA:182,0
DA:184,0
DA:185,0
DA:186,0
DA:187,0
DA:188,0
DA:189,0
DA:190,0
DA:191,0
DA:192,0
DA:193,0
DA:194,0
DA:195,0
DA:196,0
DA:197,0
DA:198,0
DA:201,0
DA:202,0
DA:204,0
DA:205,0
DA:206,0
DA:207,0
DA:208,0
DA:210,0
DA:211,0
DA:212,0
DA:213,0
DA:214,0
DA:217,0
DA:219,0
DA:220,0
DA:221,0
DA:222,0
DA:223,0
DA:224,0
DA:227,0
DA:228,0
DA:229,0
DA:230,0
DA:231,0
DA:232,0
DA:235,0
DA:237,0
DA:238,0
DA:239,0
DA:241,0
DA:243,0
DA:244,0
DA:246,0
DA:248,0
DA:249,0
DA:251,0
DA:252,0
DA:253,0
DA:254,0
DA:255,0
DA:256,0
DA:259,0
DA:260,0
DA:262,0
DA:263,0
DA:264,0
DA:265,0
DA:266,0
DA:268,0
DA:269,0
DA:270,0
DA:271,0
DA:272,0
DA:275,0
DA:277,0
DA:278,0
DA:279,0
DA:280,0
DA:281,0
DA:282,0
DA:285,0
DA:286,0
DA:287,0
DA:288,0
DA:289,0
DA:290,0
DA:294,0
DA:295,0
DA:296,0
DA:297,0
DA:298,0
DA:299,0
DA:300,0
DA:301,0
DA:302,0
DA:303,0
DA:304,0
DA:305,0
DA:306,0
DA:310,0
DA:315,0
DA:326,0
DA:327,0
DA:328,0
DA:329,0
DA:330,0
DA:331,0
DA:332,0
DA:333,0
DA:334,0
DA:335,0
DA:337,0
DA:339,0
DA:340,0
DA:341,0
DA:344,0
DA:345,0
DA:346,0
DA:347,0
DA:348,0
DA:349,0
DA:350,0
DA:351,0
DA:352,0
DA:354,0
DA:356,0
DA:357,0
DA:358,0
DA:361,0
DA:362,0
DA:363,0
DA:364,0
DA:365,0
DA:366,0
DA:367,0
DA:368,0
DA:369,0
DA:370,0
DA:371,0
DA:372,0
DA:373,0
DA:374,0
DA:375,0
DA:376,0
DA:378,0
DA:379,0
DA:381,0
DA:382,0
DA:383,0
DA:384,0
DA:385,0
DA:386,0
DA:387,0
DA:388,0
DA:389,0
DA:392,0
LF:251
LH:0
end_of_record
TN:
SF:/home/gabriel/Escritorio/SPEC_CPU2000_CD_2/benchspec/CINT2000/300.twolf/src/qsortgdx.c
FN:14,qsortgdx
FN:60,qstgdx
FN:143,comparegdx
FNDA:17,qsortgdx
FNDA:1320,qstgdx
FNDA:0,comparegdx
FNF:3
FNH:2
BRDA:22,0,0,17
BRDA:22,0,1,0
BRDA:28,0,0,17
BRDA:28,0,1,0
BRDA:34,1,0,51
BRDA:34,1,1,17
BRDA:35,0,0,6
BRDA:35,0,1,45
BRDA:37,0,0,6
BRDA:37,0,1,11
BRDA:39,1,0,24
BRDA:39,1,1,6
BRDA:45,1,0,10797
BRDA:45,1,1,17
BRDA:46,0,0,2047
BRDA:46,0,1,10797
BRDA:48,0,0,1719
BRDA:48,0,1,9078
BRDA:49,1,0,6876
BRDA:49,1,1,1719
BRDA:51,2,0,8188
BRDA:51,2,1,6876
BRDA:71,0,0,2677
BRDA:71,0,1,1267
BRDA:72,0,0,1297
BRDA:72,0,1,1380
BRDA:73,0,0,1672
BRDA:73,0,1,1005
BRDA:75,0,0,788
BRDA:75,0,1,884
BRDA:76,0,0,767
BRDA:76,0,1,905
BRDA:79,0,0,1760
BRDA:79,0,1,917
BRDA:85,0,0,5280
BRDA:85,0,1,1760
BRDA:92,0,0,47752
BRDA:92,0,1,8617
BRDA:92,1,2,31604
BRDA:92,1,3,16148
BRDA:94,0,0,41631
BRDA:94,0,1,8889
BRDA:95,0,0,25755
BRDA:95,0,1,15876
BRDA:100,0,0,4673
BRDA:100,0,1,11203
BRDA:110,0,0,4945
BRDA:110,0,1,3944
BRDA:124,0,0,62463
BRDA:124,0,1,20821
BRDA:128,0,0,2115
BRDA:128,0,1,1829
BRDA:129,0,0,717
BRDA:129,0,1,1398
BRDA:134,0,0,586
BRDA:134,0,1,1243
BRDA:138,0,0,2624
BRDA:138,0,1,1320
BRF:58
BRH:56
DA:14,17
DA:22,17
DA:24,17
DA:25,17
DA:26,17
DA:27,17
DA:28,17
DA:29,17
DA:30,17
DA:32,0
DA:34,68
DA:35,51
DA:36,6
DA:37,17
DA:39,30
DA:40,24
DA:41,24
DA:42,24
DA:45,10814
DA:46,12844
DA:48,10797
DA:49,8595
DA:50,6876
DA:51,15064
DA:52,8188
DA:53,6876
DA:60,1320
DA:68,1320
DA:70,3944
DA:71,3944
DA:72,2677
DA:73,2677
DA:75,1672
DA:76,1672
DA:77,767
DA:79,2677
DA:80,1760
DA:82,7040
DA:83,7040
DA:84,7040
DA:85,7040
DA:91,3944
DA:92,56369
DA:93,31604
DA:94,50520
DA:95,41631
DA:96,25755
DA:97,25755
DA:99,15876
DA:100,15876
DA:102,4673
DA:105,11203
DA:106,11203
DA:110,8889
DA:114,4945
DA:115,4945
DA:116,4945
DA:119,20821
DA:121,83284
DA:122,83284
DA:123,83284
DA:124,83284
DA:125,20821
DA:126,20821
DA:127,3944
DA:128,3944
DA:129,2115
DA:130,717
DA:131,2115
DA:132,2115
DA:134,1829
DA:135,586
DA:136,1829
DA:138,3944
DA:139,1320
DA:143,0
DA:146,0
LF:77
LH:74
end_of_record
TN:
SF:/home/gabriel/Escritorio/SPEC_CPU2000_CD_2/benchspec/CINT2000/300.twolf/src/uclosepns.c
FN:14,uclosepns
FNDA:0,uclosepns
FNF:1
FNH:0
BRDA:39,0,0,-
BRDA:39,0,1,-
BRDA:46,0,0,-
BRDA:46,0,1,-
BRDA:47,0,0,-
BRDA:47,0,1,-
BRDA:50,0,0,-
BRDA:50,0,1,-
BRDA:54,0,0,-
BRDA:54,0,1,-
BRDA:63,0,0,-
BRDA:63,0,1,-
BRDA:81,0,0,-
BRDA:81,0,1,-
BRDA:91,0,0,-
BRDA:91,0,1,-
BRDA:94,0,0,-
BRDA:94,0,1,-
BRDA:99,0,0,-
BRDA:99,0,1,-
BRDA:103,0,0,-
BRDA:103,0,1,-
BRDA:115,0,0,-
BRDA:115,0,1,-
BRDA:118,0,0,-
BRDA:118,0,1,-
BRDA:123,0,0,-
BRDA:123,0,1,-
BRDA:127,0,0,-
BRDA:127,0,1,-
BRDA:136,0,0,-
BRDA:136,0,1,-
BRDA:140,2,0,-
BRDA:140,2,1,-
BRDA:141,0,0,-
BRDA:141,0,1,-
BRDA:144,0,0,-
BRDA:144,0,1,-
BRDA:149,2,0,-
BRDA:149,2,1,-
BRDA:150,0,0,-
BRDA:150,0,1,-
BRDA:153,0,0,-
BRDA:153,0,1,-
BRDA:161,2,0,-
BRDA:161,2,1,-
BRDA:162,0,0,-
BRDA:162,0,1,-
BRDA:165,0,0,-
BRDA:165,0,1,-
BRDA:170,2,0,-
BRDA:170,2,1,-
BRDA:171,0,0,-
BRDA:171,0,1,-
BRDA:174,0,0,-
BRDA:174,0,1,-
BRDA:181,0,0,-
BRDA:181,0,1,-
BRDA:183,0,0,-
BRDA:183,0,1,-
BRDA:184,2,0,-
BRDA:184,2,1,-
BRDA:185,0,0,-
BRDA:185,0,1,-
BRDA:186,0,0,-
BRDA:186,0,1,-
BRDA:191,0,0,-
BRDA:191,0,1,-
BRDA:192,0,0,-
BRDA:192,0,1,-
BRDA:202,2,0,-
BRDA:202,2,1,-
BRDA:203,0,0,-
BRDA:203,0,1,-
BRDA:204,0,0,-
BRDA:204,0,1,-
BRDA:210,0,0,-
BRDA:210,0,1,-
BRDA:211,0,0,-
BRDA:211,0,1,-
BRDA:218,0,0,-
BRDA:218,0,1,-
BRDA:218,1,2,-
BRDA:218,1,3,-
BRDA:220,0,0,-
BRDA:220,0,1,-
BRDA:220,1,2,-
BRDA:220,1,3,-
BRDA:223,0,0,-
BRDA:223,0,1,-
BRDA:229,0,0,-
BRDA:229,0,1,-
BRDA:240,0,0,-
BRDA:240,0,1,-
BRDA:248,0,0,-
BRDA:248,0,1,-
BRDA:259,0,0,-
BRDA:259,0,1,-
BRDA:267,0,0,-
BRDA:267,0,1,-
BRDA:269,0,0,-
BRDA:269,0,1,-
BRDA:280,0,0,-
BRDA:280,0,1,-
BRDA:291,0,0,-
BRDA:291,0,1,-
BRDA:296,0,0,-
BRDA:296,0,1,-
BRDA:308,2,0,-
BRDA:308,2,1,-
BRDA:309,0,0,-
BRDA:309,0,1,-
BRDA:310,0,0,-
BRDA:310,0,1,-
BRDA:315,0,0,-
BRDA:315,0,1,-
BRDA:316,0,0,-
BRDA:316,0,1,-
BRDA:326,2,0,-
BRDA:326,2,1,-
BRDA:327,0,0,-
BRDA:327,0,1,-
BRDA:328,0,0,-
BRDA:328,0,1,-
BRDA:334,0,0,-
BRDA:334,0,1,-
BRDA:335,0,0,-
BRDA:335,0,1,-
BRDA:342,0,0,-
BRDA:342,0,1,-
BRDA:342,1,2,-
BRDA:342,1,3,-
BRDA:344,0,0,-
BRDA:344,0,1,-
BRDA:344,1,2,-
BRDA:344,1,3,-
BRDA:347,0,0,-
BRDA:347,0,1,-
BRDA:353,0,0,-
BRDA:353,0,1,-
BRDA:364,0,0,-
BRDA:364,0,1,-
BRDA:372,0,0,-
BRDA:372,0,1,-
BRDA:383,0,0,-
BRDA:383,0,1,-
BRDA:391,0,0,-
BRDA:391,0,1,-
BRDA:393,0,0,-
BRDA:393,0,1,-
BRDA:404,0,0,-
BRDA:404,0,1,-
BRDA:415,0,0,-
BRDA:415,0,1,-
BRDA:420,0,0,-
BRDA:420,0,1,-
BRDA:432,0,0,-
BRDA:432,0,1,-
BRDA:434,0,0,-
BRDA:434,0,1,-
BRDA:438,0,0,-
BRDA:438,0,1,-
BRDA:446,0,0,-
BRDA:446,0,1,-
BRDA:446,1,2,-
BRDA:446,1,3,-
BRDA:451,0,0,-
BRDA:451,0,1,-
BRDA:451,1,2,-
BRDA:451,1,3,-
BRDA:457,0,0,-
BRDA:457,0,1,-
BRDA:461,0,0,-
BRDA:461,0,1,-
BRDA:469,0,0,-
BRDA:469,0,1,-
BRDA:469,1,2,-
BRDA:469,1,3,-
BRDA:474,0,0,-
BRDA:474,0,1,-
BRDA:474,1,2,-
BRDA:474,1,3,-
BRDA:480,0,0,-
BRDA:480,0,1,-
BRDA:484,0,0,-
BRDA:484,0,1,-
BRDA:492,0,0,-
BRDA:492,0,1,-
BRDA:492,1,2,-
BRDA:492,1,3,-
BRDA:497,0,0,-
BRDA:497,0,1,-
BRDA:497,1,2,-
BRDA:497,1,3,-
BRDA:506,0,0,-
BRDA:506,0,1,-
BRDA:507,2,0,-
BRDA:507,2,1,-
BRDA:508,0,0,-
BRDA:508,0,1,-
BRDA:511,2,0,-
BRDA:511,2,1,-
BRDA:512,0,0,-
BRDA:512,0,1,-
BRDA:514,0,0,-
BRDA:514,0,1,-
BRDA:526,0,0,-
BRDA:526,0,1,-
BRDA:530,0,0,-
BRDA:530,0,1,-
BRDA:542,2,0,-
BRDA:542,2,1,-
BRDA:543,0,0,-
BRDA:543,0,1,-
BRDA:546,2,0,-
BRDA:546,2,1,-
BRDA:547,0,0,-
BRDA:547,0,1,-
BRDA:549,0,0,-
BRDA:549,0,1,-
BRDA:561,0,0,-
BRDA:561,0,1,-
BRDA:565,0,0,-
BRDA:565,0,1,-
BRDA:580,0,0,-
BRDA:580,0,1,-
BRDA:580,1,2,-
BRDA:580,1,3,-
BRDA:585,0,0,-
BRDA:585,0,1,-
BRDA:585,1,2,-
BRDA:585,1,3,-
BRDA:592,0,0,-
BRDA:592,0,1,-
BRF:234
BRH:0
DA:14,0
DA:32,0
DA:33,0
DA:35,0
DA:36,0
DA:39,0
DA:40,0
DA:41,0
DA:42,0
DA:43,0
DA:44,0
DA:46,0
DA:47,0
DA:48,0
DA:50,0
DA:54,0
DA:57,0
DA:58,0
DA:61,0
DA:63,0
DA:64,0
DA:65,0
DA:66,0
DA:69,0
DA:70,0
DA:71,0
DA:72,0
DA:73,0
DA:74,0
DA:75,0
DA:76,0
DA:77,0
DA:78,0
DA:79,0
DA:81,0
DA:82,0
DA:83,0
DA:84,0
DA:88,0
DA:89,0
DA:91,0
DA:94,0
DA:95,0
DA:97,0
DA:99,0
DA:102,0
DA:103,0
DA:104,0
DA:106,0
DA:108,0
DA:109,0
DA:110,0
DA:111,0
DA:112,0
DA:113,0
DA:115,0
DA:118,0
DA:119,0
DA:121,0
DA:123,0
DA:126,0
DA:127,0
DA:128,0
DA:130,0
DA:132,0
DA:133,0
DA:134,0
DA:135,0
DA:136,0
DA:137,0
DA:138,0
DA:139,0
DA:140,0
DA:141,0
DA:142,0
DA:144,0
DA:145,0
DA:148,0
DA:149,0
DA:150,0
DA:151,0
DA:153,0
DA:154,0
DA:158,0
DA:159,0
DA:160,0
DA:161,0
DA:162,0
DA:163,0
DA:165,0
DA:166,0
DA:169,0
DA:170,0
DA:171,0
DA:172,0
DA:174,0
DA:175,0
DA:181,0
DA:183,0
DA:184,0
DA:185,0
DA:186,0
DA:187,0
DA:188,0
DA:191,0
DA:192,0
DA:193,0
DA:194,0
DA:198,0
DA:199,0
DA:200,0
DA:201,0
DA:202,0
DA:203,0
DA:204,0
DA:205,0
DA:206,0
DA:207,0
DA:210,0
DA:211,0
DA:212,0
DA:213,0
DA:214,0
DA:218,0
DA:219,0
DA:220,0
DA:222,0
DA:223,0
DA:224,0
DA:226,0
DA:228,0
DA:229,0
DA:230,0
DA:231,0
DA:232,0
DA:233,0
DA:235,0
DA:236,0
DA:237,0
DA:238,0
DA:240,0
DA:241,0
DA:242,0
DA:244,0
DA:245,0
DA:246,0
DA:248,0
DA:249,0
DA:250,0
DA:251,0
DA:252,0
DA:254,0
DA:255,0
DA:256,0
DA:257,0
DA:259,0
DA:260,0
DA:261,0
DA:263,0
DA:264,0
DA:265,0
DA:267,0
DA:268,0
DA:269,0
DA:270,0
DA:271,0
DA:272,0
DA:273,0
DA:277,0
DA:278,0
DA:279,0
DA:280,0
DA:281,0
DA:282,0
DA:284,0
DA:285,0
DA:287,0
DA:288,0
DA:289,0
DA:291,0
DA:293,0
DA:294,0
DA:295,0
DA:296,0
DA:297,0
DA:298,0
DA:300,0
DA:301,0
DA:303,0
DA:304,0
DA:305,0
DA:308,0
DA:309,0
DA:310,0
DA:311,0
DA:312,0
DA:315,0
DA:316,0
DA:317,0
DA:318,0
DA:322,0
DA:323,0
DA:324,0
DA:325,0
DA:326,0
DA:327,0
DA:328,0
DA:329,0
DA:330,0
DA:331,0
DA:334,0
DA:335,0
DA:336,0
DA:337,0
DA:338,0
DA:342,0
DA:343,0
DA:344,0
DA:346,0
DA:347,0
DA:348,0
DA:350,0
DA:352,0
DA:353,0
DA:354,0
DA:355,0
DA:356,0
DA:357,0
DA:359,0
DA:360,0
DA:361,0
DA:362,0
DA:364,0
DA:365,0
DA:366,0
DA:368,0
DA:369,0
DA:370,0
DA:372,0
DA:373,0
DA:374,0
DA:375,0
DA:376,0
DA:378,0
DA:379,0
DA:380,0
DA:381,0
DA:383,0
DA:384,0
DA:385,0
DA:387,0
DA:388,0
DA:389,0
DA:391,0
DA:392,0
DA:393,0
DA:394,0
DA:395,0
DA:396,0
DA:397,0
DA:401,0
DA:402,0
DA:403,0
DA:404,0
DA:405,0
DA:406,0
DA:408,0
DA:409,0
DA:411,0
DA:412,0
DA:413,0
DA:415,0
DA:417,0
DA:418,0
DA:419,0
DA:420,0
DA:421,0
DA:422,0
DA:424,0
DA:425,0
DA:427,0
DA:428,0
DA:429,0
DA:432,0
DA:433,0
DA:434,0
DA:435,0
DA:436,0
DA:438,0
DA:439,0
DA:440,0
DA:442,0
DA:445,0
DA:446,0
DA:447,0
DA:448,0
DA:450,0
DA:451,0
DA:452,0
DA:453,0
DA:456,0
DA:457,0
DA:458,0
DA:459,0
DA:461,0
DA:462,0
DA:463,0
DA:465,0
DA:468,0
DA:469,0
DA:470,0
DA:471,0
DA:473,0
DA:474,0
DA:475,0
DA:476,0
DA:479,0
DA:480,0
DA:481,0
DA:482,0
DA:484,0
DA:485,0
DA:486,0
DA:488,0
DA:491,0
DA:492,0
DA:493,0
DA:494,0
DA:496,0
DA:497,0
DA:498,0
DA:499,0
DA:503,0
DA:504,0
DA:505,0
DA:506,0
DA:507,0
DA:508,0
DA:510,0
DA:511,0
DA:512,0
DA:514,0
DA:516,0
DA:517,0
DA:518,0
DA:519,0
DA:520,0
DA:526,0
DA:527,0
DA:528,0
DA:529,0
DA:530,0
DA:531,0
DA:532,0
DA:533,0
DA:535,0
DA:536,0
DA:537,0
DA:541,0
DA:542,0
DA:543,0
DA:545,0
DA:546,0
DA:547,0
DA:549,0
DA:551,0
DA:552,0
DA:553,0
DA:554,0
DA:555,0
DA:561,0
DA:562,0
DA:563,0
DA:564,0
DA:565,0
DA:566,0
DA:567,0
DA:568,0
DA:570,0
DA:571,0
DA:572,0
DA:576,0
DA:577,0
DA:578,0
DA:579,0
DA:580,0
DA:581,0
DA:582,0
DA:584,0
DA:585,0
DA:586,0
DA:587,0
DA:592,0
DA:593,0
DA:594,0
DA:595,0
LF:396
LH:0
end_of_record
SF:/usr/include/bits/stdio2.h
DA:105,0
LF:1
LH:0
end_of_record
TN:
SF:/home/gabriel/Escritorio/SPEC_CPU2000_CD_2/benchspec/CINT2000/300.twolf/src/globroute.c
FN:126,globroute
FNDA:1,globroute
FNF:1
FNH:1
BRDA:152,9999,0,0
BRDA:152,9999,1,1
BRDA:153,2,0,-
BRDA:153,2,1,-
BRDA:170,0,0,2298
BRDA:170,0,1,0
BRDA:175,9999,0,0
BRDA:175,9999,1,50213
BRDA:176,0,0,47915
BRDA:176,0,1,2298
BRDA:180,0,0,1774
BRDA:180,0,1,524
BRDA:193,1,0,20090
BRDA:193,1,1,2101
BRDA:196,0,0,197
BRDA:196,0,1,19893
BRDA:202,0,0,2101
BRDA:202,0,1,197
BRDA:203,0,0,2101
BRDA:203,0,1,0
BRDA:210,0,1,40
BRDA:210,0,2,157
BRDA:215,0,0,156
BRDA:215,0,1,1
BRDA:221,2,0,17
BRDA:221,2,1,1
BRDA:222,1,0,10848
BRDA:222,1,1,17
BRDA:231,2,0,2108
BRDA:231,2,1,17
BRDA:232,1,0,12956
BRDA:232,1,1,2108
BRDA:242,9999,0,1
BRDA:242,9999,1,0
BRF:34
BRH:27
DA:126,1
DA:141,1
DA:142,1
DA:143,1
DA:146,1
DA:147,1
DA:148,1
DA:149,1
DA:150,1
DA:152,1
DA:153,0
DA:154,0
DA:158,1
DA:160,1
DA:162,1
DA:164,1
DA:165,1
DA:166,1
DA:167,1
DA:168,1
DA:170,2298
DA:173,50213
DA:175,50213
DA:176,50213
DA:180,2298
DA:181,1774
DA:183,524
DA:185,2298
DA:186,2298
DA:187,2298
DA:188,2298
DA:189,2298
DA:191,2298
DA:193,22191
DA:194,19893
DA:195,20090
DA:196,20090
DA:197,197
DA:198,197
DA:202,2298
DA:203,2101
DA:206,2101
DA:207,2101
DA:210,197
DA:211,40
DA:212,40
DA:213,40
DA:215,157
DA:218,156
DA:221,18
DA:222,10865
DA:223,10848
DA:224,10848
DA:225,10848
DA:226,10848
DA:227,10848
DA:228,10848
DA:229,10848
DA:231,2125
DA:232,15064
DA:233,12956
DA:234,12956
DA:235,12956
DA:238,17
DA:240,1
DA:241,1
DA:242,1
DA:243,1
DA:244,1
DA:246,1
DA:247,1
LF:71
LH:69
end_of_record
SF:/usr/include/bits/stdio2.h
DA:34,1
DA:98,4
LF:2
LH:2
end_of_record
TN:
SF:/home/gabriel/Escritorio/SPEC_CPU2000_CD_2/benchspec/CINT2000/300.twolf/src/buildimp.c
FN:23,buildimp
FN:74,build_feed_imp
FNDA:1472,buildimp
FNDA:0,build_feed_imp
FNF:2
FNH:1
BRDA:32,0,0,736
BRDA:32,0,1,736
BRDA:36,0,0,720
BRDA:36,0,1,16
BRDA:37,0,0,16693
BRDA:37,0,1,720
BRDA:82,0,0,-
BRDA:82,0,1,-
BRDA:83,0,0,-
BRDA:83,0,1,-
BRF:10
BRH:6
DA:23,1472
DA:32,1472
DA:33,736
DA:34,736
DA:35,736
DA:36,736
DA:37,17413
DA:38,16693
DA:40,720
DA:41,720
DA:43,16
DA:44,16
DA:46,736
DA:47,736
DA:48,736
DA:49,736
DA:50,736
DA:51,736
DA:52,736
DA:53,736
DA:54,736
DA:55,736
DA:56,736
DA:57,736
DA:60,736
DA:61,736
DA:62,736
DA:63,736
DA:64,736
DA:65,736
DA:66,736
DA:67,1472
DA:74,0
DA:81,0
DA:82,0
DA:83,0
DA:84,0
DA:86,0
DA:87,0
DA:89,0
DA:90,0
DA:92,0
DA:93,0
DA:94,0
DA:95,0
DA:96,0
DA:97,0
DA:98,0
DA:99,0
DA:100,0
DA:101,0
DA:102,0
DA:103,0
DA:105,0
DA:106,0
DA:107,0
DA:108,0
DA:109,0
DA:110,0
DA:111,0
LF:60
LH:32
end_of_record
SF:/usr/include/bits/stdio2.h
DA:34,1472
LF:1
LH:1
end_of_record
TN:
SF:/home/gabriel/Escritorio/SPEC_CPU2000_CD_2/benchspec/CINT2000/300.twolf/src/debug.c
FN:4,cellbox_data
FN:27,cellterm_data
FN:76,terminal
FN:102,pairCheck
FN:149,trackdebug
FN:218,fcellheight
FN:287,chan_debug
FN:336,negative
FNDA:0,cellbox_data
FNDA:0,cellterm_data
FNDA:0,terminal
FNDA:0,pairCheck
FNDA:0,trackdebug
FNDA:0,fcellheight
FNDA:0,chan_debug
FNDA:0,negative
FNF:8
FNH:0
BRDA:15,0,0,-
BRDA:15,0,1,-
BRDA:39,1,0,-
BRDA:39,1,1,-
BRDA:48,9999,0,-
BRDA:48,9999,1,-
BRDA:49,1,0,-
BRDA:49,1,1,-
BRDA:60,1,0,-
BRDA:60,1,1,-
BRDA:86,1,0,-
BRDA:86,1,1,-
BRDA:89,0,0,-
BRDA:89,0,1,-
BRDA:116,1,0,-
BRDA:116,1,1,-
BRDA:127,0,0,-
BRDA:127,0,1,-
BRDA:138,0,0,-
BRDA:138,0,1,-
BRDA:161,0,0,-
BRDA:161,0,1,-
BRDA:164,9999,0,-
BRDA:164,9999,1,-
BRDA:166,0,0,-
BRDA:166,0,1,-
BRDA:171,0,0,-
BRDA:171,0,1,-
BRDA:181,9999,0,-
BRDA:181,9999,1,-
BRDA:188,0,0,-
BRDA:188,0,1,-
BRDA:191,9999,0,-
BRDA:191,9999,1,-
BRDA:193,0,0,-
BRDA:193,0,1,-
BRDA:198,0,0,-
BRDA:198,0,1,-
BRDA:208,9999,0,-
BRDA:208,9999,1,-
BRDA:228,0,0,-
BRDA:228,0,1,-
BRDA:228,1,2,-
BRDA:228,1,3,-
BRDA:230,0,0,-
BRDA:230,0,1,-
BRDA:230,1,2,-
BRDA:230,1,3,-
BRDA:234,0,0,-
BRDA:234,0,1,-
BRDA:241,0,0,-
BRDA:241,0,1,-
BRDA:250,0,0,-
BRDA:250,0,1,-
BRDA:255,0,0,-
BRDA:255,0,1,-
BRDA:262,1,0,-
BRDA:262,1,1,-
BRDA:262,2,2,-
BRDA:262,2,3,-
BRDA:267,0,0,-
BRDA:267,0,1,-
BRDA:267,1,2,-
BRDA:267,1,3,-
BRDA:268,0,0,-
BRDA:268,0,1,-
BRDA:274,0,0,-
BRDA:274,0,1,-
BRDA:274,1,2,-
BRDA:274,1,3,-
BRDA:275,0,0,-
BRDA:275,0,1,-
BRDA:280,0,0,-
BRDA:280,0,1,-
BRDA:298,1,0,-
BRDA:298,1,1,-
BRDA:301,9999,0,-
BRDA:301,9999,1,-
BRDA:306,0,0,-
BRDA:306,0,1,-
BRDA:309,9999,0,-
BRDA:309,9999,1,-
BRDA:311,0,0,-
BRDA:311,0,1,-
BRDA:316,0,0,-
BRDA:316,0,1,-
BRDA:326,9999,0,-
BRDA:326,9999,1,-
BRDA:344,2,0,-
BRDA:344,2,1,-
BRDA:345,1,0,-
BRDA:345,1,1,-
BRDA:348,0,0,-
BRDA:348,0,1,-
BRF:94
BRH:0
DA:4,0
DA:12,0
DA:14,0
DA:15,0
DA:16,0
DA:17,0
DA:18,0
DA:19,0
DA:22,0
DA:24,0
DA:27,0
DA:37,0
DA:39,0
DA:40,0
DA:41,0
DA:42,0
DA:43,0
DA:45,0
DA:46,0
DA:47,0
DA:48,0
DA:49,0
DA:50,0
DA:51,0
DA:52,0
DA:53,0
DA:54,0
DA:55,0
DA:57,0
DA:60,0
DA:61,0
DA:62,0
DA:63,0
DA:64,0
DA:65,0
DA:67,0
DA:72,0
DA:73,0
DA:76,0
DA:84,0
DA:86,0
DA:87,0
DA:88,0
DA:89,0
DA:90,0
DA:91,0
DA:93,0
DA:94,0
DA:98,0
DA:99,0
DA:102,0
DA:112,0
DA:113,0
DA:116,0
DA:117,0
DA:118,0
DA:119,0
DA:120,0
DA:121,0
DA:122,0
DA:123,0
DA:124,0
DA:126,0
DA:127,0
DA:128,0
DA:129,0
DA:130,0
DA:131,0
DA:132,0
DA:133,0
DA:134,0
DA:136,0
DA:137,0
DA:138,0
DA:139,0
DA:140,0
DA:141,0
DA:142,0
DA:145,0
DA:146,0
DA:149,0
DA:159,0
DA:160,0
DA:161,0
DA:162,0
DA:163,0
DA:164,0
DA:165,0
DA:166,0
DA:167,0
DA:169,0
DA:171,0
DA:172,0
DA:174,0
DA:176,0
DA:177,0
DA:178,0
DA:179,0
DA:181,0
DA:182,0
DA:184,0
DA:187,0
DA:188,0
DA:189,0
DA:190,0
DA:191,0
DA:192,0
DA:193,0
DA:194,0
DA:196,0
DA:198,0
DA:199,0
DA:201,0
DA:203,0
DA:204,0
DA:205,0
DA:206,0
DA:208,0
DA:209,0
DA:211,0
DA:214,0
DA:215,0
DA:218,0
DA:226,0
DA:227,0
DA:228,0
DA:229,0
DA:230,0
DA:231,0
DA:232,0
DA:234,0
DA:235,0
DA:237,0
DA:240,0
DA:241,0
DA:242,0
DA:244,0
DA:246,0
DA:247,0
DA:248,0
DA:249,0
DA:250,0
DA:251,0
DA:252,0
DA:254,0
DA:255,0
DA:256,0
DA:257,0
DA:259,0
DA:260,0
DA:261,0
DA:262,0
DA:263,0
DA:264,0
DA:265,0
DA:267,0
DA:268,0
DA:269,0
DA:270,0
DA:274,0
DA:275,0
DA:276,0
DA:278,0
DA:280,0
DA:281,0
DA:283,0
DA:287,0
DA:297,0
DA:298,0
DA:299,0
DA:300,0
DA:301,0
DA:302,0
DA:304,0
DA:306,0
DA:307,0
DA:308,0
DA:309,0
DA:310,0
DA:311,0
DA:312,0
DA:314,0
DA:316,0
DA:317,0
DA:319,0
DA:321,0
DA:322,0
DA:323,0
DA:324,0
DA:326,0
DA:327,0
DA:329,0
DA:333,0
DA:334,0
DA:336,0
DA:344,0
DA:345,0
DA:346,0
DA:347,0
DA:348,0
DA:349,0
DA:350,0
DA:352,0
DA:356,0
LF:204
LH:0
end_of_record
SF:/usr/include/bits/stdio2.h
DA:98,0
DA:105,0
LF:2
LH:0
end_of_record
TN:
SF:/home/gabriel/Escritorio/SPEC_CPU2000_CD_2/benchspec/CINT2000/300.twolf/src/globe.c
FN:34,globe
FN:720,chkGroup
FN:763,detGroup
FN:792,addEdge
FN:804,searchG
FNDA:1,globe
FNDA:3467,chkGroup
FNDA:10637,detGroup
FNDA:3345,addEdge
FNDA:3487,searchG
FNF:5
FNH:5
BRDA:56,2,0,1920
BRDA:56,2,1,1
BRDA:61,2,0,10814
BRDA:61,2,1,1920
BRDA:62,0,0,5407
BRDA:62,0,1,5407
BRDA:65,0,0,0
BRDA:65,0,1,5407
BRDA:71,0,0,0
BRDA:71,0,1,5407
BRDA:76,0,0,0
BRDA:76,0,1,1920
BRDA:79,0,0,1
BRDA:79,0,1,1919
BRDA:95,0,0,53
BRDA:95,0,1,1
BRDA:107,2,0,2653
BRDA:107,2,1,1
BRDA:116,0,0,18
BRDA:116,0,1,1
BRDA:120,0,0,18
BRDA:120,0,1,1
BRDA:127,2,0,2724
BRDA:127,2,1,1
BRDA:131,0,0,34
BRDA:131,0,1,2690
BRDA:134,0,0,11
BRDA:134,0,1,2713
BRDA:144,1,0,1920
BRDA:144,1,1,1
BRDA:146,2,0,34560
BRDA:146,2,1,1920
BRDA:156,2,0,10814
BRDA:156,2,1,1920
BRDA:161,0,0,3359
BRDA:161,0,1,7455
BRDA:162,0,0,3359
BRDA:162,0,1,0
BRDA:164,0,0,-
BRDA:164,0,1,-
BRDA:175,1,0,21403
BRDA:175,1,1,10814
BRDA:176,0,0,5407
BRDA:176,0,1,15996
BRDA:188,0,0,5407
BRDA:188,0,1,5407
BRDA:204,2,0,5407
BRDA:204,2,1,1920
BRDA:206,0,0,5407
BRDA:206,0,1,0
BRDA:216,0,0,705
BRDA:216,0,1,1215
BRDA:217,0,0,0
BRDA:217,0,1,705
BRDA:217,1,2,-
BRDA:217,1,3,-
BRDA:218,2,0,-
BRDA:218,2,1,-
BRDA:228,2,0,-
BRDA:228,2,1,-
BRDA:235,0,0,32
BRDA:235,0,1,1183
BRDA:236,2,0,32
BRDA:236,2,1,32
BRDA:246,2,0,0
BRDA:246,2,1,32
BRDA:262,0,0,3487
BRDA:262,0,1,1888
BRDA:273,2,0,3345
BRDA:273,2,1,1888
BRDA:276,0,0,3188
BRDA:276,0,1,157
BRDA:279,2,0,393
BRDA:279,2,1,157
BRDA:282,0,0,324
BRDA:282,0,1,69
BRDA:286,0,0,0
BRDA:286,0,1,69
BRDA:286,1,2,-
BRDA:286,1,3,-
BRDA:287,0,0,-
BRDA:287,0,1,-
BRDA:288,0,0,-
BRDA:288,0,1,-
BRDA:289,0,0,0
BRDA:289,0,1,69
BRDA:291,0,0,-
BRDA:291,0,1,-
BRDA:292,0,0,-
BRDA:292,0,1,-
BRDA:293,0,0,-
BRDA:293,0,1,-
BRDA:302,0,0,-
BRDA:302,0,1,-
BRDA:303,0,0,-
BRDA:303,0,1,-
BRDA:304,0,0,-
BRDA:304,0,1,-
BRDA:310,0,0,-
BRDA:310,0,1,-
BRDA:317,0,0,-
BRDA:317,0,1,-
BRDA:318,0,0,-
BRDA:318,0,1,-
BRDA:324,0,0,-
BRDA:324,0,1,-
BRDA:338,1,0,5375
BRDA:338,1,1,1888
BRDA:341,2,0,3345
BRDA:341,2,1,1888
BRDA:346,0,0,3345
BRDA:346,0,1,0
BRDA:346,1,2,15
BRDA:346,1,3,3330
BRDA:351,2,0,15449
BRDA:351,2,1,3330
BRDA:352,0,0,4667
BRDA:352,0,1,10782
BRDA:361,0,0,0
BRDA:361,0,1,3330
BRDA:361,1,2,-
BRDA:361,1,3,-
BRDA:361,2,4,-
BRDA:361,2,5,-
BRDA:362,0,0,-
BRDA:362,0,1,-
BRDA:363,0,0,-
BRDA:363,0,1,-
BRDA:365,0,0,-
BRDA:365,0,1,-
BRDA:369,0,0,0
BRDA:369,0,1,3330
BRDA:369,1,2,-
BRDA:369,1,3,-
BRDA:369,2,4,-
BRDA:369,2,5,-
BRDA:370,0,0,-
BRDA:370,0,1,-
BRDA:371,0,0,-
BRDA:371,0,1,-
BRDA:373,0,0,-
BRDA:373,0,1,-
BRDA:378,0,0,0
BRDA:378,0,1,3330
BRDA:380,2,0,-
BRDA:380,2,1,-
BRDA:381,0,0,-
BRDA:381,0,1,-
BRDA:384,0,0,-
BRDA:384,0,1,-
BRDA:388,0,0,-
BRDA:388,0,1,-
BRDA:391,2,0,-
BRDA:391,2,1,-
BRDA:392,0,0,-
BRDA:392,0,1,-
BRDA:393,0,0,-
BRDA:393,0,1,-
BRDA:395,0,0,-
BRDA:395,0,1,-
BRDA:401,0,0,-
BRDA:401,0,1,-
BRDA:402,0,0,-
BRDA:402,0,1,-
BRDA:404,0,0,-
BRDA:404,0,1,-
BRDA:410,0,0,-
BRDA:410,0,1,-
BRDA:416,0,0,0
BRDA:416,0,1,3330
BRDA:418,2,0,-
BRDA:418,2,1,-
BRDA:419,0,0,-
BRDA:419,0,1,-
BRDA:422,0,0,-
BRDA:422,0,1,-
BRDA:426,0,0,-
BRDA:426,0,1,-
BRDA:429,2,0,-
BRDA:429,2,1,-
BRDA:430,0,0,-
BRDA:430,0,1,-
BRDA:431,0,0,-
BRDA:431,0,1,-
BRDA:433,0,0,-
BRDA:433,0,1,-
BRDA:439,0,0,-
BRDA:439,0,1,-
BRDA:440,0,0,-
BRDA:440,0,1,-
BRDA:442,0,0,-
BRDA:442,0,1,-
BRDA:448,0,0,-
BRDA:448,0,1,-
BRDA:454,0,0,0
BRDA:454,0,1,3330
BRDA:455,2,0,-
BRDA:455,2,1,-
BRDA:458,0,0,-
BRDA:458,0,1,-
BRDA:461,2,0,-
BRDA:461,2,1,-
BRDA:464,0,0,-
BRDA:464,0,1,-
BRDA:468,0,0,-
BRDA:468,0,1,-
BRDA:468,1,2,-
BRDA:468,1,3,-
BRDA:469,0,0,-
BRDA:469,0,1,-
BRDA:471,0,0,-
BRDA:471,0,1,-
BRDA:473,0,0,-
BRDA:473,0,1,-
BRDA:475,0,0,-
BRDA:475,0,1,-
BRDA:476,0,0,-
BRDA:476,0,1,-
BRDA:478,0,0,-
BRDA:478,0,1,-
BRDA:488,0,0,-
BRDA:488,0,1,-
BRDA:489,0,0,-
BRDA:489,0,1,-
BRDA:490,0,0,-
BRDA:490,0,1,-
BRDA:496,0,0,-
BRDA:496,0,1,-
BRDA:503,0,0,-
BRDA:503,0,1,-
BRDA:504,0,0,-
BRDA:504,0,1,-
BRDA:510,0,0,-
BRDA:510,0,1,-
BRDA:529,2,0,5375
BRDA:529,2,1,1888
BRDA:530,0,0,0
BRDA:530,0,1,5375
BRDA:533,0,0,5375
BRDA:533,0,1,0
BRDA:537,2,0,-
BRDA:537,2,1,-
BRDA:538,0,0,-
BRDA:538,0,1,-
BRDA:539,0,0,-
BRDA:539,0,1,-
BRDA:555,1,0,3746
BRDA:555,1,1,1888
BRDA:557,2,0,6690
BRDA:557,2,1,3746
BRDA:558,0,0,6660
BRDA:558,0,1,30
BRDA:558,1,2,3330
BRDA:558,1,3,3330
BRDA:563,0,0,3330
BRDA:563,0,1,0
BRDA:564,0,0,0
BRDA:564,0,1,3330
BRDA:564,1,2,-
BRDA:564,1,3,-
BRDA:571,0,0,3330
BRDA:571,0,1,0
BRDA:572,0,0,0
BRDA:572,0,1,3330
BRDA:572,1,2,-
BRDA:572,1,3,-
BRDA:578,0,0,3330
BRDA:578,0,1,0
BRDA:578,1,2,0
BRDA:578,1,3,3330
BRDA:582,0,0,-
BRDA:582,0,1,-
BRDA:585,0,0,-
BRDA:585,0,1,-
BRDA:588,0,0,3174
BRDA:588,0,1,156
BRDA:591,0,0,0
BRDA:591,0,1,3174
BRDA:594,0,0,0
BRDA:594,0,1,3174
BRDA:597,0,0,156
BRDA:597,0,1,0
BRDA:600,0,0,0
BRDA:600,0,1,156
BRDA:603,0,0,0
BRDA:603,0,1,156
BRDA:610,2,0,3345
BRDA:610,2,1,1888
BRDA:611,0,0,3330
BRDA:611,0,1,15
BRDA:611,1,2,0
BRDA:611,1,3,3330
BRDA:615,0,0,-
BRDA:615,0,1,-
BRDA:615,1,2,-
BRDA:615,1,3,-
BRDA:618,0,0,-
BRDA:618,0,1,-
BRDA:621,0,0,-
BRDA:621,0,1,-
BRDA:629,2,0,3345
BRDA:629,2,1,1888
BRDA:630,0,0,3330
BRDA:630,0,1,15
BRDA:630,1,2,0
BRDA:630,1,3,3330
BRDA:634,0,0,-
BRDA:634,0,1,-
BRDA:639,0,0,-
BRDA:639,0,1,-
BRDA:644,0,0,-
BRDA:644,0,1,-
BRDA:647,0,0,-
BRDA:647,0,1,-
BRDA:647,1,2,-
BRDA:647,1,3,-
BRDA:659,0,0,-
BRDA:659,0,1,-
BRDA:662,0,0,-
BRDA:662,0,1,-
BRDA:662,1,2,-
BRDA:662,1,3,-
BRDA:675,2,0,3345
BRDA:675,2,1,1888
BRDA:676,0,0,3330
BRDA:676,0,1,15
BRDA:676,1,2,0
BRDA:676,1,3,3330
BRDA:680,0,0,-
BRDA:680,0,1,-
BRDA:680,1,2,-
BRDA:680,1,3,-
BRDA:699,1,0,5375
BRDA:699,1,1,1888
BRDA:709,2,0,3345
BRDA:709,2,1,1888
BRDA:729,9999,0,216
BRDA:729,9999,1,3251
BRDA:730,0,0,216
BRDA:730,0,1,0
BRDA:732,0,0,-
BRDA:732,0,1,-
BRDA:733,0,0,-
BRDA:733,0,1,-
BRDA:739,0,0,-
BRDA:739,0,1,-
BRDA:745,0,0,1604
BRDA:745,0,1,1647
BRDA:746,0,0,1604
BRDA:746,0,1,0
BRDA:746,1,2,1604
BRDA:746,1,3,0
BRDA:753,0,0,1647
BRDA:753,0,1,0
BRDA:772,2,0,21274
BRDA:772,2,1,10637
BRDA:773,0,0,0
BRDA:773,0,1,21274
BRDA:775,0,0,10637
BRDA:775,0,1,10637
BRDA:781,0,0,10637
BRDA:781,0,1,0
BRDA:781,1,2,10637
BRDA:781,1,3,0
BRDA:783,0,0,-
BRDA:783,0,1,-
BRDA:812,0,0,3487
BRDA:812,0,1,0
BRDA:813,2,0,6982
BRDA:813,2,1,2871
BRDA:814,0,0,216
BRDA:814,0,1,6766
BRDA:815,0,1,216
BRDA:815,0,2,0
BRDA:817,9999,0,216
BRDA:817,9999,1,0
BRDA:818,0,0,157
BRDA:818,0,1,59
BRDA:823,0,0,-
BRDA:823,0,1,-
BRDA:824,0,0,-
BRDA:824,0,1,-
BRDA:829,0,0,-
BRDA:829,0,1,-
BRDA:835,0,0,0
BRDA:835,0,1,216
BRDA:838,0,0,1647
BRDA:838,0,1,5119
BRDA:839,0,1,1647
BRDA:839,0,2,0
BRDA:840,0,0,1616
BRDA:840,0,1,31
BRDA:845,0,0,1423
BRDA:845,0,1,224
BRDA:848,0,0,1604
BRDA:848,0,1,3515
BRDA:849,0,1,1604
BRDA:849,0,2,0
BRDA:850,0,0,1572
BRDA:850,0,1,32
BRDA:855,0,0,1428
BRDA:855,0,1,176
BRDA:860,0,0,-
BRDA:860,0,1,-
BRDA:861,2,0,-
BRDA:861,2,1,-
BRDA:862,0,0,-
BRDA:862,0,1,-
BRDA:863,0,1,-
BRDA:863,0,2,-
BRDA:867,0,0,-
BRDA:867,0,1,-
BRDA:868,0,1,-
BRDA:868,0,2,-
BRDA:875,2,0,-
BRDA:875,2,1,-
BRDA:876,0,0,-
BRDA:876,0,1,-
BRDA:877,0,1,-
BRDA:877,0,2,-
BRDA:881,0,0,-
BRDA:881,0,1,-
BRDA:882,0,1,-
BRDA:882,0,2,-
BRF:424
BRH:162
DA:34,1
DA:54,1
DA:55,1
DA:56,1921
DA:57,1920
DA:58,1920
DA:59,1920
DA:60,1920
DA:61,12734
DA:62,10814
DA:63,5407
DA:64,5407
DA:65,5407
DA:66,0
DA:68,5407
DA:70,5407
DA:71,5407
DA:72,0
DA:76,1920
DA:77,0
DA:79,1920
DA:80,1
DA:84,1
DA:85,1
DA:86,1
DA:89,1
DA:90,1
DA:91,1
DA:92,1
DA:95,54
DA:96,53
DA:97,53
DA:98,53
DA:99,53
DA:100,53
DA:101,53
DA:102,53
DA:103,53
DA:104,53
DA:105,53
DA:107,2654
DA:108,2653
DA:109,2653
DA:110,2653
DA:115,1
DA:116,19
DA:117,18
DA:119,1
DA:120,19
DA:121,18
DA:124,1
DA:125,1
DA:126,1
DA:127,2725
DA:128,2724
DA:129,2724
DA:130,2724
DA:131,2724
DA:132,34
DA:134,2724
DA:135,11
DA:138,1
DA:139,1
DA:141,1
DA:142,1
DA:144,1921
DA:146,36480
DA:147,34560
DA:148,34560
DA:149,34560
DA:150,34560
DA:153,1920
DA:154,1920
DA:155,1920
DA:156,12734
DA:157,10814
DA:158,10814
DA:159,10814
DA:160,10814
DA:161,10814
DA:162,3359
DA:163,3359
DA:164,0
DA:166,0
DA:169,10814
DA:170,10814
DA:171,10814
DA:173,10814
DA:174,10814
DA:175,32217
DA:176,21403
DA:177,5407
DA:179,15996
DA:183,10814
DA:184,10814
DA:185,10814
DA:186,10814
DA:187,10814
DA:188,10814
DA:189,5407
DA:190,5407
DA:191,5407
DA:192,5407
DA:193,5407
DA:200,5407
DA:201,5407
DA:204,7327
DA:205,5407
DA:206,5407
DA:207,5407
DA:208,5407
DA:211,1920
DA:216,1920
DA:217,705
DA:218,0
DA:219,0
DA:220,0
DA:221,0
DA:222,0
DA:223,0
DA:224,0
DA:225,0
DA:226,0
DA:228,0
DA:229,0
DA:230,0
DA:231,0
DA:233,0
DA:235,1215
DA:236,64
DA:237,32
DA:238,32
DA:239,32
DA:240,32
DA:241,32
DA:242,32
DA:243,32
DA:244,32
DA:246,32
DA:247,0
DA:248,0
DA:249,0
DA:251,32
DA:254,1888
DA:262,5375
DA:263,3487
DA:264,3487
DA:265,3487
DA:273,5233
DA:274,3345
DA:275,3345
DA:276,3345
DA:277,3188
DA:279,550
DA:280,393
DA:281,393
DA:282,393
DA:283,324
DA:286,69
DA:287,0
DA:288,0
DA:289,69
DA:291,0
DA:292,0
DA:293,0
DA:294,0
DA:297,0
DA:298,0
DA:299,0
DA:300,0
DA:302,0
DA:303,0
DA:304,0
DA:305,0
DA:306,0
DA:307,0
DA:310,0
DA:311,0
DA:312,0
DA:313,0
DA:317,0
DA:318,0
DA:319,0
DA:320,0
DA:321,0
DA:324,0
DA:325,0
DA:326,0
DA:327,0
DA:336,1888
DA:338,7263
DA:339,5375
DA:341,5233
DA:342,3345
DA:343,3345
DA:344,3345
DA:345,3345
DA:346,3345
DA:347,15
DA:349,3330
DA:350,3330
DA:351,18779
DA:352,15449
DA:353,4667
DA:357,3330
DA:358,3330
DA:359,3330
DA:360,3330
DA:361,3330
DA:362,0
DA:363,0
DA:364,0
DA:365,0
DA:366,0
DA:369,3330
DA:370,0
DA:371,0
DA:372,0
DA:373,0
DA:374,0
DA:378,3330
DA:379,0
DA:380,0
DA:381,0
DA:382,0
DA:384,0
DA:388,0
DA:389,0
DA:390,0
DA:391,0
DA:392,0
DA:393,0
DA:394,0
DA:395,0
DA:396,0
DA:398,0
DA:401,0
DA:402,0
DA:403,0
DA:404,0
DA:405,0
DA:410,0
DA:411,0
DA:412,0
DA:416,3330
DA:417,0
DA:418,0
DA:419,0
DA:420,0
DA:422,0
DA:426,0
DA:427,0
DA:428,0
DA:429,0
DA:430,0
DA:431,0
DA:432,0
DA:433,0
DA:434,0
DA:436,0
DA:439,0
DA:440,0
DA:441,0
DA:442,0
DA:443,0
DA:448,0
DA:449,0
DA:450,0
DA:454,3330
DA:455,0
DA:456,0
DA:457,0
DA:458,0
DA:459,0
DA:461,0
DA:462,0
DA:463,0
DA:464,0
DA:465,0
DA:468,0
DA:469,0
DA:470,0
DA:471,0
DA:472,0
DA:473,0
DA:475,0
DA:476,0
DA:477,0
DA:478,0
DA:479,0
DA:480,0
DA:483,0
DA:484,0
DA:485,0
DA:486,0
DA:488,0
DA:489,0
DA:490,0
DA:491,0
DA:492,0
DA:493,0
DA:496,0
DA:497,0
DA:498,0
DA:499,0
DA:503,0
DA:504,0
DA:505,0
DA:506,0
DA:507,0
DA:510,0
DA:511,0
DA:512,0
DA:513,0
DA:521,0
DA:529,7263
DA:530,5375
DA:531,0
DA:533,5375
DA:534,5375
DA:536,0
DA:537,0
DA:538,0
DA:539,0
DA:540,0
DA:554,1888
DA:555,5634
DA:556,3746
DA:557,10436
DA:558,6690
DA:559,6660
DA:560,3330
DA:561,3330
DA:562,3330
DA:563,3330
DA:564,3330
DA:565,0
DA:566,0
DA:567,0
DA:570,3330
DA:571,3330
DA:572,3330
DA:573,0
DA:574,0
DA:575,0
DA:578,3330
DA:579,3330
DA:580,0
DA:581,0
DA:582,0
DA:583,0
DA:585,0
DA:586,0
DA:588,3330
DA:589,3174
DA:590,3174
DA:591,3174
DA:592,0
DA:594,3174
DA:595,0
DA:597,156
DA:598,156
DA:599,156
DA:600,156
DA:601,0
DA:603,156
DA:604,0
DA:610,5233
DA:611,3345
DA:613,0
DA:614,0
DA:615,0
DA:616,0
DA:618,0
DA:619,0
DA:621,0
DA:622,0
DA:629,5233
DA:630,3345
DA:632,0
DA:633,0
DA:634,0
DA:635,0
DA:637,0
DA:639,0
DA:640,0
DA:642,0
DA:644,0
DA:645,0
DA:646,0
DA:647,0
DA:648,0
DA:651,0
DA:652,0
DA:653,0
DA:654,0
DA:655,0
DA:656,0
DA:659,0
DA:660,0
DA:661,0
DA:662,0
DA:663,0
DA:666,0
DA:667,0
DA:668,0
DA:669,0
DA:670,0
DA:671,0
DA:675,5233
DA:676,3345
DA:678,0
DA:679,0
DA:680,0
DA:681,0
DA:694,1888
DA:699,7263
DA:700,5375
DA:701,5375
DA:702,5375
DA:703,5375
DA:704,5375
DA:705,5375
DA:706,5375
DA:707,5375
DA:709,5233
DA:710,3345
DA:711,3345
DA:712,3345
DA:715,1
DA:720,3467
DA:726,3467
DA:727,3467
DA:729,3467
DA:730,216
DA:731,216
DA:732,0
DA:733,0
DA:734,0
DA:736,0
DA:739,0
DA:740,0
DA:742,0
DA:745,3251
DA:746,1604
DA:747,1604
DA:748,1604
DA:750,0
DA:753,1647
DA:754,1647
DA:755,1647
DA:757,3467
DA:763,10637
DA:769,10637
DA:770,10637
DA:771,10637
DA:772,31911
DA:773,21274
DA:774,0
DA:775,21274
DA:776,10637
DA:778,10637
DA:781,10637
DA:782,10637
DA:783,0
DA:784,0
DA:786,10637
DA:792,3345
DA:796,3345
DA:798,3345
DA:799,3345
DA:804,3487
DA:810,3487
DA:811,3487
DA:812,3487
DA:813,9853
DA:814,6982
DA:815,216
DA:816,216
DA:817,216
DA:818,216
DA:819,157
DA:821,216
DA:822,216
DA:823,0
DA:824,0
DA:825,0
DA:826,0
DA:829,0
DA:830,0
DA:831,0
DA:835,216
DA:838,6766
DA:839,1647
DA:840,1647
DA:841,1616
DA:842,1616
DA:845,1647
DA:848,5119
DA:849,1604
DA:850,1604
DA:851,1572
DA:852,1572
DA:855,1604
DA:860,0
DA:861,0
DA:862,0
DA:863,0
DA:864,0
DA:865,0
DA:867,0
DA:868,0
DA:869,0
DA:870,0
DA:875,3487
DA:876,0
DA:877,0
DA:878,0
DA:879,0
DA:881,0
DA:882,0
DA:883,0
DA:884,0
LF:523
LH:270
end_of_record
SF:/usr/include/bits/stdio2.h
DA:34,1
LF:1
LH:1
end_of_record
TN:
SF:/home/gabriel/Escritorio/SPEC_CPU2000_CD_2/benchspec/CINT2000/300.twolf/src/controlf.c
FN:3,controlf
FNDA:117,controlf
FNF:1
FNH:1
DA:3,117
DA:8,117
DA:9,117
DA:10,117
DA:12,117
LF:5
LH:5
end_of_record
TN:
SF:/home/gabriel/Escritorio/SPEC_CPU2000_CD_2/benchspec/CINT2000/300.twolf/src/mergplist.c
FN:24,mergplist
FN:87,initialize_pins
FN:106,add_pins
FN:140,assign_group_values
FN:155,merge_pins
FN:182,merge
FNDA:1,mergplist
FNDA:1857,initialize_pins
FNDA:6660,add_pins
FNDA:1858,assign_group_values
FNDA:3330,merge_pins
FNDA:3330,merge
FNF:6
FNH:6
BRDA:31,1,0,17
BRDA:31,1,1,1
BRDA:32,1,0,2108
BRDA:32,1,1,17
BRDA:34,1,0,10848
BRDA:34,1,1,2108
BRDA:45,0,0,12520
BRDA:45,0,1,1
BRDA:53,1,0,12486
BRDA:53,1,1,1
BRDA:60,1,0,100
BRDA:60,1,1,1
BRDA:69,2,0,3331
BRDA:69,2,1,1
BRDA:70,0,0,3330
BRDA:70,0,1,1
BRDA:71,0,0,1857
BRDA:71,0,1,1473
BRDA:92,2,0,6485
BRDA:92,2,1,1857
BRDA:112,2,0,18831
BRDA:112,2,1,6487
BRDA:113,0,0,173
BRDA:113,0,1,18658
BRDA:118,0,0,0
BRDA:118,0,1,6487
BRDA:124,1,0,-
BRDA:124,1,1,-
BRDA:145,2,0,6487
BRDA:145,2,1,1858
BRDA:161,0,0,0
BRDA:161,0,1,3330
BRDA:164,0,0,3290
BRDA:164,0,1,40
BRDA:169,0,0,3330
BRDA:169,0,1,0
BRDA:169,1,2,3330
BRDA:169,1,3,0
BRDA:170,0,0,3330
BRDA:170,0,1,0
BRDA:171,0,0,3330
BRDA:171,0,1,0
BRDA:198,0,0,108
BRDA:198,0,1,3330
BRDA:203,0,0,84
BRDA:203,0,1,3330
BRF:46
BRH:38
DA:24,1
DA:31,18
DA:32,2125
DA:33,2108
DA:34,12956
DA:35,10848
DA:36,10848
DA:37,10848
DA:38,10848
DA:40,2108
DA:42,17
DA:44,1
DA:45,12521
DA:46,12520
DA:48,1
DA:50,1
DA:52,1
DA:53,12487
DA:54,12486
DA:57,1
DA:58,1
DA:59,1
DA:60,101
DA:61,100
DA:62,100
DA:63,100
DA:65,1
DA:68,1
DA:69,3332
DA:70,3331
DA:71,3330
DA:72,1857
DA:73,1857
DA:74,1857
DA:76,3330
DA:78,1
DA:87,1857
DA:92,8342
DA:93,6485
DA:94,6485
DA:95,6485
DA:97,1857
DA:106,6660
DA:112,25318
DA:113,18831
DA:114,173
DA:118,6487
DA:119,0
DA:120,0
DA:121,0
DA:122,0
DA:123,0
DA:124,0
DA:125,0
DA:126,0
DA:127,0
DA:131,6487
DA:133,6660
DA:140,1858
DA:145,8345
DA:146,6487
DA:155,3330
DA:161,3330
DA:162,0
DA:164,3330
DA:165,3290
DA:167,40
DA:169,3330
DA:170,3330
DA:171,3330
DA:172,3330
DA:173,3330
DA:182,3330
DA:188,3330
DA:190,3330
DA:191,3330
DA:193,3330
DA:195,3438
DA:196,3438
DA:197,3438
DA:198,3438
DA:200,3330
DA:202,3414
DA:203,3414
DA:204,84
DA:206,3330
DA:209,84
LF:87
LH:77
end_of_record
TN:
SF:/home/gabriel/Escritorio/SPEC_CPU2000_CD_2/benchspec/CINT2000/300.twolf/src/uloop2.c
FN:35,uloop2
FNDA:1,uloop2
FNF:1
FNH:1
BRDA:64,0,0,1
BRDA:64,0,1,0
BRDA:68,0,0,143488
BRDA:68,0,1,1
BRDA:70,0,0,143488
BRDA:70,0,1,0
BRDA:73,0,0,0
BRDA:73,0,1,143488
BRDA:80,0,0,143488
BRDA:80,0,1,0
BRDA:82,2,0,167449
BRDA:82,2,1,0
BRDA:83,0,0,143488
BRDA:83,0,1,23961
BRDA:96,0,0,7882
BRDA:96,0,1,135606
BRDA:99,0,0,7852
BRDA:99,0,1,135636
BRDA:107,0,0,0
BRDA:107,0,1,143488
BRDA:108,9999,0,80151
BRDA:108,9999,1,143488
BRDA:114,0,0,0
BRDA:114,0,1,143488
BRDA:115,0,0,-
BRDA:115,0,1,-
BRDA:118,0,0,-
BRDA:118,0,1,-
BRDA:119,0,0,-
BRDA:119,0,1,-
BRDA:132,0,0,0
BRDA:132,0,1,143488
BRDA:139,0,0,143488
BRDA:139,0,1,0
BRDA:142,0,0,4486
BRDA:142,0,1,139002
BRDA:144,0,0,4486
BRDA:144,0,1,0
BRDA:145,0,0,4486
BRDA:145,0,1,0
BRDA:146,0,1,0
BRDA:146,0,2,4486
BRDA:150,0,0,-
BRDA:150,0,1,-
BRDA:150,3,3,-
BRDA:150,3,4,-
BRDA:155,0,0,-
BRDA:155,0,1,-
BRDA:156,0,0,-
BRDA:156,0,1,-
BRDA:156,3,3,-
BRDA:156,3,4,-
BRDA:161,0,1,-
BRDA:161,0,2,-
BRDA:168,0,0,26884
BRDA:168,0,1,112118
BRDA:174,0,0,139002
BRDA:174,0,1,0
BRDA:174,1,2,0
BRDA:174,1,3,139002
BRDA:179,0,0,139002
BRDA:179,0,1,0
BRDA:180,0,0,139002
BRDA:180,0,1,0
BRDA:182,9999,0,0
BRDA:182,9999,1,139002
BRDA:186,0,0,-
BRDA:186,0,1,-
BRDA:186,3,2,-
BRDA:186,3,3,-
BRDA:188,9999,0,-
BRDA:188,9999,1,-
BRDA:193,0,0,-
BRDA:193,0,1,-
BRDA:194,0,0,-
BRDA:194,0,1,-
BRDA:194,3,2,-
BRDA:194,3,3,-
BRDA:196,9999,0,-
BRDA:196,9999,1,-
BRDA:201,9999,0,-
BRDA:201,9999,1,-
BRDA:212,0,0,0
BRDA:212,0,1,1
BRF:84
BRH:32
DA:35,1
DA:52,1
DA:53,1
DA:54,1
DA:55,1
DA:57,1
DA:58,1
DA:60,1
DA:61,1
DA:63,1
DA:64,1
DA:65,1
DA:68,143489
DA:70,143488
DA:72,143488
DA:73,143488
DA:74,0
DA:76,143488
DA:77,143488
DA:78,143488
DA:79,143488
DA:80,143488
DA:81,143488
DA:82,167449
DA:83,167449
DA:84,143488
DA:85,143488
DA:93,143488
DA:94,143488
DA:96,143488
DA:97,7882
DA:99,143488
DA:100,7852
DA:102,143488
DA:104,223639
DA:105,223639
DA:107,143488
DA:108,223639
DA:110,143488
DA:111,143488
DA:112,143488
DA:113,143488
DA:114,143488
DA:115,0
DA:116,0
DA:117,0
DA:118,0
DA:119,0
DA:120,0
DA:122,0
DA:125,0
DA:126,0
DA:129,143488
DA:130,143488
DA:132,143488
DA:133,0
DA:135,143488
DA:138,0
DA:139,143488
DA:140,143488
DA:142,143488
DA:144,4486
DA:145,4486
DA:146,4486
DA:147,0
DA:150,0
DA:151,0
DA:155,0
DA:156,0
DA:158,0
DA:161,0
DA:162,0
DA:168,139002
DA:169,139002
DA:170,139002
DA:171,139002
DA:172,139002
DA:174,139002
DA:175,0
DA:178,139002
DA:179,139002
DA:180,139002
DA:181,139002
DA:182,139002
DA:183,0
DA:186,0
DA:188,0
DA:189,0
DA:193,0
DA:194,0
DA:196,0
DA:197,0
DA:200,0
DA:201,0
DA:202,0
DA:207,143488
DA:211,1
DA:212,1
DA:213,0
DA:215,1
DA:218,1
DA:221,1
DA:222,1
LF:103
LH:70
end_of_record
SF:/usr/include/bits/stdio2.h
DA:98,1
LF:1
LH:1
end_of_record
TN:
SF:/home/gabriel/Escritorio/SPEC_CPU2000_CD_2/benchspec/CINT2000/300.twolf/src/readnets.c
FN:4,readnets
FNDA:1,readnets
FNF:1
FNH:1
BRDA:15,9999,0,0
BRDA:15,9999,1,1
BRDA:15,0,2,-
BRDA:15,0,3,-
BRDA:15,1,4,-
BRDA:15,1,5,-
BRDA:15,2,6,-
BRDA:15,2,7,-
BRDA:15,6,8,0
BRDA:15,6,9,1
BRDA:21,9999,0,0
BRDA:21,9999,1,1
BRDA:21,0,2,-
BRDA:21,0,3,-
BRDA:21,1,4,-
BRDA:21,1,5,-
BRDA:21,2,6,-
BRDA:21,2,7,-
BRDA:21,6,8,0
BRDA:21,6,9,1
BRDA:27,9999,0,0
BRDA:27,9999,1,1
BRDA:32,0,0,1
BRDA:32,0,1,0
BRDA:32,1,2,0
BRDA:32,1,3,1
BRDA:40,0,0,0
BRDA:40,0,1,1
BRDA:43,2,0,1920
BRDA:43,2,1,1
BRDA:48,0,1,0
BRDA:48,0,2,1
BRDA:49,0,0,-
BRDA:49,0,1,-
BRDA:49,1,2,-
BRDA:49,1,3,-
BRDA:49,2,4,-
BRDA:49,2,5,-
BRDA:49,3,6,-
BRDA:49,3,7,-
BRDA:49,7,8,-
BRDA:49,7,9,-
BRDA:52,9999,0,-
BRDA:52,9999,1,-
BRDA:59,0,0,-
BRDA:59,0,1,-
BRDA:59,1,2,-
BRDA:59,1,3,-
BRDA:59,2,4,-
BRDA:59,2,5,-
BRDA:59,3,6,-
BRDA:59,3,7,-
BRDA:59,7,8,-
BRDA:59,7,9,-
BRDA:61,9999,0,-
BRDA:61,9999,1,-
BRDA:68,0,0,-
BRDA:68,0,1,-
BRDA:68,1,2,-
BRDA:68,1,3,-
BRDA:77,0,0,-
BRDA:77,0,1,-
BRDA:77,1,2,-
BRDA:77,1,3,-
BRDA:77,2,4,-
BRDA:77,2,5,-
BRDA:77,3,6,-
BRDA:77,3,7,-
BRDA:77,7,8,-
BRDA:77,7,9,-
BRDA:79,0,0,-
BRDA:79,0,1,-
BRDA:79,1,2,-
BRDA:79,1,3,-
BRDA:79,2,4,-
BRDA:79,2,5,-
BRDA:79,3,6,-
BRDA:79,3,7,-
BRDA:79,7,8,-
BRDA:79,7,9,-
BRDA:90,9999,0,1
BRDA:90,9999,1,0
BRDA:92,2,0,1920
BRDA:92,2,1,1
BRDA:97,2,0,1920
BRDA:97,2,1,1
BRDA:105,2,0,1920
BRDA:105,2,1,1
BRDA:106,1,0,5407
BRDA:106,1,1,1920
BRF:90
BRH:20
DA:4,1
DA:14,1
DA:15,1
DA:16,0
DA:17,0
DA:18,0
DA:20,1
DA:21,1
DA:22,0
DA:23,0
DA:24,0
DA:26,1
DA:27,1
DA:28,0
DA:29,0
DA:30,0
DA:32,1
DA:33,0
DA:34,0
DA:35,0
DA:36,0
DA:37,0
DA:40,1
DA:41,0
DA:43,1921
DA:44,1920
DA:45,1920
DA:48,1
DA:49,0
DA:50,0
DA:51,0
DA:52,0
DA:53,0
DA:55,0
DA:56,0
DA:57,0
DA:59,0
DA:60,0
DA:61,0
DA:62,0
DA:63,0
DA:64,0
DA:66,0
DA:68,0
DA:69,0
DA:70,0
DA:71,0
DA:72,0
DA:73,0
DA:75,0
DA:76,0
DA:77,0
DA:78,0
DA:79,0
DA:80,0
DA:82,0
DA:83,0
DA:87,1
DA:90,1
DA:91,1
DA:92,1921
DA:93,1920
DA:95,1
DA:97,1921
DA:98,1920
DA:99,1920
DA:105,1921
DA:106,7327
DA:107,5407
DA:108,5407
DA:109,5407
LF:71
LH:27
end_of_record
SF:/usr/include/bits/stdio2.h
DA:98,0
LF:1
LH:0
end_of_record
TN:
SF:/home/gabriel/Escritorio/SPEC_CPU2000_CD_2/benchspec/CINT2000/300.twolf/src/uglobrout.c
FN:9,uglobrout
FNDA:0,uglobrout
FNF:1
FNH:0
BRDA:31,0,0,-
BRDA:31,0,1,-
BRDA:36,9999,0,-
BRDA:36,9999,1,-
BRDA:37,0,0,-
BRDA:37,0,1,-
BRDA:38,0,0,-
BRDA:38,0,1,-
BRDA:38,1,2,-
BRDA:38,1,3,-
BRDA:43,0,0,-
BRDA:43,0,1,-
BRDA:50,0,0,-
BRDA:50,0,1,-
BRDA:51,0,0,-
BRDA:51,0,1,-
BRDA:57,0,0,-
BRDA:57,0,1,-
BRDA:66,0,0,-
BRDA:66,0,1,-
BRDA:66,1,2,-
BRDA:66,1,3,-
BRDA:66,2,4,-
BRDA:66,2,5,-
BRDA:67,0,0,-
BRDA:67,0,1,-
BRDA:74,1,0,-
BRDA:74,1,1,-
BRDA:77,0,0,-
BRDA:77,0,1,-
BRDA:82,0,0,-
BRDA:82,0,1,-
BRDA:83,0,0,-
BRDA:83,0,1,-
BRDA:90,0,1,-
BRDA:90,0,2,-
BRDA:94,0,0,-
BRDA:94,0,1,-
BRF:38
BRH:0
DA:9,0
DA:21,0
DA:23,0
DA:25,0
DA:27,0
DA:28,0
DA:29,0
DA:31,0
DA:34,0
DA:36,0
DA:37,0
DA:38,0
DA:39,0
DA:43,0
DA:50,0
DA:51,0
DA:52,0
DA:54,0
DA:57,0
DA:58,0
DA:60,0
DA:63,0
DA:64,0
DA:65,0
DA:66,0
DA:67,0
DA:68,0
DA:69,0
DA:72,0
DA:74,0
DA:75,0
DA:76,0
DA:77,0
DA:78,0
DA:79,0
DA:82,0
DA:83,0
DA:86,0
DA:87,0
DA:90,0
DA:91,0
DA:92,0
DA:94,0
DA:97,0
LF:44
LH:0
end_of_record
TN:
SF:/home/gabriel/Escritorio/SPEC_CPU2000_CD_2/benchspec/CINT2000/300.twolf/src/ucxxo2.c
FN:10,ucxxo2
FNDA:0,ucxxo2
FNF:1
FNH:0
BRDA:50,9999,0,-
BRDA:50,9999,1,-
BRDA:51,0,0,-
BRDA:51,0,1,-
BRDA:52,0,0,-
BRDA:52,0,1,-
BRDA:53,0,0,-
BRDA:53,0,1,-
BRDA:54,0,0,-
BRDA:54,0,1,-
BRDA:55,0,0,-
BRDA:55,0,1,-
BRDA:56,0,0,-
BRDA:56,0,1,-
BRDA:57,0,0,-
BRDA:57,0,1,-
BRDA:72,9999,0,-
BRDA:72,9999,1,-
BRDA:73,0,0,-
BRDA:73,0,1,-
BRDA:82,0,0,-
BRDA:82,0,1,-
BRDA:93,0,0,-
BRDA:93,0,1,-
BRDA:105,9999,0,-
BRDA:105,9999,1,-
BRDA:107,0,0,-
BRDA:107,0,1,-
BRDA:113,9999,0,-
BRDA:113,9999,1,-
BRDA:120,0,0,-
BRDA:120,0,1,-
BRDA:121,0,0,-
BRDA:121,0,1,-
BRDA:122,0,0,-
BRDA:122,0,1,-
BRDA:126,0,0,-
BRDA:126,0,1,-
BRDA:154,0,0,-
BRDA:154,0,1,-
BRF:40
BRH:0
DA:10,0
DA:28,0
DA:29,0
DA:30,0
DA:31,0
DA:32,0
DA:33,0
DA:34,0
DA:36,0
DA:37,0
DA:38,0
DA:39,0
DA:40,0
DA:41,0
DA:42,0
DA:44,0
DA:45,0
DA:46,0
DA:48,0
DA:50,0
DA:51,0
DA:52,0
DA:53,0
DA:54,0
DA:55,0
DA:56,0
DA:57,0
DA:59,0
DA:61,0
DA:62,0
DA:63,0
DA:64,0
DA:66,0
DA:67,0
DA:68,0
DA:69,0
DA:71,0
DA:72,0
DA:73,0
DA:74,0
DA:75,0
DA:77,0
DA:78,0
DA:82,0
DA:83,0
DA:84,0
DA:86,0
DA:87,0
DA:90,0
DA:92,0
DA:93,0
DA:94,0
DA:95,0
DA:97,0
DA:98,0
DA:101,0
DA:103,0
DA:105,0
DA:107,0
DA:108,0
DA:111,0
DA:113,0
DA:114,0
DA:115,0
DA:117,0
DA:118,0
DA:120,0
DA:121,0
DA:122,0
DA:123,0
DA:124,0
DA:126,0
DA:127,0
DA:128,0
DA:129,0
DA:130,0
DA:131,0
DA:139,0
DA:140,0
DA:141,0
DA:142,0
DA:143,0
DA:144,0
DA:146,0
DA:147,0
DA:149,0
DA:150,0
DA:151,0
DA:152,0
DA:154,0
DA:155,0
DA:156,0
DA:158,0
DA:160,0
LF:94
LH:0
end_of_record
TN:
SF:/home/gabriel/Escritorio/SPEC_CPU2000_CD_2/benchspec/CINT2000/300.twolf/src/configuref.c
FN:6,configuref
FNDA:117,configuref
FNF:1
FNH:1
BRDA:15,0,0,54
BRDA:15,0,1,63
BRDA:16,2,0,864
BRDA:16,2,1,54
BRDA:24,2,0,1008
BRDA:24,2,1,63
BRDA:30,0,0,63
BRDA:30,0,1,945
BRDA:33,0,0,63
BRDA:33,0,1,945
BRDA:39,2,0,0
BRDA:39,2,1,63
BRDA:41,0,0,-
BRDA:41,0,1,-
BRDA:41,1,2,-
BRDA:41,1,3,-
BRDA:42,0,0,-
BRDA:42,0,1,-
BRDA:44,0,0,-
BRDA:44,0,1,-
BRDA:44,1,2,-
BRDA:44,1,3,-
BRDA:45,0,0,-
BRDA:45,0,1,-
BRF:24
BRH:11
DA:6,117
DA:14,117
DA:15,117
DA:16,918
DA:17,864
DA:22,63
DA:23,63
DA:24,1071
DA:25,1008
DA:26,1008
DA:27,1008
DA:28,1008
DA:29,1008
DA:30,1008
DA:31,63
DA:33,1008
DA:34,63
DA:37,63
DA:39,63
DA:40,0
DA:41,0
DA:42,0
DA:43,0
DA:44,0
DA:45,0
DA:46,0
DA:47,0
DA:48,0
DA:49,0
DA:53,63
DA:55,117
LF:31
LH:21
end_of_record
TN:
SF:/home/gabriel/Escritorio/SPEC_CPU2000_CD_2/benchspec/CINT2000/300.twolf/src/urcost.c
FN:4,urcost
FNDA:197,urcost
FNF:1
FNH:1
BRDA:21,0,0,140
BRDA:21,0,1,57
BRDA:42,0,0,169
BRDA:42,0,1,28
BRDA:45,1,0,170
BRDA:45,1,1,0
BRDA:46,0,0,1
BRDA:46,0,1,169
BRDA:47,0,0,0
BRDA:47,0,1,1
BRDA:48,0,0,-
BRDA:48,0,1,-
BRDA:51,1,0,-
BRDA:51,1,1,-
BRDA:59,0,0,169
BRDA:59,0,1,0
BRDA:61,1,0,18
BRDA:61,1,1,169
BRDA:62,0,0,0
BRDA:62,0,1,18
BRDA:63,0,0,-
BRDA:63,0,1,-
BRDA:69,0,0,169
BRDA:69,0,1,0
BRDA:73,0,0,28
BRDA:73,0,1,0
BRDA:75,1,0,2
BRDA:75,1,1,28
BRDA:83,0,0,92
BRDA:83,0,1,105
BRDA:86,1,0,97
BRDA:86,1,1,0
BRDA:87,0,0,5
BRDA:87,0,1,92
BRDA:88,0,0,0
BRDA:88,0,1,5
BRDA:89,0,0,-
BRDA:89,0,1,-
BRDA:92,1,0,-
BRDA:92,1,1,-
BRDA:100,0,0,92
BRDA:100,0,1,0
BRDA:102,1,0,1
BRDA:102,1,1,92
BRDA:103,0,0,0
BRDA:103,0,1,1
BRDA:104,0,0,-
BRDA:104,0,1,-
BRDA:110,0,0,92
BRDA:110,0,1,0
BRDA:114,0,0,105
BRDA:114,0,1,0
BRDA:116,1,0,26
BRDA:116,1,1,105
BRDA:124,0,0,121
BRDA:124,0,1,76
BRDA:127,1,0,126
BRDA:127,1,1,0
BRDA:128,0,0,5
BRDA:128,0,1,121
BRDA:129,0,0,0
BRDA:129,0,1,5
BRDA:130,0,0,-
BRDA:130,0,1,-
BRDA:133,1,0,-
BRDA:133,1,1,-
BRDA:141,0,0,121
BRDA:141,0,1,0
BRDA:143,1,0,21
BRDA:143,1,1,121
BRDA:144,0,0,0
BRDA:144,0,1,21
BRDA:145,0,0,-
BRDA:145,0,1,-
BRDA:151,0,0,121
BRDA:151,0,1,0
BRDA:156,1,0,6
BRDA:156,1,1,76
BRDA:161,0,0,106
BRDA:161,0,1,91
BRDA:164,1,0,148
BRDA:164,1,1,0
BRDA:165,0,0,42
BRDA:165,0,1,106
BRDA:166,0,0,0
BRDA:166,0,1,42
BRDA:167,0,0,-
BRDA:167,0,1,-
BRDA:170,1,0,-
BRDA:170,1,1,-
BRDA:178,0,0,106
BRDA:178,0,1,0
BRDA:180,1,0,37
BRDA:180,1,1,106
BRDA:181,0,0,0
BRDA:181,0,1,37
BRDA:182,0,0,-
BRDA:182,0,1,-
BRDA:188,0,0,106
BRDA:188,0,1,0
BRDA:193,1,0,30
BRDA:193,1,1,91
BRDA:202,2,0,970
BRDA:202,2,1,44
BRDA:204,0,0,153
BRDA:204,0,1,817
BRDA:209,0,0,44
BRDA:209,0,1,153
BRDA:217,2,0,1083
BRDA:217,2,1,118
BRDA:219,0,0,79
BRDA:219,0,1,1004
BRDA:224,0,0,79
BRDA:224,0,1,118
BRDA:230,0,0,142
BRDA:230,0,1,55
BRDA:231,0,0,34
BRDA:231,0,1,108
BRDA:237,2,0,4042
BRDA:237,2,1,108
BRDA:238,0,0,199
BRDA:238,0,1,3843
BRDA:242,2,0,4740
BRDA:242,2,1,108
BRDA:243,0,0,343
BRDA:243,0,1,4397
BRDA:255,0,0,40
BRDA:255,0,1,157
BRDA:256,0,0,40
BRDA:256,0,1,0
BRDA:259,0,0,40
BRDA:259,0,1,0
BRDA:262,0,0,40
BRDA:262,0,1,0
BRDA:265,0,0,40
BRDA:265,0,1,0
BRDA:268,2,0,1554
BRDA:268,2,1,40
BRDA:270,0,0,1514
BRDA:270,0,1,40
BRDA:277,0,0,1554
BRDA:277,0,1,0
BRDA:288,0,0,12
BRDA:288,0,1,28
BRDA:291,2,0,1787
BRDA:291,2,1,40
BRDA:293,0,0,1787
BRDA:293,0,1,0
BRDA:300,0,0,1785
BRDA:300,0,1,2
BRDA:311,0,0,2
BRDA:311,0,1,38
BRDA:314,0,0,0
BRDA:314,0,1,40
BRF:154
BRH:101
DA:4,197
DA:19,197
DA:20,197
DA:21,197
DA:22,140
DA:23,140
DA:25,57
DA:26,57
DA:28,197
DA:29,197
DA:30,197
DA:31,197
DA:32,197
DA:33,197
DA:35,197
DA:36,197
DA:37,197
DA:38,197
DA:39,197
DA:40,197
DA:41,197
DA:42,197
DA:43,169
DA:44,169
DA:45,170
DA:46,170
DA:47,1
DA:48,0
DA:49,0
DA:50,0
DA:51,0
DA:52,0
DA:56,1
DA:59,169
DA:60,169
DA:61,187
DA:62,18
DA:63,0
DA:64,0
DA:66,18
DA:69,169
DA:70,169
DA:73,28
DA:74,28
DA:75,30
DA:76,2
DA:79,0
DA:83,197
DA:84,92
DA:85,92
DA:86,97
DA:87,97
DA:88,5
DA:89,0
DA:90,0
DA:91,0
DA:92,0
DA:93,0
DA:97,5
DA:100,92
DA:101,92
DA:102,93
DA:103,1
DA:104,0
DA:105,0
DA:107,1
DA:110,92
DA:111,92
DA:114,105
DA:115,105
DA:116,131
DA:117,26
DA:120,0
DA:124,197
DA:125,121
DA:126,121
DA:127,126
DA:128,126
DA:129,5
DA:130,0
DA:131,0
DA:132,0
DA:133,0
DA:134,0
DA:138,5
DA:141,121
DA:142,121
DA:143,142
DA:144,21
DA:145,0
DA:146,0
DA:148,21
DA:151,121
DA:152,121
DA:155,76
DA:156,82
DA:157,6
DA:161,197
DA:162,106
DA:163,106
DA:164,148
DA:165,148
DA:166,42
DA:167,0
DA:168,0
DA:169,0
DA:170,0
DA:171,0
DA:175,42
DA:178,106
DA:179,106
DA:180,143
DA:181,37
DA:182,0
DA:183,0
DA:185,37
DA:188,106
DA:189,106
DA:192,91
DA:193,121
DA:194,30
DA:198,197
DA:199,197
DA:200,197
DA:201,197
DA:202,1014
DA:203,970
DA:204,970
DA:205,153
DA:206,153
DA:209,197
DA:210,44
DA:213,197
DA:214,197
DA:215,197
DA:216,197
DA:217,1201
DA:218,1083
DA:219,1083
DA:220,79
DA:221,79
DA:224,197
DA:225,79
DA:228,197
DA:229,197
DA:230,197
DA:231,142
DA:233,34
DA:235,108
DA:236,108
DA:237,4150
DA:238,4042
DA:239,199
DA:242,4848
DA:243,4740
DA:244,343
DA:247,108
DA:248,108
DA:249,108
DA:252,55
DA:255,197
DA:256,40
DA:257,40
DA:259,40
DA:260,40
DA:262,40
DA:263,40
DA:265,40
DA:266,40
DA:268,1594
DA:269,1554
DA:270,1554
DA:271,1514
DA:273,1554
DA:274,1554
DA:276,1554
DA:277,1554
DA:278,1554
DA:279,1554
DA:280,1554
DA:281,1554
DA:283,0
DA:284,0
DA:285,0
DA:288,40
DA:289,12
DA:291,1827
DA:292,1787
DA:293,1787
DA:294,1787
DA:296,1787
DA:297,1787
DA:299,1787
DA:300,1787
DA:301,1785
DA:302,1785
DA:303,1785
DA:304,1785
DA:306,2
DA:307,2
DA:308,2
DA:311,40
DA:312,2
DA:314,40
DA:315,0
DA:317,40
DA:320,40
DA:321,40
DA:323,197
LF:209
LH:175
end_of_record
TN:
SF:/home/gabriel/Escritorio/SPEC_CPU2000_CD_2/benchspec/CINT2000/300.twolf/src/findcost.c
FN:16,findcost
FNDA:1,findcost
FNF:1
FNH:1
BRDA:38,1,0,16
BRDA:38,1,1,1
BRDA:39,0,0,1
BRDA:39,0,1,15
BRDA:44,0,0,1
BRDA:44,0,1,15
BRDA:57,2,0,1888
BRDA:57,2,1,1
BRDA:62,2,0,1888
BRDA:62,2,1,1
BRDA:70,0,0,1
BRDA:70,0,1,0
BRDA:87,9999,0,1
BRDA:87,9999,1,0
BRDA:91,0,0,0
BRDA:91,0,1,1
BRDA:97,0,0,-
BRDA:97,0,1,-
BRDA:107,1,0,1888
BRDA:107,1,1,1
BRDA:112,0,0,1888
BRDA:112,0,1,0
BRDA:114,0,0,16
BRDA:114,0,1,1872
BRDA:117,1,0,5407
BRDA:117,1,1,1888
BRDA:124,1,0,-
BRDA:124,1,1,-
BRDA:136,2,0,1920
BRDA:136,2,1,1
BRDA:138,0,0,1920
BRDA:138,0,1,0
BRDA:142,1,0,3487
BRDA:142,1,1,1920
BRDA:146,0,0,1904
BRDA:146,0,1,1583
BRDA:148,0,0,641
BRDA:148,0,1,942
BRDA:151,0,0,1834
BRDA:151,0,1,1653
BRDA:153,0,0,1022
BRDA:153,0,1,631
BRDA:171,9999,0,1
BRDA:171,9999,1,0
BRDA:173,2,0,1888
BRDA:173,2,1,1
BRDA:179,1,0,5407
BRDA:179,1,1,1888
BRDA:193,2,0,1920
BRDA:193,2,1,1
BRDA:195,0,0,1920
BRDA:195,0,1,0
BRDA:203,2,0,3487
BRDA:203,2,1,1920
BRDA:206,0,0,1904
BRDA:206,0,1,1583
BRDA:209,0,0,706
BRDA:209,0,1,877
BRDA:211,0,0,540
BRDA:211,0,1,166
BRDA:214,0,0,641
BRDA:214,0,1,236
BRDA:217,0,0,116
BRDA:217,0,1,120
BRDA:220,0,0,1834
BRDA:220,0,1,1653
BRDA:223,0,0,258
BRDA:223,0,1,1395
BRDA:225,0,0,240
BRDA:225,0,1,18
BRDA:228,0,0,1022
BRDA:228,0,1,373
BRDA:231,0,0,18
BRDA:231,0,1,355
BRDA:246,2,0,10
BRDA:246,2,1,1
BRDA:249,2,0,1920
BRDA:249,2,1,1
BRDA:251,0,0,32
BRDA:251,0,1,1888
BRDA:257,1,0,9
BRDA:257,1,1,1
BRDA:272,1,0,16
BRDA:272,1,1,1
BRDA:279,9999,0,16
BRDA:279,9999,1,0
BRDA:280,0,0,16
BRDA:280,0,1,0
BRDA:282,2,0,1872
BRDA:282,2,1,16
BRDA:291,9999,0,16
BRDA:291,9999,1,1856
BRDA:293,0,0,16
BRDA:293,0,1,1840
BRDA:295,0,0,16
BRDA:295,0,1,1824
BRDA:304,2,0,1888
BRDA:304,2,1,1
BRDA:315,0,0,1888
BRDA:315,0,1,0
BRDA:316,0,0,1888
BRDA:316,0,1,0
BRDA:317,0,0,1888
BRDA:317,0,1,0
BRDA:322,0,0,0
BRDA:322,0,1,1888
BRDA:327,0,0,261
BRDA:327,0,1,1627
BRDA:336,0,0,218
BRDA:336,0,1,1409
BRDA:337,2,0,218
BRDA:337,2,1,218
BRDA:344,2,0,16
BRDA:344,2,1,1
BRDA:345,2,0,1872
BRDA:345,2,1,16
BRDA:350,2,0,16
BRDA:350,2,1,1
BRF:118
BRH:101
DA:16,1
DA:30,1
DA:35,1
DA:36,1
DA:37,1
DA:38,17
DA:39,16
DA:41,1
DA:42,1
DA:44,16
DA:45,32
DA:46,1
DA:47,1
DA:49,16
DA:51,1
DA:52,1
DA:54,1
DA:55,1
DA:56,1
DA:57,1889
DA:58,1888
DA:60,1
DA:62,1889
DA:63,3776
DA:64,1888
DA:66,1
DA:67,1
DA:69,1
DA:70,1
DA:71,1
DA:73,1
DA:74,1
DA:75,1
DA:76,1
DA:77,1
DA:80,1
DA:81,3
DA:82,2
DA:85,1
DA:86,1
DA:87,1
DA:91,1
DA:92,0
DA:93,0
DA:95,1
DA:97,0
DA:98,0
DA:100,0
DA:101,0
DA:102,0
DA:103,0
DA:106,1
DA:107,1889
DA:108,1888
DA:109,1888
DA:110,1888
DA:111,1888
DA:112,1888
DA:113,1888
DA:114,1888
DA:115,16
DA:117,7295
DA:118,5407
DA:119,5407
DA:120,5407
DA:121,5407
DA:124,0
DA:125,0
DA:126,0
DA:127,0
DA:128,0
DA:134,1
DA:135,1
DA:136,1921
DA:137,1920
DA:138,1920
DA:139,1920
DA:140,1920
DA:142,5407
DA:143,3487
DA:144,3487
DA:145,3487
DA:146,3487
DA:147,1904
DA:148,1583
DA:149,641
DA:151,3487
DA:152,1834
DA:153,1653
DA:154,1022
DA:157,5760
DA:158,3840
DA:159,3840
DA:160,1920
DA:161,1920
DA:162,1920
DA:164,1
DA:165,1
DA:171,1
DA:173,1889
DA:174,1888
DA:175,1888
DA:176,1888
DA:177,5664
DA:178,3776
DA:179,7295
DA:180,5407
DA:181,5407
DA:182,5407
DA:183,5407
DA:189,1
DA:190,1
DA:191,1
DA:193,1921
DA:194,1920
DA:195,1920
DA:196,1920
DA:197,1920
DA:198,1920
DA:199,1920
DA:200,1920
DA:202,1920
DA:203,5407
DA:204,3487
DA:205,3487
DA:206,3487
DA:207,1904
DA:208,1904
DA:209,1583
DA:210,706
DA:211,706
DA:212,540
DA:214,877
DA:215,641
DA:216,641
DA:217,236
DA:218,116
DA:220,3487
DA:221,1834
DA:222,1834
DA:223,1653
DA:224,258
DA:225,258
DA:226,240
DA:228,1395
DA:229,1022
DA:230,1022
DA:231,373
DA:232,18
DA:234,3487
DA:236,1920
DA:237,5760
DA:238,3840
DA:239,3840
DA:240,1920
DA:241,1920
DA:242,1920
DA:244,1
DA:246,11
DA:247,10
DA:249,1921
DA:250,1920
DA:251,1920
DA:252,32
DA:254,1888
DA:257,10
DA:258,9
DA:261,1
DA:264,1
DA:265,1
DA:266,1
DA:269,1
DA:272,17
DA:274,16
DA:276,16
DA:277,32
DA:278,16
DA:279,16
DA:280,16
DA:282,1888
DA:283,1872
DA:285,1872
DA:287,1872
DA:288,1872
DA:289,1872
DA:290,1872
DA:291,1872
DA:292,16
DA:293,1856
DA:294,16
DA:295,1840
DA:296,16
DA:298,1824
DA:304,1889
DA:306,1888
DA:307,1888
DA:308,1888
DA:310,1888
DA:311,1888
DA:313,1888
DA:315,1888
DA:316,1888
DA:317,1888
DA:321,1888
DA:322,1888
DA:323,0
DA:324,0
DA:326,1888
DA:327,1888
DA:328,261
DA:330,1627
DA:331,1627
DA:333,1627
DA:334,1627
DA:336,1627
DA:337,436
DA:338,218
DA:344,17
DA:345,1888
DA:346,1872
DA:350,17
DA:351,16
DA:353,2
DA:354,1
DA:355,1
LF:225
LH:210
end_of_record
SF:/usr/include/bits/stdio2.h
DA:34,1
DA:98,13
LF:2
LH:2
end_of_record
TN:
SF:/home/gabriel/Escritorio/SPEC_CPU2000_CD_2/benchspec/CINT2000/300.twolf/src/outcm.c
FN:3,outcm
FNDA:0,outcm
FNF:1
FNH:0
BRDA:17,1,0,-
BRDA:17,1,1,-
BRDA:19,2,0,-
BRDA:19,2,1,-
BRDA:20,0,0,-
BRDA:20,0,1,-
BRDA:24,0,0,-
BRDA:24,0,1,-
BRDA:30,1,0,-
BRDA:30,1,1,-
BRDA:32,2,0,-
BRDA:32,2,1,-
BRDA:33,0,0,-
BRDA:33,0,1,-
BRDA:37,0,0,-
BRDA:37,0,1,-
BRDA:40,2,0,-
BRDA:40,2,1,-
BRDA:41,0,0,-
BRDA:41,0,1,-
BRF:20
BRH:0
DA:3,0
DA:13,0
DA:14,0
DA:16,0
DA:17,0
DA:18,0
DA:19,0
DA:20,0
DA:21,0
DA:24,0
DA:25,0
DA:28,0
DA:30,0
DA:31,0
DA:32,0
DA:33,0
DA:34,0
DA:37,0
DA:38,0
DA:40,0
DA:41,0
DA:42,0
DA:44,0
DA:45,0
DA:46,0
DA:47,0
DA:48,0
DA:49,0
DA:51,0
DA:55,0
LF:30
LH:0
end_of_record
SF:/usr/include/bits/stdio2.h
DA:34,0
DA:98,0
LF:2
LH:0
end_of_record
TN:
SF:/home/gabriel/Escritorio/SPEC_CPU2000_CD_2/benchspec/CINT2000/300.twolf/src/readcell.c
FN:16,readcell
FNDA:1,readcell
FNF:1
FNH:1
BRDA:40,0,0,1888
BRDA:40,0,1,1
BRDA:62,1,1,21726
BRDA:62,1,2,1
BRDA:64,0,0,0
BRDA:64,0,1,21726
BRDA:64,1,2,-
BRDA:64,1,3,-
BRDA:64,2,4,-
BRDA:64,2,5,-
BRDA:64,3,6,-
BRDA:64,3,7,-
BRDA:64,7,8,1888
BRDA:64,7,9,19838
BRDA:75,0,0,0
BRDA:75,0,1,19838
BRDA:75,1,2,-
BRDA:75,1,3,-
BRDA:75,2,4,-
BRDA:75,2,5,-
BRDA:75,3,6,-
BRDA:75,3,7,-
BRDA:75,7,8,0
BRDA:75,7,9,19838
BRDA:78,0,0,0
BRDA:78,0,1,19838
BRDA:78,1,2,-
BRDA:78,1,3,-
BRDA:78,2,4,-
BRDA:78,2,5,-
BRDA:78,3,6,-
BRDA:78,3,7,-
BRDA:78,7,8,0
BRDA:78,7,9,19838
BRDA:80,9999,0,-
BRDA:80,9999,1,-
BRDA:80,0,2,-
BRDA:80,0,3,-
BRDA:80,1,4,-
BRDA:80,1,5,-
BRDA:80,2,6,-
BRDA:80,2,7,-
BRDA:80,6,8,-
BRDA:80,6,9,-
BRDA:83,0,0,-
BRDA:83,0,1,-
BRDA:83,1,2,-
BRDA:83,1,3,-
BRDA:83,2,4,-
BRDA:83,2,5,-
BRDA:83,3,6,-
BRDA:83,3,7,-
BRDA:83,7,8,-
BRDA:83,7,9,-
BRDA:89,9999,0,-
BRDA:89,9999,1,-
BRDA:89,0,2,-
BRDA:89,0,3,-
BRDA:89,1,4,-
BRDA:89,1,5,-
BRDA:89,2,6,-
BRDA:89,2,7,-
BRDA:89,6,8,-
BRDA:89,6,9,-
BRDA:92,0,0,-
BRDA:92,0,1,-
BRDA:92,1,2,-
BRDA:92,1,3,-
BRDA:92,2,4,-
BRDA:92,2,5,-
BRDA:92,3,6,-
BRDA:92,3,7,-
BRDA:92,7,8,-
BRDA:92,7,9,-
BRDA:101,0,0,0
BRDA:101,0,1,19838
BRDA:101,1,2,-
BRDA:101,1,3,-
BRDA:101,2,4,-
BRDA:101,2,5,-
BRDA:101,3,6,-
BRDA:101,3,7,-
BRDA:101,7,8,1888
BRDA:101,7,9,17950
BRDA:109,0,0,0
BRDA:109,0,1,17950
BRDA:109,1,2,-
BRDA:109,1,3,-
BRDA:109,2,4,-
BRDA:109,2,5,-
BRDA:109,3,6,-
BRDA:109,3,7,-
BRDA:109,7,8,1888
BRDA:109,7,9,16062
BRDA:114,0,0,0
BRDA:114,0,1,16062
BRDA:114,1,2,-
BRDA:114,1,3,-
BRDA:114,2,4,-
BRDA:114,2,5,-
BRDA:114,3,6,-
BRDA:114,3,7,-
BRDA:114,7,8,1888
BRDA:114,7,9,14174
BRDA:119,0,0,14174
BRDA:119,0,1,0
BRDA:119,1,2,1888
BRDA:119,1,3,12286
BRDA:119,2,4,1888
BRDA:119,2,5,0
BRDA:119,3,6,1888
BRDA:119,3,7,0
BRDA:119,7,8,1888
BRDA:119,7,9,12286
BRDA:126,0,0,12286
BRDA:126,0,1,0
BRDA:126,1,2,6143
BRDA:126,1,3,6143
BRDA:126,2,4,6143
BRDA:126,2,5,0
BRDA:126,3,6,6143
BRDA:126,3,7,0
BRDA:126,7,8,6143
BRDA:126,7,9,6143
BRDA:133,9999,0,0
BRDA:133,9999,1,6143
BRDA:133,0,2,-
BRDA:133,0,3,-
BRDA:133,1,4,-
BRDA:133,1,5,-
BRDA:133,2,6,-
BRDA:133,2,7,-
BRDA:133,6,8,5407
BRDA:133,6,9,736
BRDA:135,9999,0,1920
BRDA:135,9999,1,3487
BRDA:144,0,0,1888
BRDA:144,0,1,3519
BRDA:168,9999,0,0
BRDA:168,9999,1,5407
BRDA:179,0,0,0
BRDA:179,0,1,736
BRDA:186,0,0,0
BRDA:186,0,1,6143
BRDA:186,1,2,-
BRDA:186,1,3,-
BRDA:186,2,4,-
BRDA:186,2,5,-
BRDA:186,3,6,-
BRDA:186,3,7,-
BRDA:186,7,8,6143
BRDA:186,7,9,0
BRDA:190,9999,0,0
BRDA:190,9999,1,6143
BRDA:195,9999,0,0
BRDA:195,9999,1,6143
BRDA:195,0,2,-
BRDA:195,0,3,-
BRDA:195,1,4,-
BRDA:195,1,5,-
BRDA:195,2,6,-
BRDA:195,2,7,-
BRDA:195,6,8,5407
BRDA:195,6,9,736
BRDA:200,0,0,5407
BRDA:200,0,1,0
BRDA:207,0,0,-
BRDA:207,0,1,-
BRDA:207,1,2,-
BRDA:207,1,3,-
BRDA:207,2,4,-
BRDA:207,2,5,-
BRDA:207,3,6,-
BRDA:207,3,7,-
BRDA:207,7,8,-
BRDA:207,7,9,-
BRDA:211,9999,0,-
BRDA:211,9999,1,-
BRDA:222,0,0,-
BRDA:222,0,1,-
BRDA:222,1,2,-
BRDA:222,1,3,-
BRDA:222,2,4,-
BRDA:222,2,5,-
BRDA:222,3,6,-
BRDA:222,3,7,-
BRDA:222,7,8,-
BRDA:222,7,9,-
BRDA:234,0,0,-
BRDA:234,0,1,-
BRDA:234,1,2,-
BRDA:234,1,3,-
BRDA:234,2,4,-
BRDA:234,2,5,-
BRDA:234,3,6,-
BRDA:234,3,7,-
BRDA:234,7,8,-
BRDA:234,7,9,-
BRDA:239,0,0,-
BRDA:239,0,1,-
BRDA:239,1,2,-
BRDA:239,1,3,-
BRDA:239,2,4,-
BRDA:239,2,5,-
BRDA:239,3,6,-
BRDA:239,3,7,-
BRDA:239,7,8,-
BRDA:239,7,9,-
BRDA:242,9999,0,-
BRDA:242,9999,1,-
BRDA:242,0,2,-
BRDA:242,0,3,-
BRDA:242,1,4,-
BRDA:242,1,5,-
BRDA:242,2,6,-
BRDA:242,2,7,-
BRDA:242,6,8,-
BRDA:242,6,9,-
BRDA:244,0,0,-
BRDA:244,0,1,-
BRDA:244,1,2,-
BRDA:244,1,3,-
BRDA:244,2,4,-
BRDA:244,2,5,-
BRDA:244,3,6,-
BRDA:244,3,7,-
BRDA:244,7,8,-
BRDA:244,7,9,-
BRDA:246,0,0,-
BRDA:246,0,1,-
BRDA:246,1,2,-
BRDA:246,1,3,-
BRDA:246,2,4,-
BRDA:246,2,5,-
BRDA:246,3,6,-
BRDA:246,3,7,-
BRDA:246,7,8,-
BRDA:246,7,9,-
BRDA:248,0,0,-
BRDA:248,0,1,-
BRDA:248,1,2,-
BRDA:248,1,3,-
BRDA:248,2,4,-
BRDA:248,2,5,-
BRDA:248,3,6,-
BRDA:248,3,7,-
BRDA:248,7,8,-
BRDA:248,7,9,-
BRDA:250,0,0,-
BRDA:250,0,1,-
BRDA:250,1,2,-
BRDA:250,1,3,-
BRDA:250,2,4,-
BRDA:250,2,5,-
BRDA:250,3,6,-
BRDA:250,3,7,-
BRDA:250,7,8,-
BRDA:250,7,9,-
BRDA:252,0,0,-
BRDA:252,0,1,-
BRDA:252,1,2,-
BRDA:252,1,3,-
BRDA:252,2,4,-
BRDA:252,2,5,-
BRDA:252,3,6,-
BRDA:252,3,7,-
BRDA:252,7,8,-
BRDA:252,7,9,-
BRDA:254,0,0,-
BRDA:254,0,1,-
BRDA:254,1,2,-
BRDA:254,1,3,-
BRDA:254,2,4,-
BRDA:254,2,5,-
BRDA:254,3,6,-
BRDA:254,3,7,-
BRDA:254,7,8,-
BRDA:254,7,9,-
BRDA:256,0,0,-
BRDA:256,0,1,-
BRDA:256,1,2,-
BRDA:256,1,3,-
BRDA:256,2,4,-
BRDA:256,2,5,-
BRDA:256,3,6,-
BRDA:256,3,7,-
BRDA:256,7,8,-
BRDA:256,7,9,-
BRDA:258,0,0,-
BRDA:258,0,1,-
BRDA:258,1,2,-
BRDA:258,1,3,-
BRDA:258,2,4,-
BRDA:258,2,5,-
BRDA:258,3,6,-
BRDA:258,3,7,-
BRDA:258,7,8,-
BRDA:258,7,9,-
BRDA:260,0,0,-
BRDA:260,0,1,-
BRDA:260,1,2,-
BRDA:260,1,3,-
BRDA:260,2,4,-
BRDA:260,2,5,-
BRDA:260,3,6,-
BRDA:260,3,7,-
BRDA:260,7,8,-
BRDA:260,7,9,-
BRDA:262,0,0,-
BRDA:262,0,1,-
BRDA:262,1,2,-
BRDA:262,1,3,-
BRDA:262,2,4,-
BRDA:262,2,5,-
BRDA:262,3,6,-
BRDA:262,3,7,-
BRDA:262,7,8,-
BRDA:262,7,9,-
BRDA:266,0,0,-
BRDA:266,0,1,-
BRDA:266,1,2,-
BRDA:266,1,3,-
BRDA:266,2,4,-
BRDA:266,2,5,-
BRDA:266,3,6,-
BRDA:266,3,7,-
BRDA:266,7,8,-
BRDA:266,7,9,-
BRDA:270,0,0,-
BRDA:270,0,1,-
BRDA:270,1,2,-
BRDA:270,1,3,-
BRDA:270,2,4,-
BRDA:270,2,5,-
BRDA:270,3,6,-
BRDA:270,3,7,-
BRDA:270,7,8,-
BRDA:270,7,9,-
BRDA:274,0,0,-
BRDA:274,0,1,-
BRDA:274,1,2,-
BRDA:274,1,3,-
BRDA:274,2,4,-
BRDA:274,2,5,-
BRDA:274,3,6,-
BRDA:274,3,7,-
BRDA:274,7,8,-
BRDA:274,7,9,-
BRDA:276,0,0,-
BRDA:276,0,1,-
BRDA:276,1,2,-
BRDA:276,1,3,-
BRDA:276,2,4,-
BRDA:276,2,5,-
BRDA:276,3,6,-
BRDA:276,3,7,-
BRDA:276,7,8,-
BRDA:276,7,9,-
BRDA:283,0,0,-
BRDA:283,0,1,-
BRDA:283,1,2,-
BRDA:283,1,3,-
BRDA:283,2,4,-
BRDA:283,2,5,-
BRDA:283,3,6,-
BRDA:283,3,7,-
BRDA:283,7,8,-
BRDA:283,7,9,-
BRDA:285,9999,0,-
BRDA:285,9999,1,-
BRDA:288,0,0,-
BRDA:288,0,1,-
BRDA:291,0,0,-
BRDA:291,0,1,-
BRDA:294,0,0,-
BRDA:294,0,1,-
BRDA:308,2,0,1
BRDA:308,2,1,0
BRDA:309,0,0,1
BRDA:309,0,1,0
BRDA:310,0,0,1
BRDA:310,0,1,0
BRDA:312,0,0,-
BRDA:312,0,1,-
BRDA:320,2,0,1888
BRDA:320,2,1,1
BRDA:325,1,0,5407
BRDA:325,1,1,1888
BRDA:327,0,0,0
BRDA:327,0,1,5407
BRDA:332,0,0,0
BRDA:332,0,1,5407
BRDA:341,2,0,0
BRDA:341,2,1,1
BRDA:349,9999,0,-
BRDA:349,9999,1,-
BRDA:349,0,2,-
BRDA:349,0,3,-
BRDA:349,1,4,-
BRDA:349,1,5,-
BRDA:350,0,0,-
BRDA:350,0,1,-
BRDA:354,0,0,-
BRDA:354,0,1,-
BRDA:354,1,2,-
BRDA:354,1,3,-
BRDA:354,2,4,-
BRDA:354,2,5,-
BRDA:355,0,0,-
BRDA:355,0,1,-
BRDA:360,1,0,-
BRDA:360,1,1,-
BRDA:365,9999,0,-
BRDA:365,9999,1,-
BRDA:365,0,2,-
BRDA:365,0,3,-
BRDA:365,1,4,-
BRDA:365,1,5,-
BRDA:366,0,0,-
BRDA:366,0,1,-
BRDA:369,0,0,-
BRDA:369,0,1,-
BRDA:369,1,2,-
BRDA:369,1,3,-
BRDA:369,2,4,-
BRDA:369,2,5,-
BRDA:370,0,0,-
BRDA:370,0,1,-
BRDA:385,1,0,16
BRDA:385,1,1,1
BRF:430
BRH:62
DA:16,1
DA:34,1
DA:37,1
DA:38,1
DA:40,1889
DA:42,1888
DA:44,1888
DA:45,1888
DA:46,1888
DA:47,1888
DA:48,1888
DA:49,1888
DA:50,1888
DA:51,1888
DA:52,1888
DA:53,1888
DA:54,1888
DA:57,1
DA:58,1
DA:59,1
DA:60,1
DA:62,21727
DA:64,21726
DA:66,1888
DA:67,1888
DA:68,1888
DA:69,1888
DA:70,1888
DA:71,1888
DA:73,1888
DA:75,19838
DA:76,0
DA:78,19838
DA:79,0
DA:80,0
DA:81,0
DA:82,0
DA:83,0
DA:84,0
DA:86,0
DA:87,0
DA:88,0
DA:89,0
DA:90,0
DA:91,0
DA:92,0
DA:93,0
DA:94,0
DA:96,0
DA:97,0
DA:98,0
DA:99,0
DA:101,19838
DA:103,1888
DA:104,1888
DA:106,1888
DA:107,1888
DA:109,17950
DA:111,1888
DA:112,1888
DA:114,16062
DA:116,1888
DA:117,1888
DA:119,14174
DA:121,1888
DA:122,1888
DA:123,1888
DA:124,1888
DA:126,12286
DA:128,6143
DA:129,6143
DA:130,6143
DA:131,6143
DA:132,6143
DA:133,6143
DA:134,5407
DA:135,5407
DA:136,1920
DA:137,1920
DA:138,1920
DA:140,5407
DA:142,5407
DA:144,5407
DA:145,1888
DA:146,1888
DA:148,3519
DA:151,5407
DA:152,5407
DA:153,5407
DA:155,5407
DA:156,10814
DA:157,5407
DA:158,5407
DA:159,5407
DA:160,5407
DA:161,5407
DA:162,5407
DA:163,5407
DA:164,5407
DA:165,5407
DA:166,5407
DA:168,5407
DA:169,0
DA:170,0
DA:172,5407
DA:173,5407
DA:174,5407
DA:175,5407
DA:176,5407
DA:178,736
DA:179,736
DA:180,0
DA:181,0
DA:183,736
DA:186,6143
DA:188,6143
DA:189,6143
DA:190,6143
DA:191,0
DA:192,0
DA:194,6143
DA:195,6143
DA:196,5407
DA:197,5407
DA:198,5407
DA:199,5407
DA:200,5407
DA:201,5407
DA:203,0
DA:207,0
DA:209,0
DA:210,0
DA:211,0
DA:212,0
DA:213,0
DA:215,0
DA:216,0
DA:217,0
DA:218,0
DA:219,0
DA:220,0
DA:222,0
DA:224,0
DA:225,0
DA:226,0
DA:227,0
DA:228,0
DA:230,0
DA:231,0
DA:232,0
DA:234,0
DA:236,0
DA:237,0
DA:239,0
DA:241,0
DA:242,0
DA:243,0
DA:244,0
[...]
BRDA:116,0,0,-
BRDA:116,0,1,-
BRDA:129,0,0,-
BRDA:129,0,1,-
BRDA:140,0,0,10448
BRDA:140,0,1,11180
BRDA:143,0,0,10716
BRDA:143,0,1,10912
BRDA:146,0,0,10352
BRDA:146,0,1,11276
BRDA:152,2,0,32926
BRDA:152,2,1,0
BRDA:153,0,0,29086
BRDA:153,0,1,3840
BRDA:157,1,0,33198
BRDA:157,1,1,0
BRDA:158,0,0,29358
BRDA:158,0,1,3840
BRDA:166,2,0,21628
BRDA:166,2,1,3840
BRDA:167,0,0,10814
BRDA:167,0,1,10814
BRDA:167,1,2,0
BRDA:167,1,3,10814
BRDA:167,2,4,10814
BRDA:167,2,5,0
BRDA:168,0,0,10814
BRDA:168,0,1,0
BRDA:171,0,0,-
BRDA:171,0,1,-
BRDA:172,0,0,-
BRDA:172,0,1,-
BRDA:173,0,0,-
BRDA:173,0,1,-
BRDA:174,0,0,-
BRDA:174,0,1,-
BRDA:175,0,0,-
BRDA:175,0,1,-
BRDA:176,0,0,-
BRDA:176,0,1,-
BRDA:177,0,0,-
BRDA:177,0,1,-
BRDA:181,0,0,-
BRDA:181,0,1,-
BRDA:182,0,0,-
BRDA:182,0,1,-
BRDA:190,0,0,-
BRDA:190,0,1,-
BRDA:192,0,0,-
BRDA:192,0,1,-
BRDA:198,0,0,-
BRDA:198,0,1,-
BRDA:201,0,0,-
BRDA:201,0,1,-
BRDA:204,0,0,-
BRDA:204,0,1,-
BRDA:208,0,0,-
BRDA:208,0,1,-
BRDA:211,0,0,-
BRDA:211,0,1,-
BRDA:214,0,0,-
BRDA:214,0,1,-
BRDA:218,0,0,-
BRDA:218,0,1,-
BRDA:221,0,0,-
BRDA:221,0,1,-
BRDA:223,0,0,-
BRDA:223,0,1,-
BRDA:224,2,0,-
BRDA:224,2,1,-
BRDA:225,0,0,-
BRDA:225,0,1,-
BRDA:228,0,0,-
BRDA:228,0,1,-
BRDA:229,0,0,-
BRDA:229,0,1,-
BRDA:233,0,0,-
BRDA:233,0,1,-
BRDA:235,0,0,-
BRDA:235,0,1,-
BRDA:242,0,0,-
BRDA:242,0,1,-
BRDA:252,0,0,-
BRDA:252,0,1,-
BRDA:254,0,0,-
BRDA:254,0,1,-
BRDA:256,2,0,-
BRDA:256,2,1,-
BRDA:257,0,0,-
BRDA:257,0,1,-
BRDA:260,0,0,-
BRDA:260,0,1,-
BRDA:261,0,0,-
BRDA:261,0,1,-
BRDA:265,0,0,-
BRDA:265,0,1,-
BRDA:267,0,0,-
BRDA:267,0,1,-
BRDA:274,0,0,-
BRDA:274,0,1,-
BRDA:282,0,0,-
BRDA:282,0,1,-
BRDA:288,0,0,-
BRDA:288,0,1,-
BRDA:296,0,0,-
BRDA:296,0,1,-
BRDA:308,0,0,-
BRDA:308,0,1,-
BRDA:318,0,0,-
BRDA:318,0,1,-
BRDA:321,0,0,-
BRDA:321,0,1,-
BRDA:324,0,0,-
BRDA:324,0,1,-
BRDA:327,0,0,-
BRDA:327,0,1,-
BRDA:330,0,0,-
BRDA:330,0,1,-
BRDA:333,0,0,-
BRDA:333,0,1,-
BRDA:339,0,0,3776
BRDA:339,0,1,64
BRDA:342,2,0,6836
BRDA:342,2,1,3776
BRDA:343,0,0,324
BRDA:343,0,1,6512
BRDA:356,0,0,0
BRDA:356,0,1,6512
BRDA:357,0,0,-
BRDA:357,0,1,-
BRDA:364,0,0,3776
BRDA:364,0,1,2736
BRDA:365,0,0,0
BRDA:365,0,1,3776
BRDA:367,0,0,-
BRDA:367,0,1,-
BRDA:368,0,0,-
BRDA:368,0,1,-
BRDA:369,0,1,-
BRDA:369,0,2,-
BRDA:375,0,0,-
BRDA:375,0,1,-
BRDA:382,0,1,-
BRDA:382,0,2,-
BRDA:388,9999,0,-
BRDA:388,9999,1,-
BRDA:399,0,0,2736
BRDA:399,0,1,3776
BRDA:400,0,0,0
BRDA:400,0,1,2736
BRDA:401,0,0,-
BRDA:401,0,1,-
BRDA:402,0,0,-
BRDA:402,0,1,-
BRDA:403,0,1,-
BRDA:403,0,2,-
BRDA:409,0,0,-
BRDA:409,0,1,-
BRDA:416,0,1,-
BRDA:416,0,2,-
BRDA:422,9999,0,-
BRDA:422,9999,1,-
BRDA:433,0,0,3776
BRDA:433,0,1,2736
BRDA:434,0,0,0
BRDA:434,0,1,3776
BRDA:436,0,0,-
BRDA:436,0,1,-
BRDA:437,0,0,-
BRDA:437,0,1,-
BRDA:438,0,1,-
BRDA:438,0,2,-
BRDA:444,0,0,-
BRDA:444,0,1,-
BRDA:451,0,1,-
BRDA:451,0,2,-
BRDA:457,9999,0,-
BRDA:457,9999,1,-
BRDA:468,0,0,314
BRDA:468,0,1,6198
BRDA:469,2,0,324
BRDA:469,2,1,314
BRDA:470,0,0,0
BRDA:470,0,1,324
BRDA:471,0,0,-
BRDA:471,0,1,-
BRDA:472,0,1,-
BRDA:472,0,2,-
BRDA:478,0,0,-
BRDA:478,0,1,-
BRDA:484,0,1,-
BRDA:484,0,2,-
BRDA:490,9999,0,-
BRDA:490,9999,1,-
BRDA:503,0,0,64
BRDA:503,0,1,0
BRDA:504,0,0,0
BRDA:504,0,1,64
BRDA:505,0,0,-
BRDA:505,0,1,-
BRDA:510,0,0,-
BRDA:510,0,1,-
BRDA:511,0,0,-
BRDA:511,0,1,-
BRDA:518,0,0,-
BRDA:518,0,1,-
BRDA:519,0,1,-
BRDA:519,0,2,-
BRDA:525,0,0,-
BRDA:525,0,1,-
BRDA:533,0,1,-
BRDA:533,0,2,-
BRDA:538,9999,0,-
BRDA:538,9999,1,-
BRDA:551,0,0,1
BRDA:551,0,1,1
BRDA:554,2,0,16
BRDA:554,2,1,1
BRDA:558,2,0,16
BRDA:558,2,1,1
BRDA:559,0,0,6
BRDA:559,0,1,10
BRDA:564,2,0,16
BRDA:564,2,1,1
BRDA:571,9999,0,0
BRDA:571,9999,1,1
BRDA:596,0,0,-
BRDA:596,0,1,-
BRDA:602,0,0,-
BRDA:602,0,1,-
BRDA:631,1,0,1888
BRDA:631,1,1,1
BRDA:634,1,0,836
BRDA:634,1,1,1
BRDA:638,9999,0,0
BRDA:638,9999,1,836
BRDA:661,1,0,0
BRDA:661,1,1,1
BRDA:687,9999,0,-
BRDA:687,9999,1,-
BRDA:692,9999,0,-
BRDA:692,9999,1,-
BRDA:710,0,0,-
BRDA:710,0,1,-
BRDA:720,0,0,-
BRDA:720,0,1,-
BRDA:730,0,0,-
BRDA:730,0,1,-
BRDA:735,1,0,-
BRDA:735,1,1,-
BRDA:777,2,0,-
BRDA:777,2,1,-
BRDA:778,0,0,-
BRDA:778,0,1,-
BRDA:783,2,0,-
BRDA:783,2,1,-
BRDA:784,0,0,-
BRDA:784,0,1,-
BRDA:789,0,0,-
BRDA:789,0,1,-
BRDA:794,0,0,-
BRDA:794,0,1,-
BRDA:801,0,0,-
BRDA:801,0,1,-
BRDA:803,0,0,-
BRDA:803,0,1,-
BRDA:807,0,0,-
BRDA:807,0,1,-
BRDA:808,0,0,-
BRDA:808,0,1,-
BRDA:814,0,0,-
BRDA:814,0,1,-
BRDA:832,0,0,1
BRDA:832,0,1,0
BRDA:833,2,0,1888
BRDA:833,2,1,1
BRDA:834,0,0,1888
BRDA:834,0,1,0
BRDA:837,2,0,10814
BRDA:837,2,1,1888
BRDA:840,0,0,10814
BRDA:840,0,1,0
BRDA:841,0,0,5407
BRDA:841,0,1,5407
BRDA:850,0,0,-
BRDA:850,0,1,-
BRDA:852,2,0,-
BRDA:852,2,1,-
BRDA:861,2,0,-
BRDA:861,2,1,-
BRDA:863,2,0,-
BRDA:863,2,1,-
BRDA:894,2,0,37732
BRDA:894,2,1,0
BRDA:895,0,0,10352
BRDA:895,0,1,27380
BRDA:895,1,2,0
BRDA:895,1,3,10352
BRDA:898,0,0,5176
BRDA:898,0,1,5176
BRDA:898,1,2,5176
BRDA:898,1,3,0
BRDA:898,2,4,5176
BRDA:898,2,5,5176
BRDA:899,0,0,0
BRDA:899,0,1,5176
BRDA:901,0,0,-
BRDA:901,0,1,-
BRDA:902,0,0,-
BRDA:902,0,1,-
BRDA:903,0,0,-
BRDA:903,0,1,-
BRDA:904,0,0,-
BRDA:904,0,1,-
BRDA:905,0,0,-
BRDA:905,0,1,-
BRDA:906,0,0,-
BRDA:906,0,1,-
BRDA:907,0,0,-
BRDA:907,0,1,-
BRDA:914,0,0,0
BRDA:914,0,1,10352
BRDA:917,0,0,1848
BRDA:917,0,1,8504
BRDA:923,2,0,10352
BRDA:923,2,1,0
BRDA:924,0,0,10352
BRDA:924,0,1,0
BRDA:924,1,2,0
BRDA:924,1,3,10352
BRDA:927,0,0,5176
BRDA:927,0,1,5176
BRDA:927,1,2,5176
BRDA:927,1,3,0
BRDA:927,2,4,5176
BRDA:927,2,5,5176
BRDA:928,0,0,0
BRDA:928,0,1,5176
BRDA:930,0,0,-
BRDA:930,0,1,-
BRDA:931,0,0,-
BRDA:931,0,1,-
BRDA:932,0,0,-
BRDA:932,0,1,-
BRDA:933,0,0,-
BRDA:933,0,1,-
BRDA:934,0,0,-
BRDA:934,0,1,-
BRDA:935,0,0,-
BRDA:935,0,1,-
BRDA:936,0,0,-
BRDA:936,0,1,-
BRDA:941,0,0,0
BRDA:941,0,1,10352
BRDA:944,0,0,10352
BRDA:944,0,1,0
BRDA:945,0,0,10352
BRDA:945,0,1,0
BRDA:949,0,0,-
BRDA:949,0,1,-
BRDA:957,0,0,-
BRDA:957,0,1,-
BRDA:959,0,0,-
BRDA:959,0,1,-
BRDA:961,0,0,-
BRDA:961,0,1,-
BRF:420
BRH:113
DA:38,2
DA:49,2
DA:51,2
DA:52,1
DA:53,1
DA:54,1
DA:56,17
DA:57,16
DA:60,1
DA:61,1
DA:64,2
DA:66,3844
DA:67,3842
DA:70,3842
DA:71,3840
DA:72,0
DA:74,3840
DA:75,72960
DA:76,69120
DA:77,69120
DA:78,69120
DA:80,25468
DA:81,21628
DA:82,10814
DA:83,0
DA:84,0
DA:85,0
DA:86,0
DA:87,0
DA:88,0
DA:89,0
DA:90,0
DA:91,0
DA:92,0
DA:93,0
DA:95,0
DA:96,0
DA:97,0
DA:98,0
DA:99,0
DA:101,0
DA:102,0
DA:103,0
DA:105,0
DA:107,0
DA:108,0
DA:109,0
DA:111,0
DA:112,0
DA:114,0
DA:116,0
DA:119,0
DA:121,0
DA:122,0
DA:123,0
DA:125,0
DA:126,0
DA:129,0
DA:139,21628
DA:140,21628
DA:141,10448
DA:143,21628
DA:144,10716
DA:146,21628
DA:147,10352
DA:150,3840
DA:151,3840
DA:152,32926
DA:153,32926
DA:157,33198
DA:158,33198
DA:163,3840
DA:164,3840
DA:165,3840
DA:166,25468
DA:167,21628
DA:168,10814
DA:169,21628
DA:171,0
DA:172,0
DA:173,0
DA:174,0
DA:175,0
DA:176,0
DA:177,0
DA:178,0
DA:179,0
DA:181,0
DA:182,0
DA:183,0
DA:185,0
DA:188,0
DA:190,0
DA:192,0
DA:197,0
DA:198,0
DA:199,0
DA:201,0
DA:202,0
DA:204,0
DA:205,0
DA:207,0
DA:208,0
DA:209,0
DA:211,0
DA:212,0
DA:214,0
DA:215,0
DA:218,0
DA:219,0
DA:220,0
DA:221,0
DA:222,0
DA:223,0
DA:224,0
DA:225,0
DA:226,0
DA:228,0
DA:229,0
DA:230,0
DA:231,0
DA:232,0
DA:233,0
DA:234,0
DA:235,0
DA:236,0
DA:238,0
DA:239,0
DA:242,0
DA:243,0
DA:244,0
DA:245,0
DA:250,0
DA:251,0
DA:252,0
DA:253,0
DA:254,0
DA:255,0
DA:256,0
DA:257,0
DA:258,0
DA:260,0
DA:261,0
DA:262,0
DA:263,0
DA:264,0
DA:265,0
DA:266,0
DA:267,0
DA:268,0
DA:270,0
DA:271,0
DA:274,0
DA:275,0
DA:276,0
DA:277,0
DA:282,0
DA:283,0
DA:284,0
DA:285,0
DA:286,0
DA:288,0
DA:289,0
DA:290,0
DA:291,0
DA:292,0
DA:294,0
DA:296,0
DA:299,0
DA:301,0
DA:302,0
DA:303,0
DA:304,0
DA:305,0
DA:308,0
DA:317,0
DA:318,0
DA:319,0
DA:321,0
DA:322,0
DA:324,0
DA:325,0
DA:327,0
DA:328,0
DA:330,0
DA:331,0
DA:333,0
DA:334,0
DA:339,3840
DA:340,3776
DA:341,3776
DA:342,10612
DA:343,6836
DA:344,324
DA:346,13024
DA:347,6512
DA:348,6512
DA:350,13024
DA:351,6512
DA:352,6512
DA:355,6512
DA:356,6512
DA:357,0
DA:358,0
DA:360,0
DA:364,6512
DA:365,3776
DA:367,0
DA:368,0
DA:369,0
DA:370,0
DA:372,0
DA:373,0
DA:375,0
DA:376,0
DA:377,0
DA:382,0
DA:383,0
DA:385,0
DA:388,0
DA:389,0
DA:390,0
DA:399,6512
DA:400,2736
DA:401,0
DA:402,0
DA:403,0
DA:404,0
DA:406,0
DA:407,0
DA:409,0
DA:410,0
DA:411,0
DA:416,0
DA:417,0
DA:419,0
DA:422,0
DA:423,0
DA:424,0
DA:433,6512
DA:434,3776
DA:436,0
DA:437,0
DA:438,0
DA:439,0
DA:441,0
DA:442,0
DA:444,0
DA:445,0
DA:446,0
DA:451,0
DA:452,0
DA:454,0
DA:457,0
DA:458,0
DA:459,0
DA:467,6512
DA:468,6512
DA:469,638
DA:470,324
DA:471,0
DA:472,0
DA:473,0
DA:475,0
DA:476,0
DA:478,0
DA:479,0
DA:480,0
DA:484,0
DA:485,0
DA:487,0
DA:490,0
DA:491,0
DA:492,0
DA:499,6512
DA:500,6512
DA:503,64
DA:504,64
DA:505,0
DA:507,0
DA:508,0
DA:509,0
DA:510,0
DA:511,0
DA:512,0
DA:514,0
DA:518,0
DA:519,0
DA:520,0
DA:522,0
DA:523,0
DA:525,0
DA:526,0
DA:527,0
DA:533,0
DA:534,0
DA:536,0
DA:538,0
DA:539,0
DA:540,0
DA:551,2
DA:552,1
DA:554,17
DA:555,16
DA:557,1
DA:558,17
DA:559,16
DA:560,6
DA:563,1
DA:564,17
DA:565,16
DA:567,16
DA:569,1
DA:571,1
DA:572,0
DA:575,1
DA:576,1
DA:578,2
DA:580,2
DA:588,0
DA:594,0
DA:595,0
DA:596,0
DA:597,0
DA:598,0
DA:599,0
DA:602,0
DA:605,0
DA:607,0
DA:608,0
DA:609,0
DA:610,0
DA:616,1
DA:623,1
DA:624,1
DA:625,2
DA:627,1
DA:628,1
DA:629,1
DA:630,1
DA:631,1889
DA:632,1888
DA:634,837
DA:635,836
DA:636,836
DA:637,836
DA:638,836
DA:639,0
DA:641,836
DA:643,836
DA:644,836
DA:645,836
DA:646,836
DA:647,836
DA:648,836
DA:649,836
DA:650,836
DA:652,1672
DA:653,836
DA:654,836
DA:655,836
DA:656,836
DA:657,836
DA:658,836
DA:659,836
DA:661,1
DA:662,0
DA:664,1
DA:665,1
DA:666,2
DA:671,0
DA:680,0
DA:681,0
DA:682,0
DA:683,0
DA:684,0
DA:685,0
DA:686,0
DA:687,0
DA:688,0
DA:690,0
DA:691,0
DA:692,0
DA:693,0
DA:696,0
DA:701,0
DA:702,0
DA:703,0
DA:704,0
DA:705,0
DA:706,0
DA:707,0
DA:708,0
DA:709,0
DA:710,0
DA:711,0
DA:712,0
DA:714,0
DA:715,0
DA:717,0
DA:718,0
DA:719,0
DA:720,0
DA:721,0
DA:722,0
DA:724,0
DA:725,0
DA:728,0
DA:729,0
DA:730,0
DA:731,0
DA:732,0
DA:733,0
DA:735,0
DA:736,0
DA:737,0
DA:738,0
DA:739,0
DA:740,0
DA:741,0
DA:742,0
DA:743,0
DA:744,0
DA:745,0
DA:746,0
DA:750,0
DA:751,0
DA:752,0
DA:753,0
DA:754,0
DA:755,0
DA:756,0
DA:757,0
DA:758,0
DA:759,0
DA:760,0
DA:761,0
DA:762,0
DA:767,0
DA:774,0
DA:775,0
DA:776,0
DA:777,0
DA:778,0
DA:779,0
DA:780,0
DA:783,0
DA:784,0
DA:785,0
DA:786,0
DA:789,0
DA:790,0
DA:791,0
DA:792,0
DA:794,0
DA:795,0
DA:797,0
DA:798,0
DA:799,0
DA:800,0
DA:801,0
DA:802,0
DA:803,0
DA:804,0
DA:807,0
DA:808,0
DA:809,0
DA:811,0
DA:814,0
DA:815,0
DA:817,0
DA:822,0
DA:825,1
DA:832,1
DA:833,1889
DA:834,1888
DA:835,1888
DA:836,1888
DA:837,12702
DA:838,10814
DA:839,10814
DA:840,10814
DA:841,10814
DA:842,5407
DA:844,5407
DA:847,0
DA:850,0
DA:851,0
DA:852,0
DA:853,0
DA:854,0
DA:855,0
DA:856,0
DA:861,1
DA:862,0
DA:863,0
DA:864,0
DA:865,0
DA:872,10352
DA:892,10352
DA:893,10352
DA:894,37732
DA:895,37732
DA:896,27380
DA:898,10352
DA:899,5176
DA:900,0
DA:901,0
DA:902,0
DA:903,0
DA:904,0
DA:905,0
DA:906,0
DA:907,0
DA:908,0
DA:909,0
DA:912,10352
DA:913,10352
DA:914,10352
DA:915,0
DA:917,10352
DA:918,1848
DA:920,8504
DA:922,10352
DA:923,10352
DA:924,10352
DA:925,0
DA:927,10352
DA:928,5176
DA:929,0
DA:930,0
DA:931,0
DA:932,0
DA:933,0
DA:934,0
DA:935,0
DA:936,0
DA:937,0
DA:938,0
DA:941,10352
DA:942,0
DA:944,10352
DA:945,10352
DA:946,10352
DA:949,0
DA:950,0
DA:952,0
DA:957,0
DA:958,0
DA:959,0
DA:960,0
DA:961,0
DA:962,0
DA:964,10352
LF:554
LH:163
end_of_record
SF:/usr/include/bits/stdio2.h
DA:34,0
DA:98,0
LF:2
LH:0
end_of_record
TN:
SF:/home/gabriel/Escritorio/SPEC_CPU2000_CD_2/benchspec/CINT2000/300.twolf/src/findrchk.c
FN:4,findrchk
FN:144,debug
FN:177,reset_ntrack
FNDA:1,findrchk
FNDA:0,debug
FNDA:0,reset_ntrack
FNF:3
FNH:1
BRDA:13,2,0,17
BRDA:13,2,1,1
BRDA:14,1,0,10848
BRDA:14,1,1,17
BRDA:20,2,0,3330
BRDA:20,2,1,1
BRDA:21,0,0,0
BRDA:21,0,1,3330
BRDA:25,0,0,3290
BRDA:25,0,1,40
BRDA:32,0,0,0
BRDA:32,0,1,3330
BRDA:32,1,2,-
BRDA:32,1,3,-
BRDA:39,0,0,184
BRDA:39,0,1,3146
BRDA:43,0,0,3073
BRDA:43,0,1,73
BRDA:46,1,0,3720
BRDA:46,1,1,0
BRDA:47,0,0,647
BRDA:47,0,1,3073
BRDA:48,0,0,0
BRDA:48,0,1,647
BRDA:49,0,0,-
BRDA:49,0,1,-
BRDA:52,1,0,-
BRDA:52,1,1,-
BRDA:60,0,0,3073
BRDA:60,0,1,0
BRDA:62,1,0,703
BRDA:62,1,1,3073
BRDA:63,0,0,3
BRDA:63,0,1,700
BRDA:64,0,0,0
BRDA:64,0,1,3
BRDA:70,0,0,3073
BRDA:70,0,1,0
BRDA:75,1,0,16
BRDA:75,1,1,73
BRDA:80,0,0,3050
BRDA:80,0,1,96
BRDA:83,1,0,3715
BRDA:83,1,1,0
BRDA:84,0,0,665
BRDA:84,0,1,3050
BRDA:85,0,0,0
BRDA:85,0,1,665
BRDA:86,0,0,-
BRDA:86,0,1,-
BRDA:89,1,0,-
BRDA:89,1,1,-
BRDA:97,0,0,3050
BRDA:97,0,1,0
BRDA:99,1,0,681
BRDA:99,1,1,3050
BRDA:100,0,0,1
BRDA:100,0,1,680
BRDA:101,0,0,0
BRDA:101,0,1,1
BRDA:107,0,0,3050
BRDA:107,0,1,0
BRDA:112,1,0,16
BRDA:112,1,1,96
BRDA:119,2,0,77824
BRDA:119,2,1,3146
BRDA:122,0,0,3146
BRDA:122,0,1,0
BRDA:125,0,0,3146
BRDA:125,0,1,0
BRDA:129,0,0,0
BRDA:129,0,1,1
BRDA:133,2,0,17
BRDA:133,2,1,1
BRDA:134,1,0,10848
BRDA:134,1,1,17
BRDA:136,0,0,0
BRDA:136,0,1,10848
BRDA:160,1,0,-
BRDA:160,1,1,-
BRDA:161,0,0,-
BRDA:161,0,1,-
BRDA:165,1,0,-
BRDA:165,1,1,-
BRDA:166,0,0,-
BRDA:166,0,1,-
BRDA:185,2,0,-
BRDA:185,2,1,-
BRDA:191,1,0,-
BRDA:191,1,1,-
BRDA:196,0,0,-
BRDA:196,0,1,-
BRDA:199,0,0,-
BRDA:199,0,1,-
BRDA:210,1,0,-
BRDA:210,1,1,-
BRDA:213,1,0,-
BRDA:213,1,1,-
BRF:98
BRH:52
DA:4,1
DA:13,18
DA:14,10865
DA:15,10848
DA:16,10848
DA:17,10848
DA:20,3331
DA:21,3330
DA:22,0
DA:23,0
DA:25,3330
DA:26,3290
DA:28,40
DA:30,3330
DA:31,3330
DA:32,3330
DA:33,0
DA:35,3330
DA:36,3330
DA:37,3330
DA:38,3330
DA:39,3330
DA:40,184
DA:42,3146
DA:43,3146
DA:44,3073
DA:45,3073
DA:46,3720
DA:47,3720
DA:48,647
DA:49,0
DA:50,0
DA:51,0
DA:52,0
DA:53,0
DA:57,647
DA:60,3073
DA:61,3073
DA:62,3776
DA:63,703
DA:64,3
DA:65,0
DA:67,703
DA:70,3073
DA:71,3073
DA:74,73
DA:75,89
DA:76,16
DA:80,3146
DA:81,3050
DA:82,3050
DA:83,3715
DA:84,3715
DA:85,665
DA:86,0
DA:87,0
DA:88,0
DA:89,0
DA:90,0
DA:94,665
DA:97,3050
DA:98,3050
DA:99,3731
DA:100,681
DA:101,1
DA:102,0
DA:104,681
DA:107,3050
DA:108,3050
DA:111,96
DA:112,112
DA:113,16
DA:117,3146
DA:119,80970
DA:120,77824
DA:122,3146
DA:123,3146
DA:125,3146
DA:126,3146
DA:129,1
DA:130,0
DA:133,18
DA:134,10865
DA:135,10848
DA:136,10848
DA:137,0
DA:138,0
DA:144,0
DA:154,0
DA:155,0
DA:157,0
DA:158,0
DA:159,0
DA:160,0
DA:161,0
DA:162,0
DA:165,0
DA:166,0
DA:167,0
DA:168,0
DA:169,0
DA:170,0
DA:171,0
DA:172,0
DA:175,0
DA:177,0
DA:185,0
DA:186,0
DA:187,0
DA:188,0
DA:189,0
DA:190,0
DA:191,0
DA:192,0
DA:194,0
DA:195,0
DA:196,0
DA:197,0
DA:198,0
DA:199,0
DA:200,0
DA:201,0
DA:203,0
DA:204,0
DA:205,0
DA:206,0
DA:210,0
DA:211,0
DA:212,0
DA:213,0
DA:214,0
DA:215,0
DA:216,0
DA:217,0
DA:218,0
DA:221,0
LF:136
LH:69
end_of_record
SF:/usr/include/bits/stdio2.h
DA:34,0
DA:98,0
LF:2
LH:0
end_of_record
TN:
SF:/home/gabriel/Escritorio/SPEC_CPU2000_CD_2/benchspec/CINT2000/300.twolf/src/findrcost.c
FN:4,findrcost
FN:178,set_cedgebin
FN:226,reset_track
FN:273,facing_cellheight
FNDA:1,findrcost
FNDA:0,set_cedgebin
FNDA:0,reset_track
FNDA:0,facing_cellheight
FNF:4
FNH:1
BRDA:15,2,0,3330
BRDA:15,2,1,1
BRDA:16,0,0,3330
BRDA:16,0,1,0
BRDA:27,0,0,184
BRDA:27,0,1,3146
BRDA:31,0,0,3068
BRDA:31,0,1,78
BRDA:34,1,0,3711
BRDA:34,1,1,0
BRDA:35,0,0,643
BRDA:35,0,1,3068
BRDA:36,0,0,0
BRDA:36,0,1,643
BRDA:37,0,0,-
BRDA:37,0,1,-
BRDA:40,1,0,-
BRDA:40,1,1,-
BRDA:48,0,0,3068
BRDA:48,0,1,0
BRDA:50,1,0,697
BRDA:50,1,1,3068
BRDA:51,0,0,3
BRDA:51,0,1,694
BRDA:52,0,0,0
BRDA:52,0,1,3
BRDA:58,0,0,3068
BRDA:58,0,1,0
BRDA:63,1,0,18
BRDA:63,1,1,78
BRDA:68,0,0,3065
BRDA:68,0,1,81
BRDA:71,1,0,3734
BRDA:71,1,1,0
BRDA:72,0,0,669
BRDA:72,0,1,3065
BRDA:73,0,0,0
BRDA:73,0,1,669
BRDA:74,0,0,-
BRDA:74,0,1,-
BRDA:77,1,0,-
BRDA:77,1,1,-
BRDA:85,0,0,3065
BRDA:85,0,1,0
BRDA:87,1,0,677
BRDA:87,1,1,3065
BRDA:88,0,0,1
BRDA:88,0,1,676
BRDA:89,0,0,0
BRDA:89,0,1,1
BRDA:95,0,0,3065
BRDA:95,0,1,0
BRDA:100,1,0,10
BRDA:100,1,1,81
BRDA:107,2,0,77591
BRDA:107,2,1,3146
BRDA:110,0,0,3146
BRDA:110,0,1,0
BRDA:113,0,0,3146
BRDA:113,0,1,0
BRDA:126,9999,0,0
BRDA:126,9999,1,1
BRDA:130,2,0,17
BRDA:130,2,1,1
BRDA:132,1,0,10848
BRDA:132,1,1,17
BRDA:134,0,0,214
BRDA:134,0,1,10634
BRDA:139,0,0,3
BRDA:139,0,1,14
BRDA:144,2,0,17
BRDA:144,2,1,1
BRDA:149,0,0,2108
BRDA:149,0,1,17
BRDA:153,1,0,10848
BRDA:153,1,1,17
BRDA:156,0,0,242
BRDA:156,0,1,10606
BRDA:189,1,0,-
BRDA:189,1,1,-
BRDA:192,0,0,-
BRDA:192,0,1,-
BRDA:197,1,0,-
BRDA:197,1,1,-
BRDA:203,2,0,-
BRDA:203,2,1,-
BRDA:209,2,0,-
BRDA:209,2,1,-
BRDA:212,0,0,-
BRDA:212,0,1,-
BRDA:213,0,0,-
BRDA:213,0,1,-
BRDA:219,2,0,-
BRDA:219,2,1,-
BRDA:234,2,0,-
BRDA:234,2,1,-
BRDA:240,1,0,-
BRDA:240,1,1,-
BRDA:245,0,0,-
BRDA:245,0,1,-
BRDA:248,0,0,-
BRDA:248,0,1,-
BRDA:259,1,0,-
BRDA:259,1,1,-
BRDA:262,1,0,-
BRDA:262,1,1,-
BRDA:281,0,0,-
BRDA:281,0,1,-
BRDA:281,1,2,-
BRDA:281,1,3,-
BRDA:283,0,0,-
BRDA:283,0,1,-
BRDA:283,1,2,-
BRDA:283,1,3,-
BRDA:286,0,0,-
BRDA:286,0,1,-
BRDA:293,0,0,-
BRDA:293,0,1,-
BRDA:302,0,0,-
BRDA:302,0,1,-
BRDA:306,0,0,-
BRDA:306,0,1,-
BRDA:310,0,0,-
BRDA:310,0,1,-
BRDA:312,0,0,-
BRDA:312,0,1,-
BRDA:317,1,0,-
BRDA:317,1,1,-
BRDA:317,2,2,-
BRDA:317,2,3,-
BRDA:321,0,0,-
BRDA:321,0,1,-
BRDA:321,1,2,-
BRDA:321,1,3,-
BRDA:322,0,0,-
BRDA:322,0,1,-
BRDA:328,0,0,-
BRDA:328,0,1,-
BRDA:328,1,2,-
BRDA:328,1,3,-
BRDA:329,0,0,-
BRDA:329,0,1,-
BRDA:334,0,0,-
BRDA:334,0,1,-
BRF:144
BRH:56
DA:4,1
DA:15,3331
DA:16,3330
DA:17,3330
DA:19,0
DA:21,3330
DA:22,3330
DA:23,3330
DA:24,3330
DA:25,3330
DA:26,3330
DA:27,3330
DA:28,184
DA:30,3146
DA:31,3146
DA:32,3068
DA:33,3068
DA:34,3711
DA:35,3711
DA:36,643
DA:37,0
DA:38,0
DA:39,0
DA:40,0
DA:41,0
DA:45,643
DA:48,3068
DA:49,3068
DA:50,3765
DA:51,697
DA:52,3
DA:53,0
DA:55,697
DA:58,3068
DA:59,3068
DA:62,78
DA:63,96
DA:64,18
DA:68,3146
DA:69,3065
DA:70,3065
DA:71,3734
DA:72,3734
DA:73,669
DA:74,0
DA:75,0
DA:76,0
DA:77,0
DA:78,0
DA:82,669
DA:85,3065
DA:86,3065
DA:87,3742
DA:88,677
DA:89,1
DA:90,0
DA:92,677
DA:95,3065
DA:96,3065
DA:99,81
DA:100,91
DA:101,10
DA:105,3146
DA:107,80737
DA:108,77591
DA:110,3146
DA:111,3146
DA:113,3146
DA:114,3146
DA:118,1
DA:119,1
DA:120,1
DA:121,1
DA:122,1
DA:123,1
DA:124,1
DA:125,1
DA:126,1
DA:127,0
DA:128,0
DA:130,18
DA:131,17
DA:132,10865
DA:133,10848
DA:134,10848
DA:135,214
DA:138,17
DA:139,17
DA:140,3
DA:142,17
DA:144,18
DA:145,17
DA:146,17
DA:147,17
DA:148,17
DA:149,2125
DA:150,2108
DA:153,10865
DA:154,10848
DA:155,10848
DA:156,10848
DA:157,484
DA:158,242
DA:159,242
DA:160,242
DA:161,242
DA:163,21212
DA:164,10606
DA:165,10606
DA:166,10606
DA:167,10606
DA:168,10606
DA:172,1
DA:178,0
DA:185,0
DA:186,0
DA:187,0
DA:188,0
DA:189,0
DA:190,0
DA:191,0
DA:192,0
DA:193,0
DA:196,0
DA:197,0
DA:198,0
DA:199,0
DA:203,0
DA:204,0
DA:205,0
DA:206,0
DA:207,0
DA:208,0
DA:209,0
DA:210,0
DA:211,0
DA:212,0
DA:213,0
DA:214,0
DA:215,0
DA:219,0
DA:220,0
DA:223,0
DA:226,0
DA:234,0
DA:235,0
DA:236,0
DA:237,0
DA:238,0
DA:239,0
DA:240,0
DA:241,0
DA:243,0
DA:244,0
DA:245,0
DA:246,0
DA:247,0
DA:248,0
DA:249,0
DA:250,0
DA:252,0
DA:253,0
DA:254,0
DA:255,0
DA:259,0
DA:260,0
DA:261,0
DA:262,0
DA:263,0
DA:264,0
DA:265,0
DA:266,0
DA:267,0
DA:270,0
DA:273,0
DA:281,0
DA:282,0
DA:283,0
DA:284,0
DA:286,0
DA:287,0
DA:289,0
DA:292,0
DA:293,0
DA:294,0
DA:296,0
DA:298,0
DA:299,0
DA:300,0
DA:301,0
DA:302,0
DA:303,0
DA:305,0
DA:306,0
DA:307,0
DA:309,0
DA:310,0
DA:311,0
DA:312,0
DA:313,0
DA:316,0
DA:317,0
DA:318,0
DA:319,0
DA:321,0
DA:322,0
DA:323,0
DA:328,0
DA:329,0
DA:330,0
DA:332,0
DA:334,0
DA:335,0
DA:337,0
LF:214
LH:98
end_of_record
TN:
SF:/home/gabriel/Escritorio/SPEC_CPU2000_CD_2/benchspec/CINT2000/300.twolf/src/output.c
FN:9,output
FN:109,comparex
FNDA:1,output
FNDA:46442,comparex
FNF:2
FNH:2
BRDA:29,1,0,16
BRDA:29,1,1,1
BRDA:36,0,0,16
BRDA:36,0,1,0
BRDA:36,1,2,0
BRDA:36,1,3,16
BRDA:39,0,0,16
BRDA:39,0,1,0
BRDA:49,0,0,16
BRDA:49,0,1,0
BRDA:58,0,0,0
BRDA:58,0,1,16
BRDA:63,1,0,2724
BRDA:63,1,1,16
BRDA:84,1,0,0
BRDA:84,1,1,1
BRF:16
BRH:10
DA:9,1
DA:23,1
DA:24,1
DA:26,1
DA:27,1
DA:29,17
DA:31,16
DA:32,16
DA:33,16
DA:34,16
DA:36,16
DA:37,0
DA:39,16
DA:40,16
DA:41,32
DA:42,16
DA:43,16
DA:45,0
DA:49,16
DA:50,16
DA:53,0
DA:57,16
DA:58,16
DA:59,0
DA:61,16
DA:63,2740
DA:64,2724
DA:65,2724
DA:66,2724
DA:68,2724
DA:69,2724
DA:71,5448
DA:72,2724
DA:73,5448
DA:74,2724
DA:76,2724
DA:84,1
DA:85,0
DA:86,0
DA:88,0
DA:89,0
DA:91,0
DA:92,0
DA:94,0
DA:97,0
DA:101,1
DA:102,1
DA:109,46442
DA:113,46442
LF:49
LH:37
end_of_record
SF:/usr/include/bits/stdio2.h
DA:34,2
DA:98,2740
LF:2
LH:2
end_of_record
