        -:    0:Source:/home/gabriel/Escritorio/SPEC_CPU2000_CD_2/benchspec/CFP2000/188.ammp/src/animate.c
        -:    0:Graph:ammp_parallel.gcno
        -:    0:Data:ammp_parallel.gcda
        -:    0:Runs:1
        -:    0:Programs:1
        -:    1:/*  animate.c
        -:    2:*
        -:    3:* routines for performing molecular dynamics
        -:    4:*
        -:    5:* v_maxwell( float Temperature, driftx,drifty,driftz)  initialize velocities
        -:    6:*                           with maxwell distribution, assuming
        -:    7:*                           simple kinetic theory relating T and v
        -:    8:*                           driftx,drifty,driftz allow the use of a constant 
        -:    9:*                           drift velocity.
        -:   10:*
        -:   11:* int v_rescale( float Temperature)
        -:   12:*  rescale velocities so that ke is 3RT/2M
        -:   13:*
        -:   14:* int verlet(forces,nforces, nstep,dtime)
        -:   15:*           perform verlet (forward Euler) dynamics
        -:   16:*                           
        -:   17:* int pac( forces,nforces, nstep,dtime)
        -:   18:*            predict and correct dynamics
        -:   19:*
        -:   20:* int pacpac( forces,nforces,nstep,dtime)
        -:   21:*             iterated pac dynamics
        -:   22:*
        -:   23:*
        -:   24:* int tpac( forces,nforces, nstep,dtime, T)
        -:   25:*  nose constrained dynamics
        -:   26:* int ppac( forces,nforces, nstep,dtime, P)
        -:   27:*   pressure only constrained
        -:   28:* int ptpac( forces,nforces, nstep,dtime,P, T)
        -:   29:*   pressure and temperature constrained
        -:   30:* int hpac( forces,nforces, nstep,dtime, H)
        -:   31:*  total energy  constrained dynamics
        -:   32:*/
        -:   33:/*
        -:   34:*  copyright 1992 Robert W. Harrison
        -:   35:*  
        -:   36:*  This notice may not be removed
        -:   37:*  This program may be copied for scientific use
        -:   38:*  It may not be sold for profit without explicit
        -:   39:*  permission of the author(s) who retain any
        -:   40:*  commercial rights including the right to modify 
        -:   41:*  this notice
        -:   42:*/
        -:   43:
        -:   44:#define ANSI 1
        -:   45:/* misc includes - ANSI and some are just to be safe */
        -:   46:#include <stdio.h>
        -:   47:#include <ctype.h>
        -:   48:#include <math.h>
        -:   49:#ifdef ANSI
        -:   50:#include <stdlib.h>
        -:   51:#endif
        -:   52:#include "parallel_loop_in_batches.h"
        -:   53:using namespace std;
        -:   54:
        1:   55:parallel_loop_in_batches parallel_manager;
call    0 returned 100%
call    1 returned 100%
        -:   56:pthread_mutex_t cond_mutex;
        -:   57:
        -:   58://#include "ammp.h"
        -:   59:/* ATOM structure contains a serial number for indexing into
        -:   60:* arrays and the like (a Hessian)
        -:   61:* but otherwise is self-contained. Note the hooks for Non-bonded potentials
        -:   62:*/
        -:   63:
        -:   64:typedef struct {
        -:   65:  float xc,yc,zc;
        -:   66:  float sqp;
        -:   67:  /* dipole appx for r^-6 */
        -:   68:  float sa,xa,ya,za;
        -:   69:  float q100,q010,q001;
        -:   70:  float q200,q020,q002,q110,q101,q011;
        -:   71:  float q300,q030,q003,q210,q201,q120,q021,q102,q012,q111;
        -:   72:#ifdef FOURTH
        -:   73:  float q400,q040,q004,q310,q301,q130,q031,q103,q013,q220,q202,q022,q211,q121,q112;
        -:   74:#endif
        -:   75:#ifdef FIFTH
        -:   76:  float q500,q050,q005,q410,q401,q140,q041,q104,q014,q320,q230,q302,q203,q032,q023,q311,q131,q113,q221,q212,q122;
        -:   77:#endif
        -:   78:  int first,last,innode; } MMNODE;
        -:   79:typedef struct {
        -:   80: ATOM *who;
        -:   81: int next,which; } MMATOM;
        -:   82:
        -:   83:
function _Z9v_maxwellffff called 0 returned 0% blocks executed 0%
    #####:   84:int v_maxwell(float T, float dx, float dy, float dz)
        -:   85:{
        -:   86:	float randg();
        -:   87:	/* void rand3();   SPEC declare proto in ammp.h jh/9/22/99   */
        -:   88:	ATOM *ap,*a_next(int),*bonded[10];
        -:   89:	int iflag,inbond;
        -:   90:	float vmag;
        -:   91:	float R;
    #####:   92:	R = 1.987 ; /* kcal/mol/K */
        -:   93:
    #####:   94:	iflag = -1;
    #####:   95:	while( (ap= a_next(iflag++)) != NULL)
call    0 never executed
branch  1 never executed
branch  2 never executed
        -:   96:	{
    #####:   97:	iflag = 1;
    #####:   98:	if( ap->mass > 0.)
branch  0 never executed
branch  1 never executed
        -:   99:	{
        -:  100:/* convert from kcal to mks */
        -:  101:/* 4.184 to joules */
        -:  102:/* 1000 grams to kg */
    #####:  103:	vmag = sqrt( 3.*R*T/ap->mass*4.184*1000.)* randg();
call    0 never executed
    #####:  104:	rand3( &ap->vx,&ap->vy,&ap->vz);
call    0 never executed
    #####:  105:	if( ap->active ){
branch  0 never executed
branch  1 never executed
    #####:  106:	ap->vx = ap->vx*vmag + dx;
    #####:  107:	ap->vy = ap->vy*vmag + dy;
    #####:  108:	ap->vz = ap->vz*vmag + dz;
        -:  109:	}else{ 
    #####:  110:	ap->vx = 0.;
    #####:  111:	ap->vy = 0.;
    #####:  112:	ap->vz = 0.;
        -:  113:	}
        -:  114:	}
        -:  115:	}
        -:  116:/* now check those who are zero mass */
        -:  117:/* and give them the velocity of the first bonded atom */
    #####:  118:	iflag = -1;
    #####:  119:	while( (ap= a_next(iflag)) != NULL)
call    0 never executed
branch  1 never executed
branch  2 never executed
        -:  120:	{
    #####:  121:	iflag = 1;
    #####:  122:		if( ap->mass <= 0.)
branch  0 never executed
branch  1 never executed
        -:  123:		{
    #####:  124:		get_bond(ap,bonded,10,&inbond);
call    0 never executed
    #####:  125:			if( inbond >= 0)
branch  0 never executed
branch  1 never executed
        -:  126:			{
    #####:  127:			ap->vx = bonded[0]->vx;
    #####:  128:			ap->vy = bonded[0]->vy;
    #####:  129:			ap->vz = bonded[0]->vz;
        -:  130:			}
        -:  131:		}
        -:  132:	}
    #####:  133:	return 1;
        -:  134:}
        -:  135:/* v_rescale(T)
        -:  136:*  rescale the velocities for constant KE  == Temperature 
        -:  137:*/
function _Z9v_rescalef called 0 returned 0% blocks executed 0%
    #####:  138:int v_rescale(float T)
        -:  139:{
        -:  140:	ATOM *ap,*a_next(int);
        -:  141:	int iflag,a_number();
        -:  142:	float vmag,KE,target;
        -:  143:	float R;
    #####:  144:	R = 1.987 ; /* kcal/mol/K */
        -:  145:
    #####:  146:	target = 0.;
    #####:  147:	target += .5*(3.*R*T)*4.184*1000*a_number();
call    0 never executed
    #####:  148:	KE = 0.; 
    #####:  149:	iflag = -1;
    #####:  150:	while( (ap= a_next(iflag++)) != NULL)
call    0 never executed
branch  1 never executed
branch  2 never executed
        -:  151:	{
    #####:  152:	iflag = 1;
    #####:  153:	if( ap->mass > 0.)
branch  0 never executed
branch  1 never executed
        -:  154:	{
    #####:  155:	vmag = ap->vx*ap->vx+ap->vy*ap->vy+ap->vz*ap->vz;
    #####:  156:	KE += ap->mass*vmag;	
        -:  157:	}}
    #####:  158:	KE = KE *.5;
    #####:  159:	if( KE == 0.)
branch  0 never executed
branch  1 never executed
    #####:  160:	{ aaerror(" Cannot rescale a zero velocity field -use v_maxwell");
call    0 never executed
    #####:  161:		return 0;
        -:  162:		}
    #####:  163:	vmag = sqrt(target/KE);
        -:  164:
    #####:  165:	iflag = -1;
    #####:  166:	while( (ap= a_next(iflag++)) != NULL)
call    0 never executed
branch  1 never executed
branch  2 never executed
        -:  167:	{
    #####:  168:	iflag = 1;
    #####:  169:	ap->vx = ap->vx*vmag;
    #####:  170:	ap->vy = ap->vy*vmag;
    #####:  171:	ap->vz = ap->vz*vmag;
        -:  172:	}
    #####:  173:	return 1;
        -:  174:}
        -:  175:/* routine verlet( nstep,dtime)
        -:  176:*int verlet(forces,nforces, nstep,dtime)
        -:  177:*
        -:  178:* perform nstep leapfrogging dynamics with dtime
        -:  179:*/
function _Z6verletPPFifEiif called 0 returned 0% blocks executed 0%
    #####:  180:int verlet(int (*forces[])(float), int nforces, int nstep, float dtime)
        -:  181:{
        -:  182:	ATOM *bp,*ap,*a_next(int),*bonded[10];
        -:  183:	int inbond,iflag;
        -:  184:	int a_f_zero(),a_inc_v(float);
        -:  185:	int istep,iforces;
        -:  186:	int i,imax,a_number();
    #####:  187:	for( istep = 0.; istep< nstep; istep++)
branch  0 never executed
branch  1 never executed
        -:  188:	{
        -:  189:
        -:  190:/*  find the force at the midpoint */
    #####:  191:	a_f_zero();
call    0 never executed
    #####:  192:	for( iforces=0;iforces<nforces; iforces++)
branch  0 never executed
branch  1 never executed
    #####:  193:		(*forces[iforces])( 0.);
call    0 never executed
        -:  194:/* update velocities */        
    #####:  195:	imax = a_number();
call    0 never executed
    #####:  196:	ap = a_next(-1);
call    0 never executed
    #####:  197:	bp = ap;
    #####:  198:	for( i=0; i< imax; i++,ap = bp)
branch  0 never executed
branch  1 never executed
        -:  199:	{
    #####:  200:	bp = a_next(1);
call    0 never executed
    #####:  201:	if( ap->mass > 0.) 
branch  0 never executed
branch  1 never executed
        -:  202:	{
        -:  203:/* the magic number takes kcal/molA to mks */
    #####:  204:		ap->vx += ap->fx/ap->mass*dtime*4.184e6;
    #####:  205:		ap->vy += ap->fy/ap->mass*dtime*4.184e6;
    #####:  206:		ap->vz += ap->fz/ap->mass*dtime*4.184e6;
        -:  207:	}
        -:  208:	}
    #####:  209:	imax = a_number();
call    0 never executed
    #####:  210:	ap = a_next(-1);
call    0 never executed
    #####:  211:	bp = ap;
    #####:  212:	for( i=0; i< imax; i++,ap = bp)
branch  0 never executed
branch  1 never executed
        -:  213:	{
    #####:  214:	bp = a_next(1);
call    0 never executed
    #####:  215:	if( ap->mass <= 0.) 
branch  0 never executed
branch  1 never executed
        -:  216:		{
    #####:  217:                get_bond(ap,bonded,10,&inbond);
call    0 never executed
    #####:  218:                        if( inbond >= 0)
branch  0 never executed
branch  1 never executed
        -:  219:                        {
    #####:  220:                        ap->vx = bonded[0]->vx;
    #####:  221:                        ap->vy = bonded[0]->vy;
    #####:  222:                        ap->vz = bonded[0]->vz;
        -:  223:                        }
        -:  224:		}
        -:  225:	}
        -:  226:/* update positions */
    #####:  227:	a_inc_v(dtime);
call    0 never executed
        -:  228:	}/* end of istep loop */
    #####:  229:	return 1;
        -:  230:}
        -:  231:/* routine pac( nstep,dtime)
        -:  232:*int pac(forces,nforces, nstep,dtime)
        -:  233:*
        -:  234:* perform nstep pac dynamics with dtime
        -:  235:*
        -:  236:* predict the path given current velocity
        -:  237:* integrate the force (simpson's rule)
        -:  238:*  predict the final velocity
        -:  239:*  update the position using trapezoidal correction
        -:  240:*  
        -:  241:*  ideally several cycles are good
        -:  242:*/
function _Z3pacPPFifEiif called 0 returned 0% blocks executed 0%
    #####:  243:int pac(int (*forces[])(float), int nforces, int nstep, float dtime)
        -:  244:{
        -:  245:	ATOM *ap,*bp,*a_next(int),*bonded[10];
        -:  246:	int inbond,iflag;
        -:  247:	int a_f_zero(),a_inc_v(float);
        -:  248:	int istep,iforces;
        -:  249:	int i,imax,a_number();
    #####:  250:	for( istep = 0.; istep< nstep; istep++)
branch  0 never executed
branch  1 never executed
        -:  251:	{
        -:  252:
        -:  253:/*  move the velocity vector into the displacment slot */
    #####:  254:	imax = a_number();
call    0 never executed
    #####:  255:	ap = a_next(-1);
call    0 never executed
    #####:  256:	bp = ap;
    #####:  257:	for( i=0; i< imax; i++,ap = bp)
branch  0 never executed
branch  1 never executed
        -:  258:	{
    #####:  259:	bp = a_next(1);
call    0 never executed
    #####:  260:	ap->dx = ap->vx;
    #####:  261:	ap->dy = ap->vy;
    #####:  262:	ap->dz = ap->vz;
        -:  263:	}
        -:  264:
        -:  265:/*  find the force at the midpoint */
    #####:  266:	a_f_zero();
call    0 never executed
    #####:  267:	for( iforces=0;iforces<nforces; iforces++)
branch  0 never executed
branch  1 never executed
    #####:  268:		(*forces[iforces])( dtime/2.);
call    0 never executed
        -:  269:/* update velocities */        
    #####:  270:	imax = a_number();
call    0 never executed
    #####:  271:	ap = a_next(-1);
call    0 never executed
    #####:  272:	bp = ap;
    #####:  273:	for( i=0; i< imax; i++,ap = bp)
branch  0 never executed
branch  1 never executed
        -:  274:	{
    #####:  275:	bp = a_next(1);
call    0 never executed
    #####:  276:	if( ap->mass > 0.) 
branch  0 never executed
branch  1 never executed
        -:  277:	{
        -:  278:/* the magic number takes kcal/molA to mks */
        -:  279:/*		ap->vx += ap->fx/ap->mass*dtime*4.184e6/6.;
        -:  280:*		ap->vy += ap->fy/ap->mass*dtime*4.184e6/6.;
        -:  281:*		ap->vz += ap->fz/ap->mass*dtime*4.184e6/6.;
        -:  282:*/
    #####:  283:		ap->vx =  ap->dx +  ap->fx/ap->mass*dtime*4.184e6;
    #####:  284:		ap->vy = ap->dy  + ap->fy/ap->mass*dtime*4.184e6;
    #####:  285:		ap->vz = ap->dz  + ap->fz/ap->mass*dtime*4.184e6;
        -:  286:	}
        -:  287:	}
    #####:  288:	imax = a_number();
call    0 never executed
    #####:  289:	ap = a_next(-1);
call    0 never executed
    #####:  290:	bp = ap;
    #####:  291:	for( i=0; i< imax; i++,ap = bp)
branch  0 never executed
branch  1 never executed
        -:  292:	{
    #####:  293:	bp = a_next(1);
call    0 never executed
    #####:  294:	if( ap->mass <= 0.) 
branch  0 never executed
branch  1 never executed
        -:  295:		{
    #####:  296:                get_bond(ap,bonded,10,&inbond);
call    0 never executed
    #####:  297:                        if( inbond >= 0)
branch  0 never executed
branch  1 never executed
        -:  298:                        {
    #####:  299:                        ap->vx = bonded[0]->vx;
    #####:  300:                        ap->vy = bonded[0]->vy;
    #####:  301:                        ap->vz = bonded[0]->vz;
        -:  302:                        }
        -:  303:		}
        -:  304:	}
        -:  305:/* update positions */
    #####:  306:	imax = a_number();
call    0 never executed
    #####:  307:	ap = a_next(-1);
call    0 never executed
    #####:  308:	bp = ap;
    #####:  309:	for( i=0; i< imax; i++,ap = bp)
branch  0 never executed
branch  1 never executed
        -:  310:	{
    #####:  311:	bp = a_next(1);
call    0 never executed
    #####:  312:		iflag = 1;
    #####:  313:		ap->x += .5*(ap->vx + ap->dx)*dtime;
    #####:  314:		ap->y += .5*(ap->vy + ap->dy)*dtime;
    #####:  315:		ap->z += .5*(ap->vz + ap->dz)*dtime;
        -:  316:	}
        -:  317:		
        -:  318:	}/* end of istep loop */
    #####:  319:	return 1;
        -:  320:}
        -:  321:/* routine tpac( nstep,dtime)
        -:  322:*int tpac(forces,nforces, nstep,dtime,T)
        -:  323:*
        -:  324:* perform nstep pac dynamics with dtime
        -:  325:* kinetic energy constraint to (3*natom-1) kT/2
        -:  326:*
        -:  327:* predict the path given current velocity
        -:  328:* integrate the force (simpson's rule)
        -:  329:*  predict the final velocity
        -:  330:*  update the position using trapezoidal correction
        -:  331:*  
        -:  332:*  ideally several cycles are good
        -:  333:*
        -:  334:* adaptive steps (6/19/96)
        -:  335:*  if the rescale is too large (i.e. > 2) do two half steps
        -:  336:*
        -:  337:*/
function _Z4tpacPPFifEiiff called 3 returned 100% blocks executed 90%
        3:  338:int tpac(int (*forces[])(float), int nforces, int nstep, float dtime_real, float T)
        -:  339:{
        -:  340:	ATOM *ap,*bp,*a_next(int),*bonded[10];
        -:  341:	float ke,Tke,R;
        -:  342:	float alpha;
        -:  343:	float dtime;
        -:  344:	int inbond,iflag;
        -:  345:	int a_f_zero(),a_inc_v(float);
        -:  346:	int istep,iforces;
        -:  347:	int i,imax,a_number();
        3:  348:	R = 1.987; /* kcal/mol/K */
        -:  349:
     1002:  350:	for( istep = 0.; istep< nstep; istep++)
branch  0 taken 99%
branch  1 taken 1% (fallthrough)
        -:  351:	{
        -:  352:
        -:  353:/*  move the velocity vector into the displacment slot */
      999:  354:	ke = 0.;
      999:  355:	imax = a_number();
call    0 returned 100%
      999:  356:	ap = a_next(-1);
call    0 returned 100%
      999:  357:	bp = ap;
  9573417:  358:	for( i=0; i< imax; i++,ap = bp)
branch  0 taken 99%
branch  1 taken 1% (fallthrough)
        -:  359:	{
  9572418:  360:	bp = a_next(1);
call    0 returned 100%
        -:  361:	ke += ap->mass*(
  9572418:  362:	ap->vx*ap->vx + ap->vy*ap->vy + ap->vz*ap->vz);
  9572418:  363:	ap->dx = ap->vx;
  9572418:  364:	ap->dy = ap->vy;
  9572418:  365:	ap->dz = ap->vz;
        -:  366:	}
      999:  367:	Tke = 3*(imax)*R*4.184*1000;  /* converted into MKS */
      999:  368:	Tke = ke/Tke;  /* Tke is now the current temperature */ 
        -:  369:/* scale the current velocities */
      999:  370:	dtime = dtime_real;
      999:  371:	if( Tke > 1.e-6)
branch  0 taken 100% (fallthrough)
branch  1 taken 0%
        -:  372:	{	
      999:  373:	ke = sqrt(T/Tke); /* ke is the scaled shift value */
      999:  374:	dtime = dtime_real/ke;
        -:  375:/* 0.00002 is 2fs, this is near the limit so don't use it */
      999:  376:	if( dtime > 0.000020 ){
branch  0 taken 0% (fallthrough)
branch  1 taken 100%
    #####:  377:		tpac(forces,nforces,1,dtime_real*0.5,T); 
call    0 never executed
    #####:  378:		tpac(forces,nforces,1,dtime_real*0.5,T); 
call    0 never executed
        -:  379:		//goto SKIP;
        -:  380:			}
      999:  381:	ap = a_next(-1);
call    0 returned 100%
      999:  382:	bp =  ap;
  9573417:  383:	for( i=0; i< imax;  i++, ap = bp)
branch  0 taken 99%
branch  1 taken 1% (fallthrough)
        -:  384:	{
  9572418:  385:	bp = a_next(1);
call    0 returned 100%
  9572418:  386:	ap->dx *= ke;
  9572418:  387:	ap->dy *= ke;
  9572418:  388:	ap->dz *= ke;
        -:  389:	}
        -:  390:	}
        -:  391:
        -:  392:/*  find the force at the midpoint */
      999:  393:	a_f_zero();
call    0 returned 100%
        -:  394:
        -:  395://	parallel_mm_fv_update.run(input_functions, input_vars);
        -:  396:  //      parallel_mm_fv_update.commit();
     6993:  397:	for( iforces=0;iforces<nforces; iforces++)
branch  0 taken 86%
branch  1 taken 14% (fallthrough)
     5994:  398:		(*forces[iforces])( dtime/2.); //Esta es la invocación que consume la mayor parte del tiempo.
call    0 returned 100%
        -:  399:	//parallel_mm_fv_update.get_results();
        -:  400:/* update velocities */        
      999:  401:	imax = a_number();
call    0 returned 100%
      999:  402:	ap = a_next(-1);
call    0 returned 100%
      999:  403:	bp = ap;
  9573417:  404:	for( i=0; i< imax; i++,ap = bp)
branch  0 taken 99%
branch  1 taken 1% (fallthrough)
        -:  405:	{
  9572418:  406:	bp = a_next(1);
call    0 returned 100%
  9572418:  407:	if( ap->mass > 0.) 
branch  0 taken 100% (fallthrough)
branch  1 taken 0%
        -:  408:	{
  9572418:  409:		ap->vx = ap->dx  + ap->fx/ap->mass*dtime*4.184e6;
  9572418:  410:		ap->vy = ap->dy  + ap->fy/ap->mass*dtime*4.184e6;
  9572418:  411:		ap->vz = ap->dz  + ap->fz/ap->mass*dtime*4.184e6;
        -:  412:	}
        -:  413:	}
      999:  414:	imax = a_number();
call    0 returned 100%
      999:  415:	ap = a_next(-1);
call    0 returned 100%
      999:  416:	bp = ap;
  9573417:  417:	for( i=0; i< imax; i++,ap = bp)
branch  0 taken 99%
branch  1 taken 1% (fallthrough)
        -:  418:	{
  9572418:  419:	bp = a_next(1);
call    0 returned 100%
  9572418:  420:	if( ap->mass <= 0.) 
branch  0 taken 0% (fallthrough)
branch  1 taken 100%
        -:  421:		{
    #####:  422:                get_bond(ap,bonded,10,&inbond);
call    0 never executed
    #####:  423:                        if( inbond >= 0)
branch  0 never executed
branch  1 never executed
        -:  424:                        {
    #####:  425:                        ap->vx = bonded[0]->vx;
    #####:  426:                        ap->vy = bonded[0]->vy;
    #####:  427:                        ap->vz = bonded[0]->vz;
        -:  428:                        }
        -:  429:		}
        -:  430:	}
        -:  431:/* update positions */
      999:  432:	imax = a_number();
call    0 returned 100%
      999:  433:	ap = a_next(-1);
call    0 returned 100%
      999:  434:	bp = ap;
  9573417:  435:	for( i=0; i< imax; i++,ap = bp)
branch  0 taken 99%
branch  1 taken 1% (fallthrough)
        -:  436:	{
  9572418:  437:	bp = a_next(1);
call    0 returned 100%
  9572418:  438:		iflag = 1;
  9572418:  439:		ap->x += .5*(ap->vx + ap->dx)*dtime;
  9572418:  440:		ap->y += .5*(ap->vy + ap->dy)*dtime;
  9572418:  441:		ap->z += .5*(ap->vz + ap->dz)*dtime;
        -:  442:	}
        -:  443:SKIP: ; /* if we are here from goto we have done two half steps (or more)*/
        -:  444:		
        -:  445:	}/* end of istep loop */
        3:  446:	return 1;
        -:  447:}
        -:  448:/* routine pacpac( nstep,dtime)
        -:  449:*int pacpac(forces,nforces, nstep,dtime)
        -:  450:*
        -:  451:* perform nstep pac dynamics with dtime
        -:  452:*
        -:  453:* predict the path given current velocity
        -:  454:* integrate the force (simpson's rule)
        -:  455:*  predict the final velocity
        -:  456:*  update the position using trapezoidal correction
        -:  457:*  
        -:  458:*  ideally several cycles are good
        -:  459:*/
function _Z6pacpacPPFifEiif called 0 returned 0% blocks executed 0%
    #####:  460:int pacpac(int (*forces[])(float), int nforces, int nstep, float dtime)
        -:  461:{
        -:  462:	ATOM *ap,*a_next(int),*bp,*bonded[10];
        -:  463:	int inbond,iflag;
        -:  464:	int a_f_zero(),a_inc_v(float);
        -:  465:	int istep,iforces,icorrect;
        -:  466:	int i,imax,a_number();
    #####:  467:	for( istep = 0.; istep< nstep; istep++)
branch  0 never executed
branch  1 never executed
        -:  468:	{
        -:  469:
        -:  470:/*  move the velocity vector into the displacment slot */
    #####:  471:	iflag = -1;
    #####:  472:	while( (ap=a_next(iflag)) != NULL)
call    0 never executed
branch  1 never executed
branch  2 never executed
        -:  473:	{
    #####:  474:	iflag = 1;
    #####:  475:	ap->dx = ap->vx;
    #####:  476:	ap->dy = ap->vy;
    #####:  477:	ap->dz = ap->vz;
        -:  478:	}
        -:  479:
        -:  480:/*  find the force at the midpoint */
    #####:  481:	a_f_zero();
call    0 never executed
    #####:  482:	for( iforces=0;iforces<nforces; iforces++)
branch  0 never executed
branch  1 never executed
    #####:  483:		(*forces[iforces])( dtime/2.);
call    0 never executed
        -:  484:/* update velocities */        
    #####:  485:	iflag = -1;
    #####:  486:	while( (ap=a_next(iflag)) != NULL)
call    0 never executed
branch  1 never executed
branch  2 never executed
        -:  487:	{
    #####:  488:	iflag = 1;
    #####:  489:	if( ap->mass > 0.) 
branch  0 never executed
branch  1 never executed
        -:  490:	{
        -:  491:/* the magic number takes kcal/molA to mks */
    #####:  492:		ap->gx = ap->vx;	
    #####:  493:		ap->gy = ap->vy;	
    #####:  494:		ap->gz = ap->vz;	
    #####:  495:		ap->vx += ap->fx/ap->mass*dtime*4.184e6;
    #####:  496:		ap->vy += ap->fy/ap->mass*dtime*4.184e6;
    #####:  497:		ap->vz += ap->fz/ap->mass*dtime*4.184e6;
        -:  498:	}
        -:  499:	}
    #####:  500:	iflag = -1;
    #####:  501:	while( (ap=a_next(iflag)) != NULL)
call    0 never executed
branch  1 never executed
branch  2 never executed
        -:  502:	{
    #####:  503:	iflag = 1;
    #####:  504:	if( ap->mass <= 0.) 
branch  0 never executed
branch  1 never executed
        -:  505:		{
    #####:  506:		ap->gx = ap->vx;	
    #####:  507:		ap->gy = ap->vy;	
    #####:  508:		ap->gz = ap->vz;	
    #####:  509:                get_bond(ap,bonded,10,&inbond);
call    0 never executed
    #####:  510:                        if( inbond >= 0)
branch  0 never executed
branch  1 never executed
        -:  511:                        {
    #####:  512:                        ap->vx = bonded[0]->vx;
    #####:  513:                        ap->vy = bonded[0]->vy;
    #####:  514:                        ap->vz = bonded[0]->vz;
        -:  515:                        }
        -:  516:		} /* end of mass check */
        -:  517:	}
        -:  518:/* make up the new prediction direction */
    #####:  519:	imax = a_number();
call    0 never executed
    #####:  520:	ap = a_next(-1);
call    0 never executed
    #####:  521:	bp = ap;
    #####:  522:	for( i=0; i< imax; i++,ap = bp)
branch  0 never executed
branch  1 never executed
        -:  523:	{
    #####:  524:		bp = a_next(1);
call    0 never executed
    #####:  525:		ap->dx = ap->vx + ap->gx;
    #####:  526:		ap->dy = ap->vy + ap->gy;
    #####:  527:		ap->dz = ap->vz + ap->gz;
        -:  528:	}
    #####:  529:	for( icorrect = 0;icorrect < 2; icorrect ++)
branch  0 never executed
branch  1 never executed
        -:  530:	{
    #####:  531:	a_f_zero();
call    0 never executed
    #####:  532:	for( iforces=0;iforces<nforces; iforces++)
branch  0 never executed
branch  1 never executed
    #####:  533:		(*forces[iforces])( dtime/4.);
call    0 never executed
        -:  534:/* update velocities */        
    #####:  535:	imax = a_number();
call    0 never executed
    #####:  536:	ap = a_next(-1);
call    0 never executed
    #####:  537:	bp = ap;
    #####:  538:	for( i=0; i< imax; i++,ap = bp)
branch  0 never executed
branch  1 never executed
        -:  539:	{
    #####:  540:	bp = a_next(1);
call    0 never executed
    #####:  541:	if( ap->mass > 0.) 
branch  0 never executed
branch  1 never executed
        -:  542:	{
        -:  543:/* the magic number takes kcal/molA to mks */
    #####:  544:		ap->vx = ap->gx + ap->fx/ap->mass*dtime*4.184e6;
    #####:  545:		ap->vy = ap->gy + ap->fy/ap->mass*dtime*4.184e6;
    #####:  546:		ap->vz = ap->gz + ap->fz/ap->mass*dtime*4.184e6;
        -:  547:	}
        -:  548:	}
    #####:  549:	imax = a_number();
call    0 never executed
    #####:  550:	ap = a_next(-1);
call    0 never executed
    #####:  551:	bp = ap;
    #####:  552:	for( i=0; i< imax; i++,ap = bp)
branch  0 never executed
branch  1 never executed
        -:  553:	{
    #####:  554:	bp = a_next(1);
call    0 never executed
    #####:  555:	if( ap->mass <= 0.) 
branch  0 never executed
branch  1 never executed
        -:  556:		{
    #####:  557:                get_bond(ap,bonded,10,&inbond);
call    0 never executed
    #####:  558:                        if( inbond >= 0)
branch  0 never executed
branch  1 never executed
        -:  559:                        {
    #####:  560:                        ap->vx = bonded[0]->vx;
    #####:  561:                        ap->vy = bonded[0]->vy;
    #####:  562:                        ap->vz = bonded[0]->vz;
        -:  563:                        }
        -:  564:		} /* end of mass check */
        -:  565:	}
        -:  566:/* make up the new prediction direction */
    #####:  567:	imax = a_number();
call    0 never executed
    #####:  568:	ap = a_next(-1);
call    0 never executed
    #####:  569:	bp = ap;
    #####:  570:	for( i=0; i< imax; i++,ap = bp)
branch  0 never executed
branch  1 never executed
        -:  571:	{
    #####:  572:	bp = a_next(1);
call    0 never executed
    #####:  573:		ap->dx = ap->vx + ap->gx;
    #####:  574:		ap->dy = ap->vy + ap->gy;
    #####:  575:		ap->dz = ap->vz + ap->gz;
        -:  576:	}
        -:  577:	}
        -:  578:/* update positions */
    #####:  579:	imax = a_number();
call    0 never executed
    #####:  580:	ap = a_next(-1);
call    0 never executed
    #####:  581:	bp = ap;
    #####:  582:	for( i=0; i< imax; i++,ap = bp)
branch  0 never executed
branch  1 never executed
        -:  583:	{
    #####:  584:	bp = a_next(1);
call    0 never executed
    #####:  585:		ap->x += .5*(ap->vx + ap->gx)*dtime;
    #####:  586:		ap->y += .5*(ap->vy + ap->gy)*dtime;
    #####:  587:		ap->z += .5*(ap->vz + ap->gz)*dtime;
        -:  588:	}
        -:  589:		
        -:  590:	}/* end of istep loop */
    #####:  591:	return 1;
        -:  592:}
        -:  593:/* routine hpac( nstep,dtime)
        -:  594:*int hpac(forces,nforces, nstep,dtime,H)
        -:  595:*
        -:  596:* perform nstep pac dynamics with dtime
        -:  597:* kinetic energy adusted for constant H
        -:  598:*
        -:  599:* predict the path given current velocity
        -:  600:* integrate the force (simpson's rule)
        -:  601:*  predict the final velocity
        -:  602:*  update the position using trapezoidal correction
        -:  603:*  
        -:  604:*  ideally several cycles are good
        -:  605:*/
function _Z4hpacPPFifEPPFiPffEiiff called 0 returned 0% blocks executed 0%
    #####:  606:int hpac(int (*forces[])(float), int (*poten[])(float*, float), int nforces, int nstep, float dtime_real, float H)
        -:  607:{
        -:  608:	ATOM *ap,*bp,*a_next(int),*bonded[10];
        -:  609:	float ke,Tke;
        -:  610:	float alpha;
        -:  611:	float dtime;
        -:  612:	int inbond,iflag;
        -:  613:	int a_f_zero(),a_inc_v(float);
        -:  614:	int istep,iforces;
        -:  615:	int i,imax,a_number();
        -:  616:
        -:  617:
    #####:  618:	for( istep = 0.; istep< nstep; istep++)
branch  0 never executed
branch  1 never executed
        -:  619:	{
        -:  620:
        -:  621:/*  move the velocity vector into the displacment slot */
    #####:  622:	ke = 0.;
    #####:  623:	imax = a_number();
call    0 never executed
    #####:  624:	ap = a_next(-1);
call    0 never executed
    #####:  625:	bp = ap;
    #####:  626:	for( i=0; i< imax; i++,ap = bp)
branch  0 never executed
branch  1 never executed
        -:  627:	{
    #####:  628:	bp = a_next(1);
call    0 never executed
        -:  629:	ke += ap->mass*(
    #####:  630:	ap->vx*ap->vx + ap->vy*ap->vy + ap->vz*ap->vz);
    #####:  631:	ap->dx = ap->vx;
    #####:  632:	ap->dy = ap->vy;
    #####:  633:	ap->dz = ap->vz;
        -:  634:	}
    #####:  635:	ke = ke*.5/4.184/1000/1000;  /* ke in kcal/mol */
        -:  636:/* get the current potential */
    #####:  637:	Tke = 0.;
    #####:  638:	for(i=0; i< nforces; i++)
branch  0 never executed
branch  1 never executed
    #####:  639:		(*poten[i])(&Tke,0.);
call    0 never executed
        -:  640:/* scale the current velocities */
    #####:  641:	dtime = dtime_real;
    #####:  642:	if( Tke < H )
branch  0 never executed
branch  1 never executed
        -:  643:	{	
    #####:  644:	ke = sqrt((H-Tke)/ke); /* ke is the scaled shift value */
    #####:  645:	dtime = dtime_real/ke;
        -:  646:/* 0.00002 is 2fs, this is near the limit so don't use it */
    #####:  647:	if( dtime > 0.000020 ){
branch  0 never executed
branch  1 never executed
        -:  648:                /* SPEC: fix # of arguments - jh/9/21/99 */
    #####:  649:		hpac(forces,poten,nforces,1,dtime_real*0.5,H); 
call    0 never executed
    #####:  650:		hpac(forces,poten,nforces,1,dtime_real*0.5,H); 
call    0 never executed
    #####:  651:		goto SKIP;
        -:  652:			}
    #####:  653:	ap = a_next(-1);
call    0 never executed
    #####:  654:	bp =  ap;
    #####:  655:	for( i=0; i< imax;  i++, ap = bp)
branch  0 never executed
branch  1 never executed
        -:  656:	{
    #####:  657:	bp = a_next(1);
call    0 never executed
    #####:  658:	ap->dx *= ke;
    #####:  659:	ap->dy *= ke;
    #####:  660:	ap->dz *= ke;
        -:  661:	}
        -:  662:	} else { 
    #####:  663:	aaerror("Warning in Hpac, Potential energy higher than target\n");
call    0 never executed
    #####:  664:	a_v_zero();
call    0 never executed
    #####:  665:	a_d_zero();
call    0 never executed
        -:  666:	}
        -:  667:
        -:  668:/*  find the force at the midpoint */
    #####:  669:	a_f_zero();
call    0 never executed
    #####:  670:	for( iforces=0;iforces<nforces; iforces++)
branch  0 never executed
branch  1 never executed
    #####:  671:		(*forces[iforces])( dtime/2.);
call    0 never executed
        -:  672:/* update velocities */        
    #####:  673:	imax = a_number();
call    0 never executed
    #####:  674:	ap = a_next(-1);
call    0 never executed
    #####:  675:	bp = ap;
    #####:  676:	for( i=0; i< imax; i++,ap = bp)
branch  0 never executed
branch  1 never executed
        -:  677:	{
    #####:  678:	bp = a_next(1);
call    0 never executed
    #####:  679:	if( ap->mass > 0.) 
branch  0 never executed
branch  1 never executed
        -:  680:	{
    #####:  681:		ap->vx = ap->dx  + ap->fx/ap->mass*dtime*4.184e6;
    #####:  682:		ap->vy = ap->dy  + ap->fy/ap->mass*dtime*4.184e6;
    #####:  683:		ap->vz = ap->dz  + ap->fz/ap->mass*dtime*4.184e6;
        -:  684:	}
        -:  685:	}
    #####:  686:	imax = a_number();
call    0 never executed
    #####:  687:	ap = a_next(-1);
call    0 never executed
    #####:  688:	bp = ap;
    #####:  689:	for( i=0; i< imax; i++,ap = bp)
branch  0 never executed
branch  1 never executed
        -:  690:	{
    #####:  691:	bp = a_next(1);
call    0 never executed
    #####:  692:	if( ap->mass <= 0.) 
branch  0 never executed
branch  1 never executed
        -:  693:		{
    #####:  694:                get_bond(ap,bonded,10,&inbond);
call    0 never executed
    #####:  695:                        if( inbond >= 0)
branch  0 never executed
branch  1 never executed
        -:  696:                        {
    #####:  697:                        ap->vx = bonded[0]->vx;
    #####:  698:                        ap->vy = bonded[0]->vy;
    #####:  699:                        ap->vz = bonded[0]->vz;
        -:  700:                        }
        -:  701:		}
        -:  702:	}
        -:  703:/* update positions */
    #####:  704:	imax = a_number();
call    0 never executed
    #####:  705:	ap = a_next(-1);
call    0 never executed
    #####:  706:	bp = ap;
    #####:  707:	for( i=0; i< imax; i++,ap = bp)
branch  0 never executed
branch  1 never executed
        -:  708:	{
    #####:  709:	bp = a_next(1);
call    0 never executed
    #####:  710:		iflag = 1;
    #####:  711:		ap->x += .5*(ap->vx + ap->dx)*dtime;
    #####:  712:		ap->y += .5*(ap->vy + ap->dy)*dtime;
    #####:  713:		ap->z += .5*(ap->vz + ap->dz)*dtime;
        -:  714:	}
        -:  715:SKIP: ; /* if goto here we've had too large a step and used half steps */
        -:  716:		
        -:  717:	}/* end of istep loop */
    #####:  718:	return 1;
        -:  719:}
        -:  720:/* routine ppac( nstep,dtime)
        -:  721:*int ppac(forces,nforces, nstep,dtime,P)
        -:  722:*
        -:  723:* force the pressure to be constant
        -:  724:* use P = integral ( f . r )dV as 	
        -:  725:* the basis for a diffeomorphism
        -:  726:*   P => kP or Integral( kf.r)dV
        -:  727:*         to enforce pressure
        -:  728:*   r => r/k to enforce physical reality
        -:  729:*   may need to damp this.
        -:  730:*  
        -:  731:*
        -:  732:* perform nstep pac dynamics with dtime
        -:  733:*
        -:  734:* predict the path given current velocity
        -:  735:* integrate the force (simpson's rule)
        -:  736:*  predict the final velocity
        -:  737:*  update the position using trapezoidal correction
        -:  738:*  
        -:  739:*  ideally several cycles are good
        -:  740:*/
function _Z4ppacPPFifEiiff called 0 returned 0% blocks executed 0%
    #####:  741:int ppac(int (*forces[])(float), int nforces, int nstep, float dtime_real, float P)
        -:  742:{
        -:  743:	ATOM *ap,*bp,*a_next(int),*bonded[10];
        -:  744:	float p,Tp,R;
        -:  745:	float dtime,cx,cy,cz;
        -:  746:	float alpha;
        -:  747:	int inbond,iflag;
        -:  748:	int a_f_zero(),a_inc_v(float);
        -:  749:	int istep,iforces;
        -:  750:	int i,imax,a_number();
    #####:  751:	R = 1.987; /* kcal/mol/K */
        -:  752:
    #####:  753:	imax = a_number();
call    0 never executed
    #####:  754:	if( imax <= 0 )return 0;
branch  0 never executed
branch  1 never executed
    #####:  755:	for( istep = 0.; istep< nstep; istep++)
branch  0 never executed
branch  1 never executed
        -:  756:	{
        -:  757:
    #####:  758:	cx = 0.; cy = 0.; cz = 0.;	
        -:  759:/*  move the velocity vector into the displacment slot */
    #####:  760:	ap = a_next(-1);
call    0 never executed
    #####:  761:	bp = ap;
    #####:  762:	for( i=0; i< imax; i++,ap = bp)
branch  0 never executed
branch  1 never executed
        -:  763:	{
    #####:  764:	bp = a_next(1);
call    0 never executed
    #####:  765:	ap->dx = ap->vx;
    #####:  766:	ap->dy = ap->vy;
    #####:  767:	ap->dz = ap->vz;
    #####:  768:	cx += ap->x;
    #####:  769:	cy += ap->y;
    #####:  770:	cz += ap->z;
        -:  771:	}
    #####:  772:	cx /= imax;
    #####:  773:	cy /= imax;
    #####:  774:	cz /= imax;
        -:  775:
        -:  776:/* calculate the pressure */
        -:  777:
    #####:  778:	p = 0.;
    #####:  779:	Tp = 0.;
    #####:  780:	ap = a_next(-1);
call    0 never executed
    #####:  781:	bp = ap;
    #####:  782:	for( i=0; i< imax; i++,ap = bp)
branch  0 never executed
branch  1 never executed
        -:  783:	{
    #####:  784:		bp = a_next(1);
call    0 never executed
    #####:  785:		p += ap->vx*ap->vx*ap->mass;
    #####:  786:		p += ap->vy*ap->vy*ap->mass;
    #####:  787:		p += ap->vz*ap->vz*ap->mass;
    #####:  788:		Tp += (ap->x-cx)*(ap->x-cx);
    #####:  789:		Tp += (ap->y-cy)*(ap->y-cy);
    #####:  790:		Tp += (ap->z-cz)*(ap->z-cz);
        -:  791:	}
    #####:  792:	Tp = sqrt(Tp/imax);
    #####:  793:	Tp = 4*PI/3*Tp*Tp*Tp;
    #####:  794:  	p = p/imax/Tp*.5; /* now mks molar */
    #####:  795:	printf("P %f p %f Tp %f\n",P,p,Tp);
        -:  796:/* moment shift
        -:  797:	p = sqrt( P/p);
        -:  798:	dtime = dtime_real/p;
        -:  799:*/
    #####:  800:	dtime = dtime_real;
        -:  801:/* this is about the steepest volume correction which works !! 
        -:  802:  1. + .2/1.2 and 1 + .5/1.5 fail
        -:  803:*/
    #####:  804:	p = (1.+.1*pow( p/P, 1./3.))/1.1;
        -:  805:	
        -:  806:/* temporary kludge to understand problem */
    #####:  807:	ap = a_next(-1);
call    0 never executed
    #####:  808:	bp = ap;
    #####:  809:	for( i=0; i< imax; i++,ap = bp)
branch  0 never executed
branch  1 never executed
        -:  810:	{
    #####:  811:		bp = a_next(1);
call    0 never executed
        -:  812:/*
        -:  813:		ap->vx *= p;	
        -:  814:		ap->vy *= p;	
        -:  815:		ap->vz *= p;	
        -:  816:		ap->dx *= p;	
        -:  817:		ap->dy *= p;	
        -:  818:		ap->dz *= p;	
        -:  819:*/
        -:  820:
    #####:  821:		ap->x *= p;
    #####:  822:		ap->y *= p;
    #####:  823:		ap->z *= p;
        -:  824:	}
        -:  825:/*  find the force at the midpoint */
    #####:  826:	a_f_zero();
call    0 never executed
    #####:  827:	for( iforces=0;iforces<nforces; iforces++)
branch  0 never executed
branch  1 never executed
    #####:  828:		(*forces[iforces])( dtime/2.);
call    0 never executed
        -:  829:
        -:  830:/* update velocities */        
    #####:  831:	imax = a_number();
call    0 never executed
    #####:  832:	ap = a_next(-1);
call    0 never executed
    #####:  833:	bp = ap;
    #####:  834:	for( i=0; i< imax; i++,ap = bp)
branch  0 never executed
branch  1 never executed
        -:  835:	{
    #####:  836:	bp = a_next(1);
call    0 never executed
    #####:  837:	if( ap->mass > 0.) 
branch  0 never executed
branch  1 never executed
        -:  838:	{
    #####:  839:		ap->vx = ap->dx  + ap->fx/ap->mass*dtime*4.184e6;
    #####:  840:		ap->vy = ap->dy  + ap->fy/ap->mass*dtime*4.184e6;
    #####:  841:		ap->vz = ap->dz  + ap->fz/ap->mass*dtime*4.184e6;
        -:  842:	}
        -:  843:	}
    #####:  844:	imax = a_number();
call    0 never executed
    #####:  845:	ap = a_next(-1);
call    0 never executed
    #####:  846:	bp = ap;
    #####:  847:	for( i=0; i< imax; i++,ap = bp)
branch  0 never executed
branch  1 never executed
        -:  848:	{
    #####:  849:	bp = a_next(1);
call    0 never executed
    #####:  850:	if( ap->mass <= 0.) 
branch  0 never executed
branch  1 never executed
        -:  851:		{
    #####:  852:                get_bond(ap,bonded,10,&inbond);
call    0 never executed
    #####:  853:                        if( inbond >= 0)
branch  0 never executed
branch  1 never executed
        -:  854:                        {
    #####:  855:                        ap->vx = bonded[0]->vx;
    #####:  856:                        ap->vy = bonded[0]->vy;
    #####:  857:                        ap->vz = bonded[0]->vz;
        -:  858:                        }
        -:  859:		}
        -:  860:	}
        -:  861:/* update positions */
    #####:  862:	imax = a_number();
call    0 never executed
    #####:  863:	ap = a_next(-1);
call    0 never executed
    #####:  864:	bp = ap;
    #####:  865:	for( i=0; i< imax; i++,ap = bp)
branch  0 never executed
branch  1 never executed
        -:  866:	{
    #####:  867:	bp = a_next(1);
call    0 never executed
    #####:  868:		iflag = 1;
    #####:  869:		ap->x += .5*(ap->vx + ap->dx)*dtime;
    #####:  870:		ap->y += .5*(ap->vy + ap->dy)*dtime;
    #####:  871:		ap->z += .5*(ap->vz + ap->dz)*dtime;
        -:  872:	}
        -:  873:		
        -:  874:	}/* end of istep loop */
    #####:  875:	return 1;
        -:  876:}
        -:  877:/* routine ptpac( nstep,dtime)
        -:  878:*int ptpac(forces,nforces, nstep,dtime,P,T)
        -:  879:*
        -:  880:* force the pressure to be constant
        -:  881:*  
        -:  882:*
        -:  883:* perform nstep pac dynamics with dtime
        -:  884:*
        -:  885:* predict the path given current velocity
        -:  886:* integrate the force (simpson's rule)
        -:  887:*  predict the final velocity
        -:  888:*  update the position using trapezoidal correction
        -:  889:*  
        -:  890:*  ideally several cycles are good
        -:  891:*/
function _Z5ptpacPPFifEiifff called 0 returned 0% blocks executed 0%
    #####:  892:int ptpac(int (*forces[])(float), int nforces, int nstep, float dtime_real, float P, float T)
        -:  893:{
        -:  894:	ATOM *ap,*bp,*a_next(int),*bonded[10];
        -:  895:	float p,Tp,R;
        -:  896:	float Tk;
        -:  897:	float dtime,cx,cy,cz;
        -:  898:	float alpha;
        -:  899:	int inbond,iflag;
        -:  900:	int a_f_zero(),a_inc_v(float);
        -:  901:	int istep,iforces;
        -:  902:	int i,imax,a_number();
    #####:  903:	R = 1.987; /* kcal/mol/K */
        -:  904:
    #####:  905:	imax = a_number();
call    0 never executed
    #####:  906:	if( imax <= 0 )return 0;
branch  0 never executed
branch  1 never executed
    #####:  907:	for( istep = 0.; istep< nstep; istep++)
branch  0 never executed
branch  1 never executed
        -:  908:	{
        -:  909:
    #####:  910:	cx = 0.; cy = 0.; cz = 0.;	
        -:  911:/*  move the velocity vector into the displacment slot */
    #####:  912:	ap = a_next(-1);
call    0 never executed
    #####:  913:	bp = ap;
    #####:  914:	for( i=0; i< imax; i++,ap = bp)
branch  0 never executed
branch  1 never executed
        -:  915:	{
    #####:  916:	bp = a_next(1);
call    0 never executed
    #####:  917:	ap->dx = ap->vx;
    #####:  918:	ap->dy = ap->vy;
    #####:  919:	ap->dz = ap->vz;
    #####:  920:	cx += ap->x;
    #####:  921:	cy += ap->y;
    #####:  922:	cz += ap->z;
        -:  923:	}
    #####:  924:	cx /= imax;
    #####:  925:	cy /= imax;
    #####:  926:	cz /= imax;
        -:  927:
        -:  928:/* calculate the pressure */
        -:  929:
    #####:  930:	p = 0.;
    #####:  931:	Tp = 0.;
    #####:  932:	ap = a_next(-1);
call    0 never executed
    #####:  933:	bp = ap;
    #####:  934:	for( i=0; i< imax; i++,ap = bp)
branch  0 never executed
branch  1 never executed
        -:  935:	{
    #####:  936:		bp = a_next(1);
call    0 never executed
    #####:  937:		p += ap->vx*ap->vx*ap->mass;
    #####:  938:		p += ap->vy*ap->vy*ap->mass;
    #####:  939:		p += ap->vz*ap->vz*ap->mass;
    #####:  940:		Tp += (ap->x-cx)*(ap->x-cx);
    #####:  941:		Tp += (ap->y-cy)*(ap->y-cy);
    #####:  942:		Tp += (ap->z-cz)*(ap->z-cz);
        -:  943:	}
    #####:  944:	Tp = sqrt(Tp/imax);
    #####:  945:	Tp = 4*PI/3*Tp*Tp*Tp;
    #####:  946:	Tk = 3*imax*R*4.184*1000;
    #####:  947:	Tk = p/Tk;  /* Tk is now the temperature */
    #####:  948:	if( Tk < 1.e-5) Tk = 1.;
branch  0 never executed
branch  1 never executed
    #####:  949:  	p = p/imax/Tp*.5; /* now mks molar  ( kilopascal's because of grams)*/
    #####:  950:	printf("P %f p %f Tp %f\n",P,p,Tp);
        -:  951:/* momentum shift */
    #####:  952:	Tk = sqrt(T/Tk);
    #####:  953:	dtime = dtime_real/Tk;
        -:  954:/* 0.00002 is 2fs, this is near the limit so don't use it */
    #####:  955:	if( dtime > 0.000020 ){
branch  0 never executed
branch  1 never executed
    #####:  956:		ptpac(forces,nforces,1,dtime_real*0.5,P,T); 
call    0 never executed
    #####:  957:		ptpac(forces,nforces,1,dtime_real*0.5,P,T); 
call    0 never executed
    #####:  958:		goto SKIP;
        -:  959:			}
        -:  960:/* this is about the steepest volume correction which works !! 
        -:  961:  1. + .2/1.2 and 1 + .5/1.5 fail
        -:  962:also checked that the current 'pressure' is the best to use
        -:  963:for stable running  
        -:  964:*/
    #####:  965:	p = (1.+.1*pow( p/P, 1./3.))/1.1;
        -:  966:	
        -:  967:/* temporary kludge to understand problem */
    #####:  968:	ap = a_next(-1);
call    0 never executed
    #####:  969:	bp = ap;
    #####:  970:	for( i=0; i< imax; i++,ap = bp)
branch  0 never executed
branch  1 never executed
        -:  971:	{
    #####:  972:		bp = a_next(1);
call    0 never executed
    #####:  973:		ap->vx *= Tk;	
    #####:  974:		ap->vy *= Tk;	
    #####:  975:		ap->vz *= Tk;	
    #####:  976:		ap->dx *= Tk;	
    #####:  977:		ap->dy *= Tk;	
    #####:  978:		ap->dz *= Tk;	
        -:  979:
    #####:  980:		ap->x *= p;
    #####:  981:		ap->y *= p;
    #####:  982:		ap->z *= p;
        -:  983:	}
        -:  984:/*  find the force at the midpoint */
    #####:  985:	a_f_zero();
call    0 never executed
    #####:  986:	for( iforces=0;iforces<nforces; iforces++)
branch  0 never executed
branch  1 never executed
    #####:  987:		(*forces[iforces])( dtime/2.);
call    0 never executed
        -:  988:
        -:  989:/* update velocities */        
    #####:  990:	imax = a_number();
call    0 never executed
    #####:  991:	ap = a_next(-1);
call    0 never executed
    #####:  992:	bp = ap;
    #####:  993:	for( i=0; i< imax; i++,ap = bp)
branch  0 never executed
branch  1 never executed
        -:  994:	{
    #####:  995:	bp = a_next(1);
call    0 never executed
    #####:  996:	if( ap->mass > 0.) 
branch  0 never executed
branch  1 never executed
        -:  997:	{
    #####:  998:		ap->vx = ap->dx  + ap->fx/ap->mass*dtime*4.184e6;
    #####:  999:		ap->vy = ap->dy  + ap->fy/ap->mass*dtime*4.184e6;
    #####: 1000:		ap->vz = ap->dz  + ap->fz/ap->mass*dtime*4.184e6;
        -: 1001:	}
        -: 1002:	}
    #####: 1003:	imax = a_number();
call    0 never executed
    #####: 1004:	ap = a_next(-1);
call    0 never executed
    #####: 1005:	bp = ap;
    #####: 1006:	for( i=0; i< imax; i++,ap = bp)
branch  0 never executed
branch  1 never executed
        -: 1007:	{
    #####: 1008:	bp = a_next(1);
call    0 never executed
    #####: 1009:	if( ap->mass <= 0.) 
branch  0 never executed
branch  1 never executed
        -: 1010:		{
    #####: 1011:                get_bond(ap,bonded,10,&inbond);
call    0 never executed
    #####: 1012:                        if( inbond >= 0)
branch  0 never executed
branch  1 never executed
        -: 1013:                        {
    #####: 1014:                        ap->vx = bonded[0]->vx;
    #####: 1015:                        ap->vy = bonded[0]->vy;
    #####: 1016:                        ap->vz = bonded[0]->vz;
        -: 1017:                        }
        -: 1018:		}
        -: 1019:	}
        -: 1020:/* update positions */
    #####: 1021:	imax = a_number();
call    0 never executed
    #####: 1022:	ap = a_next(-1);
call    0 never executed
    #####: 1023:	bp = ap;
    #####: 1024:	for( i=0; i< imax; i++,ap = bp)
branch  0 never executed
branch  1 never executed
        -: 1025:	{
    #####: 1026:	bp = a_next(1);
call    0 never executed
    #####: 1027:		iflag = 1;
    #####: 1028:		ap->x += .5*(ap->vx + ap->dx)*dtime;
    #####: 1029:		ap->y += .5*(ap->vy + ap->dy)*dtime;
    #####: 1030:		ap->z += .5*(ap->vz + ap->dz)*dtime;
        -: 1031:	}
        -: 1032:		
        -: 1033:SKIP: ; /* if goto here we've had too large a step and used half steps */
        -: 1034:	}/* end of istep loop */
    #####: 1035:	return 1;
        -: 1036:}
        -: 1037:
        -: 1038:
        -: 1039:
        -: 1040:/* rectmm.c
        -: 1041:*
        -: 1042:* integrated multipole method with the amortized
        -: 1043:* standard nonbonded program.
        -: 1044:*  rectangular multipole expansion to the r^-6 order (5th order expansion)
        -: 1045:*
        -: 1046:*  from Eyges "The Classical Electromagnetic Field"
        -: 1047:*  note that we use the oposite convention for sign of
        -: 1048:*  expansion so use + for all the cumulants, while he uses
        -: 1049:*   -1^n.   This is solely due to choice of origin and for
        -: 1050:*   other applications (rxn feild ) the -1^n is correct.
        -: 1051:*
        -: 1052:*
        -: 1053:* collection of routines to service nonbonded potentials
        -: 1054:*
        -: 1055:* POOP (Poor-mans Object Oriented Programming) using scope rules
        -: 1056:*
        -: 1057:* the routines for potential value, force and (eventually) second
        -: 1058:* derivatives are here also
        -: 1059:*
        -: 1060:* force and 2nd derivative routines assume zero'd arrays for output
        -: 1061:* this allows for parralellization if needed (on a PC?)
        -: 1062:*
        -: 1063:* forces are symmetric - so we don't have to mess around with
        -: 1064:* s matrices and the like.
        -: 1065:*
        -: 1066:* note that the non-bonded information is in the ATOM structures 
        -: 1067:*
        -: 1068:*
        -: 1069:* attempts at vectorization
        -: 1070:*/
        -: 1071:/*
        -: 1072:*  copyright 1992, 1993, 1994, 1995 Robert W. Harrison
        -: 1073:*  
        -: 1074:*  This notice may not be removed
        -: 1075:*  This program may be copied for scientific use
        -: 1076:*  It may not be sold for profit without explicit
        -: 1077:*  permission of the author(s) who retain any
        -: 1078:*  commercial rights including the right to modify 
        -: 1079:*  this notice
        -: 1080:*/
        -: 1081:/* ATOM structure contains a serial number for indexing into
        -: 1082:* arrays and the like (a Hessian)
        -: 1083:* but otherwise is self-contained. Note the hooks for Non-nonboned potentials
        -: 1084:*/
        -: 1085:
        -: 1086:/*
        -: 1087:#define FOURTH
        -: 1088:#define  FIFTH
        -: 1089:#ifdef FIFTH
        -: 1090:#define FOURTH
        -: 1091:#endif
        -: 1092:*/
        -: 1093:
function _Z19mm_fv_update_nonbonf called 0 returned 0% blocks executed 0%
    #####: 1094:int mm_fv_update_nonbon(float lambda)
        -: 1095:{
        -: 1096:	float r,r0,xt,yt,zt;
        -: 1097:	float xt2,xt3,xt4,yt2,yt3,yt4,zt2,zt3,zt4;
        -: 1098:	float k,k1,k2,k3,k4,k5;
        -: 1099:	float ka2,ka3;
        -: 1100:	float kb2,kb3;
        -: 1101:	float c1,c2,c3,c4,c5; /* constants for the mm expansion */
        -: 1102:	float get_f_variable(char*);
        -: 1103:	int inbond,inangle,i;
        -: 1104:	ATOM *ap,*a1,*a2,*bonded[10],*angled[10];
        -: 1105:	ATOM *a_next(int); /* returns first ATOM when called with -1 */
        -: 1106:	int a_number();
        -: 1107:	int ii,j,jj,imax,inclose;
        -: 1108:	float (*vector)[];
        -: 1109:/* */
        -: 1110:	ATOM *close[NCLOSE],*(*atomall)[];
        -: 1111:	float mxdq,dielectric,mxcut; 
        -: 1112:	float mmbox;
        -: 1113:	float xmax,xmin,ymax,ymin,zmax,zmin;
        -: 1114:	int nx,ny,nz;
        -: 1115:	int ix,iy,iz,inode;
        -: 1116:	int naybor[27];
        -: 1117:	char line[80];
        -: 1118:	MMNODE (*nodelist)[];
        -: 1119:	MMATOM (*atomlist)[];
        -: 1120:
        -: 1121:
    #####: 1122:	mmbox = get_f_variable("mmbox");
call    0 never executed
    #####: 1123:	mxcut = get_f_variable("mxcut");
call    0 never executed
    #####: 1124:	if( mxcut < 0.) mxcut= 5.;
branch  0 never executed
branch  1 never executed
        -: 1125:
    #####: 1126:	dielectric = get_f_variable("dielec");
call    0 never executed
    #####: 1127:	if( dielectric <= 0.) dielectric = 1.;
branch  0 never executed
branch  1 never executed
    #####: 1128:	dielectric = 332.17752/dielectric;
        -: 1129:	
        -: 1130:/*  get the number of atoms and allocate the memory for the array space */
    #####: 1131:	i = a_number();
call    0 never executed
    #####: 1132:	vector = (float (*)[])  malloc( 4*i*sizeof(float) );
    #####: 1133:	if( vector == NULL) 
branch  0 never executed
branch  1 never executed
    #####: 1134:	{ aaerror("cannot allocate memory in mm_fv_update\n"); return 0;}
call    0 never executed
    #####: 1135:	atomall = (ATOM*(*)[]) malloc( i*sizeof(ATOM *) );
    #####: 1136:	if( atomall == NULL)
branch  0 never executed
branch  1 never executed
    #####: 1137:	{aaerror("cannot allocate memory in mm_fv_update\n"); return 0;}
call    0 never executed
    #####: 1138:	atomlist = (MMATOM (*)[]) malloc( i * sizeof( MMATOM ));
    #####: 1139:	if( atomlist == NULL)
branch  0 never executed
branch  1 never executed
    #####: 1140:	{ aaerror("cannot allocate memory in mm_fv_update\n"); return 0;}
call    0 never executed
        -: 1141:
    #####: 1142:	imax = a_number();
call    0 never executed
    #####: 1143:	jj = imax;
        -: 1144:
    #####: 1145:	for( i=0; i< imax; i++)
branch  0 never executed
branch  1 never executed
        -: 1146:	{
    #####: 1147:		(*atomall)[i] = a_next(i);
call    0 never executed
    #####: 1148:		(*atomlist)[i].who = (*atomall)[i];
        -: 1149:	}
        -: 1150:/* first check if anyone's moved and update the lists */
        -: 1151:/* note that this must be a look-ahead rather than
        -: 1152:*  look back search because
        -: 1153:* we cannot update ->px until we've used that atom !!! */
    #####: 1154:	for( ii=0; ii< imax; ii++)
branch  0 never executed
branch  1 never executed
        -: 1155:	{
    #####: 1156:        a1 = (*atomall)[ii];
    #####: 1157:	j = ii*4;
    #####: 1158:        (*vector)[j] = a1->dx*lambda +a1->x ;
    #####: 1159:        (*vector)[j+1] = a1->dy*lambda +a1->y;
    #####: 1160:        (*vector)[j+2] = a1->dz*lambda +a1->z;
        -: 1161:	}
        -: 1162:/* determine the bounds of box which surrounds all of the atoms */
    #####: 1163:	xmax = -10e10;
    #####: 1164:	ymax = -10e10;
    #####: 1165:	zmax = -10e10;
    #####: 1166:	xmin =  10e10;
    #####: 1167:	ymin =  10e10;
    #####: 1168:	zmin =  10e10;
    #####: 1169:	for( ii= 0; ii< imax; ii++)
branch  0 never executed
branch  1 never executed
        -: 1170:	{
    #####: 1171:		j = ii*4;
    #####: 1172:	  if( xmax < (*vector)[j] ) xmax = (*vector)[j];
branch  0 never executed
branch  1 never executed
    #####: 1173:	  if( ymax < (*vector)[j+1] ) ymax = (*vector)[j+1];
branch  0 never executed
branch  1 never executed
    #####: 1174:	  if( zmax < (*vector)[j+2] ) zmax = (*vector)[j+2];
branch  0 never executed
branch  1 never executed
    #####: 1175:	  if( xmin > (*vector)[j] ) xmin = (*vector)[j];
branch  0 never executed
branch  1 never executed
    #####: 1176:	  if( ymin > (*vector)[j+1] ) ymin = (*vector)[j+1];
branch  0 never executed
branch  1 never executed
    #####: 1177:	  if( zmin > (*vector)[j+2] ) zmin = (*vector)[j+2];
branch  0 never executed
branch  1 never executed
        -: 1178:	  }
    #####: 1179:	nx = (xmax - xmin)/mmbox + 1 ;
    #####: 1180:	ny = (ymax - ymin)/mmbox + 1 ;
    #####: 1181:	nz = (zmax - zmin)/mmbox + 1 ;
        -: 1182:
        -: 1183:/* DEBUG	
        -: 1184:	sprintf(line,"before allocation mmbox %f nx %d ny %d nz %d \n",mmbox,nx,ny,nz);
        -: 1185:	aaerror( line);
        -: 1186:	sprintf(line," xmin xmax %f %f ymin ymax %f %f zmin zmax %f %f\n",
        -: 1187:	xmin,xmax,ymin,ymax,zmin,zmax);
        -: 1188:	aaerror( line);
        -: 1189:end of DEBUG */
        -: 1190:
        -: 1191:/* now try to malloc the mmnodes */
    #####: 1192:	nodelist = (MMNODE (*)[]) malloc( nx*ny*nz * sizeof( MMNODE ));
    #####: 1193:	if( nodelist == NULL)
branch  0 never executed
branch  1 never executed
    #####: 1194:	{ aaerror("cannot allocate node memory in mm_fv_update (doubling grid )\n"); 
call    0 never executed
    #####: 1195:	sprintf(line,"mmbox %f nx %d ny %d nz %d ",mmbox,nx,ny,nz);
    #####: 1196:	aaerror( line);
call    0 never executed
        -: 1197:	sprintf(line," xmin xmax %f %f ymin ymax %f %f zmin zmax %f %f",
    #####: 1198:	xmin,xmax,ymin,ymax,zmin,zmax);
    #####: 1199:	aaerror( line);
call    0 never executed
    #####: 1200:	mmbox = mmbox *2;
    #####: 1201:	set_f_variable( "mmbox",mmbox);
call    0 never executed
    #####: 1202:	nx = (xmax - xmin)/mmbox + 1;
    #####: 1203:	ny = (ymax - ymin)/mmbox + 1;
    #####: 1204:	nz = (zmax - zmin)/mmbox + 1;
    #####: 1205:	nodelist = (MMNODE(*)[])malloc( nx*ny*nz * sizeof( MMNODE ));
    #####: 1206:	if( nodelist == NULL)
branch  0 never executed
branch  1 never executed
    #####: 1207:	{ aaerror("cannot allocate node memory in mm_fv_update (cannot do it)\n"); return 0; }
call    0 never executed
        -: 1208:	}
    #####: 1209:	for( ix=0; ix< nx; ix++)
branch  0 never executed
branch  1 never executed
    #####: 1210:	for( iy=0; iy< ny; iy++)
branch  0 never executed
branch  1 never executed
    #####: 1211:	for( iz=0; iz< nz; iz++)
branch  0 never executed
branch  1 never executed
        -: 1212:	{
    #####: 1213:	inode = ((iz*ny)+iy)*nx + ix;
    #####: 1214:	(*nodelist)[inode].xc = ix*mmbox + .5*mmbox + xmin;
    #####: 1215:	(*nodelist)[inode].yc = iy*mmbox + .5*mmbox + ymin;
    #####: 1216:	(*nodelist)[inode].zc = iz*mmbox + .5*mmbox + zmin;
        -: 1217:	}
    #####: 1218:	for( ii=0; ii < nx*ny*nz; ii++)
branch  0 never executed
branch  1 never executed
        -: 1219:	{
    #####: 1220:	(*nodelist)[ii].sqp = 0.;
    #####: 1221:	(*nodelist)[ii].sa = 0.;
    #####: 1222:	(*nodelist)[ii].xa = 0.;
    #####: 1223:	(*nodelist)[ii].ya = 0.;
    #####: 1224:	(*nodelist)[ii].za = 0.;
    #####: 1225:	(*nodelist)[ii].q100 = 0.;
    #####: 1226:	(*nodelist)[ii].q010 = 0.;
    #####: 1227:	(*nodelist)[ii].q001 = 0.;
    #####: 1228:	(*nodelist)[ii].q200 = 0.;
    #####: 1229:	(*nodelist)[ii].q020 = 0.;
    #####: 1230:	(*nodelist)[ii].q002 = 0.;
    #####: 1231:	(*nodelist)[ii].q101 = 0.;
    #####: 1232:	(*nodelist)[ii].q110 = 0.;
    #####: 1233:	(*nodelist)[ii].q011 = 0.;
    #####: 1234:	(*nodelist)[ii].q300 = 0.;
    #####: 1235:	(*nodelist)[ii].q030 = 0.;
    #####: 1236:	(*nodelist)[ii].q003 = 0.;
    #####: 1237:	(*nodelist)[ii].q210 = 0.;
    #####: 1238:	(*nodelist)[ii].q120 = 0.;
    #####: 1239:	(*nodelist)[ii].q201 = 0.;
    #####: 1240:	(*nodelist)[ii].q102 = 0.;
    #####: 1241:	(*nodelist)[ii].q021 = 0.;
    #####: 1242:	(*nodelist)[ii].q012 = 0.;
    #####: 1243:	(*nodelist)[ii].q111 = 0.;
        -: 1244:#ifdef FOURTH
        -: 1245:	(*nodelist)[ii].q400 = 0.;
        -: 1246:	(*nodelist)[ii].q040 = 0.;
        -: 1247:	(*nodelist)[ii].q004 = 0.;
        -: 1248:	(*nodelist)[ii].q310 = 0.;
        -: 1249:	(*nodelist)[ii].q130 = 0.;
        -: 1250:	(*nodelist)[ii].q301 = 0.;
        -: 1251:	(*nodelist)[ii].q103 = 0.;
        -: 1252:	(*nodelist)[ii].q031 = 0.;
        -: 1253:	(*nodelist)[ii].q013 = 0.;
        -: 1254:	(*nodelist)[ii].q220 = 0.;
        -: 1255:	(*nodelist)[ii].q202 = 0.;
        -: 1256:	(*nodelist)[ii].q022 = 0.;
        -: 1257:	(*nodelist)[ii].q211 = 0.;
        -: 1258:	(*nodelist)[ii].q121 = 0.;
        -: 1259:	(*nodelist)[ii].q112 = 0.;
        -: 1260:#endif
        -: 1261:#ifdef FIFTH
        -: 1262:	(*nodelist)[ii].q500 = 0.;
        -: 1263:	(*nodelist)[ii].q050 = 0.;
        -: 1264:	(*nodelist)[ii].q005 = 0.;
        -: 1265:	(*nodelist)[ii].q410 = 0.;
        -: 1266:	(*nodelist)[ii].q140 = 0.;
        -: 1267:	(*nodelist)[ii].q401 = 0.;
        -: 1268:	(*nodelist)[ii].q104 = 0.;
        -: 1269:	(*nodelist)[ii].q041 = 0.;
        -: 1270:	(*nodelist)[ii].q014 = 0.;
        -: 1271:	(*nodelist)[ii].q320 = 0.;
        -: 1272:	(*nodelist)[ii].q230 = 0.;
        -: 1273:	(*nodelist)[ii].q302 = 0.;
        -: 1274:	(*nodelist)[ii].q203 = 0.;
        -: 1275:	(*nodelist)[ii].q032 = 0.;
        -: 1276:	(*nodelist)[ii].q023 = 0.;
        -: 1277:	(*nodelist)[ii].q221 = 0.;
        -: 1278:	(*nodelist)[ii].q212 = 0.;
        -: 1279:	(*nodelist)[ii].q122 = 0.;
        -: 1280:	(*nodelist)[ii].q311 = 0.;
        -: 1281:	(*nodelist)[ii].q131 = 0.;
        -: 1282:	(*nodelist)[ii].q113 = 0.;
        -: 1283:#endif
    #####: 1284:	(*nodelist)[ii].first = -1;
    #####: 1285:	(*nodelist)[ii].last = -1;
    #####: 1286:	(*nodelist)[ii].innode = 0;
        -: 1287:	}
        -: 1288:/* now decide for each atom who he belongs to */	
    #####: 1289:	for( ii=0; ii< imax; ii++)
branch  0 never executed
branch  1 never executed
        -: 1290:	{
    #####: 1291:	j = ii*4;
    #####: 1292:	ix = ((*vector)[j] - xmin )/mmbox;
    #####: 1293:	iy = ((*vector)[j+1] - ymin )/mmbox;
    #####: 1294:	iz = ((*vector)[j+2] - zmin )/mmbox;
    #####: 1295:	inode = ((iz*ny)+iy)*nx + ix;
    #####: 1296:	(*atomlist)[ii].which = inode;
        -: 1297:/* DEBUG
        -: 1298:	printf(" error %f %f %f %d %d %d %d\n",
        -: 1299:		(*vector)[j],(*vector)[j+1],(*vector)[j+2],ix,iy,iz,inode);
        -: 1300:
        -: 1301:ENDDEBUG */
        -: 1302:	}
        -: 1303:/* and generate the links */ 
    #####: 1304:	for( inode = 0; inode < nx*ny*nz; inode++)
branch  0 never executed
branch  1 never executed
        -: 1305:	{
        -: 1306:	/* first find the first atom which belongs to me */
    #####: 1307:	for( ii = 0; ii< imax; ii++)
branch  0 never executed
branch  1 never executed
        -: 1308:	{
    #####: 1309:		if( (*atomlist)[ii].which == inode)
branch  0 never executed
branch  1 never executed
        -: 1310:		{
    #####: 1311:		(*nodelist)[inode].first = ii;
    #####: 1312:		(*nodelist)[inode].last = ii;
    #####: 1313:		(*nodelist)[inode].innode += 1;
    #####: 1314:		ap = (*atomlist)[ii].who;
    #####: 1315:		break;
        -: 1316:		}
        -: 1317:	}
        -: 1318:	/* only if i'm not null */
    #####: 1319:	if( ii != imax )
branch  0 never executed
branch  1 never executed
        -: 1320:	{
    #####: 1321:	for( ii= (*nodelist)[inode].first; ii < imax; ii++)
branch  0 never executed
branch  1 never executed
        -: 1322:	{
    #####: 1323:		if( (*atomlist)[ii].which == inode)
branch  0 never executed
branch  1 never executed
        -: 1324:		{
    #####: 1325:		(*atomlist)[(*nodelist)[inode].last].next  = ii;
    #####: 1326:		(*nodelist)[inode].last = ii;
    #####: 1327:		(*nodelist)[inode].innode += 1;
    #####: 1328:		ap = (*atomlist)[ii].who;
    #####: 1329:		xt = ap->x + lambda*ap->dx - (*nodelist)[inode].xc;
    #####: 1330:		yt = ap->y + lambda*ap->dy - (*nodelist)[inode].yc;
    #####: 1331:		zt = ap->z + lambda*ap->dz - (*nodelist)[inode].zc;
    #####: 1332:		(*nodelist)[inode].sqp +=  ap->q;
    #####: 1333:		(*nodelist)[inode].sa +=  ap->a;
    #####: 1334:		(*nodelist)[inode].xa +=  ap->a*xt;
    #####: 1335:		(*nodelist)[inode].ya +=  ap->a*yt;
    #####: 1336:		(*nodelist)[inode].za +=  ap->a*zt;
    #####: 1337:		xt2 = xt*xt;
    #####: 1338:		xt3 = xt2*xt;
    #####: 1339:		xt4 = xt3*xt;
    #####: 1340:		yt2 = yt*yt;
    #####: 1341:		yt3 = yt2*yt;
    #####: 1342:		yt4 = yt3*yt;
    #####: 1343:		zt2 = zt*zt;
    #####: 1344:		zt3 = zt2*zt;
    #####: 1345:		zt4 = zt3*zt;
    #####: 1346:	(*nodelist)[inode].q100 += ap->q*xt;
    #####: 1347:	(*nodelist)[inode].q010 += ap->q*yt;
    #####: 1348:	(*nodelist)[inode].q001 += ap->q*zt;
    #####: 1349:	(*nodelist)[inode].q200 += ap->q*xt2;
    #####: 1350:	(*nodelist)[inode].q020 += ap->q*yt2;
    #####: 1351:	(*nodelist)[inode].q002 += ap->q*zt2;
    #####: 1352:	(*nodelist)[inode].q101 += ap->q*xt*zt;
    #####: 1353:	(*nodelist)[inode].q110 += ap->q*xt*yt;
    #####: 1354:	(*nodelist)[inode].q011 += ap->q*yt*zt;
    #####: 1355:	(*nodelist)[inode].q300 += ap->q*xt3;
    #####: 1356:	(*nodelist)[inode].q030 += ap->q*yt3;
    #####: 1357:	(*nodelist)[inode].q003 += ap->q*zt3;
    #####: 1358:	(*nodelist)[inode].q210 += ap->q*xt2*yt;
    #####: 1359:	(*nodelist)[inode].q120 += ap->q*xt*yt2;
    #####: 1360:	(*nodelist)[inode].q201 += ap->q*xt2*zt;
    #####: 1361:	(*nodelist)[inode].q102 += ap->q*xt*zt2;
    #####: 1362:	(*nodelist)[inode].q021 += ap->q*yt2*zt;
    #####: 1363:	(*nodelist)[inode].q012 += ap->q*yt*zt2;
    #####: 1364:	(*nodelist)[inode].q111 += ap->q*xt*yt*zt;
        -: 1365:#ifdef FOURTH
        -: 1366:	(*nodelist)[inode].q400 += ap->q*xt4;
        -: 1367:	(*nodelist)[inode].q040 += ap->q*yt4;
        -: 1368:	(*nodelist)[inode].q004 += ap->q*zt4;
        -: 1369:	(*nodelist)[inode].q310 += ap->q*xt3*yt;
        -: 1370:	(*nodelist)[inode].q130 += ap->q*xt*yt3;
        -: 1371:	(*nodelist)[inode].q301 += ap->q*xt3*zt;
        -: 1372:	(*nodelist)[inode].q103 += ap->q*xt*zt3;
        -: 1373:	(*nodelist)[inode].q031 += ap->q*yt3*zt;
        -: 1374:	(*nodelist)[inode].q013 += ap->q*yt*zt3;
        -: 1375:	(*nodelist)[inode].q220 += ap->q*xt2*yt2;
        -: 1376:	(*nodelist)[inode].q202 += ap->q*xt2*zt2;
        -: 1377:	(*nodelist)[inode].q022 += ap->q*yt2*zt2;
        -: 1378:	(*nodelist)[inode].q211 += ap->q*xt2*yt*zt;
        -: 1379:	(*nodelist)[inode].q121 += ap->q*xt*yt2*zt;
        -: 1380:	(*nodelist)[inode].q112 += ap->q*xt*yt*zt2;
        -: 1381:#endif
        -: 1382:#ifdef FIFTH
        -: 1383:	(*nodelist)[inode].q500 += ap->q*xt4*xt;
        -: 1384:	(*nodelist)[inode].q050 += ap->q*yt4*yt;
        -: 1385:	(*nodelist)[inode].q005 += ap->q*zt4*zt;
        -: 1386:	(*nodelist)[inode].q410 += ap->q*xt4*yt;
        -: 1387:	(*nodelist)[inode].q140 += ap->q*yt4*xt;
        -: 1388:	(*nodelist)[inode].q401 += ap->q*xt4*zt;
        -: 1389:	(*nodelist)[inode].q104 += ap->q*zt4*xt;
        -: 1390:	(*nodelist)[inode].q041 += ap->q*yt4*zt;
        -: 1391:	(*nodelist)[inode].q014 += ap->q*zt4*yt;
        -: 1392:	(*nodelist)[inode].q320 += ap->q*xt3*yt2;
        -: 1393:	(*nodelist)[inode].q230 += ap->q*yt3*xt2;
        -: 1394:	(*nodelist)[inode].q302 += ap->q*xt3*zt2;
        -: 1395:	(*nodelist)[inode].q203 += ap->q*zt3*xt2;
        -: 1396:	(*nodelist)[inode].q032 += ap->q*yt3*zt2;
        -: 1397:	(*nodelist)[inode].q023 += ap->q*zt3*yt2;
        -: 1398:	(*nodelist)[inode].q221 += ap->q*xt2*yt2*zt;
        -: 1399:	(*nodelist)[inode].q212 += ap->q*xt2*yt*zt2;
        -: 1400:	(*nodelist)[inode].q122 += ap->q*xt*yt2*zt2;
        -: 1401:	(*nodelist)[inode].q311 += ap->q*xt3*yt*zt;
        -: 1402:	(*nodelist)[inode].q131 += ap->q*xt*yt3*zt;
        -: 1403:	(*nodelist)[inode].q113 += ap->q*xt*yt*zt3;
        -: 1404:#endif
        -: 1405:		}
        -: 1406:	}/* ii */
        -: 1407:	}/* checking if ii != imax */
        -: 1408:	}/* inode */
        -: 1409:/* and now (almost done with the MM setup)
        -: 1410:* normalize the accumulated nodal data */
        -: 1411:	/* multiplied by .5 to correct for double counting */
    #####: 1412:	k = dielectric *.5;
    #####: 1413:	xt = .5/3.;
    #####: 1414:	yt = xt/4.;
    #####: 1415:	zt = yt/5.;
    #####: 1416:	for( ii = 0; ii < nx*ny*nz; ii ++)
branch  0 never executed
branch  1 never executed
        -: 1417:	{
    #####: 1418:	(*nodelist)[ii].sqp *= k;
    #####: 1419:	(*nodelist)[ii].q100 *= k;
    #####: 1420:	(*nodelist)[ii].q010 *= k;
    #####: 1421:	(*nodelist)[ii].q001 *= k;
    #####: 1422:	(*nodelist)[ii].q200 *= .5*k;
    #####: 1423:	(*nodelist)[ii].q020 *= .5*k;
    #####: 1424:	(*nodelist)[ii].q002 *= .5*k;
    #####: 1425:	(*nodelist)[ii].q101 *= k;
    #####: 1426:	(*nodelist)[ii].q110 *= k;
    #####: 1427:	(*nodelist)[ii].q011 *= k;
    #####: 1428:	(*nodelist)[ii].q300 *= xt*k;
    #####: 1429:	(*nodelist)[ii].q030 *= xt*k;
    #####: 1430:	(*nodelist)[ii].q003 *= xt*k;
    #####: 1431:	(*nodelist)[ii].q210 *= 0.5*k;
    #####: 1432:	(*nodelist)[ii].q120 *= 0.5*k;
    #####: 1433:	(*nodelist)[ii].q201 *= 0.5*k;
    #####: 1434:	(*nodelist)[ii].q102 *= 0.5*k;
    #####: 1435:	(*nodelist)[ii].q021 *= 0.5*k;
    #####: 1436:	(*nodelist)[ii].q012 *= 0.5*k;
    #####: 1437:	(*nodelist)[ii].q111 *= k;
        -: 1438:#ifdef FOURTH
        -: 1439:	(*nodelist)[ii].q400 *= yt*k;
        -: 1440:	(*nodelist)[ii].q040 *= yt*k;
        -: 1441:	(*nodelist)[ii].q004 *= yt*k;
        -: 1442:	(*nodelist)[ii].q310 *= xt*k;
        -: 1443:	(*nodelist)[ii].q130 *= xt*k;
        -: 1444:	(*nodelist)[ii].q301 *= xt*k;
        -: 1445:	(*nodelist)[ii].q103 *= xt*k;
        -: 1446:	(*nodelist)[ii].q031 *= xt*k;
        -: 1447:	(*nodelist)[ii].q013 *= xt*k;
        -: 1448:	(*nodelist)[ii].q220 *= .25*k;
        -: 1449:	(*nodelist)[ii].q202 *= .25*k;
        -: 1450:	(*nodelist)[ii].q022 *= .25*k;
        -: 1451:	(*nodelist)[ii].q211 *= .5*k;
        -: 1452:	(*nodelist)[ii].q121 *= .5*k;
        -: 1453:	(*nodelist)[ii].q112 *= .5*k;
        -: 1454:#endif
        -: 1455:#ifdef FIFTH
        -: 1456:	(*nodelist)[ii].q500 *= zt*k;
        -: 1457:	(*nodelist)[ii].q050 *= zt*k;
        -: 1458:	(*nodelist)[ii].q005 *= zt*k;
        -: 1459:	(*nodelist)[ii].q410 *= yt*k;
        -: 1460:	(*nodelist)[ii].q140 *= yt*k;
        -: 1461:	(*nodelist)[ii].q401 *= yt*k;
        -: 1462:	(*nodelist)[ii].q104 *= yt*k;
        -: 1463:	(*nodelist)[ii].q041 *= yt*k;
        -: 1464:	(*nodelist)[ii].q014 *= yt*k;
        -: 1465:	(*nodelist)[ii].q320 *= .5*xt*k;
        -: 1466:	(*nodelist)[ii].q230 *= .5*xt*k;
        -: 1467:	(*nodelist)[ii].q302 *= .5*xt*k;
        -: 1468:	(*nodelist)[ii].q203 *= .5*xt*k;
        -: 1469:	(*nodelist)[ii].q032 *= .5*xt*k;
        -: 1470:	(*nodelist)[ii].q023 *= .5*xt*k;
        -: 1471:	(*nodelist)[ii].q221 *= .25*k;
        -: 1472:	(*nodelist)[ii].q212 *= .25*k;
        -: 1473:	(*nodelist)[ii].q122 *= .25*k;
        -: 1474:	(*nodelist)[ii].q311 *= xt*k;
        -: 1475:	(*nodelist)[ii].q131 *= xt*k;
        -: 1476:	(*nodelist)[ii].q113 *= xt*k;
        -: 1477:#endif
        -: 1478:	/*debug
        -: 1479:	printf("%d %f %f\n",ii,(*nodelist)[ii].sqp,(*nodelist)[ii].q100);
        -: 1480:	*/
    #####: 1481:	if( (*nodelist)[ii].sa != 0.)
branch  0 never executed
branch  1 never executed
        -: 1482:	{
    #####: 1483:	(*nodelist)[ii].xa = (*nodelist)[ii].xa/(*nodelist)[ii].sa;
    #####: 1484:	(*nodelist)[ii].ya = (*nodelist)[ii].ya/(*nodelist)[ii].sa;
    #####: 1485:	(*nodelist)[ii].za = (*nodelist)[ii].za/(*nodelist)[ii].sa;
        -: 1486:	}
    #####: 1487:	(*nodelist)[ii].xa += (*nodelist)[ii].xc;
    #####: 1488:	(*nodelist)[ii].ya += (*nodelist)[ii].yc;
    #####: 1489:	(*nodelist)[ii].za += (*nodelist)[ii].zc;
        -: 1490:/* correct for double counting */
    #####: 1491:	(*nodelist)[ii].sa  *= .5;
        -: 1492:	}
        -: 1493:
        -: 1494:/* initiallization of the mmnodes is done !!! */
        -: 1495:
        -: 1496:/*  initialize the data for every atom */
    #####: 1497:	for( ii=0; ii< jj; ii++)
branch  0 never executed
branch  1 never executed
        -: 1498:	{
    #####: 1499:	a1 = (*atomall)[ii];
    #####: 1500:	a1-> px = a1->x + lambda*a1->dx;
    #####: 1501:	a1-> py = a1->y + lambda*a1->dy;
    #####: 1502:	a1-> pz = a1->z + lambda*a1->dz;
    #####: 1503:	a1 -> VP = 0.;
    #####: 1504:	a1 -> dpx = 0.;
    #####: 1505:	a1 -> dpy = 0.;
    #####: 1506:	a1 -> dpz = 0.;
    #####: 1507:	a1 -> qxx = 0.;
    #####: 1508:	a1 -> qxy = 0.;
    #####: 1509:	a1 -> qxz = 0.;
    #####: 1510:	a1 -> qyy = 0.;
    #####: 1511:	a1 -> qyz = 0.;
    #####: 1512:	a1 -> qzz = 0.;
        -: 1513:#ifdef CUBIC
        -: 1514:	a1 -> qxxx = 0.;
        -: 1515:	a1 -> qxxy = 0.;
        -: 1516:	a1 -> qxxz = 0.;
        -: 1517:	a1 -> qxyy = 0.;
        -: 1518:	a1 -> qxyz = 0.;
        -: 1519:	a1 -> qxzz = 0.;
        -: 1520:	a1 -> qyyy = 0.;
        -: 1521:	a1 -> qyyz = 0.;
        -: 1522:	a1 -> qyzz = 0.;
        -: 1523:	a1 -> qzzz = 0.;
        -: 1524:#endif
    #####: 1525:	for( j=0; j< NCLOSE; j++) 
branch  0 never executed
branch  1 never executed
    #####: 1526:		a1->close[j] = NULL;
        -: 1527:
        -: 1528:	}/* end of initializations */
        -: 1529:
        -: 1530:
    #####: 1531:	for( ii=0; ii<  jj; ii++)
branch  0 never executed
branch  1 never executed
        -: 1532:	{ /* if this is met we update the expansion for this atom */
        -: 1533:/*	a1 = (*atomall)[ii];
        -: 1534:	atomall will be reused in this loop so we refer to atomlist
        -: 1535:	*/
    #####: 1536:	a1 = (*atomlist)[ii].who;
    #####: 1537:	inclose = 0;
        -: 1538:/* loop over the nodes 
        -: 1539:   if the node is mine or a neighbor then use an
        -: 1540:   explicit summation
        -: 1541:   otherwise use the MM node */
    #####: 1542:	ix = (a1->px  - xmin )/mmbox ;
    #####: 1543:	iy = (a1->py  - ymin )/mmbox ;
    #####: 1544:	iz = (a1->pz  - zmin )/mmbox ;
    #####: 1545:	naybor[0] = ((iz*ny)+iy)*nx + ix;
    #####: 1546:	naybor[1] = ((iz*ny)+iy)*nx + ix+1;
    #####: 1547:	naybor[2] = ((iz*ny)+iy)*nx + ix-1;
    #####: 1548:	naybor[3] = ((iz*ny)+iy)*nx+nx + ix;
    #####: 1549:	naybor[4] = ((iz*ny)+iy)*nx-nx + ix;
    #####: 1550:	naybor[5] = ((iz*ny)+iy)*nx+nx + ix+1;
    #####: 1551:	naybor[6] = ((iz*ny)+iy)*nx+nx + ix-1;
    #####: 1552:	naybor[7] = ((iz*ny)+iy)*nx-nx + ix+1;
    #####: 1553:	naybor[8] = ((iz*ny)+iy)*nx-nx + ix-1;
    #####: 1554:	naybor[9] = ((iz*ny)+ny+iy)*nx + ix;
    #####: 1555:	naybor[10] = ((iz*ny)+ny+iy)*nx + ix+1;
    #####: 1556:	naybor[11] = ((iz*ny)+ny+iy)*nx + ix-1;
    #####: 1557:	naybor[12] = ((iz*ny)+ny+iy)*nx+nx + ix;
    #####: 1558:	naybor[13] = ((iz*ny)+ny+iy)*nx-nx + ix;
    #####: 1559:	naybor[14] = ((iz*ny)+ny+iy)*nx+nx + ix+1;
    #####: 1560:	naybor[15] = ((iz*ny)+ny+iy)*nx+nx + ix-1;
    #####: 1561:	naybor[16] = ((iz*ny)+ny+iy)*nx-nx + ix+1;
    #####: 1562:	naybor[17] = ((iz*ny)+ny+iy)*nx-nx + ix-1;
    #####: 1563:	naybor[18] = ((iz*ny)-ny+iy)*nx + ix;
    #####: 1564:	naybor[19] = ((iz*ny)-ny+iy)*nx + ix+1;
    #####: 1565:	naybor[20] = ((iz*ny)-ny+iy)*nx + ix-1;
    #####: 1566:	naybor[21] = ((iz*ny)-ny+iy)*nx+nx + ix;
    #####: 1567:	naybor[22] = ((iz*ny)-ny+iy)*nx-nx + ix;
    #####: 1568:	naybor[23] = ((iz*ny)-ny+iy)*nx+nx + ix+1;
    #####: 1569:	naybor[24] = ((iz*ny)-ny+iy)*nx+nx + ix-1;
    #####: 1570:	naybor[25] = ((iz*ny)-ny+iy)*nx-nx + ix+1;
    #####: 1571:	naybor[26] = ((iz*ny)-ny+iy)*nx-nx + ix-1;
        -: 1572:
    #####: 1573:	for( inode = 0; inode < nx*ny*nz; inode ++)
branch  0 never executed
branch  1 never executed
        -: 1574:	{/* loop over all mm nodes */
        -: 1575:	/* check the origin */
    #####: 1576:	for(j=0; j< 27; j++)
branch  0 never executed
branch  1 never executed
        -: 1577:	{  
    #####: 1578:	if( inode == naybor[j]) break; }
branch  0 never executed
branch  1 never executed
    #####: 1579:	if( j == 27  )
branch  0 never executed
branch  1 never executed
        -: 1580:	{ /* then use mm */
    #####: 1581:	if( (*nodelist)[inode].innode > 0 )
branch  0 never executed
branch  1 never executed
        -: 1582:	{
        -: 1583:/* $%$%$%$%$  the expansion for f(r) goes here */
        -: 1584:/* first the a terms */
        -: 1585:	/*
        -: 1586:	xt = (*nodelist)[inode].xa - a1->px;
        -: 1587:	yt = (*nodelist)[inode].ya - a1->py;
        -: 1588:	zt = (*nodelist)[inode].za - a1->pz;
        -: 1589:	r = one/(xt*xt + yt*yt + zt*zt);
        -: 1590:	r0 = sqrt(r);
        -: 1591:	r = r*r*r;
        -: 1592:	k = -(*nodelist)[inode].sa *a1->a*r;
        -: 1593:	a1->VP  += k/r;
        -: 1594:	k *= six*r0; 
        -: 1595:	xt *= r0;
        -: 1596:	yt *= r0;
        -: 1597:	zt *= r0;
        -: 1598:	a1->dpx += k*xt;
        -: 1599:	a1->dpy += k*yt;
        -: 1600:	a1->dpz += k*zt;
        -: 1601:	k *= eight*r0;
        -: 1602:	a1->qxx -= k *(xt*xt -eightth);
        -: 1603:	a1->qxy -= k*xt*yt;
        -: 1604:	a1->qxz -= k*xt*zt;
        -: 1605:	a1->qyy -= k *(yt*yt -eightth);
        -: 1606:	a1->qyz -= k*yt*zt;
        -: 1607:	a1->qzz -= k *(zt*zt -eightth);
        -: 1608:	*/
        -: 1609:/* now do the multipole expansion for the electrostatic terms */
        -: 1610:/* note that dielectric is included in the multipole expansion */
    #####: 1611:	xt = (*nodelist)[inode].xc - a1->px;
    #####: 1612:	yt = (*nodelist)[inode].yc - a1->py;
    #####: 1613:	zt = (*nodelist)[inode].zc - a1->pz;
    #####: 1614:	r = one/(xt*xt + yt*yt + zt*zt);
    #####: 1615:	r0 = sqrt(r);
    #####: 1616:	c1 =  -r*r0;
    #####: 1617:	c2 = -three*c1*r;
    #####: 1618:	c3 = -five*c2*r;
    #####: 1619:	c4 = -seven*c3*r;
    #####: 1620:	c5 = -nine*c4*r;
    #####: 1621:	xt2 = xt*xt;
    #####: 1622:	xt3 = xt2*xt;
    #####: 1623:	xt4 = xt3*xt;
    #####: 1624:	yt2 = yt*yt;
    #####: 1625:	yt3 = yt2*yt;
    #####: 1626:	yt4 = yt3*yt;
    #####: 1627:	zt2 = zt*zt;
    #####: 1628:	zt3 = zt2*zt;
    #####: 1629:	zt4 = zt3*zt;
    #####: 1630:	a1->VP += (*nodelist)[inode].sqp*a1->q*r0;
    #####: 1631:	k = c1*a1->q*xt;
    #####: 1632:	a1->VP += k*(*nodelist)[inode].q100;
    #####: 1633:	a1->dpx += k*(*nodelist)[inode].sqp;
    #####: 1634:	k = c1*a1->q*yt;
    #####: 1635:	a1->VP += k*(*nodelist)[inode].q010;
    #####: 1636:	a1->dpy += k*(*nodelist)[inode].sqp;
    #####: 1637:	k = c1*a1->q*zt;
    #####: 1638:	a1->VP += k*(*nodelist)[inode].q001;
    #####: 1639:	a1->dpz += k*(*nodelist)[inode].sqp;
        -: 1640:/* n=2 */
    #####: 1641:	k = (c2*xt2 +c1)*a1->q;
    #####: 1642:	a1->VP += k*(*nodelist)[inode].q200;
    #####: 1643:	a1->dpx += k*(*nodelist)[inode].q100;
    #####: 1644:	a1->qxx += k*(*nodelist)[inode].sqp;
    #####: 1645:	k = (c2*yt2 +c1)*a1->q;
    #####: 1646:	a1->VP += k*(*nodelist)[inode].q020;
    #####: 1647:	a1->dpy += k*(*nodelist)[inode].q010;
    #####: 1648:	a1->qyy += k*(*nodelist)[inode].sqp;
[...]
branch  2 never executed
branch  3 never executed
        -: 3985:
    #####: 3986:	r = xt*xt+yt*yt+zt*zt;
    #####: 3987:	if( r < 1.) r = 1.;  
branch  0 never executed
branch  1 never executed
        -: 3988:
    #####: 3989:	r0 = sqrt(r); r = r*r*r ;
        -: 3990:/* debugging
        -: 3991:	printf(" %d %d %f %f %f \n", a1->serial,a2->serial,a1->q,a2->q,
        -: 3992:	332.17752*a1->q*a2->q/r0);
        -: 3993:*/
    #####: 3994:	ve += dielectric*a1->q*a2->q/r0; 
    #####: 3995:	va -= a1->a*a2->a/r;
    #####: 3996:	vh += a1->b*a2->b/r/r; 
        -: 3997:
        -: 3998:SKIP:
        -: 3999:/*	if( a2->next == a1) break; */
    #####: 4000:	if( (ATOM*) a2->next == a2) break;  
branch  0 never executed
branch  1 never executed
    #####: 4001:	a2 = (ATOM*)a2->next;
        -: 4002:	}
    #####: 4003:	*V += ve + va + vh;
        -: 4004:NOTANATOM:
    #####: 4005:	i = i;
        -: 4006:	}
    #####: 4007:	return 1;
        -: 4008:
        -: 4009:}
        -: 4010:
        -: 4011:
        -: 4012:/* unonbon.c
        -: 4013:*
        -: 4014:* collection of routines to service nonbonded potentials
        -: 4015:*
        -: 4016:* POOP (Poor-mans Object Oriented Programming) using scope rules
        -: 4017:*
        -: 4018:* the routines for potential value, force and (eventually) second
        -: 4019:* derivatives are here also
        -: 4020:*
        -: 4021:* force and 2nd derivative routines assume zero'd arrays for output
        -: 4022:* this allows for parralellization if needed (on a PC?)
        -: 4023:*
        -: 4024:* forces are symmetric - so we don't have to mess around with
        -: 4025:* s matrices and the like.
        -: 4026:*
        -: 4027:* note that the non-bonded information is in the ATOM structures 
        -: 4028:*
        -: 4029:* unonbon uses a 'use list' for the interactions
        -: 4030:*
        -: 4031:*  this is physically incorrect, but often done.
        -: 4032:*  the use list is coded as
        -: 4033:*  ap ... bp's for interaction ... ap
        -: 4034:* a single array is malloc'd, it is 20 a_number() long
        -: 4035:*  the global variable (in variable storage) nbdeep will allowriding
        -: 4036:*  every nsteps ( 10 default ) will recalculate the list
        -: 4037:*  again this may be over ridden with  nbstep
        -: 4038:*  and if cutoff is not set (== 0) these routines silently call the
        -: 4039:*  regular routines which don't care about cutoff
        -: 4040:*  will always redo the list if a_number() changes
        -: 4041:*
        -: 4042:*/
        -: 4043:/*
        -: 4044:*  copyright 1992 Robert W. Harrison
        -: 4045:*  
        -: 4046:*  This notice may not be removed
        -: 4047:*  This program may be copied for scientific use
        -: 4048:*  It may not be sold for profit without explicit
        -: 4049:*  permission of the author(s) who retain any
        -: 4050:*  commercial rights including the right to modify 
        -: 4051:*  this notice
        -: 4052:*/
        -: 4053:
        -: 4054:/* ATOM structure contains a serial number for indexing into
        -: 4055:* arrays and the like (a Hessian)
        -: 4056:* but otherwise is self-contained. Note the hooks for Non-nonboned potentials
        -: 4057:*/
        -: 4058:
        -: 4059:/* uselist()
        -: 4060:*  returns a pointer to an array of ATOM structure pointers
        -: 4061:*  these are encoded as
        -: 4062:*  a,bcdsfg,a where a is the outer most atom in the N^2 -N tree.
        -: 4063:*
        -: 4064:* not over brilliant
        -: 4065:*
        -: 4066:*  checks for change in atom number
        -: 4067:*  other wise redoes the list every (nbstep (default= 10)) steps
        -: 4068:*  makes a list with total storage (nbdeep (default = 20)) time a_number
        -: 4069:*/
function _Z7uselistv called 0 returned 0% blocks executed 0%
    #####: 4070:int uselist(){
        -: 4071://Used to be: int uselist(ATOM *(*thelist)[],int *thesize, float cutoff)
        -: 4072:/* static stuff used to keep information about status */
        -: 4073:/*static int  oldatomnumber = 0;
        -: 4074:static int  since = 0,lsize;
        -: 4075:static ATOM *(*local)[];
        -: 4076:static float oldcutoff = -1;
        -: 4077:int a_number();
        -: 4078:ATOM *a_next(int),*a1,*a2,*ap,*bp;
        -: 4079:int i,j,k,max;
        -: 4080:int get_i_variable(char*),set_i_variable(char*, int);
        -: 4081:float lcutoff;
        -: 4082:float x,y,z,r,rcut;
        -: 4083:
        -: 4084:/* check on wether to redo it or not  */
        -: 4085:/*i = a_number();
        -: 4086:j = get_i_variable("nbstep");
        -: 4087:if( j <= 0) j= 10;
        -: 4088:if( (i == oldatomnumber) && (since < j) && (cutoff == oldcutoff) )
        -: 4089:{
        -: 4090:	*thelist = local;
        -: 4091:	*thesize = lsize;
        -: 4092:	since += 1;
        -: 4093:	return 1;
        -: 4094:}
        -: 4095:/* a free and malloc are used because nbdeep may change */
        -: 4096:/*RESET:
        -: 4097:/* don't free if it hasn't been malloc'd */
        -: 4098:/*if( oldatomnumber > 0) free(local);
        -: 4099:oldcutoff = cutoff;
        -: 4100:lcutoff = -cutoff;
        -: 4101:since = 0;
        -: 4102:oldatomnumber = i;
        -: 4103:j = get_i_variable("nbdeep");
        -: 4104:if( j<= 0) j = 20;
        -: 4105:max = i*j;
        -: 4106:local = (ATOM* (*)[])  malloc( max*sizeof(ATOM * ) );
        -: 4107:if( local == NULL )
        -: 4108:{ aaerror("cannot allocate uselist memory"); exit(0);}
        -: 4109:/* now have the uselist allocated */
        -: 4110:/**thelist = local;
        -: 4111:
        -: 4112:*thesize = 0;
        -: 4113:rcut = cutoff*cutoff;
        -: 4114:a1 = a_next(-1);
        -: 4115:a1 = (ATOM*) a1->next;
        -: 4116:for( i=1; i< oldatomnumber; i++,a1=ap)
        -: 4117:{
        -: 4118:	ap = (ATOM*) a1->next;
        -: 4119:	(*local)[*thesize] = a1;
        -: 4120:	*thesize += 1;
        -: 4121:	a2 = a_next(-1);
        -: 4122:	for( j=0;j<i; j++,a2=bp)
        -: 4123:	{
        -: 4124:	for(k=0; k< a1->dontuse; k++)
        -: 4125:	{
        -: 4126:		if( a2 == a1->excluded[k]) goto SKIP;
        -: 4127:	}	
        -: 4128:		if( (a2->x-a1->x) > cutoff) goto SKIP;
        -: 4129:		if( (a2->x-a1->x) < lcutoff) goto SKIP;
        -: 4130:		if( (a2->y-a1->y) > cutoff) goto SKIP;
        -: 4131:		if( (a2->y-a1->y) < lcutoff) goto SKIP;
        -: 4132:		if( (a2->z-a1->z) > cutoff) goto SKIP;
        -: 4133:		if( (a2->z-a1->z) < lcutoff) goto SKIP;
        -: 4134:/* now calculate the radius */
        -: 4135:/*	x = a2->x -a1->x;
        -: 4136:	y = a2->y -a1->y;
        -: 4137:	z = a2->z -a1->z;
        -: 4138:	r = x*x + y*y + z*z;
        -: 4139:	if( r > rcut) goto SKIP;
        -: 4140:	
        -: 4141:	(*local)[*thesize] = a2;
        -: 4142:	*thesize += 1;
        -: 4143:	if( *thesize >= max)
        -: 4144:	{aaerror("please increase nbdeep (seti nbdeep (>20);)");
        -: 4145:	 i = a_number();
        -: 4146:	 j = get_i_variable("nbdeep");
        -: 4147:	 if( j== 0) j = 20;
        -: 4148:	 if( j == i+2) 
        -: 4149:	 {aaerror("Terrible error in uselist, too many interactions");
        -: 4150:	  exit( 0) ; }
        -: 4151:	 j = 2*j; if( j > i+2) j = i+2;
        -: 4152:	 set_i_variable("nbdeep",j);
        -: 4153:	 goto RESET;
        -: 4154:	 }
        -: 4155:SKIP:
        -: 4156:	bp = a_next(1);
        -: 4157:	}
        -: 4158:	(*local)[*thesize] = a1;
        -: 4159:	*thesize += 1;
        -: 4160:	lsize = *thesize;
        -: 4161:
        -: 4162:}
        -: 4163:/*printf(" uselist finished %d %d\n",*thesize,max); */
    #####: 4164:return 1;
        -: 4165:}
        -: 4166:
        -: 4167:/* v_nonbon()
        -: 4168:* this function sums up the potentials
        -: 4169:* for the atoms defined in the nonbon data structure.
        -: 4170:*/
        -: 4171:/* standard returns 0 if error (any) 1 if ok
        -: 4172:* V is the potential */
function _Z10u_v_nonbonPff called 3 returned 100% blocks executed 83%
        3: 4173:int u_v_nonbon(float *V, float lambda)
        -: 4174:{
        -: 4175:	float r,r0,xt,yt,zt;
        -: 4176:	float lcutoff,cutoff,get_f_variable(char*);
        -: 4177:	float rdebye;
        -: 4178:	int inbond,inangle,i;
        -: 4179:	ATOM *a1,*a2,*bonded[10],*angled[10];
        -: 4180:	ATOM *a_next(int); /* returns first ATOM when called with -1 */
        -: 4181:	ATOM *(*use)[];
        -: 4182:	int uselist();
        -: 4183://	int uselist (ATOM*(**)[],int*,float);
        -: 4184:	int nuse,used;
        -: 4185:	ATOM *cp,*bp;
        -: 4186:	int a_number(),inbuffer;
        -: 4187:	float (*buffer)[],xx,yy,zz;
        -: 4188:	int invector,atomsused,ii,jj,imax;
        -: 4189:	float (*vector)[];
        -: 4190:	ATOM *(*atms)[];
        -: 4191:	float dielectric;
        -: 4192:
        -: 4193:/* nonbonded potentials 
        -: 4194:* do a double loop starting from the first atom to the 
        -: 4195:* last 
        -: 4196:* then from the second to the last 
        -: 4197:* etc
        -: 4198:*
        -: 4199:* also check to avoid bonded and 1-3 bonded atoms
        -: 4200:*/
        3: 4201:	cutoff = get_f_variable("cutoff");
call    0 returned 100%
        3: 4202:	if( cutoff < 1.) 
branch  0 taken 100% (fallthrough)
branch  1 taken 0%
        -: 4203:	{
        3: 4204:		v_nonbon( V,lambda);
call    0 returned 100%
        3: 4205:		return 1;
        -: 4206:	}
        -: 4207:/*	rdebye = cutoff/2.;
        -: 4208:	dielectric = get_f_variable("dielec");
        -: 4209:	if( dielectric < 1.) dielectric = 1.;
        -: 4210:	dielectric = 332.17752/dielectric;
        -: 4211:	if( !uselist( &use,&nuse,cutoff) )return 0;
        -: 4212:/*  get the number of atoms and allocate the memory for the array space */
        -: 4213:/*	i = a_number();
        -: 4214:	buffer = (float (*)[]) malloc( 3*i*sizeof(float) );
        -: 4215:	if( buffer == NULL) 
        -: 4216:	{ aaerror("cannot allocate memory in u_v_nonbon\n"); return 0;}
        -: 4217:	vector = (float (*)[]) malloc( i*sizeof(float) );
        -: 4218:	if( vector == NULL) 
        -: 4219:	{ aaerror("cannot allocate memory in u_v_nonbon\n"); return 0;}
        -: 4220:	atms = (ATOM* (*)[]) malloc( i*sizeof(ATOM *) );
        -: 4221:	if( atms == NULL) 
        -: 4222:	{ aaerror("cannot allocate memory in u_v_nonbon\n"); return 0;}
        -: 4223:
        -: 4224:
        -: 4225:	a1 = a_next(-1);
        -: 4226:	a1 = (ATOM*) a1->next;
        -: 4227:	imax = a_number();
        -: 4228:	used = 0;
        -: 4229:	for( jj=1; jj<imax; jj++,a1=bp)
        -: 4230:	{
        -: 4231:	bp = (ATOM*) a1->next;
        -: 4232:	inbuffer = 0;
        -: 4233:	if( (*use)[used] == a1) 
        -: 4234:	{ used += 1;}
        -: 4235:	else { aaerror("error in uselist - must abort"); return 0;}
        -: 4236:	while( (*use)[used] != a1)
        -: 4237:	{
        -: 4238:	  (*atms)[inbuffer++] = (*use)[used];
        -: 4239:	  used += 1;
        -: 4240:	}
        -: 4241:	used += 1;
        -: 4242:/* (*atms) now contains the list of atoms to be  done 
        -: 4243:*  there are inbuffer of them
        -: 4244:*  of course inbuffer can be zero so we must check for that
        -: 4245:*/
        -: 4246:/*	if( inbuffer > 0)
        -: 4247:	{
        -: 4248:	for( i=0; i< inbuffer; i++)
        -: 4249:	{
        -: 4250:	(*buffer)[3*i  ] = (*atms)[i]->x;
        -: 4251:	(*buffer)[3*i+1] = (*atms)[i]->y;
        -: 4252:	(*buffer)[3*i+2] = (*atms)[i]->z;
        -: 4253:	}
        -: 4254:	if( lambda != 0.)
        -: 4255:	{
        -: 4256:	for( i=0; i< inbuffer; i++)
        -: 4257:	{
        -: 4258:		(*buffer)[3*i  ] = (*atms)[i]->x +(*atms)[i]->dx*lambda;	
        -: 4259:		(*buffer)[3*i+1] = (*atms)[i]->y +(*atms)[i]->dy*lambda;	
        -: 4260:		(*buffer)[3*i+2] = (*atms)[i]->z +(*atms)[i]->dz*lambda;	
        -: 4261:	}
        -: 4262:	}
        -: 4263:	xx = a1->x + lambda*a1->dx;
        -: 4264:	yy = a1->y + lambda*a1->dy;
        -: 4265:	zz = a1->z + lambda*a1->dz;
        -: 4266:/* now for the work */
        -: 4267:/*	for( i=0;i< inbuffer; i++)
        -: 4268:	{
        -: 4269:	xt = xx - (*buffer)[3*i];
        -: 4270:	yt = yy - (*buffer)[3*i+1];
        -: 4271:	zt = zz - (*buffer)[3*i+2];
        -: 4272:	r = xt*xt+yt*yt+zt*zt;
        -: 4273:	if( r < 2.) r = 2.; 
        -: 4274:	r0 = sqrt(r); r = r*r*r ;
        -: 4275:/* the standard which follows is recursive */
        -: 4276:/*	 *V += 332.17752*a1->q*a2->q/r0; 
        -: 4277:	*V -= a1->a*a2->a/r;
        -: 4278:	*V += a1->b*a2->b/r/r; 
        -: 4279:*/
        -: 4280:/* use debye screen e(-r0/rdebye) */
        -: 4281:/*	(*vector)[i] = a1->q*(*atms)[i]->q/r0*dielectric*exp(-r0/rdebye) 
        -: 4282:		     - a1->a*(*atms)[i]->a/r
        -: 4283:		     + a1->b*(*atms)[i]->b/r/r;
        -: 4284:	}
        -: 4285:	for(i=0; i< inbuffer; i++)
        -: 4286:		*V += (*vector)[i];
        -: 4287:
        -: 4288:	} /* end of the inbuffer if check many lines ago */
        -: 4289://	}
    #####: 4290:	free( atms); free( buffer); 
    #####: 4291:	free( vector);
    #####: 4292:	return 1;
        -: 4293:
        -: 4294:}
        -: 4295:/* u_f_nonbon()
        -: 4296:*
        -: 4297:* u_f_nonbon increments the forces in the atom structures by the force
        -: 4298:* due to the nonbon components.  NOTE THE WORD increment.
        -: 4299:* the forces should first be zero'd.
        -: 4300:* if not then this code will be invalid.  THIS IS DELIBERATE.
        -: 4301:* on bigger (and better?) machines the different potential terms
        -: 4302:* may be updated at random or in parrellel, if we assume that this routine
        -: 4303:* will initialize the forces then we can't do this.
        -: 4304:*/
function _Z10u_f_nonbonf called 1002 returned 100% blocks executed 83%
     1002: 4305:int u_f_nonbon(float lambda)
        -: 4306:/*  returns 0 if error, 1 if OK */
        -: 4307:{
        -: 4308:	float r,r0,xt,yt,zt;
        -: 4309:	float lcutoff,cutoff,get_f_variable(char*);
        -: 4310:	float rdebye;
        -: 4311:	int inbond,inangle,i;
        -: 4312:	ATOM *a1,*a2,*bonded[10],*angled[10];
        -: 4313:	ATOM *a_next(int); /* returns first ATOM when called with -1 */
        -: 4314:	ATOM *(*use)[];
        -: 4315:	int uselist(); //ATOM *(**)[],int *, float),nuse,used;
        -: 4316:	ATOM *cp,*bp;
        -: 4317:	int a_number(),inbuffer;
        -: 4318:	float (*buffer)[],xx,yy,zz,k;
        -: 4319:	int invector,atomsused,ii,jj,imax;
        -: 4320:	float (*vector)[];
        -: 4321:	ATOM *(*atms)[];
        -: 4322:	float dielectric;
        -: 4323:
        -: 4324:/* nonbonded potentials 
        -: 4325:* do a double loop starting from the first atom to the 
        -: 4326:* last 
        -: 4327:* then from the second to the last 
        -: 4328:* etc
        -: 4329:*
        -: 4330:* also check to avoid bonded and 1-3 bonded atoms
        -: 4331:*/
     1002: 4332:	cutoff = get_f_variable("cutoff");
call    0 returned 100%
     1002: 4333:	if( cutoff < 1.) 
branch  0 taken 100% (fallthrough)
branch  1 taken 0%
        -: 4334:	{
     1002: 4335:		f_nonbon( lambda);
call    0 returned 100%
     1002: 4336:		return 1;
        -: 4337:	}
        -: 4338:/*	rdebye = cutoff/2.;
        -: 4339:	dielectric = get_f_variable("dielec");
        -: 4340:	if( dielectric < 1.) dielectric = 1.;
        -: 4341:	dielectric = 332.17752/dielectric;
        -: 4342:	if( !uselist( &use,&nuse,cutoff) )return 0;
        -: 4343:/*  get the number of atoms and allocate the memory for the array space */
        -: 4344:/*	i = a_number();
        -: 4345:	buffer = (float (*)[]) malloc( 3*i*sizeof(float) );
        -: 4346:	if( buffer == NULL) 
        -: 4347:	{ aaerror("cannot allocate memory in u_v_nonbon\n"); return 0;}
        -: 4348:	vector = (float (*)[]) malloc( 3*i*sizeof(float) );
        -: 4349:	if( vector == NULL) 
        -: 4350:	{ aaerror("cannot allocate memory in u_v_nonbon\n"); return 0;}
        -: 4351:	atms = (ATOM (*)[]) malloc( i*sizeof(ATOM *) );
        -: 4352:	if( atms == NULL) 
        -: 4353:	{ aaerror("cannot allocate memory in u_v_nonbon\n"); return 0;}
        -: 4354:
        -: 4355:
        -: 4356:	a1 = a_next(-1);
        -: 4357:	a1 = (ATOM*) a1->next;
        -: 4358:	imax = a_number();
        -: 4359:	used = 0;
        -: 4360:	for( jj=1; jj<imax; jj++,a1=bp)
        -: 4361:	{
        -: 4362:	bp = (ATOM*) a1->next;
        -: 4363:	inbuffer = 0;
        -: 4364:	if( (*use)[used] == a1) 
        -: 4365:	{ used += 1;}
        -: 4366:	else { aaerror("error in uselist - must abort"); return 0;}
        -: 4367:	while( (*use)[used] != a1)
        -: 4368:	{
        -: 4369:	  (*atms)[inbuffer++] = (*use)[used];
        -: 4370:	  used += 1;
        -: 4371:	}
        -: 4372:	used += 1;
        -: 4373:/* (*atms) now contains the list of atoms to be  done 
        -: 4374:*  there are inbuffer of them
        -: 4375:*  of course inbuffer can be zero so we must check for that
        -: 4376:*/
        -: 4377:/*	if( inbuffer > 0)
        -: 4378:	{
        -: 4379:	for( i=0; i< inbuffer; i++)
        -: 4380:	{
        -: 4381:	(*buffer)[3*i  ] = (*atms)[i]->x;
        -: 4382:	(*buffer)[3*i+1] = (*atms)[i]->y;
        -: 4383:	(*buffer)[3*i+2] = (*atms)[i]->z;
        -: 4384:	}
        -: 4385:	if( lambda != 0.)
        -: 4386:	{
        -: 4387:	for( i=0; i< inbuffer; i++)
        -: 4388:	{
        -: 4389:		(*buffer)[3*i  ] = (*atms)[i]->x +(*atms)[i]->dx*lambda;	
        -: 4390:		(*buffer)[3*i+1] = (*atms)[i]->y +(*atms)[i]->dy*lambda;	
        -: 4391:		(*buffer)[3*i+2] = (*atms)[i]->z +(*atms)[i]->dz*lambda;	
        -: 4392:	}
        -: 4393:	}
        -: 4394:	xx = a1->x + lambda*a1->dx;
        -: 4395:	yy = a1->y + lambda*a1->dy;
        -: 4396:	zz = a1->z + lambda*a1->dz;
        -: 4397:/* now for the work */
        -: 4398:/*	for( i=0;i< inbuffer; i++)
        -: 4399:	{
        -: 4400:	xt = xx - (*buffer)[3*i];
        -: 4401:	yt = yy - (*buffer)[3*i+1];
        -: 4402:	zt = zz - (*buffer)[3*i+2];
        -: 4403:	r = xt*xt+yt*yt+zt*zt;
        -: 4404:	 /* watch for FP errors*/
        -: 4405:/*	 if( r <= 1.)
        -: 4406:	 { r = 1.; }
        -: 4407:	r0 = sqrt(r); xt = xt/r0; yt = yt/r0; zt = zt/r0;
        -: 4408:/* use debye screen e(-r0/rdebye) */
        -: 4409:/* d/dx(e(-r0/rdebye)/r0  = e(-r0/rdebye)*(-1/rdebye)/r0 + e(-r0/rdebye)/r) */
        -: 4410:/*	 k = -a1->q*(*atms)[i]->q*dielectric*exp(-r0/rdebye)*
        -: 4411:		(1./(rdebye*r0) +1./r) ; 
        -: 4412:	r = r*r*r;
        -: 4413:	k += a1->a*(*atms)[i]->a/r/r0*6;
        -: 4414:	k -= a1->b*(*atms)[i]->b/r/r/r0*12;
        -: 4415:	(*vector)[3*i  ] = xt*k;
        -: 4416:	(*vector)[3*i+1] = yt*k;
        -: 4417:	(*vector)[3*i+2] = zt*k;
        -: 4418:/*
        -: 4419:*	a1->fx += ux*k; 
        -: 4420:*	a1->fy += uy*k; 
        -: 4421:*	a1->fz += uz*k; 
        -: 4422:*	a2->fx -= ux*k; 
        -: 4423:*	a2->fy -= uy*k; 
        -: 4424:*	a2->fz -= uz*k;
        -: 4425:*/
        -: 4426:/*	}
        -: 4427:	for(i=0; i< inbuffer; i++)
        -: 4428:	{
        -: 4429:		a1->fx -= (*vector)[3*i  ];
        -: 4430:		a1->fy -= (*vector)[3*i+1];
        -: 4431:		a1->fz -= (*vector)[3*i+2];
        -: 4432:		(*atms)[i] ->fx += (*vector)[3*i  ];
        -: 4433:		(*atms)[i] ->fy += (*vector)[3*i+1];
        -: 4434:		(*atms)[i] ->fz += (*vector)[3*i+2];
        -: 4435:	}
        -: 4436:
        -: 4437:	} /* end of the inbuffer if check many lines ago */
        -: 4438://	}
    #####: 4439:	free( atms); free( buffer); 
    #####: 4440:	free( vector);
    #####: 4441:	return 1;
        -: 4442:}
        -: 4443:
