TN:
SF:/home/gabriel/Escritorio/SPEC_CPU2000_CD_2/benchspec/CFP2000/177.mesa/src/enable.c
FN:118,gl_enable
FN:484,gl_Enable
FN:491,gl_Disable
FN:498,gl_IsEnabled
FN:640,gl_client_state
FN:668,gl_EnableClientState
FN:675,gl_DisableClientState
FNDA:7,gl_enable
FNDA:7,gl_Enable
FNDA:0,gl_Disable
FNDA:0,gl_IsEnabled
FNDA:0,gl_client_state
FNDA:0,gl_EnableClientState
FNDA:0,gl_DisableClientState
FNF:7
FNH:2
BRDA:122,0,0,0
BRDA:122,0,1,7
BRDA:123,0,0,-
BRDA:123,0,1,-
BRDA:132,0,0,0
BRDA:132,0,1,0
BRDA:132,0,2,0
BRDA:132,0,3,0
BRDA:132,0,4,0
BRDA:132,0,5,0
BRDA:132,0,6,1
BRDA:132,0,7,0
BRDA:132,0,8,0
BRDA:132,0,9,3
BRDA:132,0,10,1
BRDA:132,0,11,0
BRDA:132,0,12,0
BRDA:132,0,13,0
BRDA:132,0,14,0
BRDA:132,0,15,0
BRDA:132,0,16,0
BRDA:132,0,17,0
BRDA:132,0,18,0
BRDA:132,0,19,0
BRDA:132,0,20,0
BRDA:132,0,21,0
BRDA:132,0,22,0
BRDA:132,0,23,0
BRDA:132,0,24,0
BRDA:132,0,25,0
BRDA:132,0,26,0
BRDA:132,0,27,0
BRDA:132,0,28,0
BRDA:132,0,29,0
BRDA:132,0,30,0
BRDA:132,0,31,0
BRDA:132,0,32,0
BRDA:132,0,33,0
BRDA:132,0,34,0
BRDA:132,0,35,0
BRDA:132,0,36,0
BRDA:132,0,37,0
BRDA:132,0,38,0
BRDA:132,0,39,0
BRDA:132,0,40,0
BRDA:132,0,41,0
BRDA:132,0,42,0
BRDA:132,0,43,1
BRDA:132,0,44,0
BRDA:132,0,45,0
BRDA:132,0,46,0
BRDA:132,0,47,0
BRDA:132,0,48,1
BRDA:132,0,49,0
BRDA:132,0,50,0
BRDA:132,0,51,0
BRDA:132,0,52,0
BRDA:132,0,53,0
BRDA:132,0,54,0
BRDA:132,0,55,0
BRDA:132,0,56,0
BRDA:134,0,0,-
BRDA:134,0,1,-
BRDA:143,0,0,-
BRDA:143,0,1,-
BRDA:146,0,0,-
BRDA:146,0,1,-
BRDA:164,2,0,-
BRDA:164,2,1,-
BRDA:165,0,0,-
BRDA:165,0,1,-
BRDA:172,0,0,-
BRDA:172,0,1,-
BRDA:174,0,0,-
BRDA:174,0,1,-
BRDA:188,0,0,-
BRDA:188,0,1,-
BRDA:194,0,0,1
BRDA:194,0,1,0
BRDA:194,1,2,0
BRDA:194,1,3,1
BRDA:198,0,0,1
BRDA:198,0,1,0
BRDA:204,0,0,-
BRDA:204,0,1,-
BRDA:208,0,0,-
BRDA:208,0,1,-
BRDA:214,0,0,-
BRDA:214,0,1,-
BRDA:231,0,0,1
BRDA:231,0,1,0
BRDA:237,0,0,-
BRDA:237,0,1,-
BRDA:243,0,0,-
BRDA:243,0,1,-
BRDA:249,0,0,-
BRDA:249,0,1,-
BRDA:255,0,0,-
BRDA:255,0,1,-
BRDA:318,0,0,-
BRDA:318,0,1,-
BRDA:324,0,0,-
BRDA:324,0,1,-
BRDA:330,0,0,-
BRDA:330,0,1,-
BRDA:336,0,0,-
BRDA:336,0,1,-
BRDA:342,0,0,-
BRDA:342,0,1,-
BRDA:349,0,0,-
BRDA:349,0,1,-
BRDA:355,0,0,-
BRDA:355,0,1,-
BRDA:362,0,0,-
BRDA:362,0,1,-
BRDA:366,0,0,-
BRDA:366,0,1,-
BRDA:366,1,2,-
BRDA:366,1,3,-
BRDA:370,0,0,-
BRDA:370,0,1,-
BRDA:376,0,0,1
BRDA:376,0,1,0
BRDA:378,0,0,1
BRDA:378,0,1,0
BRDA:388,0,0,-
BRDA:388,0,1,-
BRDA:390,0,0,-
BRDA:390,0,1,-
BRDA:400,0,0,-
BRDA:400,0,1,-
BRDA:402,0,0,-
BRDA:402,0,1,-
BRDA:412,0,0,-
BRDA:412,0,1,-
BRDA:421,0,0,-
BRDA:421,0,1,-
BRDA:430,0,0,1
BRDA:430,0,1,0
BRDA:439,0,0,-
BRDA:439,0,1,-
BRDA:471,0,0,-
BRDA:471,0,1,-
BRDA:500,0,0,-
BRDA:500,0,1,-
BRDA:500,0,2,-
BRDA:500,0,3,-
BRDA:500,0,4,-
BRDA:500,0,5,-
BRDA:500,0,6,-
BRDA:500,0,7,-
BRDA:500,0,8,-
BRDA:500,0,9,-
BRDA:500,0,10,-
BRDA:500,0,11,-
BRDA:500,0,12,-
BRDA:500,0,13,-
BRDA:500,0,14,-
BRDA:500,0,15,-
BRDA:500,0,16,-
BRDA:500,0,17,-
BRDA:500,0,18,-
BRDA:500,0,19,-
BRDA:500,0,20,-
BRDA:500,0,21,-
BRDA:500,0,22,-
BRDA:500,0,23,-
BRDA:500,0,24,-
BRDA:500,0,25,-
BRDA:500,0,26,-
BRDA:500,0,27,-
BRDA:500,0,28,-
BRDA:500,0,29,-
BRDA:500,0,30,-
BRDA:500,0,31,-
BRDA:500,0,32,-
BRDA:500,0,33,-
BRDA:500,0,34,-
BRDA:500,0,35,-
BRDA:500,0,36,-
BRDA:500,0,37,-
BRDA:500,0,38,-
BRDA:500,0,39,-
BRDA:500,0,40,-
BRDA:500,0,41,-
BRDA:500,0,42,-
BRDA:500,0,43,-
BRDA:500,0,44,-
BRDA:500,0,45,-
BRDA:500,0,46,-
BRDA:500,0,47,-
BRDA:500,0,48,-
BRDA:500,0,49,-
BRDA:500,0,50,-
BRDA:500,0,51,-
BRDA:500,0,52,-
BRDA:500,0,53,-
BRDA:500,0,54,-
BRDA:500,0,55,-
BRDA:500,0,56,-
BRDA:642,0,0,-
BRDA:642,0,1,-
BRDA:642,0,2,-
BRDA:642,0,3,-
BRDA:642,0,4,-
BRDA:642,0,5,-
BRDA:642,0,6,-
BRF:207
BRH:13
DA:118,7
DA:122,7
DA:123,0
DA:124,0
DA:127,0
DA:132,7
DA:134,0
DA:135,0
DA:136,0
DA:140,0
DA:141,0
DA:143,0
DA:144,0
DA:146,0
DA:147,0
DA:150,0
DA:152,0
DA:161,0
DA:163,0
DA:164,0
DA:165,0
DA:166,0
DA:167,0
DA:172,0
DA:173,0
DA:174,0
DA:176,0
DA:177,0
DA:178,0
DA:179,0
DA:181,0
DA:183,0
DA:184,0
DA:188,0
DA:189,0
DA:190,0
DA:194,1
DA:195,0
DA:196,0
DA:198,1
DA:199,1
DA:200,1
DA:204,0
DA:206,0
DA:208,0
DA:209,0
DA:210,0
DA:214,0
DA:215,0
DA:216,0
DA:227,3
DA:228,3
DA:229,3
DA:231,1
DA:232,1
DA:233,1
DA:237,0
DA:238,0
DA:239,0
DA:243,0
DA:244,0
DA:245,0
DA:249,0
DA:250,0
DA:252,0
DA:253,0
DA:255,0
DA:256,0
DA:258,0
DA:259,0
DA:261,0
DA:262,0
DA:264,0
DA:265,0
DA:267,0
DA:268,0
DA:270,0
DA:271,0
DA:273,0
DA:274,0
DA:276,0
DA:277,0
DA:279,0
DA:280,0
DA:282,0
DA:283,0
DA:285,0
DA:286,0
DA:288,0
DA:289,0
DA:291,0
DA:292,0
DA:294,0
DA:295,0
DA:297,0
DA:298,0
DA:300,0
DA:301,0
DA:303,0
DA:304,0
DA:306,0
DA:307,0
DA:309,0
DA:310,0
DA:312,0
DA:313,0
DA:315,0
DA:316,0
DA:318,0
DA:319,0
DA:320,0
DA:324,0
DA:325,0
DA:326,0
DA:330,0
DA:331,0
DA:332,0
DA:336,0
DA:337,0
DA:338,0
DA:342,0
DA:343,0
DA:344,0
DA:349,0
DA:350,0
DA:351,0
DA:355,0
DA:356,0
DA:357,0
DA:361,0
DA:362,0
DA:363,0
DA:366,0
DA:367,0
DA:368,0
DA:370,0
DA:371,0
DA:372,0
DA:376,1
DA:378,1
DA:379,1
DA:382,0
DA:384,1
DA:388,0
DA:390,0
DA:391,0
DA:394,0
DA:396,0
DA:400,0
DA:402,0
DA:403,0
DA:406,0
DA:408,0
DA:412,0
DA:413,0
DA:416,0
DA:418,0
DA:419,0
DA:421,0
DA:422,0
DA:425,0
DA:427,0
DA:428,0
DA:430,1
DA:431,1
DA:434,0
DA:436,1
DA:437,1
DA:439,0
DA:440,0
DA:443,0
DA:445,0
DA:446,0
DA:452,0
DA:453,0
DA:455,0
DA:456,0
DA:458,0
DA:459,0
DA:461,0
DA:462,0
DA:464,0
DA:465,0
DA:467,0
DA:468,0
DA:471,0
DA:472,0
DA:475,7
DA:484,7
DA:486,7
DA:487,7
DA:491,0
DA:493,0
DA:494,0
DA:498,0
DA:500,0
DA:502,0
DA:504,0
DA:506,0
DA:513,0
DA:515,0
DA:517,0
DA:519,0
DA:521,0
DA:523,0
DA:525,0
DA:534,0
DA:536,0
DA:538,0
DA:540,0
DA:542,0
DA:544,0
DA:546,0
DA:548,0
DA:550,0
DA:552,0
DA:554,0
DA:556,0
DA:558,0
DA:560,0
DA:562,0
DA:564,0
DA:566,0
DA:568,0
DA:570,0
DA:572,0
DA:574,0
DA:576,0
DA:578,0
DA:580,0
DA:582,0
DA:584,0
DA:586,0
DA:588,0
DA:590,0
DA:593,0
DA:595,0
DA:597,0
DA:600,0
DA:602,0
DA:604,0
DA:606,0
DA:608,0
DA:610,0
DA:612,0
DA:614,0
DA:620,0
DA:622,0
DA:624,0
DA:626,0
DA:628,0
DA:630,0
DA:632,0
DA:633,0
DA:640,0
DA:642,0
DA:644,0
DA:645,0
DA:647,0
DA:648,0
DA:650,0
DA:651,0
DA:653,0
DA:654,0
DA:656,0
DA:657,0
DA:659,0
DA:660,0
DA:662,0
DA:664,0
DA:668,0
DA:670,0
DA:671,0
DA:675,0
DA:677,0
DA:678,0
LF:276
LH:25
end_of_record
SF:/home/gabriel/Escritorio/SPEC_CPU2000_CD_2/benchspec/CFP2000/177.mesa/src/enable.c
FN:118,gl_enable
FN:484,gl_Enable
FN:491,gl_Disable
FN:498,gl_IsEnabled
FN:640,gl_client_state
FN:668,gl_EnableClientState
FN:675,gl_DisableClientState
FNDA:7,gl_enable
FNDA:7,gl_enable
FNDA:7,gl_enable
FNDA:7,gl_Enable
FNDA:7,gl_Enable
FNDA:7,gl_Enable
FNDA:0,gl_Disable
FNDA:0,gl_Disable
FNDA:0,gl_Disable
FNDA:0,gl_IsEnabled
FNDA:0,gl_IsEnabled
FNDA:0,gl_IsEnabled
FNDA:0,gl_client_state
FNDA:0,gl_client_state
FNDA:0,gl_client_state
FNDA:0,gl_EnableClientState
FNDA:0,gl_EnableClientState
FNDA:0,gl_EnableClientState
FNDA:0,gl_DisableClientState
FNDA:0,gl_DisableClientState
FNDA:0,gl_DisableClientState
FNF:21
FNH:6
LF:0
LH:0
end_of_record
TN:
SF:/home/gabriel/Escritorio/SPEC_CPU2000_CD_2/benchspec/CFP2000/177.mesa/src/api1.c
FN:61,glAccum
FN:69,glAlphaFunc
FN:77,glAreTexturesResident
FN:86,glArrayElement
FN:94,glBegin
FN:102,glBindTexture
FN:110,glBitmap
FN:154,glBlendFunc
FN:162,glCallList
FN:170,glCallLists
FN:178,glClear
FN:186,glClearAccum
FN:196,glClearIndex
FN:204,glClearColor
FN:215,glClearDepth
FN:223,glClearStencil
FN:231,glClipPlane
FN:244,glColor3b
FN:252,glColor3d
FN:259,glColor3f
FN:266,glColor3i
FN:274,glColor3s
FN:282,glColor3ub
FN:289,glColor3ui
FN:297,glColor3us
FN:305,glColor4b
FN:313,glColor4d
FN:321,glColor4f
FN:327,glColor4i
FN:335,glColor4s
FN:342,glColor4ub
FN:348,glColor4ui
FN:355,glColor4us
FN:363,glColor3bv
FN:371,glColor3dv
FN:378,glColor3fv
FN:385,glColor3iv
FN:393,glColor3sv
FN:401,glColor3ubv
FN:408,glColor3uiv
FN:416,glColor3usv
FN:425,glColor4bv
FN:433,glColor4dv
FN:441,glColor4fv
FN:448,glColor4iv
FN:456,glColor4sv
FN:464,glColor4ubv
FN:471,glColor4uiv
FN:479,glColor4usv
FN:487,glColorMask
FN:496,glColorMaterial
FN:504,glColorPointer
FN:513,glColorTableEXT
FN:527,glColorSubTableEXT
FN:542,glCopyPixels
FN:551,glCopyTexImage1D
FN:563,glCopyTexImage2D
FN:575,glCopyTexSubImage1D
FN:585,glCopyTexSubImage2D
FN:598,glCullFace
FN:606,glDepthFunc
FN:614,glDepthMask
FN:622,glDepthRange
FN:630,glDeleteLists
FN:638,glDeleteTextures
FN:646,glDisable
FN:654,glDisableClientState
FN:662,glDrawArrays
FN:670,glDrawBuffer
FN:678,glDrawElements
FN:687,glDrawPixels
FN:696,glEnable
FN:704,glEnableClientState
FN:712,glEnd
FN:720,glEndList
FN:730,glEvalCoord1d
FN:738,glEvalCoord1f
FN:746,glEvalCoord1dv
FN:754,glEvalCoord1fv
FN:762,glEvalCoord2d
FN:770,glEvalCoord2f
FN:778,glEvalCoord2dv
FN:786,glEvalCoord2fv
FN:794,glEvalPoint1
FN:802,glEvalPoint2
FN:810,glEvalMesh1
FN:818,glEdgeFlag
FN:826,glEdgeFlagv
FN:834,glEdgeFlagPointer
FN:842,glEvalMesh2
FN:850,glFeedbackBuffer
FN:858,glFinish
FN:866,glFlush
FN:874,glFogf
FN:882,glFogi
FN:891,glFogfv
FN:899,glFogiv
FN:928,glFrontFace
FN:936,glFrustum
FN:946,glGenLists
FN:954,glGenTextures
FN:962,glGetBooleanv
FN:970,glGetClipPlane
FN:978,glGetColorTableEXT
FN:987,glGetColorTableParameterivEXT
FN:996,glGetColorTableParameterfvEXT
FN:1005,glGetDoublev
FN:1013,glGetError
FN:1024,glGetFloatv
FN:1032,glGetIntegerv
FN:1040,glGetLightfv
FN:1048,glGetLightiv
FN:1056,glGetMapdv
FN:1064,glGetMapfv
FN:1072,glGetMapiv
FN:1080,glGetMaterialfv
FN:1088,glGetMaterialiv
FN:1096,glGetPixelMapfv
FN:1104,glGetPixelMapuiv
FN:1112,glGetPixelMapusv
FN:1120,glGetPointerv
FN:1128,glGetPolygonStipple
FN:1136,glGetString
FN:1145,glGetTexEnvfv
FN:1153,glGetTexEnviv
FN:1161,glGetTexGeniv
FN:1169,glGetTexGendv
FN:1177,glGetTexGenfv
FN:1186,glGetTexImage
FN:1195,glGetTexLevelParameterfv
FN:1204,glGetTexLevelParameteriv
FN:1215,glGetTexParameterfv
FN:1223,glGetTexParameteriv
FN:1231,glHint
FN:1239,glIndexd
FN:1246,glIndexf
FN:1253,glIndexi
FN:1260,glIndexs
FN:1268,glIndexub
FN:1276,glIndexdv
FN:1283,glIndexfv
FN:1290,glIndexiv
FN:1297,glIndexsv
FN:1305,glIndexubv
FN:1313,glIndexMask
FN:1320,glIndexPointer
FN:1328,glInterleavedArrays
FN:1337,glInitNames
FN:1345,glIsList
FN:1353,glIsTexture
FN:1361,glLightf
FN:1370,glLighti
FN:1380,glLightfv
FN:1389,glLightiv
FN:1431,glLightModelf
FN:1439,glLightModeli
FN:1449,glLightModelfv
FN:1457,glLightModeliv
FN:1482,glLineWidth
FN:1490,glLineStipple
FN:1498,glListBase
FN:1506,glLoadIdentity
FN:1514,glLoadMatrixd
FN:1529,glLoadMatrixf
FN:1537,glLoadName
FN:1545,glLogicOp
FN:1554,glMap1d
FN:1568,glMap1f
FN:1582,glMap2d
FN:1600,glMap2f
FN:1618,glMapGrid1d
FN:1626,glMapGrid1f
FN:1634,glMapGrid2d
FN:1644,glMapGrid2f
FN:1653,glMaterialf
FN:1662,glMateriali
FN:1672,glMaterialfv
FN:1680,glMaterialiv
FN:1712,glMatrixMode
FN:1720,glMultMatrixd
FN:1735,glMultMatrixf
FN:1743,glNewList
FN:1750,glNormal3b
FN:1758,glNormal3d
FN:1769,glNormal3f
FN:1789,glNormal3i
FN:1797,glNormal3s
FN:1805,glNormal3bv
FN:1813,glNormal3dv
FN:1824,glNormal3fv
FN:1845,glNormal3iv
FN:1853,glNormal3sv
FN:1861,glNormalPointer
FNDA:0,glAccum
FNDA:0,glAlphaFunc
FNDA:0,glAreTexturesResident
FNDA:0,glArrayElement
FNDA:149000,glBegin
FNDA:0,glBindTexture
FNDA:0,glBitmap
FNDA:0,glBlendFunc
FNDA:0,glCallList
FNDA:0,glCallLists
FNDA:1000,glClear
FNDA:0,glClearAccum
FNDA:0,glClearIndex
FNDA:0,glClearColor
FNDA:0,glClearDepth
FNDA:0,glClearStencil
FNDA:0,glClipPlane
FNDA:0,glColor3b
FNDA:0,glColor3d
FNDA:0,glColor3f
FNDA:0,glColor3i
FNDA:0,glColor3s
FNDA:0,glColor3ub
FNDA:0,glColor3ui
FNDA:0,glColor3us
FNDA:0,glColor4b
FNDA:0,glColor4d
FNDA:0,glColor4f
FNDA:0,glColor4i
FNDA:0,glColor4s
FNDA:0,glColor4ub
FNDA:0,glColor4ui
FNDA:0,glColor4us
FNDA:0,glColor3bv
FNDA:0,glColor3dv
FNDA:0,glColor3fv
FNDA:0,glColor3iv
FNDA:0,glColor3sv
FNDA:0,glColor3ubv
FNDA:0,glColor3uiv
FNDA:0,glColor3usv
FNDA:0,glColor4bv
FNDA:0,glColor4dv
FNDA:0,glColor4fv
FNDA:0,glColor4iv
FNDA:0,glColor4sv
FNDA:0,glColor4ubv
FNDA:0,glColor4uiv
FNDA:0,glColor4usv
FNDA:0,glColorMask
FNDA:0,glColorMaterial
FNDA:0,glColorPointer
FNDA:0,glColorTableEXT
FNDA:0,glColorSubTableEXT
FNDA:0,glCopyPixels
FNDA:0,glCopyTexImage1D
FNDA:0,glCopyTexImage2D
FNDA:0,glCopyTexSubImage1D
FNDA:0,glCopyTexSubImage2D
FNDA:0,glCullFace
FNDA:0,glDepthFunc
FNDA:0,glDepthMask
FNDA:0,glDepthRange
FNDA:0,glDeleteLists
FNDA:0,glDeleteTextures
FNDA:0,glDisable
FNDA:0,glDisableClientState
FNDA:0,glDrawArrays
FNDA:0,glDrawBuffer
FNDA:0,glDrawElements
FNDA:0,glDrawPixels
FNDA:7,glEnable
FNDA:0,glEnableClientState
FNDA:149000,glEnd
FNDA:0,glEndList
FNDA:0,glEvalCoord1d
FNDA:0,glEvalCoord1f
FNDA:0,glEvalCoord1dv
FNDA:0,glEvalCoord1fv
FNDA:0,glEvalCoord2d
FNDA:0,glEvalCoord2f
FNDA:0,glEvalCoord2dv
FNDA:0,glEvalCoord2fv
FNDA:0,glEvalPoint1
FNDA:0,glEvalPoint2
FNDA:0,glEvalMesh1
FNDA:0,glEdgeFlag
FNDA:0,glEdgeFlagv
FNDA:0,glEdgeFlagPointer
FNDA:0,glEvalMesh2
FNDA:0,glFeedbackBuffer
FNDA:0,glFinish
FNDA:0,glFlush
FNDA:0,glFogf
FNDA:0,glFogi
FNDA:0,glFogfv
FNDA:0,glFogiv
FNDA:0,glFrontFace
FNDA:1,glFrustum
FNDA:0,glGenLists
FNDA:0,glGenTextures
FNDA:0,glGetBooleanv
FNDA:0,glGetClipPlane
FNDA:0,glGetColorTableEXT
FNDA:0,glGetColorTableParameterivEXT
FNDA:0,glGetColorTableParameterfvEXT
FNDA:0,glGetDoublev
FNDA:0,glGetError
FNDA:0,glGetFloatv
FNDA:0,glGetIntegerv
FNDA:0,glGetLightfv
FNDA:0,glGetLightiv
FNDA:0,glGetMapdv
FNDA:0,glGetMapfv
FNDA:0,glGetMapiv
FNDA:0,glGetMaterialfv
FNDA:0,glGetMaterialiv
FNDA:0,glGetPixelMapfv
FNDA:0,glGetPixelMapuiv
FNDA:0,glGetPixelMapusv
FNDA:0,glGetPointerv
FNDA:0,glGetPolygonStipple
FNDA:0,glGetString
FNDA:0,glGetTexEnvfv
FNDA:0,glGetTexEnviv
FNDA:0,glGetTexGeniv
FNDA:0,glGetTexGendv
FNDA:0,glGetTexGenfv
FNDA:0,glGetTexImage
FNDA:0,glGetTexLevelParameterfv
FNDA:0,glGetTexLevelParameteriv
FNDA:0,glGetTexParameterfv
FNDA:0,glGetTexParameteriv
FNDA:0,glHint
FNDA:0,glIndexd
FNDA:0,glIndexf
FNDA:0,glIndexi
FNDA:0,glIndexs
FNDA:0,glIndexub
FNDA:0,glIndexdv
FNDA:0,glIndexfv
FNDA:0,glIndexiv
FNDA:0,glIndexsv
FNDA:0,glIndexubv
FNDA:0,glIndexMask
FNDA:0,glIndexPointer
FNDA:0,glInterleavedArrays
FNDA:0,glInitNames
FNDA:0,glIsList
FNDA:0,glIsTexture
FNDA:0,glLightf
FNDA:0,glLighti
FNDA:9,glLightfv
FNDA:0,glLightiv
FNDA:0,glLightModelf
FNDA:0,glLightModeli
FNDA:0,glLightModelfv
FNDA:0,glLightModeliv
FNDA:0,glLineWidth
FNDA:0,glLineStipple
FNDA:0,glListBase
FNDA:2,glLoadIdentity
FNDA:0,glLoadMatrixd
FNDA:0,glLoadMatrixf
FNDA:0,glLoadName
FNDA:0,glLogicOp
FNDA:0,glMap1d
FNDA:0,glMap1f
FNDA:0,glMap2d
FNDA:0,glMap2f
FNDA:0,glMapGrid1d
FNDA:0,glMapGrid1f
FNDA:0,glMapGrid2d
FNDA:0,glMapGrid2f
FNDA:1,glMaterialf
FNDA:0,glMateriali
FNDA:2,glMaterialfv
FNDA:0,glMaterialiv
FNDA:2,glMatrixMode
FNDA:0,glMultMatrixd
FNDA:0,glMultMatrixf
FNDA:0,glNewList
FNDA:0,glNormal3b
FNDA:0,glNormal3d
FNDA:0,glNormal3f
FNDA:0,glNormal3i
FNDA:0,glNormal3s
FNDA:0,glNormal3bv
FNDA:0,glNormal3dv
FNDA:44700000,glNormal3fv
FNDA:0,glNormal3iv
FNDA:0,glNormal3sv
FNDA:0,glNormalPointer
FNF:193
FNH:11
BRDA:64,0,0,-
BRDA:64,0,1,-
BRDA:64,1,3,-
BRDA:64,1,4,-
BRDA:72,0,0,-
BRDA:72,0,1,-
BRDA:72,1,3,-
BRDA:72,1,4,-
BRDA:81,0,0,-
BRDA:81,0,1,-
BRDA:81,1,3,-
BRDA:81,1,4,-
BRDA:89,0,0,-
BRDA:89,0,1,-
BRDA:89,1,3,-
BRDA:89,1,4,-
BRDA:97,0,0,0
BRDA:97,0,1,149000
BRDA:97,1,3,-
BRDA:97,1,4,-
BRDA:105,0,0,-
BRDA:105,0,1,-
BRDA:105,1,3,-
BRDA:105,1,4,-
BRDA:116,0,0,-
BRDA:116,0,1,-
BRDA:116,1,3,-
BRDA:116,1,4,-
BRDA:117,0,0,-
BRDA:117,0,1,-
BRDA:119,0,0,-
BRDA:119,0,1,-
BRDA:120,0,0,-
BRDA:120,0,1,-
BRDA:121,0,0,-
BRDA:121,0,1,-
BRDA:122,0,0,-
BRDA:122,0,1,-
BRDA:123,0,0,-
BRDA:123,0,1,-
BRDA:140,9999,0,-
BRDA:140,9999,1,-
BRDA:157,0,0,-
BRDA:157,0,1,-
BRDA:157,1,3,-
BRDA:157,1,4,-
BRDA:165,0,0,-
BRDA:165,0,1,-
BRDA:165,1,3,-
BRDA:165,1,4,-
BRDA:173,0,0,-
BRDA:173,0,1,-
BRDA:173,1,3,-
BRDA:173,1,4,-
BRDA:181,0,0,0
BRDA:181,0,1,1000
BRDA:181,1,3,-
BRDA:181,1,4,-
BRDA:190,0,0,-
BRDA:190,0,1,-
BRDA:190,1,3,-
BRDA:190,1,4,-
BRDA:199,0,0,-
BRDA:199,0,1,-
BRDA:199,1,3,-
BRDA:199,1,4,-
BRDA:210,0,0,-
BRDA:210,0,1,-
BRDA:210,1,3,-
BRDA:210,1,4,-
BRDA:218,0,0,-
BRDA:218,0,1,-
BRDA:218,1,3,-
BRDA:218,1,4,-
BRDA:226,0,0,-
BRDA:226,0,1,-
BRDA:226,1,3,-
BRDA:226,1,4,-
BRDA:235,0,0,-
BRDA:235,0,1,-
BRDA:235,1,3,-
BRDA:235,1,4,-
BRDA:491,0,0,-
BRDA:491,0,1,-
BRDA:491,1,3,-
BRDA:491,1,4,-
BRDA:499,0,0,-
BRDA:499,0,1,-
BRDA:499,1,3,-
BRDA:499,1,4,-
BRDA:508,0,0,-
BRDA:508,0,1,-
BRDA:508,1,3,-
BRDA:508,1,4,-
BRDA:519,0,0,-
BRDA:519,0,1,-
BRDA:519,1,3,-
BRDA:519,1,4,-
BRDA:522,9999,0,-
BRDA:522,9999,1,-
BRDA:533,0,0,-
BRDA:533,0,1,-
BRDA:533,1,3,-
BRDA:533,1,4,-
BRDA:536,9999,0,-
BRDA:536,9999,1,-
BRDA:546,0,0,-
BRDA:546,0,1,-
BRDA:546,1,3,-
BRDA:546,1,4,-
BRDA:557,0,0,-
BRDA:557,0,1,-
BRDA:557,1,3,-
BRDA:557,1,4,-
BRDA:569,0,0,-
BRDA:569,0,1,-
BRDA:569,1,3,-
BRDA:569,1,4,-
BRDA:580,0,0,-
BRDA:580,0,1,-
BRDA:580,1,3,-
BRDA:580,1,4,-
BRDA:591,0,0,-
BRDA:591,0,1,-
BRDA:591,1,3,-
BRDA:591,1,4,-
BRDA:601,0,0,-
BRDA:601,0,1,-
BRDA:601,1,3,-
BRDA:601,1,4,-
BRDA:609,0,0,-
BRDA:609,0,1,-
BRDA:609,1,3,-
BRDA:609,1,4,-
BRDA:617,0,0,-
BRDA:617,0,1,-
BRDA:617,1,3,-
BRDA:617,1,4,-
BRDA:625,0,0,-
BRDA:625,0,1,-
BRDA:625,1,3,-
BRDA:625,1,4,-
BRDA:633,0,0,-
BRDA:633,0,1,-
BRDA:633,1,3,-
BRDA:633,1,4,-
BRDA:641,0,0,-
BRDA:641,0,1,-
BRDA:641,1,3,-
BRDA:641,1,4,-
BRDA:649,0,0,-
BRDA:649,0,1,-
BRDA:649,1,3,-
BRDA:649,1,4,-
BRDA:657,0,0,-
BRDA:657,0,1,-
BRDA:657,1,3,-
BRDA:657,1,4,-
BRDA:665,0,0,-
BRDA:665,0,1,-
BRDA:665,1,3,-
BRDA:665,1,4,-
BRDA:673,0,0,-
BRDA:673,0,1,-
BRDA:673,1,3,-
BRDA:673,1,4,-
BRDA:682,0,0,-
BRDA:682,0,1,-
BRDA:682,1,3,-
BRDA:682,1,4,-
BRDA:691,0,0,-
BRDA:691,0,1,-
BRDA:691,1,3,-
BRDA:691,1,4,-
BRDA:699,0,0,0
BRDA:699,0,1,7
BRDA:699,1,3,-
BRDA:699,1,4,-
BRDA:707,0,0,-
BRDA:707,0,1,-
BRDA:707,1,3,-
BRDA:707,1,4,-
BRDA:715,0,0,0
BRDA:715,0,1,149000
BRDA:715,1,3,-
BRDA:715,1,4,-
BRDA:723,0,0,-
BRDA:723,0,1,-
BRDA:723,1,3,-
BRDA:723,1,4,-
BRDA:733,0,0,-
BRDA:733,0,1,-
BRDA:733,1,3,-
BRDA:733,1,4,-
BRDA:741,0,0,-
BRDA:741,0,1,-
BRDA:741,1,3,-
BRDA:741,1,4,-
BRDA:749,0,0,-
BRDA:749,0,1,-
BRDA:749,1,3,-
BRDA:749,1,4,-
BRDA:757,0,0,-
BRDA:757,0,1,-
BRDA:757,1,3,-
BRDA:757,1,4,-
BRDA:765,0,0,-
BRDA:765,0,1,-
BRDA:765,1,3,-
BRDA:765,1,4,-
BRDA:773,0,0,-
BRDA:773,0,1,-
BRDA:773,1,3,-
BRDA:773,1,4,-
BRDA:781,0,0,-
BRDA:781,0,1,-
BRDA:781,1,3,-
BRDA:781,1,4,-
BRDA:789,0,0,-
BRDA:789,0,1,-
BRDA:789,1,3,-
BRDA:789,1,4,-
BRDA:797,0,0,-
BRDA:797,0,1,-
BRDA:797,1,3,-
BRDA:797,1,4,-
BRDA:805,0,0,-
BRDA:805,0,1,-
BRDA:805,1,3,-
BRDA:805,1,4,-
BRDA:813,0,0,-
BRDA:813,0,1,-
BRDA:813,1,3,-
BRDA:813,1,4,-
BRDA:821,0,0,-
BRDA:821,0,1,-
BRDA:821,1,3,-
BRDA:821,1,4,-
BRDA:829,0,0,-
BRDA:829,0,1,-
BRDA:829,1,3,-
BRDA:829,1,4,-
BRDA:837,0,0,-
BRDA:837,0,1,-
BRDA:837,1,3,-
BRDA:837,1,4,-
BRDA:845,0,0,-
BRDA:845,0,1,-
BRDA:845,1,3,-
BRDA:845,1,4,-
BRDA:853,0,0,-
BRDA:853,0,1,-
BRDA:853,1,3,-
BRDA:853,1,4,-
BRDA:861,0,0,-
BRDA:861,0,1,-
BRDA:861,1,3,-
BRDA:861,1,4,-
BRDA:869,0,0,-
BRDA:869,0,1,-
BRDA:869,1,3,-
BRDA:869,1,4,-
BRDA:877,0,0,-
BRDA:877,0,1,-
BRDA:877,1,3,-
BRDA:877,1,4,-
BRDA:886,0,0,-
BRDA:886,0,1,-
BRDA:886,1,3,-
BRDA:886,1,4,-
BRDA:894,0,0,-
BRDA:894,0,1,-
BRDA:894,1,3,-
BRDA:894,1,4,-
BRDA:903,0,0,-
BRDA:903,0,1,-
BRDA:903,1,3,-
BRDA:903,1,4,-
BRDA:905,0,0,-
BRDA:905,0,1,-
BRDA:905,0,2,-
BRDA:931,0,0,-
BRDA:931,0,1,-
BRDA:931,1,3,-
BRDA:931,1,4,-
BRDA:941,0,0,0
BRDA:941,0,1,1
BRDA:941,1,3,-
BRDA:941,1,4,-
BRDA:949,0,0,-
BRDA:949,0,1,-
BRDA:949,1,3,-
BRDA:949,1,4,-
BRDA:957,0,0,-
BRDA:957,0,1,-
BRDA:957,1,3,-
BRDA:957,1,4,-
BRDA:965,0,0,-
BRDA:965,0,1,-
BRDA:965,1,3,-
BRDA:965,1,4,-
BRDA:973,0,0,-
BRDA:973,0,1,-
BRDA:973,1,3,-
BRDA:973,1,4,-
BRDA:982,0,0,-
BRDA:982,0,1,-
BRDA:982,1,3,-
BRDA:982,1,4,-
BRDA:991,0,0,-
BRDA:991,0,1,-
BRDA:991,1,3,-
BRDA:991,1,4,-
BRDA:1008,0,0,-
BRDA:1008,0,1,-
BRDA:1008,1,3,-
BRDA:1008,1,4,-
BRDA:1016,0,0,-
BRDA:1016,0,1,-
BRDA:1027,0,0,-
BRDA:1027,0,1,-
BRDA:1027,1,3,-
BRDA:1027,1,4,-
BRDA:1035,0,0,-
BRDA:1035,0,1,-
BRDA:1035,1,3,-
BRDA:1035,1,4,-
BRDA:1043,0,0,-
BRDA:1043,0,1,-
BRDA:1043,1,3,-
BRDA:1043,1,4,-
BRDA:1051,0,0,-
BRDA:1051,0,1,-
BRDA:1051,1,3,-
BRDA:1051,1,4,-
BRDA:1059,0,0,-
BRDA:1059,0,1,-
BRDA:1059,1,3,-
BRDA:1059,1,4,-
BRDA:1067,0,0,-
BRDA:1067,0,1,-
BRDA:1067,1,3,-
BRDA:1067,1,4,-
BRDA:1075,0,0,-
BRDA:1075,0,1,-
BRDA:1075,1,3,-
BRDA:1075,1,4,-
BRDA:1083,0,0,-
BRDA:1083,0,1,-
BRDA:1083,1,3,-
BRDA:1083,1,4,-
BRDA:1091,0,0,-
BRDA:1091,0,1,-
BRDA:1091,1,3,-
BRDA:1091,1,4,-
BRDA:1099,0,0,-
BRDA:1099,0,1,-
BRDA:1099,1,3,-
BRDA:1099,1,4,-
BRDA:1107,0,0,-
BRDA:1107,0,1,-
BRDA:1107,1,3,-
BRDA:1107,1,4,-
BRDA:1115,0,0,-
BRDA:1115,0,1,-
BRDA:1115,1,3,-
BRDA:1115,1,4,-
BRDA:1123,0,0,-
BRDA:1123,0,1,-
BRDA:1123,1,3,-
BRDA:1123,1,4,-
BRDA:1131,0,0,-
BRDA:1131,0,1,-
BRDA:1131,1,3,-
BRDA:1131,1,4,-
BRDA:1139,0,0,-
BRDA:1139,0,1,-
BRDA:1139,1,3,-
BRDA:1139,1,4,-
BRDA:1148,0,0,-
BRDA:1148,0,1,-
BRDA:1148,1,3,-
BRDA:1148,1,4,-
BRDA:1156,0,0,-
BRDA:1156,0,1,-
BRDA:1156,1,3,-
BRDA:1156,1,4,-
BRDA:1164,0,0,-
BRDA:1164,0,1,-
BRDA:1164,1,3,-
BRDA:1164,1,4,-
BRDA:1172,0,0,-
BRDA:1172,0,1,-
BRDA:1172,1,3,-
BRDA:1172,1,4,-
BRDA:1180,0,0,-
BRDA:1180,0,1,-
BRDA:1180,1,3,-
BRDA:1180,1,4,-
BRDA:1190,0,0,-
BRDA:1190,0,1,-
BRDA:1190,1,3,-
BRDA:1190,1,4,-
BRDA:1199,0,0,-
BRDA:1199,0,1,-
BRDA:1199,1,3,-
BRDA:1199,1,4,-
BRDA:1208,0,0,-
BRDA:1208,0,1,-
BRDA:1208,1,3,-
BRDA:1208,1,4,-
BRDA:1218,0,0,-
BRDA:1218,0,1,-
BRDA:1218,1,3,-
BRDA:1218,1,4,-
BRDA:1226,0,0,-
BRDA:1226,0,1,-
BRDA:1226,1,3,-
BRDA:1226,1,4,-
BRDA:1234,0,0,-
BRDA:1234,0,1,-
BRDA:1234,1,3,-
BRDA:1234,1,4,-
BRDA:1323,0,0,-
BRDA:1323,0,1,-
BRDA:1323,1,3,-
BRDA:1323,1,4,-
BRDA:1332,0,0,-
BRDA:1332,0,1,-
BRDA:1332,1,3,-
BRDA:1332,1,4,-
BRDA:1340,0,0,-
BRDA:1340,0,1,-
BRDA:1340,1,3,-
BRDA:1340,1,4,-
BRDA:1348,0,0,-
BRDA:1348,0,1,-
BRDA:1348,1,3,-
BRDA:1348,1,4,-
BRDA:1356,0,0,-
BRDA:1356,0,1,-
BRDA:1356,1,3,-
BRDA:1356,1,4,-
BRDA:1364,0,0,-
BRDA:1364,0,1,-
BRDA:1364,1,3,-
BRDA:1364,1,4,-
BRDA:1374,0,0,-
BRDA:1374,0,1,-
BRDA:1374,1,3,-
BRDA:1374,1,4,-
BRDA:1383,0,0,0
BRDA:1383,0,1,9
BRDA:1383,1,3,-
BRDA:1383,1,4,-
BRDA:1393,0,0,-
BRDA:1393,0,1,-
BRDA:1393,1,3,-
BRDA:1393,1,4,-
BRDA:1395,0,0,-
BRDA:1395,0,1,-
BRDA:1395,0,2,-
BRDA:1395,0,3,-
BRDA:1395,0,4,-
BRDA:1434,0,0,-
BRDA:1434,0,1,-
BRDA:1434,1,3,-
BRDA:1434,1,4,-
BRDA:1443,0,0,-
BRDA:1443,0,1,-
BRDA:1443,1,3,-
BRDA:1443,1,4,-
BRDA:1452,0,0,-
BRDA:1452,0,1,-
BRDA:1452,1,3,-
BRDA:1452,1,4,-
BRDA:1461,0,0,-
BRDA:1461,0,1,-
BRDA:1461,1,3,-
BRDA:1461,1,4,-
BRDA:1463,0,0,-
BRDA:1463,0,1,-
BRDA:1463,0,2,-
BRDA:1485,0,0,-
BRDA:1485,0,1,-
BRDA:1485,1,3,-
BRDA:1485,1,4,-
BRDA:1493,0,0,-
BRDA:1493,0,1,-
BRDA:1493,1,3,-
BRDA:1493,1,4,-
BRDA:1501,0,0,-
BRDA:1501,0,1,-
BRDA:1501,1,3,-
BRDA:1501,1,4,-
BRDA:1509,0,0,0
BRDA:1509,0,1,2
BRDA:1509,1,3,-
BRDA:1509,1,4,-
BRDA:1519,0,0,-
BRDA:1519,0,1,-
BRDA:1519,1,3,-
BRDA:1519,1,4,-
BRDA:1521,2,0,-
BRDA:1521,2,1,-
BRDA:1532,0,0,-
BRDA:1532,0,1,-
BRDA:1532,1,3,-
BRDA:1532,1,4,-
BRDA:1540,0,0,-
BRDA:1540,0,1,-
BRDA:1540,1,3,-
BRDA:1540,1,4,-
BRDA:1548,0,0,-
BRDA:1548,0,1,-
BRDA:1548,1,3,-
BRDA:1548,1,4,-
BRDA:1560,0,0,-
BRDA:1560,0,1,-
BRDA:1560,1,3,-
BRDA:1560,1,4,-
BRDA:1574,0,0,-
BRDA:1574,0,1,-
BRDA:1574,1,3,-
BRDA:1574,1,4,-
BRDA:1590,0,0,-
BRDA:1590,0,1,-
BRDA:1590,1,3,-
BRDA:1590,1,4,-
BRDA:1608,0,0,-
BRDA:1608,0,1,-
BRDA:1608,1,3,-
BRDA:1608,1,4,-
BRDA:1621,0,0,-
BRDA:1621,0,1,-
BRDA:1621,1,3,-
BRDA:1621,1,4,-
BRDA:1629,0,0,-
BRDA:1629,0,1,-
BRDA:1629,1,3,-
BRDA:1629,1,4,-
BRDA:1638,0,0,-
BRDA:1638,0,1,-
BRDA:1638,1,3,-
BRDA:1638,1,4,-
BRDA:1648,0,0,-
BRDA:1648,0,1,-
BRDA:1648,1,3,-
BRDA:1648,1,4,-
BRDA:1656,0,0,0
BRDA:1656,0,1,1
BRDA:1656,1,3,-
BRDA:1656,1,4,-
BRDA:1666,0,0,-
BRDA:1666,0,1,-
BRDA:1666,1,3,-
BRDA:1666,1,4,-
BRDA:1675,0,0,0
BRDA:1675,0,1,2
BRDA:1675,1,3,-
BRDA:1675,1,4,-
BRDA:1684,0,0,-
BRDA:1684,0,1,-
BRDA:1684,1,3,-
BRDA:1684,1,4,-
BRDA:1685,0,0,-
BRDA:1685,0,1,-
BRDA:1685,0,2,-
BRDA:1685,0,3,-
BRDA:1715,0,0,0
BRDA:1715,0,1,2
BRDA:1715,1,3,-
BRDA:1715,1,4,-
BRDA:1725,0,0,-
BRDA:1725,0,1,-
BRDA:1725,1,3,-
BRDA:1725,1,4,-
BRDA:1727,2,0,-
BRDA:1727,2,1,-
BRDA:1738,0,0,-
BRDA:1738,0,1,-
BRDA:1738,1,3,-
BRDA:1738,1,4,-
BRDA:1746,0,0,-
BRDA:1746,0,1,-
BRDA:1746,1,3,-
BRDA:1746,1,4,-
BRDA:1762,0,0,-
BRDA:1762,0,1,-
BRDA:1762,3,2,-
BRDA:1762,3,3,-
BRDA:1763,0,0,-
BRDA:1763,0,1,-
BRDA:1763,3,2,-
BRDA:1763,3,3,-
BRDA:1764,0,0,-
BRDA:1764,0,1,-
BRDA:1764,3,2,-
BRDA:1764,3,3,-
BRDA:1773,0,0,-
BRDA:1773,0,1,-
BRDA:1817,0,0,-
BRDA:1817,0,1,-
BRDA:1817,3,2,-
BRDA:1817,3,3,-
BRDA:1818,0,0,-
BRDA:1818,0,1,-
BRDA:1818,3,2,-
BRDA:1818,3,3,-
BRDA:1819,0,0,-
BRDA:1819,0,1,-
BRDA:1819,3,2,-
BRDA:1819,3,3,-
BRDA:1828,0,0,0
BRDA:1828,0,1,44700000
BRDA:1864,0,0,-
BRDA:1864,0,1,-
BRDA:1864,1,3,-
BRDA:1864,1,4,-
BRF:619
BRH:11
DA:61,0
DA:64,0
DA:65,0
DA:69,0
DA:72,0
DA:73,0
DA:77,0
DA:81,0
DA:82,0
DA:86,0
DA:89,0
DA:90,0
DA:94,149000
DA:97,149000
DA:98,149000
DA:102,0
DA:105,0
DA:106,0
DA:110,0
DA:116,0
DA:117,0
DA:119,0
DA:120,0
DA:121,0
DA:122,0
DA:123,0
DA:126,0
DA:127,0
DA:128,0
DA:129,0
DA:130,0
DA:131,0
DA:132,0
DA:137,0
DA:138,0
DA:140,0
DA:141,0
DA:148,0
DA:149,0
DA:154,0
DA:157,0
DA:158,0
DA:162,0
DA:165,0
DA:166,0
DA:170,0
DA:173,0
DA:174,0
DA:178,1000
DA:181,1000
DA:182,1000
DA:186,0
DA:190,0
DA:191,0
DA:196,0
DA:199,0
DA:200,0
DA:204,0
DA:210,0
DA:211,0
DA:215,0
DA:218,0
DA:219,0
DA:223,0
DA:226,0
DA:227,0
DA:231,0
DA:235,0
DA:236,0
DA:237,0
DA:238,0
DA:239,0
DA:240,0
DA:244,0
DA:247,0
DA:248,0
DA:249,0
DA:252,0
DA:255,0
DA:256,0
DA:259,0
DA:262,0
DA:263,0
DA:266,0
DA:269,0
DA:270,0
DA:271,0
DA:274,0
DA:277,0
DA:278,0
DA:279,0
DA:282,0
DA:285,0
DA:286,0
DA:289,0
DA:292,0
DA:293,0
DA:294,0
DA:297,0
DA:300,0
DA:301,0
DA:302,0
DA:305,0
DA:308,0
DA:309,0
DA:310,0
DA:313,0
DA:316,0
DA:318,0
DA:321,0
DA:324,0
DA:325,0
DA:327,0
DA:330,0
DA:331,0
DA:332,0
DA:335,0
DA:338,0
DA:339,0
DA:340,0
DA:342,0
DA:345,0
DA:346,0
DA:348,0
DA:351,0
DA:352,0
DA:353,0
DA:355,0
DA:358,0
DA:359,0
DA:360,0
DA:363,0
DA:366,0
DA:367,0
DA:368,0
DA:371,0
DA:374,0
DA:375,0
DA:378,0
DA:381,0
DA:382,0
DA:385,0
DA:388,0
DA:389,0
DA:390,0
DA:393,0
DA:396,0
DA:397,0
DA:398,0
DA:401,0
DA:404,0
DA:405,0
DA:408,0
DA:411,0
DA:412,0
DA:413,0
DA:416,0
DA:419,0
DA:420,0
DA:422,0
DA:425,0
DA:428,0
DA:429,0
DA:430,0
DA:433,0
DA:436,0
DA:437,0
DA:438,0
DA:441,0
DA:444,0
DA:445,0
DA:448,0
DA:451,0
DA:452,0
DA:453,0
DA:456,0
DA:459,0
DA:460,0
DA:461,0
DA:464,0
DA:467,0
DA:468,0
DA:471,0
DA:474,0
DA:475,0
DA:476,0
DA:479,0
DA:482,0
DA:483,0
DA:484,0
DA:487,0
DA:491,0
DA:492,0
DA:496,0
DA:499,0
DA:500,0
DA:504,0
DA:508,0
DA:509,0
DA:513,0
DA:519,0
DA:520,0
DA:521,0
DA:522,0
DA:523,0
DA:527,0
DA:533,0
DA:534,0
DA:535,0
DA:536,0
DA:537,0
DA:542,0
DA:546,0
DA:547,0
DA:551,0
DA:557,0
DA:558,0
DA:563,0
DA:569,0
DA:570,0
DA:575,0
DA:580,0
DA:581,0
DA:585,0
DA:591,0
DA:592,0
DA:598,0
DA:601,0
DA:602,0
DA:606,0
DA:609,0
DA:610,0
DA:614,0
DA:617,0
DA:618,0
DA:622,0
DA:625,0
DA:626,0
DA:630,0
DA:633,0
DA:634,0
DA:638,0
DA:641,0
DA:642,0
DA:646,0
DA:649,0
DA:650,0
DA:654,0
DA:657,0
DA:658,0
DA:662,0
DA:665,0
DA:666,0
DA:670,0
DA:673,0
DA:674,0
DA:678,0
DA:682,0
DA:683,0
DA:687,0
DA:691,0
DA:692,0
DA:696,7
DA:699,7
DA:700,7
DA:704,0
DA:707,0
DA:708,0
DA:712,149000
DA:715,149000
DA:716,149000
DA:720,0
DA:723,0
DA:724,0
DA:730,0
DA:733,0
DA:734,0
DA:738,0
DA:741,0
DA:742,0
DA:746,0
DA:749,0
DA:750,0
DA:754,0
DA:757,0
DA:758,0
DA:762,0
DA:765,0
DA:766,0
DA:770,0
DA:773,0
DA:774,0
DA:778,0
DA:781,0
DA:782,0
DA:786,0
DA:789,0
DA:790,0
DA:794,0
DA:797,0
DA:798,0
DA:802,0
DA:805,0
DA:806,0
DA:810,0
DA:813,0
DA:814,0
DA:818,0
DA:821,0
DA:822,0
DA:826,0
DA:829,0
DA:830,0
DA:834,0
DA:837,0
DA:838,0
DA:842,0
DA:845,0
DA:846,0
DA:850,0
DA:853,0
DA:854,0
DA:858,0
DA:861,0
DA:862,0
DA:866,0
DA:869,0
DA:870,0
DA:874,0
DA:877,0
DA:878,0
DA:882,0
DA:884,0
DA:886,0
DA:887,0
DA:891,0
DA:894,0
DA:895,0
DA:899,0
DA:903,0
DA:905,0
DA:911,0
DA:912,0
DA:914,0
DA:915,0
DA:916,0
DA:917,0
DA:918,0
DA:923,0
DA:928,0
DA:931,0
DA:932,0
DA:936,1
DA:941,1
DA:942,1
DA:946,0
DA:949,0
DA:950,0
DA:954,0
DA:957,0
DA:958,0
DA:962,0
DA:965,0
DA:966,0
DA:970,0
DA:973,0
DA:974,0
DA:978,0
DA:982,0
DA:983,0
DA:987,0
DA:991,0
DA:992,0
DA:996,0
DA:1000,0
DA:1001,0
DA:1002,0
DA:1005,0
DA:1008,0
DA:1009,0
DA:1013,0
DA:1016,0
DA:1018,0
DA:1020,0
DA:1024,0
DA:1027,0
DA:1028,0
DA:1032,0
DA:1035,0
DA:1036,0
DA:1040,0
DA:1043,0
DA:1044,0
DA:1048,0
DA:1051,0
DA:1052,0
DA:1056,0
DA:1059,0
DA:1060,0
DA:1064,0
DA:1067,0
DA:1068,0
DA:1072,0
DA:1075,0
DA:1076,0
DA:1080,0
DA:1083,0
DA:1084,0
DA:1088,0
DA:1091,0
DA:1092,0
DA:1096,0
DA:1099,0
DA:1100,0
DA:1104,0
DA:1107,0
DA:1108,0
DA:1112,0
DA:1115,0
DA:1116,0
DA:1120,0
DA:1123,0
DA:1124,0
DA:1128,0
DA:1131,0
DA:1132,0
DA:1136,0
DA:1139,0
DA:1140,0
DA:1145,0
DA:1148,0
DA:1149,0
DA:1153,0
DA:1156,0
DA:1157,0
DA:1161,0
DA:1164,0
DA:1165,0
DA:1169,0
DA:1172,0
DA:1173,0
DA:1177,0
DA:1180,0
DA:1181,0
DA:1186,0
DA:1190,0
DA:1191,0
DA:1195,0
DA:1199,0
DA:1200,0
DA:1204,0
DA:1208,0
DA:1209,0
DA:1215,0
DA:1218,0
DA:1219,0
DA:1223,0
DA:1226,0
DA:1227,0
DA:1231,0
DA:1234,0
DA:1235,0
DA:1239,0
DA:1242,0
DA:1243,0
DA:1246,0
DA:1249,0
DA:1250,0
DA:1253,0
DA:1256,0
DA:1257,0
DA:1260,0
DA:1263,0
DA:1264,0
DA:1268,0
DA:1271,0
DA:1272,0
DA:1276,0
DA:1279,0
DA:1280,0
DA:1283,0
DA:1286,0
DA:1287,0
DA:1290,0
DA:1293,0
DA:1294,0
DA:1297,0
DA:1300,0
DA:1301,0
DA:1305,0
DA:1308,0
DA:1309,0
DA:1313,0
DA:1316,0
DA:1317,0
DA:1320,0
DA:1323,0
DA:1324,0
DA:1328,0
DA:1332,0
DA:1333,0
DA:1337,0
DA:1340,0
DA:1341,0
DA:1345,0
DA:1348,0
DA:1349,0
DA:1353,0
DA:1356,0
DA:1357,0
DA:1361,0
DA:1364,0
DA:1365,0
DA:1370,0
DA:1372,0
DA:1374,0
DA:1375,0
DA:1380,9
DA:1383,9
DA:1384,9
DA:1389,0
DA:1393,0
DA:1395,0
DA:1399,0
DA:1400,0
DA:1401,0
DA:1402,0
DA:1403,0
DA:1405,0
DA:1406,0
DA:1407,0
DA:1408,0
DA:1409,0
DA:1411,0
DA:1412,0
DA:1413,0
DA:1414,0
DA:1420,0
DA:1421,0
DA:1426,0
DA:1431,0
DA:1434,0
DA:1435,0
DA:1439,0
DA:1443,0
DA:1444,0
DA:1445,0
DA:1449,0
DA:1452,0
DA:1453,0
DA:1457,0
DA:1461,0
DA:1463,0
DA:1465,0
DA:1466,0
DA:1467,0
DA:1468,0
DA:1469,0
DA:1472,0
DA:1473,0
DA:1478,0
DA:1482,0
DA:1485,0
DA:1486,0
DA:1490,0
DA:1493,0
DA:1494,0
DA:1498,0
DA:1501,0
DA:1502,0
DA:1506,2
DA:1509,2
DA:1510,2
DA:1514,0
DA:1519,0
DA:1521,0
DA:1522,0
DA:1525,0
DA:1529,0
DA:1532,0
DA:1533,0
DA:1537,0
DA:1540,0
DA:1541,0
DA:1545,0
DA:1548,0
DA:1549,0
DA:1554,0
DA:1560,0
DA:1562,0
DA:1563,0
DA:1564,0
DA:1568,0
DA:1574,0
DA:1576,0
DA:1577,0
DA:1578,0
DA:1582,0
DA:1590,0
DA:1592,0
DA:1594,0
DA:1595,0
DA:1600,0
DA:1608,0
DA:1610,0
DA:1612,0
DA:1613,0
DA:1618,0
DA:1621,0
DA:1622,0
DA:1626,0
DA:1629,0
DA:1630,0
DA:1634,0
DA:1638,0
DA:1639,0
DA:1644,0
DA:1648,0
DA:1649,0
DA:1653,1
DA:1656,1
DA:1657,1
DA:1662,0
DA:1666,0
DA:1667,0
DA:1668,0
DA:1672,2
DA:1675,2
DA:1676,2
DA:1680,0
DA:1684,0
DA:1685,0
DA:1691,0
DA:1692,0
DA:1693,0
DA:1694,0
DA:1695,0
DA:1697,0
DA:1698,0
DA:1700,0
DA:1701,0
DA:1702,0
DA:1703,0
DA:1708,0
DA:1712,2
DA:1715,2
DA:1716,2
DA:1720,0
DA:1725,0
DA:1727,0
DA:1728,0
DA:1731,0
DA:1735,0
DA:1738,0
DA:1739,0
DA:1743,0
DA:1746,0
DA:1747,0
DA:1750,0
DA:1753,0
DA:1754,0
DA:1755,0
DA:1758,0
DA:1762,0
DA:1763,0
DA:1764,0
DA:1765,0
DA:1766,0
DA:1769,0
DA:1773,0
DA:1774,0
DA:1778,0
DA:1779,0
DA:1780,0
DA:1781,0
DA:1786,0
DA:1789,0
DA:1792,0
DA:1793,0
DA:1794,0
DA:1797,0
DA:1800,0
DA:1801,0
DA:1802,0
DA:1805,0
DA:1808,0
DA:1809,0
DA:1810,0
DA:1813,0
DA:1817,0
DA:1818,0
DA:1819,0
DA:1820,0
DA:1821,0
DA:1824,44700000
DA:1828,44700000
DA:1829,0
DA:1833,44700000
DA:1834,44700000
DA:1835,44700000
DA:1836,44700000
DA:1837,44700000
DA:1842,44700000
DA:1845,0
DA:1848,0
DA:1849,0
DA:1850,0
DA:1853,0
DA:1856,0
DA:1857,0
DA:1858,0
DA:1861,0
DA:1864,0
DA:1865,0
LF:714
LH:38
end_of_record
SF:/usr/include/bits/stdio2.h
DA:98,0
LF:1
LH:0
end_of_record
TN:
SF:/home/gabriel/Escritorio/SPEC_CPU2000_CD_2/benchspec/CFP2000/177.mesa/src/vbfill.c
FN:114,gl_Normal3f
FN:126,gl_Normal3fv
FN:143,gl_Indexf
FN:153,gl_Indexi
FN:168,gl_Color3f
FN:182,gl_Color3fv
FN:197,gl_Color4f
FN:212,gl_Color4fv
FN:227,gl_Color4ub
FN:243,gl_Color4ub8bit
FN:256,gl_Color4ubv
FN:271,gl_Color4ubv8bit
FN:283,gl_ColorMat3f
FN:302,gl_ColorMat3fv
FN:321,gl_ColorMat4f
FN:341,gl_ColorMat4fv
FN:360,gl_ColorMat4ub
FN:388,gl_ColorMat4ubv
FN:402,gl_EdgeFlag
FN:417,vertex4f_feedback
FN:449,vertex3f_feedback
FN:455,vertex2f_feedback
FN:461,vertex3fv_feedback
FN:472,vertex4
FN:498,vertex3f_normal_color_tex2
FN:522,vertex3f_normal_color_tex4
FN:546,vertex3f_normal
FN:567,vertex3f_color_tex2
FN:590,vertex3f_color_tex4
FN:613,vertex3f_color
FN:634,vertex3f_index
FN:656,vertex2f_normal_color_tex2
FN:679,vertex2f_normal_color_tex4
FN:702,vertex2f_normal
FN:723,vertex2f_color_tex2
FN:745,vertex2f_color_tex4
FN:767,vertex2f_color
FN:788,vertex2f_index
FN:811,vertex3fv_normal_color_tex2
FN:834,vertex3fv_normal_color_tex4
FN:857,vertex3fv_normal
FN:878,vertex3fv_color_tex2
FN:900,vertex3fv_color_tex4
FN:922,vertex3fv_color
FN:943,vertex3fv_index
FN:965,gl_vertex4f_nop
FN:971,gl_vertex3f_nop
FN:976,gl_vertex2f_nop
FN:981,gl_vertex3fv_nop
FN:996,gl_TexCoord2f
FN:1007,gl_TexCoord2f4
FN:1019,gl_TexCoord4f
FN:1041,gl_set_vertex_function
FN:1123,gl_set_color_function
FN:1171,gl_eval_vertex
FN:1222,gl_Begin
FN:1305,gl_End
FNDA:0,gl_Normal3f
FNDA:0,gl_Normal3fv
FNDA:0,gl_Indexf
FNDA:0,gl_Indexi
FNDA:0,gl_Color3f
FNDA:0,gl_Color3fv
FNDA:0,gl_Color4f
FNDA:0,gl_Color4fv
FNDA:0,gl_Color4ub
FNDA:0,gl_Color4ub8bit
FNDA:0,gl_Color4ubv
FNDA:0,gl_Color4ubv8bit
FNDA:0,gl_ColorMat3f
FNDA:0,gl_ColorMat3fv
FNDA:0,gl_ColorMat4f
FNDA:0,gl_ColorMat4fv
FNDA:0,gl_ColorMat4ub
FNDA:0,gl_ColorMat4ubv
FNDA:0,gl_EdgeFlag
FNDA:0,vertex4f_feedback
FNDA:0,vertex3f_feedback
FNDA:0,vertex2f_feedback
FNDA:0,vertex3fv_feedback
FNDA:0,vertex4
FNDA:0,vertex3f_normal_color_tex2
FNDA:0,vertex3f_normal_color_tex4
FNDA:0,vertex3f_normal
FNDA:0,vertex3f_color_tex2
FNDA:0,vertex3f_color_tex4
FNDA:0,vertex3f_color
FNDA:0,vertex3f_index
FNDA:0,vertex2f_normal_color_tex2
FNDA:0,vertex2f_normal_color_tex4
FNDA:0,vertex2f_normal
FNDA:0,vertex2f_color_tex2
FNDA:0,vertex2f_color_tex4
FNDA:0,vertex2f_color
FNDA:0,vertex2f_index
FNDA:44700000,vertex3fv_normal_color_tex2
FNDA:0,vertex3fv_normal_color_tex4
FNDA:0,vertex3fv_normal
FNDA:0,vertex3fv_color_tex2
FNDA:0,vertex3fv_color_tex4
FNDA:0,vertex3fv_color
FNDA:0,vertex3fv_index
FNDA:0,gl_vertex4f_nop
FNDA:0,gl_vertex3f_nop
FNDA:0,gl_vertex2f_nop
FNDA:0,gl_vertex3fv_nop
FNDA:0,gl_TexCoord2f
FNDA:0,gl_TexCoord2f4
FNDA:0,gl_TexCoord4f
FNDA:2,gl_set_vertex_function
FNDA:2,gl_set_color_function
FNDA:0,gl_eval_vertex
FNDA:149000,gl_Begin
FNDA:149000,gl_End
FNF:57
FNH:5
BRDA:170,0,0,-
BRDA:170,0,1,-
BRDA:170,2,2,-
BRDA:170,2,3,-
BRDA:171,0,0,-
BRDA:171,0,1,-
BRDA:171,2,2,-
BRDA:171,2,3,-
BRDA:172,0,0,-
BRDA:172,0,1,-
BRDA:172,2,2,-
BRDA:172,2,3,-
BRDA:184,0,0,-
BRDA:184,0,1,-
BRDA:184,2,2,-
BRDA:184,2,3,-
BRDA:185,0,0,-
BRDA:185,0,1,-
BRDA:185,2,2,-
BRDA:185,2,3,-
BRDA:186,0,0,-
BRDA:186,0,1,-
BRDA:186,2,2,-
BRDA:186,2,3,-
BRDA:200,0,0,-
BRDA:200,0,1,-
BRDA:200,2,2,-
BRDA:200,2,3,-
BRDA:201,0,0,-
BRDA:201,0,1,-
BRDA:201,2,2,-
BRDA:201,2,3,-
BRDA:202,0,0,-
BRDA:202,0,1,-
BRDA:202,2,2,-
BRDA:202,2,3,-
BRDA:203,0,0,-
BRDA:203,0,1,-
BRDA:203,2,2,-
BRDA:203,2,3,-
BRDA:214,0,0,-
BRDA:214,0,1,-
BRDA:214,2,2,-
BRDA:214,2,3,-
BRDA:215,0,0,-
BRDA:215,0,1,-
BRDA:215,2,2,-
BRDA:215,2,3,-
BRDA:216,0,0,-
BRDA:216,0,1,-
BRDA:216,2,2,-
BRDA:216,2,3,-
BRDA:217,0,0,-
BRDA:217,0,1,-
BRDA:217,2,2,-
BRDA:217,2,3,-
BRDA:286,0,0,-
BRDA:286,0,1,-
BRDA:286,2,2,-
BRDA:286,2,3,-
BRDA:287,0,0,-
BRDA:287,0,1,-
BRDA:287,2,2,-
BRDA:287,2,3,-
BRDA:288,0,0,-
BRDA:288,0,1,-
BRDA:288,2,2,-
BRDA:288,2,3,-
BRDA:305,0,0,-
BRDA:305,0,1,-
BRDA:305,2,2,-
BRDA:305,2,3,-
BRDA:306,0,0,-
BRDA:306,0,1,-
BRDA:306,2,2,-
BRDA:306,2,3,-
BRDA:307,0,0,-
BRDA:307,0,1,-
BRDA:307,2,2,-
BRDA:307,2,3,-
BRDA:325,0,0,-
BRDA:325,0,1,-
BRDA:325,2,2,-
BRDA:325,2,3,-
BRDA:326,0,0,-
BRDA:326,0,1,-
BRDA:326,2,2,-
BRDA:326,2,3,-
BRDA:327,0,0,-
BRDA:327,0,1,-
BRDA:327,2,2,-
BRDA:327,2,3,-
BRDA:328,0,0,-
BRDA:328,0,1,-
BRDA:328,2,2,-
BRDA:328,2,3,-
BRDA:344,0,0,-
BRDA:344,0,1,-
BRDA:344,2,2,-
BRDA:344,2,3,-
BRDA:345,0,0,-
BRDA:345,0,1,-
BRDA:345,2,2,-
BRDA:345,2,3,-
BRDA:346,0,0,-
BRDA:346,0,1,-
BRDA:346,2,2,-
BRDA:346,2,3,-
BRDA:347,0,0,-
BRDA:347,0,1,-
BRDA:347,2,2,-
BRDA:347,2,3,-
BRDA:364,0,0,-
BRDA:364,0,1,-
BRDA:443,0,0,-
BRDA:443,0,1,-
BRDA:487,0,0,-
BRDA:487,0,1,-
BRDA:512,0,0,-
BRDA:512,0,1,-
BRDA:536,0,0,-
BRDA:536,0,1,-
BRDA:557,0,0,-
BRDA:557,0,1,-
BRDA:580,0,0,-
BRDA:580,0,1,-
BRDA:603,0,0,-
BRDA:603,0,1,-
BRDA:624,0,0,-
BRDA:624,0,1,-
BRDA:645,0,0,-
BRDA:645,0,1,-
BRDA:669,0,0,-
BRDA:669,0,1,-
BRDA:692,0,0,-
BRDA:692,0,1,-
BRDA:713,0,0,-
BRDA:713,0,1,-
BRDA:735,0,0,-
BRDA:735,0,1,-
BRDA:757,0,0,-
BRDA:757,0,1,-
BRDA:778,0,0,-
BRDA:778,0,1,-
BRDA:799,0,0,-
BRDA:799,0,1,-
BRDA:824,0,0,0
BRDA:824,0,1,44700000
BRDA:847,0,0,-
BRDA:847,0,1,-
BRDA:868,0,0,-
BRDA:868,0,1,-
BRDA:890,0,0,-
BRDA:890,0,1,-
BRDA:912,0,0,-
BRDA:912,0,1,-
BRDA:933,0,0,-
BRDA:933,0,1,-
BRDA:954,0,0,-
BRDA:954,0,1,-
BRDA:1025,0,0,-
BRDA:1025,0,1,-
BRDA:1043,0,0,0
BRDA:1043,0,1,2
BRDA:1051,0,0,2
BRDA:1051,0,1,0
BRDA:1052,0,0,1
BRDA:1052,0,1,1
BRDA:1054,0,0,1
BRDA:1054,0,1,0
BRDA:1055,0,0,1
BRDA:1055,0,1,0
BRDA:1074,0,0,0
BRDA:1074,0,1,1
BRDA:1075,0,0,-
BRDA:1075,0,1,-
BRDA:1095,0,0,-
BRDA:1095,0,1,-
BRDA:1108,0,0,2
BRDA:1108,0,1,0
BRDA:1127,0,0,0
BRDA:1127,0,1,2
BRDA:1141,0,0,2
BRDA:1141,0,1,0
BRDA:1143,0,0,2
BRDA:1143,0,1,0
BRDA:1145,0,0,2
BRDA:1145,0,1,0
BRDA:1187,0,0,-
BRDA:1187,0,1,-
BRDA:1188,0,0,-
BRDA:1188,0,1,-
BRDA:1188,1,2,-
BRDA:1188,1,3,-
BRDA:1203,0,0,-
BRDA:1203,0,1,-
BRDA:1230,0,0,0
BRDA:1230,0,1,149000
BRDA:1234,0,0,1000
BRDA:1234,0,1,148000
BRDA:1237,0,0,1
BRDA:1237,0,1,148999
BRDA:1240,0,0,0
BRDA:1240,0,1,149000
BRDA:1243,0,0,0
BRDA:1243,0,1,149000
BRDA:1247,0,0,0
BRDA:1247,0,1,149000
BRDA:1256,0,0,0
BRDA:1256,0,1,149000
BRDA:1260,0,0,-
BRDA:1260,0,1,-
BRDA:1276,0,0,0
BRDA:1276,0,1,0
BRDA:1276,0,2,149000
BRDA:1276,0,3,0
BRDA:1294,0,0,149000
BRDA:1294,0,1,0
BRDA:1294,1,2,0
BRDA:1294,1,3,149000
BRDA:1310,0,0,0
BRDA:1310,0,1,149000
BRDA:1316,0,0,149000
BRDA:1316,0,1,0
BRDA:1319,0,0,0
BRDA:1319,0,1,149000
BRDA:1323,0,0,0
BRDA:1323,0,1,149000
BRF:228
BRH:29
DA:114,0
DA:116,0
DA:117,0
DA:118,0
DA:119,0
DA:120,0
DA:126,0
DA:128,0
DA:129,0
DA:130,0
DA:131,0
DA:132,0
DA:143,0
DA:145,0
DA:146,0
DA:147,0
DA:153,0
DA:155,0
DA:156,0
DA:157,0
DA:168,0
DA:170,0
DA:171,0
DA:172,0
DA:173,0
DA:175,0
DA:176,0
DA:182,0
DA:184,0
DA:185,0
DA:186,0
DA:187,0
DA:190,0
DA:191,0
DA:197,0
DA:200,0
DA:201,0
DA:202,0
DA:203,0
DA:205,0
DA:206,0
DA:212,0
DA:214,0
DA:215,0
DA:216,0
DA:217,0
DA:219,0
DA:220,0
DA:227,0
DA:230,0
DA:231,0
DA:232,0
DA:233,0
DA:235,0
DA:236,0
DA:243,0
DA:246,0
DA:248,0
DA:249,0
DA:256,0
DA:258,0
DA:259,0
DA:260,0
DA:261,0
DA:263,0
DA:264,0
DA:271,0
DA:273,0
DA:275,0
DA:276,0
DA:283,0
DA:286,0
DA:287,0
DA:288,0
DA:289,0
DA:292,0
DA:293,0
DA:294,0
DA:295,0
DA:302,0
DA:305,0
DA:306,0
DA:307,0
DA:308,0
DA:311,0
DA:312,0
DA:313,0
DA:314,0
DA:321,0
DA:325,0
DA:326,0
DA:327,0
DA:328,0
DA:331,0
DA:332,0
DA:333,0
DA:334,0
DA:341,0
DA:344,0
DA:345,0
DA:346,0
DA:347,0
DA:350,0
DA:351,0
DA:352,0
DA:353,0
DA:360,0
DA:364,0
DA:365,0
DA:368,0
DA:369,0
DA:370,0
DA:371,0
DA:375,0
DA:376,0
DA:377,0
DA:378,0
DA:379,0
DA:380,0
DA:381,0
DA:388,0
DA:390,0
DA:391,0
DA:402,0
DA:404,0
DA:405,0
DA:417,0
DA:420,0
DA:421,0
DA:424,0
DA:427,0
DA:430,0
DA:433,0
DA:436,0
DA:439,0
DA:441,0
DA:442,0
DA:443,0
DA:444,0
DA:446,0
DA:449,0
DA:451,0
DA:452,0
DA:455,0
DA:457,0
DA:458,0
DA:461,0
DA:463,0
DA:464,0
DA:472,0
DA:475,0
DA:476,0
DA:478,0
DA:479,0
DA:480,0
DA:481,0
DA:482,0
DA:483,0
DA:485,0
DA:486,0
DA:487,0
DA:488,0
DA:490,0
DA:498,0
DA:501,0
DA:502,0
DA:504,0
DA:505,0
DA:506,0
DA:507,0
DA:508,0
DA:510,0
DA:511,0
DA:512,0
DA:513,0
DA:515,0
DA:522,0
DA:525,0
DA:526,0
DA:528,0
DA:529,0
DA:530,0
DA:531,0
DA:532,0
DA:534,0
DA:535,0
DA:536,0
DA:537,0
DA:539,0
DA:546,0
DA:548,0
DA:549,0
DA:551,0
DA:552,0
DA:553,0
DA:555,0
DA:556,0
DA:557,0
DA:558,0
DA:560,0
DA:567,0
DA:570,0
DA:571,0
DA:573,0
DA:574,0
DA:575,0
DA:576,0
DA:578,0
DA:579,0
DA:580,0
DA:581,0
DA:583,0
DA:590,0
DA:593,0
DA:594,0
DA:596,0
DA:597,0
DA:598,0
DA:599,0
DA:601,0
DA:602,0
DA:603,0
DA:604,0
DA:606,0
DA:613,0
DA:615,0
DA:616,0
DA:618,0
DA:619,0
DA:620,0
DA:622,0
DA:623,0
DA:624,0
DA:625,0
DA:627,0
DA:634,0
DA:636,0
DA:637,0
DA:639,0
DA:640,0
DA:641,0
DA:643,0
DA:644,0
DA:645,0
DA:646,0
DA:648,0
DA:656,0
DA:658,0
DA:659,0
DA:661,0
DA:662,0
DA:663,0
DA:664,0
DA:665,0
DA:667,0
DA:668,0
DA:669,0
DA:670,0
DA:672,0
DA:679,0
DA:681,0
DA:682,0
DA:684,0
DA:685,0
DA:686,0
DA:687,0
DA:688,0
DA:690,0
DA:691,0
DA:692,0
DA:693,0
DA:695,0
DA:702,0
DA:704,0
DA:705,0
DA:707,0
DA:708,0
DA:709,0
DA:711,0
DA:712,0
DA:713,0
DA:714,0
DA:716,0
DA:723,0
DA:725,0
DA:726,0
DA:728,0
DA:729,0
DA:730,0
DA:731,0
DA:733,0
DA:734,0
DA:735,0
DA:736,0
DA:738,0
DA:745,0
DA:747,0
DA:748,0
DA:750,0
DA:751,0
DA:752,0
DA:753,0
DA:755,0
DA:756,0
DA:757,0
DA:758,0
DA:760,0
DA:767,0
DA:769,0
DA:770,0
DA:772,0
DA:773,0
DA:774,0
DA:776,0
DA:777,0
DA:778,0
DA:779,0
DA:781,0
DA:788,0
DA:790,0
DA:791,0
DA:793,0
DA:794,0
DA:795,0
DA:797,0
DA:798,0
DA:799,0
DA:800,0
DA:802,0
DA:811,44700000
DA:813,44700000
DA:814,44700000
DA:816,44700000
DA:817,44700000
DA:818,44700000
DA:819,44700000
DA:820,44700000
DA:822,44700000
DA:823,44700000
DA:824,44700000
DA:825,0
DA:827,44700000
DA:834,0
DA:836,0
DA:837,0
DA:839,0
DA:840,0
DA:841,0
DA:842,0
DA:843,0
DA:845,0
DA:846,0
DA:847,0
DA:848,0
DA:850,0
DA:857,0
DA:859,0
DA:860,0
DA:862,0
DA:863,0
DA:864,0
DA:866,0
DA:867,0
DA:868,0
DA:869,0
DA:871,0
DA:878,0
DA:880,0
DA:881,0
DA:883,0
DA:884,0
DA:885,0
DA:886,0
DA:888,0
DA:889,0
DA:890,0
DA:891,0
DA:893,0
DA:900,0
DA:902,0
DA:903,0
DA:905,0
DA:906,0
DA:907,0
DA:908,0
DA:910,0
DA:911,0
DA:912,0
DA:913,0
DA:915,0
DA:922,0
DA:924,0
DA:925,0
DA:927,0
DA:928,0
DA:929,0
DA:931,0
DA:932,0
DA:933,0
DA:934,0
DA:936,0
DA:943,0
DA:945,0
DA:946,0
DA:948,0
DA:949,0
DA:950,0
DA:952,0
DA:953,0
DA:954,0
DA:955,0
DA:957,0
DA:965,0
DA:968,0
DA:969,0
DA:971,0
DA:973,0
DA:974,0
DA:976,0
DA:978,0
DA:979,0
DA:981,0
DA:983,0
DA:984,0
DA:996,0
DA:998,0
DA:999,0
DA:1000,0
DA:1007,0
DA:1009,0
DA:1010,0
DA:1011,0
DA:1012,0
DA:1013,0
DA:1019,0
DA:1021,0
DA:1022,0
DA:1023,0
DA:1024,0
DA:1025,0
DA:1027,0
DA:1028,0
DA:1029,0
DA:1031,0
DA:1041,2
DA:1043,2
DA:1044,0
DA:1045,0
DA:1046,0
DA:1047,0
DA:1050,2
DA:1051,2
DA:1052,2
DA:1054,1
DA:1055,1
DA:1056,1
DA:1057,1
DA:1058,1
DA:1061,0
DA:1062,0
DA:1063,0
DA:1067,0
DA:1068,0
DA:1069,0
DA:1074,1
DA:1075,0
DA:1076,0
DA:1077,0
DA:1078,0
DA:1081,0
DA:1082,0
DA:1083,0
DA:1087,1
DA:1088,1
DA:1089,1
DA:1095,0
DA:1096,0
DA:1097,0
DA:1098,0
DA:1101,0
DA:1102,0
DA:1103,0
DA:1108,2
DA:1109,2
DA:1110,2
DA:1111,2
DA:1112,2
DA:1114,2
DA:1123,2
DA:1127,2
DA:1128,0
DA:1129,0
DA:1130,0
DA:1131,0
DA:1132,0
DA:1133,0
DA:1136,2
DA:1137,2
DA:1138,2
DA:1139,2
DA:1141,2
DA:1143,2
DA:1145,2
DA:1146,2
DA:1147,2
DA:1148,2
DA:1149,2
DA:1150,2
DA:1151,2
DA:1153,2
DA:1171,0
DA:1177,0
DA:1178,0
DA:1180,0
DA:1181,0
DA:1182,0
DA:1183,0
DA:1184,0
DA:1187,0
DA:1188,0
DA:1190,0
DA:1191,0
DA:1192,0
DA:1193,0
DA:1194,0
DA:1197,0
DA:1198,0
DA:1199,0
DA:1201,0
DA:1202,0
DA:1203,0
DA:1204,0
DA:1206,0
DA:1222,149000
DA:1224,149000
DA:1225,149000
DA:1230,149000
DA:1231,0
DA:1232,0
DA:1234,149000
DA:1235,1000
DA:1237,149000
DA:1238,1
DA:1240,149000
DA:1241,0
DA:1243,149000
DA:1244,0
DA:1247,149000
DA:1248,0
DA:1251,149000
DA:1252,149000
DA:1254,149000
DA:1255,149000
DA:1256,149000
DA:1260,0
DA:1261,0
DA:1262,0
DA:1263,0
DA:1264,0
DA:1265,0
DA:1268,0
DA:1273,149000
DA:1274,149000
DA:1276,149000
DA:1278,0
DA:1279,0
DA:1280,0
DA:1284,0
DA:1285,0
DA:1286,0
DA:1287,0
DA:1294,149000
DA:1295,149000
DA:1296,149000
DA:1298,0
DA:1299,149000
DA:1305,149000
DA:1307,149000
DA:1308,149000
DA:1310,149000
DA:1312,0
DA:1313,0
DA:1316,149000
DA:1317,149000
DA:1319,149000
DA:1320,0
DA:1323,149000
DA:1324,0
DA:1327,149000
LF:589
LH:80
end_of_record
TN:
SF:/home/gabriel/Escritorio/SPEC_CPU2000_CD_2/benchspec/CFP2000/177.mesa/src/colortab.c
FN:62,gl_ColorTable
FN:72,decode_internal_format
FN:209,gl_ColorSubTable
FN:218,gl_GetColorTable
FN:245,gl_GetColorTableParameterfv
FN:256,gl_GetColorTableParameteriv
FNDA:0,decode_internal_format
FNDA:0,gl_ColorTable
FNDA:0,gl_ColorSubTable
FNDA:0,gl_GetColorTable
FNDA:0,gl_GetColorTableParameterfv
FNDA:0,gl_GetColorTableParameteriv
FNF:6
FNH:0
BRDA:63,2,0,-
BRDA:63,2,1,-
BRDA:64,0,0,-
BRDA:64,0,1,-
BRDA:74,0,0,-
BRDA:74,0,1,-
BRDA:74,0,2,-
BRDA:74,0,3,-
BRDA:74,0,4,-
BRDA:74,0,5,-
BRDA:74,0,6,-
BRDA:135,0,0,-
BRDA:135,0,1,-
BRDA:140,0,0,-
BRDA:140,0,1,-
BRDA:140,0,2,-
BRDA:140,0,3,-
BRDA:140,0,4,-
BRDA:140,0,5,-
BRDA:140,0,6,-
BRDA:140,0,7,-
BRDA:172,0,0,-
BRDA:172,0,1,-
BRDA:173,0,0,-
BRDA:173,0,1,-
BRDA:175,9999,0,-
BRDA:175,9999,1,-
BRDA:183,0,0,-
BRDA:183,0,1,-
BRDA:188,9999,0,-
BRDA:188,9999,1,-
BRDA:190,0,0,-
BRDA:190,0,1,-
BRDA:201,9999,0,-
BRDA:201,9999,1,-
BRDA:221,0,0,-
BRDA:221,0,1,-
BRDA:226,0,0,-
BRDA:226,0,1,-
BRDA:261,0,0,-
BRDA:261,0,1,-
BRDA:266,0,0,-
BRDA:266,0,1,-
BRDA:266,0,2,-
BRDA:266,0,3,-
BRDA:266,0,4,-
BRDA:284,0,0,-
BRDA:284,0,1,-
BRDA:284,0,2,-
BRDA:284,0,3,-
BRDA:284,0,4,-
BRDA:284,0,5,-
BRDA:284,0,6,-
BRDA:284,0,7,-
BRDA:284,0,8,-
BRDA:286,0,0,-
BRDA:286,0,1,-
BRDA:292,0,0,-
BRDA:292,0,1,-
BRF:59
BRH:0
DA:62,0
DA:63,0
DA:64,0
DA:65,0
DA:66,0
DA:68,0
DA:72,0
DA:74,0
DA:80,0
DA:87,0
DA:96,0
DA:102,0
DA:112,0
DA:122,0
DA:124,0
DA:129,0
DA:133,0
DA:135,0
DA:136,0
DA:137,0
DA:140,0
DA:142,0
DA:143,0
DA:145,0
DA:146,0
DA:148,0
DA:149,0
DA:151,0
DA:152,0
DA:153,0
DA:155,0
DA:156,0
DA:157,0
DA:159,0
DA:160,0
DA:161,0
DA:163,0
DA:164,0
DA:166,0
DA:167,0
DA:172,0
DA:173,0
DA:174,0
DA:175,0
DA:176,0
DA:177,0
DA:178,0
DA:183,0
DA:185,0
DA:186,0
DA:187,0
DA:188,0
DA:189,0
DA:190,0
DA:191,0
DA:197,0
DA:198,0
DA:199,0
DA:200,0
DA:201,0
DA:202,0
DA:209,0
DA:213,0
DA:214,0
DA:218,0
DA:221,0
DA:222,0
DA:223,0
DA:226,0
DA:236,0
DA:237,0
DA:240,0
DA:245,0
DA:250,0
DA:251,0
DA:252,0
DA:256,0
DA:261,0
DA:262,0
DA:263,0
DA:266,0
DA:268,0
DA:269,0
DA:271,0
DA:272,0
DA:274,0
DA:275,0
DA:277,0
DA:278,0
DA:280,0
DA:281,0
DA:284,0
DA:286,0
DA:287,0
DA:289,0
DA:292,0
DA:293,0
DA:295,0
DA:298,0
DA:299,0
DA:301,0
DA:302,0
DA:304,0
DA:305,0
DA:307,0
DA:308,0
DA:310,0
DA:311,0
DA:313,0
DA:314,0
DA:316,0
DA:317,0
LF:112
LH:0
end_of_record
SF:/usr/include/bits/string3.h
DA:52,0
LF:1
LH:0
end_of_record
TN:
SF:/home/gabriel/Escritorio/SPEC_CPU2000_CD_2/benchspec/CFP2000/177.mesa/src/texobj.c
FN:112,gl_alloc_texture_object
FN:159,gl_free_texture_object
FN:209,gl_test_texture_object_completeness
FN:352,gl_GenTextures
FN:376,gl_DeleteTextures
FN:428,gl_BindTexture
FN:539,gl_PrioritizeTextures
FN:571,gl_AreTexturesResident
FN:612,gl_IsTexture
FNDA:6,gl_alloc_texture_object
FNDA:6,gl_free_texture_object
FNDA:1,gl_test_texture_object_completeness
FNDA:0,gl_GenTextures
FNDA:0,gl_DeleteTextures
FNDA:0,gl_BindTexture
FNDA:0,gl_PrioritizeTextures
FNDA:0,gl_AreTexturesResident
FNDA:0,gl_IsTexture
FNF:9
FNH:3
BRDA:117,0,0,0
BRDA:117,0,1,6
BRDA:121,0,0,6
BRDA:121,0,1,0
BRDA:139,0,0,3
BRDA:139,0,1,3
BRDA:144,0,0,0
BRDA:144,0,1,6
BRDA:164,0,0,0
BRDA:164,0,1,6
BRDA:167,0,0,3
BRDA:167,0,1,3
BRDA:170,1,0,3
BRDA:170,1,1,0
BRDA:171,0,0,3
BRDA:171,0,1,0
BRDA:172,0,0,0
BRDA:172,0,1,3
BRDA:185,0,0,0
BRDA:185,0,1,6
BRDA:193,2,0,66
BRDA:193,2,1,6
BRDA:194,0,0,34
BRDA:194,0,1,32
BRDA:214,0,0,1
BRDA:214,0,1,0
BRDA:214,1,2,0
BRDA:214,1,3,1
BRDA:219,0,0,0
BRDA:219,0,1,1
BRDA:226,2,0,-
BRDA:226,2,1,-
BRDA:227,0,0,-
BRDA:227,0,1,-
BRDA:228,0,0,-
BRDA:228,0,1,-
BRDA:232,0,0,-
BRDA:232,0,1,-
BRDA:236,0,0,-
BRDA:236,0,1,-
BRDA:244,0,0,-
BRDA:244,0,1,-
BRDA:247,2,0,-
BRDA:247,2,1,-
BRDA:248,0,0,-
BRDA:248,0,1,-
BRDA:251,0,0,-
BRDA:251,0,1,-
BRDA:255,0,0,-
BRDA:255,0,1,-
BRDA:259,0,0,-
BRDA:259,0,1,-
BRDA:263,0,0,-
BRDA:263,0,1,-
BRDA:267,0,0,-
BRDA:267,0,1,-
BRDA:271,0,0,-
BRDA:271,0,1,-
BRDA:276,0,0,-
BRDA:276,0,1,-
BRDA:280,2,0,-
BRDA:280,2,1,-
BRDA:281,0,0,-
BRDA:281,0,1,-
BRDA:284,0,0,-
BRDA:284,0,1,-
BRDA:287,0,0,-
BRDA:287,0,1,-
BRDA:291,0,0,-
BRDA:291,0,1,-
BRDA:295,0,0,-
BRDA:295,0,1,-
BRDA:299,0,0,-
BRDA:299,0,1,-
BRDA:304,0,0,-
BRDA:304,0,1,-
BRDA:309,2,0,-
BRDA:309,2,1,-
BRDA:310,0,0,-
BRDA:310,0,1,-
BRDA:313,0,0,-
BRDA:313,0,1,-
BRDA:316,0,0,-
BRDA:316,0,1,-
BRDA:319,0,0,-
BRDA:319,0,1,-
BRDA:323,0,0,-
BRDA:323,0,1,-
BRDA:327,0,0,-
BRDA:327,0,1,-
BRDA:331,0,0,-
BRDA:331,0,1,-
BRDA:335,0,0,-
BRDA:335,0,1,-
BRDA:335,1,2,-
BRDA:335,1,3,-
BRDA:356,0,0,-
BRDA:356,0,1,-
BRDA:360,0,0,-
BRDA:360,0,1,-
BRDA:366,1,0,-
BRDA:366,1,1,-
BRDA:380,0,0,-
BRDA:380,0,1,-
BRDA:385,2,0,-
BRDA:385,2,1,-
BRDA:387,0,0,-
BRDA:387,0,1,-
BRDA:390,9999,0,-
BRDA:390,9999,1,-
BRDA:391,0,0,-
BRDA:391,0,1,-
BRDA:395,0,0,-
BRDA:395,0,1,-
BRDA:397,0,0,-
BRDA:397,0,1,-
BRDA:401,0,0,-
BRDA:401,0,1,-
BRDA:403,0,0,-
BRDA:403,0,1,-
BRDA:407,0,0,-
BRDA:407,0,1,-
BRDA:411,0,0,-
BRDA:411,0,1,-
BRDA:415,0,0,-
BRDA:415,0,1,-
BRDA:435,0,0,-
BRDA:435,0,1,-
BRDA:439,0,0,-
BRDA:439,0,1,-
BRDA:439,0,2,-
BRDA:439,0,3,-
BRDA:460,0,0,-
BRDA:460,0,1,-
BRDA:462,0,0,-
BRDA:462,0,1,-
BRDA:462,0,2,-
BRDA:462,0,3,-
BRDA:480,9999,0,-
BRDA:480,9999,1,-
BRDA:481,0,0,-
BRDA:481,0,1,-
BRDA:498,0,0,-
BRDA:498,0,1,-
BRDA:498,1,2,-
BRDA:498,1,3,-
BRDA:501,0,0,-
BRDA:501,0,1,-
BRDA:504,0,0,-
BRDA:504,0,1,-
BRDA:509,0,0,-
BRDA:509,0,1,-
BRDA:510,0,0,-
BRDA:510,0,1,-
BRDA:511,0,0,-
BRDA:511,0,1,-
BRDA:512,0,0,-
BRDA:512,0,1,-
BRDA:513,0,0,-
BRDA:513,0,1,-
BRDA:514,0,0,-
BRDA:514,0,1,-
BRDA:521,0,0,-
BRDA:521,0,1,-
BRDA:526,0,0,-
BRDA:526,0,1,-
BRDA:529,0,0,-
BRDA:529,0,1,-
BRDA:545,0,0,-
BRDA:545,0,1,-
BRDA:549,0,0,-
BRDA:549,0,1,-
BRDA:554,2,0,-
BRDA:554,2,1,-
BRDA:556,0,0,-
BRDA:556,0,1,-
BRDA:559,9999,0,-
BRDA:559,9999,1,-
BRDA:560,0,0,-
BRDA:560,0,1,-
BRDA:560,2,2,-
BRDA:560,2,3,-
BRDA:578,0,0,-
BRDA:578,0,1,-
BRDA:582,0,0,-
BRDA:582,0,1,-
BRDA:587,2,0,-
BRDA:587,2,1,-
BRDA:589,0,0,-
BRDA:589,0,1,-
BRDA:595,9999,0,-
BRDA:595,9999,1,-
BRDA:614,0,0,-
BRDA:614,0,1,-
BRDA:618,0,0,-
BRDA:618,0,1,-
BRDA:618,1,3,-
BRDA:618,1,4,-
BRF:198
BRH:19
DA:112,6
DA:117,6
DA:119,6
DA:120,6
DA:121,6
DA:123,6
DA:124,6
DA:125,6
DA:126,6
DA:127,6
DA:128,6
DA:129,6
DA:130,6
DA:131,6
DA:132,6
DA:133,6
DA:134,6
DA:135,6
DA:136,6
DA:139,6
DA:140,3
DA:141,3
DA:144,6
DA:146,0
DA:149,6
DA:159,6
DA:164,6
DA:167,6
DA:168,3
DA:169,3
DA:170,3
DA:171,3
DA:172,3
DA:173,0
DA:176,3
DA:180,0
DA:181,0
DA:185,6
DA:187,0
DA:193,72
DA:194,66
DA:195,34
DA:200,6
DA:201,6
DA:209,1
DA:211,1
DA:214,1
DA:215,0
DA:216,0
DA:219,1
DA:226,0
DA:227,0
DA:228,0
DA:229,0
DA:230,0
DA:232,0
DA:233,0
DA:234,0
DA:236,0
DA:237,0
DA:238,0
DA:244,0
DA:246,0
DA:247,0
DA:248,0
DA:249,0
DA:251,0
DA:252,0
DA:253,0
DA:255,0
DA:256,0
DA:257,0
DA:259,0
DA:260,0
DA:261,0
DA:263,0
DA:264,0
DA:265,0
DA:267,0
DA:268,0
DA:269,0
DA:271,0
DA:276,0
DA:278,0
DA:279,0
DA:280,0
DA:281,0
DA:282,0
DA:284,0
DA:285,0
DA:287,0
DA:288,0
DA:289,0
DA:291,0
DA:292,0
DA:293,0
DA:295,0
DA:296,0
DA:297,0
DA:299,0
DA:304,0
DA:306,0
DA:307,0
DA:308,0
DA:309,0
DA:310,0
DA:311,0
DA:313,0
DA:314,0
DA:316,0
DA:317,0
DA:319,0
DA:320,0
DA:321,0
DA:323,0
DA:324,0
DA:325,0
DA:327,0
DA:328,0
DA:329,0
DA:331,0
DA:332,0
DA:333,0
DA:335,0
DA:342,1
DA:352,0
DA:356,0
DA:357,0
DA:358,0
DA:360,0
DA:361,0
DA:362,0
DA:365,0
DA:366,0
DA:367,0
DA:376,0
DA:380,0
DA:381,0
DA:382,0
DA:385,0
DA:387,0
DA:388,0
DA:389,0
DA:390,0
DA:391,0
DA:393,0
DA:394,0
DA:395,0
DA:397,0
DA:399,0
DA:400,0
DA:401,0
DA:403,0
DA:405,0
DA:406,0
DA:407,0
DA:411,0
DA:412,0
DA:415,0
DA:416,0
DA:428,0
DA:435,0
DA:436,0
DA:437,0
DA:439,0
DA:441,0
DA:442,0
DA:443,0
DA:444,0
DA:446,0
DA:447,0
DA:448,0
DA:449,0
DA:451,0
DA:452,0
DA:453,0
DA:454,0
DA:456,0
DA:457,0
DA:460,0
DA:462,0
DA:464,0
DA:465,0
DA:467,0
DA:468,0
DA:470,0
DA:471,0
DA:473,0
DA:474,0
DA:478,0
DA:479,0
DA:480,0
DA:481,0
DA:483,0
DA:484,0
DA:489,0
DA:495,0
DA:498,0
DA:500,0
DA:501,0
DA:504,0
DA:505,0
DA:509,0
DA:510,0
DA:511,0
DA:512,0
DA:513,0
DA:514,0
DA:515,0
DA:521,0
DA:522,0
DA:526,0
DA:529,0
DA:530,0
DA:539,0
DA:545,0
DA:546,0
DA:547,0
DA:549,0
DA:550,0
DA:551,0
DA:554,0
DA:556,0
DA:557,0
DA:558,0
DA:559,0
DA:560,0
DA:571,0
DA:575,0
DA:578,0
DA:579,0
DA:580,0
DA:582,0
DA:583,0
DA:584,0
DA:587,0
DA:589,0
DA:590,0
DA:591,0
DA:593,0
DA:594,0
DA:595,0
DA:597,0
DA:600,0
DA:601,0
DA:604,0
DA:612,0
DA:614,0
DA:615,0
DA:616,0
DA:618,0
DA:619,0
DA:622,0
LF:253
LH:44
end_of_record
TN:
SF:/home/gabriel/Escritorio/SPEC_CPU2000_CD_2/benchspec/CFP2000/177.mesa/src/masking.c
FN:64,gl_IndexMask
FN:76,gl_ColorMask
FN:93,gl_mask_color_span
FN:125,gl_mask_color_pixels
FN:161,gl_mask_index_span
FN:183,gl_mask_index_pixels
FNDA:0,gl_IndexMask
FNDA:0,gl_ColorMask
FNDA:0,gl_mask_color_span
FNDA:0,gl_mask_color_pixels
FNDA:0,gl_mask_index_span
FNDA:0,gl_mask_index_pixels
FNF:6
FNH:0
BRDA:66,0,0,-
BRDA:66,0,1,-
BRDA:79,0,0,-
BRDA:79,0,1,-
BRDA:102,9999,0,-
BRDA:102,9999,1,-
BRDA:106,0,0,-
BRDA:106,0,1,-
BRDA:110,0,0,-
BRDA:110,0,1,-
BRDA:114,0,0,-
BRDA:114,0,1,-
BRDA:134,9999,0,-
BRDA:134,9999,1,-
BRDA:138,0,0,-
BRDA:138,0,1,-
BRDA:142,0,0,-
BRDA:142,0,1,-
BRDA:146,0,0,-
BRDA:146,0,1,-
BRDA:150,0,0,-
BRDA:150,0,1,-
BRDA:173,1,0,-
BRDA:173,1,1,-
BRDA:196,1,0,-
BRDA:196,1,1,-
BRF:26
BRH:0
DA:64,0
DA:66,0
DA:67,0
DA:68,0
DA:70,0
DA:71,0
DA:76,0
DA:79,0
DA:80,0
DA:81,0
DA:83,0
DA:84,0
DA:93,0
DA:100,0
DA:102,0
DA:106,0
DA:110,0
DA:114,0
DA:118,0
DA:125,0
DA:133,0
DA:134,0
DA:135,0
DA:138,0
DA:142,0
DA:146,0
DA:150,0
DA:154,0
DA:161,0
DA:168,0
DA:170,0
DA:171,0
DA:173,0
DA:174,0
DA:176,0
DA:183,0
DA:191,0
DA:193,0
DA:194,0
DA:196,0
DA:197,0
DA:199,0
LF:42
LH:0
end_of_record
SF:/usr/include/bits/string3.h
DA:52,0
LF:1
LH:0
end_of_record
TN:
SF:/home/gabriel/Escritorio/SPEC_CPU2000_CD_2/benchspec/CFP2000/177.mesa/src/clip.c
FN:110,interpolate_aux
FN:154,gl_ClipPlane
FN:177,gl_GetClipPlane
FN:212,gl_viewclip_point
FN:233,gl_viewclip_line
FN:409,gl_viewclip_polygon
FN:709,gl_userclip_point
FN:751,gl_userclip_line
FN:857,gl_userclip_polygon
FNDA:0,interpolate_aux
FNDA:0,gl_ClipPlane
FNDA:0,gl_GetClipPlane
FNDA:0,gl_viewclip_point
FNDA:0,gl_viewclip_line
FNDA:0,gl_viewclip_polygon
FNDA:0,gl_userclip_point
FNDA:0,gl_userclip_line
FNDA:0,gl_userclip_polygon
FNF:9
FNH:0
BRDA:115,0,0,-
BRDA:115,0,1,-
BRDA:121,0,0,-
BRDA:121,0,1,-
BRDA:126,0,0,-
BRDA:126,0,1,-
BRDA:132,0,0,-
BRDA:132,0,1,-
BRDA:137,0,0,-
BRDA:137,0,1,-
BRDA:139,0,0,-
BRDA:139,0,1,-
BRDA:159,0,0,-
BRDA:159,0,1,-
BRDA:168,0,0,-
BRDA:168,0,1,-
BRDA:181,0,0,-
BRDA:181,0,1,-
BRDA:187,0,0,-
BRDA:187,0,1,-
BRDA:214,0,0,-
BRDA:214,0,1,-
BRDA:214,1,2,-
BRDA:214,1,3,-
BRDA:215,0,0,-
BRDA:215,0,1,-
BRDA:215,1,2,-
BRDA:215,1,3,-
BRDA:216,0,0,-
BRDA:216,0,1,-
BRDA:216,1,2,-
BRDA:216,1,3,-
BRDA:302,0,0,-
BRDA:302,0,1,-
BRDA:302,1,2,-
BRDA:302,1,3,-
BRDA:302,3,4,-
BRDA:302,3,5,-
BRDA:302,5,7,-
BRDA:302,5,8,-
BRDA:302,7,9,-
BRDA:302,7,10,-
BRDA:302,8,11,-
BRDA:302,8,12,-
BRDA:302,10,14,-
BRDA:302,10,15,-
BRDA:319,0,0,-
BRDA:319,0,1,-
BRDA:319,1,2,-
BRDA:319,1,3,-
BRDA:319,3,4,-
BRDA:319,3,5,-
BRDA:319,5,7,-
BRDA:319,5,8,-
BRDA:319,7,9,-
BRDA:319,7,10,-
BRDA:319,8,11,-
BRDA:319,8,12,-
BRDA:319,10,14,-
BRDA:319,10,15,-
BRDA:336,0,0,-
BRDA:336,0,1,-
BRDA:336,1,2,-
BRDA:336,1,3,-
BRDA:336,3,4,-
BRDA:336,3,5,-
BRDA:336,5,7,-
BRDA:336,5,8,-
BRDA:336,7,9,-
BRDA:336,7,10,-
BRDA:336,8,11,-
BRDA:336,8,12,-
BRDA:336,10,14,-
BRDA:336,10,15,-
BRDA:353,0,0,-
BRDA:353,0,1,-
BRDA:353,1,2,-
BRDA:353,1,3,-
BRDA:353,3,4,-
BRDA:353,3,5,-
BRDA:353,5,7,-
BRDA:353,5,8,-
BRDA:353,7,9,-
BRDA:353,7,10,-
BRDA:353,8,11,-
BRDA:353,8,12,-
BRDA:353,10,14,-
BRDA:353,10,15,-
BRDA:370,0,0,-
BRDA:370,0,1,-
BRDA:370,1,2,-
BRDA:370,1,3,-
BRDA:370,3,4,-
BRDA:370,3,5,-
BRDA:370,5,7,-
BRDA:370,5,8,-
BRDA:370,7,9,-
BRDA:370,7,10,-
BRDA:370,8,11,-
BRDA:370,8,12,-
BRDA:370,10,14,-
BRDA:370,10,15,-
BRDA:387,0,0,-
BRDA:387,0,1,-
BRDA:387,1,2,-
BRDA:387,1,3,-
BRDA:387,3,4,-
BRDA:387,3,5,-
BRDA:387,5,7,-
BRDA:387,5,8,-
BRDA:387,7,9,-
BRDA:387,7,10,-
BRDA:387,8,11,-
BRDA:387,8,12,-
BRDA:387,10,14,-
BRDA:387,10,15,-
BRDA:530,0,0,-
BRDA:530,0,1,-
BRDA:530,3,2,-
BRDA:530,3,3,-
BRDA:530,4,4,-
BRDA:530,4,5,-
BRDA:530,6,6,-
BRDA:530,6,7,-
BRDA:530,7,8,-
BRDA:530,7,9,-
BRDA:530,9,11,-
BRDA:530,9,12,-
BRDA:530,13,13,-
BRDA:530,13,14,-
BRDA:530,14,15,-
BRDA:530,14,16,-
BRDA:530,15,17,-
BRDA:530,15,18,-
BRDA:530,17,20,-
BRDA:530,17,21,-
BRDA:530,20,22,-
BRDA:530,20,23,-
BRDA:530,23,24,-
BRDA:530,23,25,-
BRDA:530,26,26,-
BRDA:530,26,27,-
BRDA:558,0,0,-
BRDA:558,0,1,-
BRDA:558,3,2,-
BRDA:558,3,3,-
BRDA:558,4,4,-
BRDA:558,4,5,-
BRDA:558,6,6,-
BRDA:558,6,7,-
BRDA:558,7,8,-
BRDA:558,7,9,-
BRDA:558,9,11,-
BRDA:558,9,12,-
BRDA:558,13,13,-
BRDA:558,13,14,-
BRDA:558,14,15,-
BRDA:558,14,16,-
BRDA:558,15,17,-
BRDA:558,15,18,-
BRDA:558,17,20,-
BRDA:558,17,21,-
BRDA:558,20,22,-
BRDA:558,20,23,-
BRDA:558,21,24,-
BRDA:558,21,25,-
BRDA:558,24,26,-
BRDA:558,24,27,-
BRDA:558,27,28,-
BRDA:558,27,29,-
BRDA:586,0,0,-
BRDA:586,0,1,-
BRDA:586,3,2,-
BRDA:586,3,3,-
BRDA:586,4,4,-
BRDA:586,4,5,-
BRDA:586,6,6,-
BRDA:586,6,7,-
BRDA:586,7,8,-
BRDA:586,7,9,-
BRDA:586,9,11,-
BRDA:586,9,12,-
BRDA:586,13,13,-
BRDA:586,13,14,-
BRDA:586,14,15,-
BRDA:586,14,16,-
BRDA:586,15,17,-
BRDA:586,15,18,-
BRDA:586,17,20,-
BRDA:586,17,21,-
BRDA:586,20,22,-
BRDA:586,20,23,-
BRDA:586,23,24,-
BRDA:586,23,25,-
BRDA:586,26,26,-
BRDA:586,26,27,-
BRDA:614,0,0,-
BRDA:614,0,1,-
BRDA:614,3,2,-
BRDA:614,3,3,-
BRDA:614,4,4,-
BRDA:614,4,5,-
BRDA:614,6,6,-
BRDA:614,6,7,-
BRDA:614,7,8,-
BRDA:614,7,9,-
BRDA:614,9,11,-
BRDA:614,9,12,-
BRDA:614,13,13,-
BRDA:614,13,14,-
BRDA:614,14,15,-
BRDA:614,14,16,-
BRDA:614,15,17,-
BRDA:614,15,18,-
BRDA:614,17,20,-
BRDA:614,17,21,-
BRDA:614,20,22,-
BRDA:614,20,23,-
BRDA:614,21,24,-
BRDA:614,21,25,-
BRDA:614,24,26,-
BRDA:614,24,27,-
BRDA:614,27,28,-
BRDA:614,27,29,-
BRDA:643,0,0,-
BRDA:643,0,1,-
BRDA:643,3,2,-
BRDA:643,3,3,-
BRDA:643,4,4,-
BRDA:643,4,5,-
BRDA:643,6,6,-
BRDA:643,6,7,-
BRDA:643,7,8,-
BRDA:643,7,9,-
BRDA:643,9,11,-
BRDA:643,9,12,-
BRDA:643,13,13,-
BRDA:643,13,14,-
BRDA:643,14,15,-
BRDA:643,14,16,-
BRDA:643,15,17,-
BRDA:643,15,18,-
BRDA:643,17,20,-
BRDA:643,17,21,-
BRDA:643,20,22,-
BRDA:643,20,23,-
BRDA:643,23,24,-
BRDA:643,23,25,-
BRDA:643,26,26,-
BRDA:643,26,27,-
BRDA:671,0,0,-
BRDA:671,0,1,-
BRDA:671,3,2,-
BRDA:671,3,3,-
BRDA:671,4,4,-
BRDA:671,4,5,-
BRDA:671,6,6,-
BRDA:671,6,7,-
BRDA:671,7,8,-
BRDA:671,7,9,-
BRDA:671,9,11,-
BRDA:671,9,12,-
BRDA:671,13,13,-
BRDA:671,13,14,-
BRDA:671,14,15,-
BRDA:671,14,16,-
BRDA:671,15,17,-
BRDA:671,15,18,-
BRDA:671,17,20,-
BRDA:671,17,21,-
BRDA:671,20,22,-
BRDA:671,20,23,-
BRDA:671,21,24,-
BRDA:671,21,25,-
BRDA:671,24,26,-
BRDA:671,24,27,-
BRDA:671,27,28,-
BRDA:671,27,29,-
BRDA:713,2,0,-
BRDA:713,2,1,-
BRDA:714,0,0,-
BRDA:714,0,1,-
BRDA:719,0,0,-
BRDA:719,0,1,-
BRDA:762,2,0,-
BRDA:762,2,1,-
BRDA:763,0,0,-
BRDA:763,0,1,-
BRDA:770,0,0,-
BRDA:770,0,1,-
BRDA:771,0,0,-
BRDA:771,0,1,-
BRDA:783,0,0,-
BRDA:783,0,1,-
BRDA:789,0,0,-
BRDA:789,0,1,-
BRDA:797,0,0,-
BRDA:797,0,1,-
BRDA:802,0,0,-
BRDA:802,0,1,-
BRDA:806,0,0,-
BRDA:806,0,1,-
BRDA:814,0,0,-
BRDA:814,0,1,-
BRDA:820,0,0,-
BRDA:820,0,1,-
BRDA:828,0,0,-
BRDA:828,0,1,-
BRDA:833,0,0,-
BRDA:833,0,1,-
BRDA:875,2,0,-
BRDA:875,2,1,-
BRDA:876,0,0,-
BRDA:876,0,1,-
BRDA:882,0,0,-
BRDA:882,0,1,-
BRDA:890,2,0,-
BRDA:890,2,1,-
BRDA:893,0,0,-
BRDA:893,0,1,-
BRDA:894,0,0,-
BRDA:894,0,1,-
BRDA:907,0,0,-
BRDA:907,0,1,-
BRDA:913,0,0,-
BRDA:913,0,1,-
BRDA:924,0,0,-
BRDA:924,0,1,-
BRDA:932,0,0,-
BRDA:932,0,1,-
BRDA:938,0,0,-
BRDA:938,0,1,-
BRDA:947,0,0,-
BRDA:947,0,1,-
BRDA:953,0,0,-
BRDA:953,0,1,-
BRDA:964,0,0,-
BRDA:964,0,1,-
BRDA:972,0,0,-
BRDA:972,0,1,-
BRDA:981,0,0,-
BRDA:981,0,1,-
BRDA:983,0,0,-
BRDA:983,0,1,-
BRDA:1006,0,0,-
BRDA:1006,0,1,-
BRF:346
BRH:0
DA:110,0
DA:113,0
DA:115,0
DA:116,0
DA:117,0
DA:118,0
DA:119,0
DA:121,0
DA:122,0
DA:126,0
DA:127,0
DA:128,0
DA:129,0
DA:130,0
DA:132,0
DA:133,0
DA:137,0
DA:139,0
DA:141,0
DA:143,0
DA:144,0
DA:145,0
DA:146,0
DA:149,0
DA:154,0
DA:158,0
DA:159,0
DA:160,0
DA:161,0
DA:168,0
DA:169,0
DA:171,0
DA:177,0
DA:181,0
DA:182,0
DA:183,0
DA:186,0
DA:187,0
DA:188,0
DA:189,0
DA:192,0
DA:193,0
DA:194,0
DA:195,0
DA:212,0
DA:214,0
DA:215,0
DA:216,0
DA:217,0
DA:220,0
DA:233,0
DA:235,0
DA:236,0
DA:241,0
DA:242,0
DA:243,0
DA:302,0
DA:319,0
DA:336,0
DA:353,0
DA:370,0
DA:387,0
DA:394,0
DA:395,0
DA:396,0
DA:409,0
DA:412,0
DA:413,0
DA:421,0
DA:530,0
DA:558,0
DA:586,0
DA:614,0
DA:643,0
DA:671,0
DA:680,0
DA:709,0
DA:713,0
DA:714,0
DA:715,0
DA:716,0
DA:717,0
DA:718,0
DA:719,0
DA:720,0
DA:725,0
DA:751,0
DA:753,0
DA:757,0
DA:759,0
DA:760,0
DA:762,0
DA:763,0
DA:765,0
DA:766,0
DA:767,0
DA:768,0
DA:770,0
DA:771,0
DA:773,0
DA:778,0
DA:779,0
DA:780,0
DA:781,0
DA:782,0
DA:783,0
DA:784,0
DA:787,0
DA:788,0
DA:789,0
DA:791,0
DA:792,0
DA:793,0
DA:794,0
DA:797,0
DA:798,0
DA:800,0
DA:801,0
DA:802,0
DA:806,0
DA:809,0
DA:810,0
DA:811,0
DA:812,0
DA:813,0
DA:814,0
DA:815,0
DA:818,0
DA:819,0
DA:820,0
DA:822,0
DA:823,0
DA:824,0
DA:825,0
DA:828,0
DA:829,0
DA:831,0
DA:832,0
DA:833,0
DA:842,0
DA:843,0
DA:844,0
DA:857,0
DA:859,0
DA:868,0
DA:871,0
DA:872,0
DA:873,0
DA:875,0
DA:876,0
DA:877,0
DA:878,0
DA:879,0
DA:880,0
DA:882,0
DA:885,0
DA:886,0
DA:888,0
DA:890,0
DA:891,0
DA:893,0
DA:894,0
DA:896,0
DA:902,0
DA:903,0
DA:904,0
DA:905,0
DA:906,0
DA:907,0
DA:908,0
DA:911,0
DA:912,0
DA:913,0
DA:914,0
DA:918,0
DA:919,0
DA:920,0
DA:921,0
DA:924,0
DA:925,0
DA:927,0
DA:930,0
DA:931,0
DA:932,0
DA:934,0
DA:938,0
DA:942,0
DA:943,0
DA:944,0
DA:945,0
DA:946,0
DA:947,0
DA:948,0
DA:951,0
DA:952,0
DA:953,0
DA:954,0
DA:958,0
DA:959,0
DA:960,0
DA:961,0
DA:964,0
DA:965,0
DA:967,0
DA:970,0
DA:971,0
DA:972,0
DA:977,0
DA:978,0
DA:981,0
DA:983,0
DA:984,0
DA:986,0
DA:994,0
DA:995,0
DA:996,0
DA:997,0
DA:1006,0
DA:1007,0
DA:1010,0
DA:1011,0
LF:221
LH:0
end_of_record
SF:/usr/include/bits/string3.h
DA:52,0
LF:1
LH:0
end_of_record
TN:
SF:/home/gabriel/Escritorio/SPEC_CPU2000_CD_2/benchspec/CFP2000/177.mesa/src/texstate.c
FN:74,gl_TexEnvfv
FN:122,gl_GetTexEnvfv
FN:142,gl_GetTexEnviv
FN:172,gl_TexParameterfv
FN:264,gl_GetTexLevelParameterfv
FN:275,gl_GetTexLevelParameteriv
FN:472,gl_GetTexParameterfv
FN:575,gl_GetTexParameteriv
FN:706,gl_TexGenfv
FN:851,gl_GetTexGendv
FN:928,gl_GetTexGenfv
FN:1005,gl_GetTexGeniv
FN:1086,gl_update_texture_state
FNDA:0,gl_TexEnvfv
FNDA:0,gl_GetTexEnvfv
FNDA:0,gl_GetTexEnviv
FNDA:2,gl_TexParameterfv
FNDA:0,gl_GetTexLevelParameterfv
FNDA:0,gl_GetTexLevelParameteriv
FNDA:0,gl_GetTexParameterfv
FNDA:0,gl_GetTexParameteriv
FNDA:2,gl_TexGenfv
FNDA:0,gl_GetTexGendv
FNDA:0,gl_GetTexGenfv
FNDA:0,gl_GetTexGeniv
FNDA:2,gl_update_texture_state
FNF:13
FNH:3
BRDA:77,0,0,-
BRDA:77,0,1,-
BRDA:82,0,0,-
BRDA:82,0,1,-
BRDA:87,0,0,-
BRDA:87,0,1,-
BRDA:89,0,0,-
BRDA:89,0,1,-
BRDA:101,0,0,-
BRDA:101,0,1,-
BRDA:102,0,0,-
BRDA:102,0,1,-
BRDA:102,2,2,-
BRDA:102,2,3,-
BRDA:103,0,0,-
BRDA:103,0,1,-
BRDA:103,2,2,-
BRDA:103,2,3,-
BRDA:104,0,0,-
BRDA:104,0,1,-
BRDA:104,2,2,-
BRDA:104,2,3,-
BRDA:105,0,0,-
BRDA:105,0,1,-
BRDA:105,2,2,-
BRDA:105,2,3,-
BRDA:113,0,0,-
BRDA:113,0,1,-
BRDA:125,0,0,-
BRDA:125,0,1,-
BRDA:129,0,0,-
BRDA:129,0,1,-
BRDA:129,0,2,-
BRDA:145,0,0,-
BRDA:145,0,1,-
BRDA:149,0,0,-
BRDA:149,0,1,-
BRDA:149,0,2,-
BRDA:178,0,0,2
BRDA:178,0,1,0
BRDA:178,0,2,0
BRDA:178,0,3,0
BRDA:193,0,0,1
BRDA:193,0,1,1
BRDA:193,0,2,0
BRDA:193,0,3,0
BRDA:193,0,4,0
BRDA:193,0,5,0
BRDA:193,0,6,0
BRDA:195,0,0,0
BRDA:195,0,1,1
BRDA:198,0,0,-
BRDA:198,0,1,-
BRDA:199,0,0,-
BRDA:199,0,1,-
BRDA:209,0,0,1
BRDA:209,0,1,0
BRDA:219,0,0,-
BRDA:219,0,1,-
BRDA:228,0,0,-
BRDA:228,0,1,-
BRDA:237,0,0,-
BRDA:237,0,1,-
BRDA:245,0,0,-
BRDA:245,0,1,-
BRDA:246,0,0,-
BRDA:246,0,1,-
BRDA:247,0,0,-
BRDA:247,0,1,-
BRDA:248,0,0,-
BRDA:248,0,1,-
BRDA:257,0,0,0
BRDA:257,0,1,2
BRDA:280,0,0,-
BRDA:280,0,1,-
BRDA:285,0,0,-
BRDA:285,0,1,-
BRDA:285,0,2,-
BRDA:285,0,3,-
BRDA:285,0,4,-
BRDA:285,0,5,-
BRDA:285,0,6,-
BRDA:288,0,0,-
BRDA:288,0,1,-
BRDA:288,0,2,-
BRDA:288,0,3,-
BRDA:288,0,4,-
BRDA:288,0,5,-
BRDA:316,0,0,-
BRDA:316,0,1,-
BRDA:316,0,2,-
BRDA:316,0,3,-
BRDA:316,0,4,-
BRDA:316,0,5,-
BRDA:316,0,6,-
BRDA:347,0,0,-
BRDA:347,0,1,-
BRDA:347,0,2,-
BRDA:347,0,3,-
BRDA:347,0,4,-
BRDA:347,0,5,-
BRDA:347,0,6,-
BRDA:373,0,0,-
BRDA:373,0,1,-
BRDA:373,0,2,-
BRDA:373,0,3,-
BRDA:373,0,4,-
BRDA:373,0,5,-
BRDA:401,0,0,-
BRDA:401,0,1,-
BRDA:401,0,2,-
BRDA:401,0,3,-
BRDA:401,0,4,-
BRDA:401,0,5,-
BRDA:401,0,6,-
BRDA:432,0,0,-
BRDA:432,0,1,-
BRDA:432,0,2,-
BRDA:432,0,3,-
BRDA:432,0,4,-
BRDA:432,0,5,-
BRDA:432,0,6,-
BRDA:432,0,7,-
BRDA:475,0,0,-
BRDA:475,0,1,-
BRDA:475,0,2,-
BRDA:475,0,3,-
BRDA:477,0,0,-
BRDA:477,0,1,-
BRDA:477,0,2,-
BRDA:477,0,3,-
BRDA:477,0,4,-
BRDA:477,0,5,-
BRDA:477,0,6,-
BRDA:477,0,7,-
BRDA:507,0,0,-
BRDA:507,0,1,-
BRDA:507,0,2,-
BRDA:507,0,3,-
BRDA:507,0,4,-
BRDA:507,0,5,-
BRDA:507,0,6,-
BRDA:507,0,7,-
BRDA:537,0,0,-
BRDA:537,0,1,-
BRDA:537,0,2,-
BRDA:537,0,3,-
BRDA:537,0,4,-
BRDA:537,0,5,-
BRDA:537,0,6,-
BRDA:537,0,7,-
BRDA:537,0,8,-
BRDA:578,0,0,-
BRDA:578,0,1,-
BRDA:578,0,2,-
BRDA:578,0,3,-
BRDA:580,0,0,-
BRDA:580,0,1,-
BRDA:580,0,2,-
BRDA:580,0,3,-
BRDA:580,0,4,-
BRDA:580,0,5,-
BRDA:580,0,6,-
BRDA:580,0,7,-
BRDA:617,0,0,-
BRDA:617,0,1,-
BRDA:617,0,2,-
BRDA:617,0,3,-
BRDA:617,0,4,-
BRDA:617,0,5,-
BRDA:617,0,6,-
BRDA:617,0,7,-
BRDA:654,0,0,-
BRDA:654,0,1,-
BRDA:654,0,2,-
BRDA:654,0,3,-
BRDA:654,0,4,-
BRDA:654,0,5,-
BRDA:654,0,6,-
BRDA:654,0,7,-
BRDA:654,0,8,-
BRDA:709,0,0,0
BRDA:709,0,1,2
BRDA:714,0,0,2
BRDA:714,0,1,0
BRDA:714,0,2,0
BRDA:714,0,3,0
BRDA:714,0,4,0
BRDA:716,0,0,1
BRDA:716,0,1,1
BRDA:718,0,0,1
BRDA:718,0,1,0
BRDA:728,0,0,1
BRDA:728,0,1,0
BRDA:734,0,0,-
BRDA:734,0,1,-
BRDA:736,0,0,-
BRDA:736,0,1,-
BRDA:748,0,0,-
BRDA:748,0,1,-
BRDA:750,0,0,-
BRDA:750,0,1,-
BRDA:760,0,0,-
BRDA:760,0,1,-
BRDA:766,0,0,-
BRDA:766,0,1,-
BRDA:768,0,0,-
BRDA:768,0,1,-
BRDA:780,0,0,-
BRDA:780,0,1,-
BRDA:782,0,0,-
BRDA:782,0,1,-
BRDA:791,0,0,-
BRDA:791,0,1,-
BRDA:797,0,0,-
BRDA:797,0,1,-
BRDA:799,0,0,-
BRDA:799,0,1,-
BRDA:811,0,0,-
BRDA:811,0,1,-
BRDA:813,0,0,-
BRDA:813,0,1,-
BRDA:822,0,0,-
BRDA:822,0,1,-
BRDA:828,0,0,-
BRDA:828,0,1,-
BRDA:830,0,0,-
BRDA:830,0,1,-
BRDA:854,0,0,-
BRDA:854,0,1,-
BRDA:859,0,0,-
BRDA:859,0,1,-
BRDA:859,0,2,-
BRDA:859,0,3,-
BRDA:859,0,4,-
BRDA:861,0,0,-
BRDA:861,0,1,-
BRDA:864,0,0,-
BRDA:864,0,1,-
BRDA:867,0,0,-
BRDA:867,0,1,-
BRDA:876,0,0,-
BRDA:876,0,1,-
BRDA:879,0,0,-
BRDA:879,0,1,-
BRDA:882,0,0,-
BRDA:882,0,1,-
BRDA:891,0,0,-
BRDA:891,0,1,-
BRDA:894,0,0,-
BRDA:894,0,1,-
BRDA:897,0,0,-
BRDA:897,0,1,-
BRDA:906,0,0,-
BRDA:906,0,1,-
BRDA:909,0,0,-
BRDA:909,0,1,-
BRDA:912,0,0,-
BRDA:912,0,1,-
BRDA:931,0,0,-
BRDA:931,0,1,-
BRDA:936,0,0,-
BRDA:936,0,1,-
BRDA:936,0,2,-
BRDA:936,0,3,-
BRDA:936,0,4,-
BRDA:938,0,0,-
BRDA:938,0,1,-
BRDA:941,0,0,-
BRDA:941,0,1,-
BRDA:944,0,0,-
BRDA:944,0,1,-
BRDA:953,0,0,-
BRDA:953,0,1,-
BRDA:956,0,0,-
BRDA:956,0,1,-
BRDA:959,0,0,-
BRDA:959,0,1,-
BRDA:968,0,0,-
BRDA:968,0,1,-
BRDA:971,0,0,-
BRDA:971,0,1,-
BRDA:974,0,0,-
BRDA:974,0,1,-
BRDA:983,0,0,-
BRDA:983,0,1,-
BRDA:986,0,0,-
BRDA:986,0,1,-
BRDA:989,0,0,-
BRDA:989,0,1,-
BRDA:1008,0,0,-
BRDA:1008,0,1,-
BRDA:1013,0,0,-
BRDA:1013,0,1,-
BRDA:1013,0,2,-
BRDA:1013,0,3,-
BRDA:1013,0,4,-
BRDA:1015,0,0,-
BRDA:1015,0,1,-
BRDA:1018,0,0,-
BRDA:1018,0,1,-
BRDA:1021,0,0,-
BRDA:1021,0,1,-
BRDA:1030,0,0,-
BRDA:1030,0,1,-
BRDA:1033,0,0,-
BRDA:1033,0,1,-
BRDA:1036,0,0,-
BRDA:1036,0,1,-
BRDA:1045,0,0,-
BRDA:1045,0,1,-
BRDA:1048,0,0,-
BRDA:1048,0,1,-
BRDA:1051,0,0,-
BRDA:1051,0,1,-
BRDA:1060,0,0,-
BRDA:1060,0,1,-
BRDA:1063,0,0,-
BRDA:1063,0,1,-
BRDA:1066,0,0,-
BRDA:1066,0,1,-
BRDA:1090,0,0,0
BRDA:1090,0,1,2
BRDA:1092,0,0,0
BRDA:1092,0,1,2
BRDA:1094,0,0,1
BRDA:1094,0,1,1
BRDA:1099,2,0,6
BRDA:1099,2,1,2
BRDA:1100,0,0,1
BRDA:1100,0,1,5
BRF:331
BRH:20
DA:74,0
DA:77,0
DA:78,0
DA:79,0
DA:82,0
DA:83,0
DA:84,0
DA:87,0
DA:88,0
DA:89,0
DA:94,0
DA:97,0
DA:98,0
DA:101,0
DA:102,0
DA:103,0
DA:104,0
DA:105,0
DA:108,0
DA:109,0
DA:113,0
DA:114,0
DA:122,0
DA:125,0
DA:126,0
DA:127,0
DA:129,0
DA:131,0
DA:132,0
DA:134,0
DA:135,0
DA:137,0
DA:142,0
DA:145,0
DA:146,0
DA:147,0
DA:149,0
DA:151,0
DA:152,0
DA:154,0
DA:155,0
DA:156,0
DA:157,0
DA:158,0
DA:160,0
DA:172,2
DA:175,2
DA:178,2
DA:180,2
DA:181,2
DA:183,0
DA:184,0
DA:186,0
DA:187,0
DA:189,0
DA:190,0
DA:193,2
DA:195,1
DA:196,1
DA:197,0
DA:198,0
DA:199,0
DA:200,1
DA:201,1
DA:204,0
DA:205,0
DA:207,1
DA:209,1
DA:210,1
DA:211,1
DA:214,0
DA:215,0
DA:217,1
DA:219,0
DA:220,0
DA:223,0
DA:224,0
DA:226,0
DA:228,0
DA:229,0
DA:232,0
DA:233,0
DA:235,0
DA:237,0
DA:238,0
DA:241,0
DA:245,0
DA:246,0
DA:247,0
DA:248,0
DA:249,0
DA:251,0
DA:252,0
DA:255,2
DA:257,2
DA:258,2
DA:264,0
DA:269,0
DA:270,0
DA:271,0
DA:275,0
DA:280,0
DA:281,0
DA:282,0
DA:285,0
DA:287,0
DA:288,0
DA:290,0
DA:291,0
DA:293,0
DA:294,0
DA:296,0
DA:297,0
DA:304,0
DA:305,0
DA:307,0
DA:308,0
DA:310,0
DA:315,0
DA:316,0
DA:318,0
DA:319,0
DA:321,0
DA:322,0
DA:324,0
DA:325,0
DA:327,0
DA:328,0
DA:335,0
DA:336,0
DA:338,0
DA:339,0
DA:341,0
DA:346,0
DA:347,0
DA:349,0
DA:350,0
DA:352,0
DA:353,0
DA:355,0
DA:356,0
DA:358,0
DA:359,0
DA:361,0
DA:362,0
DA:364,0
DA:365,0
DA:367,0
DA:372,0
DA:373,0
DA:375,0
DA:376,0
DA:378,0
DA:379,0
DA:381,0
DA:382,0
DA:389,0
DA:390,0
DA:392,0
DA:393,0
DA:395,0
DA:400,0
DA:401,0
DA:403,0
DA:404,0
DA:406,0
DA:407,0
DA:409,0
DA:410,0
DA:412,0
DA:413,0
DA:420,0
DA:421,0
DA:423,0
DA:424,0
DA:426,0
DA:431,0
DA:432,0
DA:434,0
DA:435,0
DA:437,0
DA:438,0
DA:440,0
DA:441,0
DA:443,0
DA:444,0
DA:446,0
DA:447,0
DA:454,0
DA:455,0
DA:457,0
DA:458,0
DA:460,0
DA:465,0
DA:472,0
DA:475,0
DA:477,0
DA:479,0
DA:480,0
DA:482,0
DA:483,0
DA:485,0
DA:486,0
DA:488,0
DA:489,0
DA:491,0
DA:492,0
DA:493,0
DA:494,0
DA:495,0
DA:497,0
DA:498,0
DA:500,0
DA:501,0
DA:503,0
DA:507,0
DA:509,0
DA:510,0
DA:512,0
DA:513,0
DA:515,0
DA:516,0
DA:518,0
DA:519,0
DA:521,0
DA:522,0
DA:523,0
DA:524,0
DA:525,0
DA:527,0
DA:528,0
DA:530,0
DA:531,0
DA:533,0
DA:537,0
DA:539,0
DA:540,0
DA:542,0
DA:543,0
DA:545,0
DA:546,0
DA:548,0
DA:549,0
DA:551,0
DA:552,0
DA:554,0
DA:555,0
DA:556,0
DA:557,0
DA:558,0
DA:560,0
DA:561,0
DA:563,0
DA:564,0
DA:566,0
DA:570,0
DA:572,0
DA:575,0
DA:578,0
DA:580,0
DA:582,0
DA:583,0
DA:585,0
DA:586,0
DA:588,0
DA:589,0
DA:591,0
DA:592,0
DA:596,0
DA:597,0
DA:598,0
DA:599,0
DA:600,0
DA:601,0
DA:602,0
DA:603,0
DA:605,0
DA:607,0
DA:608,0
DA:610,0
DA:611,0
DA:613,0
DA:617,0
DA:619,0
DA:620,0
DA:622,0
DA:623,0
DA:625,0
DA:626,0
DA:628,0
DA:629,0
DA:633,0
DA:634,0
DA:635,0
DA:636,0
DA:637,0
DA:638,0
DA:639,0
DA:640,0
DA:642,0
DA:644,0
DA:645,0
DA:647,0
DA:648,0
DA:650,0
DA:654,0
DA:656,0
DA:657,0
DA:659,0
DA:660,0
DA:662,0
DA:663,0
DA:665,0
DA:666,0
DA:668,0
DA:669,0
DA:673,0
DA:674,0
DA:675,0
DA:676,0
DA:677,0
DA:678,0
DA:679,0
DA:680,0
DA:682,0
DA:684,0
DA:685,0
DA:687,0
DA:688,0
DA:690,0
DA:694,0
DA:696,0
DA:706,2
DA:709,2
DA:710,0
DA:711,0
DA:714,2
DA:716,2
DA:717,1
DA:718,1
DA:719,1
DA:721,1
DA:724,0
DA:725,0
DA:728,1
DA:729,1
DA:730,1
DA:731,1
DA:732,1
DA:734,0
DA:736,0
DA:737,0
DA:739,0
DA:743,0
DA:744,0
DA:748,0
DA:749,0
DA:750,0
DA:751,0
DA:753,0
DA:756,0
DA:757,0
DA:760,0
DA:761,0
DA:762,0
DA:763,0
DA:764,0
DA:766,0
DA:768,0
DA:769,0
DA:771,0
DA:775,0
DA:776,0
DA:780,0
DA:781,0
DA:782,0
DA:784,0
DA:787,0
DA:788,0
DA:791,0
DA:792,0
DA:793,0
DA:794,0
DA:795,0
DA:797,0
DA:799,0
DA:800,0
DA:802,0
DA:806,0
DA:807,0
DA:811,0
DA:812,0
DA:813,0
DA:815,0
DA:818,0
DA:819,0
DA:822,0
DA:823,0
DA:824,0
DA:825,0
DA:826,0
DA:828,0
DA:830,0
DA:831,0
DA:833,0
DA:837,0
DA:838,0
DA:842,0
DA:843,0
DA:846,2
DA:851,0
DA:854,0
DA:855,0
DA:856,0
DA:859,0
DA:861,0
DA:862,0
DA:864,0
DA:865,0
DA:867,0
DA:868,0
DA:871,0
DA:872,0
DA:876,0
DA:877,0
DA:879,0
DA:880,0
DA:882,0
DA:883,0
DA:886,0
DA:887,0
DA:891,0
DA:892,0
DA:894,0
DA:895,0
DA:897,0
DA:898,0
DA:901,0
DA:902,0
DA:906,0
DA:907,0
DA:909,0
DA:910,0
DA:912,0
DA:913,0
DA:916,0
DA:917,0
DA:921,0
DA:922,0
DA:928,0
DA:931,0
DA:932,0
DA:933,0
DA:936,0
DA:938,0
DA:939,0
DA:941,0
DA:942,0
DA:944,0
DA:945,0
DA:948,0
DA:949,0
DA:953,0
DA:954,0
DA:956,0
DA:957,0
DA:959,0
DA:960,0
DA:963,0
DA:964,0
DA:968,0
DA:969,0
DA:971,0
DA:972,0
DA:974,0
DA:975,0
DA:978,0
DA:979,0
DA:983,0
DA:984,0
DA:986,0
DA:987,0
DA:989,0
DA:990,0
DA:993,0
DA:994,0
DA:998,0
DA:999,0
DA:1005,0
DA:1008,0
DA:1009,0
DA:1010,0
DA:1013,0
DA:1015,0
DA:1016,0
DA:1018,0
DA:1019,0
DA:1021,0
DA:1022,0
DA:1025,0
DA:1026,0
DA:1030,0
DA:1031,0
DA:1033,0
DA:1034,0
DA:1036,0
DA:1037,0
DA:1040,0
DA:1041,0
DA:1045,0
DA:1046,0
DA:1048,0
DA:1049,0
DA:1051,0
DA:1052,0
DA:1055,0
DA:1056,0
DA:1060,0
DA:1061,0
DA:1063,0
DA:1064,0
DA:1066,0
DA:1067,0
DA:1070,0
DA:1071,0
DA:1075,0
DA:1076,0
DA:1086,2
DA:1090,2
DA:1091,0
DA:1092,2
DA:1093,0
DA:1094,2
DA:1095,1
DA:1097,1
DA:1099,8
DA:1100,6
DA:1101,1
DA:1102,1
DA:1103,1
DA:1106,2
LF:541
LH:44
end_of_record
TN:
SF:/home/gabriel/Escritorio/SPEC_CPU2000_CD_2/benchspec/CFP2000/177.mesa/src/blend.c
FN:73,gl_BlendFunc
FN:126,gl_BlendEquation
FN:162,gl_BlendColor
FN:180,do_blend
FN:442,gl_blend_span
FN:472,gl_blend_pixels
FNDA:0,gl_BlendFunc
FNDA:0,gl_BlendEquation
FNDA:0,gl_BlendColor
FNDA:0,do_blend
FNDA:0,gl_blend_span
FNDA:0,gl_blend_pixels
FNF:6
FNH:0
BRDA:75,0,0,-
BRDA:75,0,1,-
BRDA:80,0,0,-
BRDA:80,0,1,-
BRDA:101,0,0,-
BRDA:101,0,1,-
BRDA:128,0,0,-
BRDA:128,0,1,-
BRDA:133,0,0,-
BRDA:133,0,1,-
BRDA:150,0,0,-
BRDA:150,0,1,-
BRDA:150,1,2,-
BRDA:150,1,3,-
BRDA:165,0,0,-
BRDA:165,0,1,-
BRDA:165,2,2,-
BRDA:165,2,3,-
BRDA:166,0,0,-
BRDA:166,0,1,-
BRDA:166,2,2,-
BRDA:166,2,3,-
BRDA:167,0,0,-
BRDA:167,0,1,-
BRDA:167,2,2,-
BRDA:167,2,3,-
BRDA:168,0,0,-
BRDA:168,0,1,-
BRDA:168,2,2,-
BRDA:168,2,3,-
BRDA:190,0,0,-
BRDA:190,0,1,-
BRDA:191,0,0,-
BRDA:191,0,1,-
BRDA:192,0,0,-
BRDA:192,0,1,-
BRDA:199,2,0,-
BRDA:199,2,1,-
BRDA:200,0,0,-
BRDA:200,0,1,-
BRDA:218,0,0,-
BRDA:218,0,1,-
BRDA:220,0,0,-
BRDA:220,0,1,-
BRDA:230,2,0,-
BRDA:230,2,1,-
BRDA:231,0,0,-
BRDA:231,0,1,-
BRDA:251,0,0,-
BRDA:251,0,1,-
BRDA:251,0,2,-
BRDA:251,0,3,-
BRDA:251,0,4,-
BRDA:251,0,5,-
BRDA:251,0,6,-
BRDA:251,0,7,-
BRDA:251,0,8,-
BRDA:251,0,9,-
BRDA:251,0,10,-
BRDA:251,0,11,-
BRDA:251,0,12,-
BRDA:251,0,13,-
BRDA:283,0,0,-
BRDA:283,0,1,-
BRDA:315,0,0,-
BRDA:315,0,1,-
BRDA:315,0,2,-
BRDA:315,0,3,-
BRDA:315,0,4,-
BRDA:315,0,5,-
BRDA:315,0,6,-
BRDA:315,0,7,-
BRDA:315,0,8,-
BRDA:315,0,9,-
BRDA:315,0,10,-
BRDA:315,0,11,-
BRDA:315,0,12,-
BRDA:381,0,0,-
BRDA:381,0,1,-
BRDA:387,0,0,-
BRDA:387,0,1,-
BRDA:393,0,0,-
BRDA:393,0,1,-
BRDA:399,0,0,-
BRDA:399,0,1,-
BRDA:399,2,2,-
BRDA:399,2,3,-
BRDA:400,0,0,-
BRDA:400,0,1,-
BRDA:400,2,2,-
BRDA:400,2,3,-
BRDA:401,0,0,-
BRDA:401,0,1,-
BRDA:401,2,2,-
BRDA:401,2,3,-
BRDA:402,0,0,-
BRDA:402,0,1,-
BRDA:402,2,2,-
BRDA:402,2,3,-
BRDA:406,0,0,-
BRDA:406,0,1,-
BRDA:408,2,0,-
BRDA:408,2,1,-
BRDA:409,0,0,-
BRDA:409,0,1,-
BRDA:417,0,0,-
BRDA:417,0,1,-
BRDA:419,2,0,-
BRDA:419,2,1,-
BRDA:420,0,0,-
BRDA:420,0,1,-
BRDA:451,0,0,-
BRDA:451,0,1,-
BRDA:451,1,2,-
BRDA:451,1,3,-
BRDA:481,0,0,-
BRDA:481,0,1,-
BRDA:481,1,2,-
BRDA:481,1,3,-
BRDA:487,9999,0,-
BRDA:487,9999,1,-
BRF:121
BRH:0
DA:73,0
DA:75,0
DA:76,0
DA:77,0
DA:80,0
DA:94,0
DA:97,0
DA:98,0
DA:101,0
DA:114,0
DA:115,0
DA:117,0
DA:120,0
DA:126,0
DA:128,0
DA:129,0
DA:130,0
DA:133,0
DA:140,0
DA:143,0
DA:144,0
DA:150,0
DA:151,0
DA:154,0
DA:157,0
DA:162,0
DA:165,0
DA:166,0
DA:167,0
DA:168,0
DA:169,0
DA:180,0
DA:190,0
DA:191,0
DA:192,0
DA:194,0
DA:195,0
DA:196,0
DA:197,0
DA:198,0
DA:199,0
DA:200,0
DA:202,0
DA:203,0
DA:204,0
DA:205,0
DA:206,0
DA:207,0
DA:208,0
DA:209,0
DA:210,0
DA:211,0
DA:218,0
DA:219,0
DA:220,0
DA:221,0
DA:222,0
DA:223,0
DA:224,0
DA:225,0
DA:226,0
DA:227,0
DA:228,0
DA:230,0
DA:231,0
DA:239,0
DA:240,0
DA:241,0
DA:242,0
DA:245,0
DA:246,0
DA:247,0
DA:248,0
DA:251,0
DA:253,0
DA:254,0
DA:256,0
DA:257,0
DA:259,0
DA:260,0
DA:261,0
DA:262,0
DA:263,0
DA:265,0
DA:266,0
DA:267,0
DA:268,0
DA:269,0
DA:271,0
DA:272,0
DA:274,0
DA:275,0
DA:277,0
DA:278,0
DA:280,0
DA:281,0
DA:283,0
DA:284,0
DA:287,0
DA:289,0
DA:290,0
DA:292,0
DA:293,0
DA:294,0
DA:295,0
DA:296,0
DA:298,0
DA:299,0
DA:300,0
DA:301,0
DA:302,0
DA:304,0
DA:305,0
DA:307,0
DA:308,0
DA:311,0
DA:315,0
DA:317,0
DA:318,0
DA:320,0
DA:321,0
DA:323,0
DA:324,0
DA:325,0
DA:326,0
DA:327,0
DA:329,0
DA:330,0
DA:331,0
DA:332,0
DA:333,0
DA:335,0
DA:336,0
DA:338,0
DA:339,0
DA:341,0
DA:342,0
DA:344,0
DA:345,0
DA:347,0
DA:348,0
DA:349,0
DA:350,0
DA:351,0
DA:353,0
DA:354,0
DA:355,0
DA:356,0
DA:357,0
DA:359,0
DA:360,0
DA:362,0
DA:363,0
DA:366,0
DA:381,0
DA:382,0
DA:383,0
DA:384,0
DA:385,0
DA:387,0
DA:388,0
DA:389,0
DA:390,0
DA:391,0
DA:393,0
DA:394,0
DA:395,0
DA:396,0
DA:397,0
DA:399,0
DA:400,0
DA:401,0
DA:402,0
DA:406,0
DA:408,0
DA:409,0
DA:410,0
DA:411,0
DA:412,0
DA:413,0
DA:417,0
DA:419,0
DA:420,0
DA:421,0
DA:422,0
DA:423,0
DA:424,0
DA:429,0
DA:442,0
DA:451,0
DA:456,0
DA:458,0
DA:472,0
DA:481,0
DA:486,0
DA:487,0
DA:488,0
DA:491,0
LF:198
LH:0
end_of_record
TN:
SF:/home/gabriel/Escritorio/SPEC_CPU2000_CD_2/benchspec/CFP2000/177.mesa/src/accum.c
FN:59,gl_alloc_accum_buffer
FN:79,gl_ClearAccum
FN:95,gl_Accum
FN:287,gl_clear_accum_buffer
FNDA:1,gl_alloc_accum_buffer
FNDA:0,gl_ClearAccum
FNDA:0,gl_Accum
FNDA:0,gl_clear_accum_buffer
FNF:4
FNH:1
BRDA:63,0,0,0
BRDA:63,0,1,1
BRDA:71,0,0,0
BRDA:71,0,1,1
BRDA:82,0,0,-
BRDA:82,0,1,-
BRDA:86,0,0,-
BRDA:86,0,1,-
BRDA:86,2,2,-
BRDA:86,2,3,-
BRDA:87,0,0,-
BRDA:87,0,1,-
BRDA:87,2,2,-
BRDA:87,2,3,-
BRDA:88,0,0,-
BRDA:88,0,1,-
BRDA:88,2,2,-
BRDA:88,2,3,-
BRDA:89,0,0,-
BRDA:89,0,1,-
BRDA:89,2,2,-
BRDA:89,2,3,-
BRDA:100,0,0,-
BRDA:100,0,1,-
BRDA:105,0,0,-
BRDA:105,0,1,-
BRDA:105,1,2,-
BRDA:105,1,3,-
BRDA:123,0,0,-
BRDA:123,0,1,-
BRDA:137,0,0,-
BRDA:137,0,1,-
BRDA:137,0,2,-
BRDA:137,0,3,-
BRDA:137,0,4,-
BRDA:137,0,5,-
BRDA:144,2,0,-
BRDA:144,2,1,-
BRDA:147,2,0,-
BRDA:147,2,1,-
BRDA:162,2,0,-
BRDA:162,2,1,-
BRDA:165,2,0,-
BRDA:165,2,1,-
BRDA:190,1,0,-
BRDA:190,1,1,-
BRDA:195,1,0,-
BRDA:195,1,1,-
BRDA:222,1,0,-
BRDA:222,1,1,-
BRDA:227,1,0,-
BRDA:227,1,1,-
BRDA:256,1,0,-
BRDA:256,1,1,-
BRDA:259,2,0,-
BRDA:259,2,1,-
BRDA:265,0,0,-
BRDA:265,0,1,-
BRDA:266,0,0,-
BRDA:266,0,1,-
BRDA:267,0,0,-
BRDA:267,0,1,-
BRDA:268,0,0,-
BRDA:268,0,1,-
BRDA:292,0,0,-
BRDA:292,0,1,-
BRDA:311,0,0,-
BRDA:311,0,1,-
BRDA:317,0,0,-
BRDA:317,0,1,-
BRDA:318,0,0,-
BRDA:318,0,1,-
BRDA:335,2,0,-
BRDA:335,2,1,-
BRDA:336,2,0,-
BRDA:336,2,1,-
BRDA:347,0,0,-
BRDA:347,0,1,-
BRDA:347,1,2,-
BRDA:347,1,3,-
BRDA:348,0,0,-
BRDA:348,0,1,-
BRDA:349,0,0,-
BRDA:349,0,1,-
BRDA:364,2,0,-
BRDA:364,2,1,-
BRF:86
BRH:2
DA:59,1
DA:63,1
DA:64,0
DA:65,0
DA:69,1
DA:70,1
DA:71,1
DA:73,0
DA:75,1
DA:79,0
DA:82,0
DA:83,0
DA:84,0
DA:86,0
DA:87,0
DA:88,0
DA:89,0
DA:95,0
DA:100,0
DA:101,0
DA:102,0
DA:105,0
DA:107,0
DA:108,0
DA:115,0
DA:123,0
DA:124,0
DA:125,0
DA:126,0
DA:127,0
DA:131,0
DA:132,0
DA:133,0
DA:134,0
DA:137,0
DA:143,0
DA:144,0
DA:145,0
DA:146,0
DA:147,0
DA:148,0
DA:149,0
DA:150,0
DA:151,0
DA:153,0
DA:162,0
DA:163,0
DA:164,0
DA:165,0
DA:166,0
DA:167,0
DA:168,0
DA:169,0
DA:171,0
DA:183,0
DA:186,0
DA:187,0
DA:188,0
DA:189,0
DA:190,0
DA:191,0
DA:193,0
DA:194,0
DA:195,0
DA:196,0
DA:197,0
DA:198,0
DA:199,0
DA:201,0
DA:204,0
DA:206,0
DA:215,0
DA:218,0
DA:219,0
DA:220,0
DA:221,0
DA:222,0
DA:223,0
DA:225,0
DA:226,0
DA:227,0
DA:228,0
DA:229,0
DA:230,0
DA:231,0
DA:233,0
DA:236,0
DA:238,0
DA:248,0
DA:249,0
DA:250,0
DA:251,0
DA:252,0
DA:253,0
DA:254,0
DA:255,0
DA:256,0
DA:257,0
DA:258,0
DA:259,0
DA:261,0
DA:262,0
DA:263,0
DA:264,0
DA:265,0
DA:266,0
DA:267,0
DA:268,0
DA:270,0
DA:272,0
DA:277,0
DA:287,0
DA:292,0
DA:301,0
DA:309,0
DA:311,0
DA:313,0
DA:314,0
DA:317,0
DA:318,0
DA:324,0
DA:325,0
DA:326,0
DA:327,0
DA:329,0
DA:330,0
DA:332,0
DA:333,0
DA:334,0
DA:335,0
DA:336,0
DA:337,0
DA:338,0
DA:339,0
DA:340,0
DA:342,0
DA:347,0
DA:348,0
DA:349,0
DA:350,0
DA:352,0
DA:359,0
DA:360,0
DA:361,0
DA:362,0
DA:363,0
DA:364,0
DA:365,0
DA:366,0
DA:367,0
DA:368,0
LF:151
LH:6
end_of_record
SF:/usr/include/bits/string3.h
BRDA:79,0,0,-
BRDA:79,0,1,-
BRDA:80,0,0,-
BRDA:80,0,1,-
BRF:4
BRH:0
DA:79,0
DA:80,0
DA:82,0
DA:83,0
DA:85,0
LF:5
LH:0
end_of_record
TN:
SF:/home/gabriel/Escritorio/SPEC_CPU2000_CD_2/benchspec/CFP2000/177.mesa/src/hash.c
FN:74,NewHashTable
FN:84,DeleteHashTable
FN:107,HashLookup
FN:135,HashInsert
FN:173,HashRemove
FN:208,HashFirstEntry
FN:224,HashPrint
FN:245,HashFindFreeKeyBlock
FNDA:2,NewHashTable
FNDA:2,DeleteHashTable
FNDA:0,HashLookup
FNDA:0,HashInsert
FNDA:0,HashRemove
FNDA:1,HashFirstEntry
FNDA:0,HashPrint
FNDA:0,HashFindFreeKeyBlock
FNF:8
FNH:3
BRDA:87,0,0,0
BRDA:87,0,1,2
BRDA:88,2,0,2002
BRDA:88,2,1,2
BRDA:90,1,0,0
BRDA:90,1,1,2002
BRDA:112,0,0,-
BRDA:112,0,1,-
BRDA:113,0,0,-
BRDA:113,0,1,-
BRDA:117,1,0,-
BRDA:117,1,1,-
BRDA:118,0,0,-
BRDA:118,0,1,-
BRDA:141,0,0,-
BRDA:141,0,1,-
BRDA:142,0,0,-
BRDA:142,0,1,-
BRDA:144,0,0,-
BRDA:144,0,1,-
BRDA:149,1,0,-
BRDA:149,1,1,-
BRDA:150,0,0,-
BRDA:150,0,1,-
BRDA:178,0,0,-
BRDA:178,0,1,-
BRDA:179,0,0,-
BRDA:179,0,1,-
BRDA:184,1,0,-
BRDA:184,1,1,-
BRDA:185,0,0,-
BRDA:185,0,1,-
BRDA:187,0,0,-
BRDA:187,0,1,-
BRDA:211,0,0,0
BRDA:211,0,1,1
BRDA:212,2,0,1001
BRDA:212,2,1,1
BRDA:213,0,0,0
BRDA:213,0,1,1001
BRDA:227,0,0,-
BRDA:227,0,1,-
BRDA:228,2,0,-
BRDA:228,2,1,-
BRDA:230,1,0,-
BRDA:230,1,1,-
BRDA:248,0,0,-
BRDA:248,0,1,-
[...]
BRDA:632,0,2,-
BRDA:638,0,0,-
BRDA:638,0,1,-
BRDA:638,0,2,-
BRDA:644,0,0,-
BRDA:644,0,1,-
BRDA:644,0,2,-
BRDA:650,0,0,-
BRDA:650,0,1,-
BRDA:650,0,2,-
BRDA:656,0,0,-
BRDA:656,0,1,-
BRDA:656,0,2,-
BRDA:662,0,0,-
BRDA:662,0,1,-
BRDA:662,0,2,-
BRDA:673,0,0,-
BRDA:673,0,1,-
BRDA:675,0,0,-
BRDA:675,0,1,-
BRDA:675,0,2,-
BRDA:675,0,3,-
BRDA:675,0,4,-
BRDA:694,0,0,-
BRDA:694,0,1,-
BRDA:697,0,0,-
BRDA:697,0,1,-
BRDA:697,0,2,-
BRDA:697,0,3,-
BRDA:697,0,4,-
BRDA:699,0,0,-
BRDA:699,0,1,-
BRDA:699,0,2,-
BRDA:699,0,3,-
BRDA:699,0,4,-
BRDA:707,0,0,-
BRDA:707,0,1,-
BRDA:707,0,2,-
BRDA:707,0,3,-
BRDA:707,0,4,-
BRDA:715,0,0,-
BRDA:715,0,1,-
BRDA:715,0,2,-
BRDA:715,0,3,-
BRDA:715,0,4,-
BRDA:723,0,0,-
BRDA:723,0,1,-
BRDA:723,0,2,-
BRDA:723,0,3,-
BRDA:723,0,4,-
BRDA:736,0,0,-
BRDA:736,0,1,-
BRDA:741,0,0,-
BRDA:741,0,1,-
BRDA:744,0,0,-
BRDA:744,0,1,-
BRDA:744,0,2,-
BRDA:744,0,3,-
BRDA:744,0,4,-
BRDA:746,0,0,-
BRDA:746,0,1,-
BRDA:746,0,2,-
BRDA:746,0,3,-
BRDA:753,0,0,-
BRDA:753,0,1,-
BRDA:753,0,2,-
BRDA:753,0,3,-
BRDA:760,0,0,-
BRDA:760,0,1,-
BRDA:760,0,2,-
BRDA:760,0,3,-
BRDA:767,0,0,-
BRDA:767,0,1,-
BRDA:767,0,2,-
BRDA:767,0,3,-
BRDA:793,0,0,-
BRDA:793,0,1,-
BRDA:797,0,0,-
BRDA:797,0,1,-
BRDA:802,0,0,-
BRDA:802,0,1,-
BRDA:803,0,0,-
BRDA:803,0,1,-
BRDA:810,0,0,-
BRDA:810,0,1,-
BRDA:811,0,0,-
BRDA:811,0,1,-
BRDA:812,0,0,-
BRDA:812,0,1,-
BRDA:812,1,2,-
BRDA:812,1,3,-
BRDA:813,0,0,-
BRDA:813,0,1,-
BRDA:813,1,2,-
BRDA:813,1,3,-
BRDA:814,0,0,-
BRDA:814,0,1,-
BRDA:815,0,0,-
BRDA:815,0,1,-
BRDA:816,0,0,-
BRDA:816,0,1,-
BRDA:817,0,0,-
BRDA:817,0,1,-
BRDA:818,0,0,-
BRDA:818,0,1,-
BRDA:829,0,0,-
BRDA:829,0,1,-
BRDA:840,1,0,-
BRDA:840,1,1,-
BRDA:846,0,0,-
BRDA:846,0,1,-
BRDA:848,2,0,-
BRDA:848,2,1,-
BRDA:864,0,0,-
BRDA:864,0,1,-
BRDA:865,0,0,-
BRDA:865,0,1,-
BRDA:866,0,0,-
BRDA:866,0,1,-
BRDA:867,0,0,-
BRDA:867,0,1,-
BRDA:867,1,2,-
BRDA:867,1,3,-
BRDA:868,0,0,-
BRDA:868,0,1,-
BRDA:868,1,2,-
BRDA:868,1,3,-
BRDA:869,0,0,-
BRDA:869,0,1,-
BRDA:869,1,2,-
BRDA:869,1,3,-
BRDA:870,0,0,-
BRDA:870,0,1,-
BRDA:871,0,0,-
BRDA:871,0,1,-
BRDA:872,0,0,-
BRDA:872,0,1,-
BRDA:873,0,0,-
BRDA:873,0,1,-
BRDA:874,0,0,-
BRDA:874,0,1,-
BRDA:886,0,0,-
BRDA:886,0,1,-
BRDA:897,9999,0,-
BRDA:897,9999,1,-
BRDA:899,2,0,-
BRDA:899,2,1,-
BRDA:916,0,0,-
BRDA:916,0,1,-
BRDA:917,0,0,-
BRDA:917,0,1,-
BRDA:918,0,0,-
BRDA:918,0,1,-
BRDA:919,0,0,-
BRDA:919,0,1,-
BRDA:919,1,2,-
BRDA:919,1,3,-
BRDA:920,0,0,-
BRDA:920,0,1,-
BRDA:920,1,2,-
BRDA:920,1,3,-
BRDA:921,0,0,-
BRDA:921,0,1,-
BRDA:921,1,2,-
BRDA:921,1,3,-
BRDA:922,0,0,-
BRDA:922,0,1,-
BRDA:923,0,0,-
BRDA:923,0,1,-
BRDA:924,0,0,-
BRDA:924,0,1,-
BRDA:925,0,0,-
BRDA:925,0,1,-
BRDA:926,0,0,-
BRDA:926,0,1,-
BRDA:938,0,0,-
BRDA:938,0,1,-
BRDA:949,9999,0,-
BRDA:949,9999,1,-
BRDA:951,2,0,-
BRDA:951,2,1,-
BRDA:973,0,0,-
BRDA:973,0,1,-
BRDA:990,0,0,-
BRDA:990,0,1,-
BRDA:994,0,0,-
BRDA:994,0,1,-
BRDA:998,0,0,-
BRDA:998,0,1,-
BRDA:1019,0,0,-
BRDA:1019,0,1,-
BRDA:1036,0,0,-
BRDA:1036,0,1,-
BRDA:1040,0,0,-
BRDA:1040,0,1,-
BRDA:1044,0,0,-
BRDA:1044,0,1,-
BRDA:1061,0,0,-
BRDA:1061,0,1,-
BRDA:1061,0,2,-
BRDA:1061,0,3,-
BRDA:1067,0,0,-
BRDA:1067,0,1,-
BRDA:1078,0,0,-
BRDA:1078,0,1,-
BRDA:1089,0,0,-
BRDA:1089,0,1,-
BRDA:1111,0,0,-
BRDA:1111,0,1,-
BRDA:1111,0,2,-
BRDA:1111,0,3,-
BRDA:1117,0,0,-
BRDA:1117,0,1,-
BRDA:1128,0,0,-
BRDA:1128,0,1,-
BRDA:1139,0,0,-
BRDA:1139,0,1,-
BRDA:1168,0,0,-
BRDA:1168,0,1,-
BRDA:1173,0,0,-
BRDA:1173,0,1,-
BRDA:1173,0,2,-
BRDA:1173,0,3,-
BRDA:1173,0,4,-
BRDA:1173,0,5,-
BRDA:1173,0,6,-
BRDA:1173,0,7,-
BRDA:1173,0,8,-
BRDA:1173,0,9,-
BRDA:1173,0,10,-
BRDA:1173,0,11,-
BRDA:1173,0,12,-
BRDA:1173,0,13,-
BRDA:1173,0,14,-
BRDA:1284,0,0,-
BRDA:1284,0,1,-
BRDA:1291,9999,0,-
BRDA:1291,9999,1,-
BRDA:1299,0,0,-
BRDA:1299,0,1,-
BRDA:1308,0,0,-
BRDA:1308,0,1,-
BRF:475
BRH:0
DA:108,0
DA:112,0
DA:113,0
DA:114,0
DA:116,0
DA:117,0
DA:118,0
DA:120,0
DA:122,0
DA:123,0
DA:125,0
DA:126,0
DA:128,0
DA:129,0
DA:131,0
DA:132,0
DA:134,0
DA:135,0
DA:137,0
DA:138,0
DA:139,0
DA:140,0
DA:146,0
DA:149,0
DA:150,0
DA:151,0
DA:153,0
DA:155,0
DA:156,0
DA:158,0
DA:159,0
DA:161,0
DA:162,0
DA:164,0
DA:165,0
DA:167,0
DA:168,0
DA:170,0
DA:171,0
DA:173,0
DA:174,0
DA:175,0
DA:180,0
DA:184,0
DA:185,0
DA:186,0
DA:188,0
DA:189,0
DA:190,0
DA:192,0
DA:194,0
DA:195,0
DA:197,0
DA:198,0
DA:200,0
DA:201,0
DA:203,0
DA:204,0
DA:206,0
DA:207,0
DA:209,0
DA:210,0
DA:212,0
DA:213,0
DA:215,0
DA:216,0
DA:218,0
DA:219,0
DA:221,0
DA:222,0
DA:223,0
DA:224,0
DA:229,0
DA:232,0
DA:233,0
DA:234,0
DA:236,0
DA:238,0
DA:239,0
DA:241,0
DA:242,0
DA:244,0
DA:245,0
DA:247,0
DA:248,0
DA:250,0
DA:251,0
DA:253,0
DA:254,0
DA:255,0
DA:260,0
DA:264,0
DA:265,0
DA:266,0
DA:268,0
DA:270,0
DA:271,0
DA:273,0
DA:274,0
DA:276,0
DA:277,0
DA:279,0
DA:280,0
DA:282,0
DA:283,0
DA:285,0
DA:286,0
DA:287,0
DA:289,0
DA:290,0
DA:291,0
DA:292,0
DA:297,0
DA:300,0
DA:301,0
DA:302,0
DA:304,0
DA:305,0
DA:306,0
DA:314,0
DA:316,0
DA:317,0
DA:321,0
DA:322,0
DA:323,0
DA:324,0
DA:326,0
DA:327,0
DA:328,0
DA:329,0
DA:331,0
DA:332,0
DA:333,0
DA:334,0
DA:336,0
DA:337,0
DA:338,0
DA:339,0
DA:341,0
DA:342,0
DA:343,0
DA:344,0
DA:346,0
DA:347,0
DA:348,0
DA:349,0
DA:351,0
DA:352,0
DA:354,0
DA:357,0
DA:358,0
DA:359,0
DA:363,0
DA:364,0
DA:365,0
DA:367,0
DA:368,0
DA:369,0
DA:373,0
DA:374,0
DA:375,0
DA:379,0
DA:380,0
DA:381,0
DA:385,0
DA:386,0
DA:387,0
DA:391,0
DA:392,0
DA:393,0
DA:397,0
DA:398,0
DA:399,0
DA:403,0
DA:404,0
DA:405,0
DA:409,0
DA:410,0
DA:411,0
DA:415,0
DA:416,0
DA:418,0
DA:423,0
DA:424,0
DA:426,0
DA:427,0
DA:428,0
DA:429,0
DA:430,0
DA:434,0
DA:435,0
DA:436,0
DA:438,0
DA:439,0
DA:441,0
DA:442,0
DA:444,0
DA:445,0
DA:447,0
DA:448,0
DA:450,0
DA:451,0
DA:453,0
DA:456,0
DA:459,0
DA:460,0
DA:461,0
DA:462,0
DA:463,0
DA:464,0
DA:465,0
DA:467,0
DA:469,0
DA:470,0
DA:471,0
DA:472,0
DA:476,0
DA:478,0
DA:479,0
DA:480,0
DA:481,0
DA:485,0
DA:487,0
DA:488,0
DA:489,0
DA:490,0
DA:494,0
DA:496,0
DA:497,0
DA:498,0
DA:499,0
DA:503,0
DA:504,0
DA:508,0
DA:511,0
DA:512,0
DA:513,0
DA:514,0
DA:517,0
DA:520,0
DA:521,0
DA:522,0
DA:523,0
DA:524,0
DA:525,0
DA:527,0
DA:529,0
DA:530,0
DA:531,0
DA:532,0
DA:536,0
DA:538,0
DA:539,0
DA:540,0
DA:541,0
DA:545,0
DA:547,0
DA:548,0
DA:549,0
DA:550,0
DA:554,0
DA:556,0
DA:557,0
DA:558,0
DA:559,0
DA:563,0
DA:564,0
DA:568,0
DA:569,0
DA:570,0
DA:571,0
DA:589,0
DA:591,0
DA:592,0
DA:593,0
DA:594,0
DA:596,0
DA:597,0
DA:599,0
DA:600,0
DA:602,0
DA:603,0
DA:605,0
DA:606,0
DA:608,0
DA:609,0
DA:611,0
DA:612,0
DA:616,0
DA:617,0
DA:618,0
DA:620,0
DA:621,0
DA:622,0
DA:626,0
DA:627,0
DA:628,0
DA:632,0
DA:633,0
DA:634,0
DA:638,0
DA:639,0
DA:640,0
DA:644,0
DA:645,0
DA:646,0
DA:650,0
DA:651,0
DA:652,0
DA:656,0
DA:657,0
DA:658,0
DA:662,0
DA:663,0
DA:664,0
DA:668,0
DA:669,0
DA:673,0
DA:674,0
DA:675,0
DA:677,0
DA:678,0
DA:680,0
DA:681,0
DA:683,0
DA:684,0
DA:686,0
DA:687,0
DA:689,0
DA:690,0
DA:694,0
DA:695,0
DA:696,0
DA:697,0
DA:699,0
DA:700,0
DA:701,0
DA:702,0
DA:703,0
DA:707,0
DA:708,0
DA:709,0
DA:710,0
DA:711,0
DA:715,0
DA:716,0
DA:717,0
DA:718,0
DA:719,0
DA:723,0
DA:724,0
DA:725,0
DA:726,0
DA:727,0
DA:731,0
DA:732,0
DA:736,0
DA:737,0
DA:738,0
DA:741,0
DA:742,0
DA:743,0
DA:744,0
DA:746,0
DA:747,0
DA:748,0
DA:749,0
DA:753,0
DA:754,0
DA:755,0
DA:756,0
DA:760,0
DA:761,0
DA:762,0
DA:763,0
DA:767,0
DA:768,0
DA:769,0
DA:770,0
DA:774,0
DA:775,0
DA:785,0
DA:788,0
DA:793,0
DA:794,0
DA:795,0
DA:797,0
DA:798,0
DA:799,0
DA:802,0
DA:803,0
DA:804,0
DA:807,0
DA:810,0
DA:811,0
DA:812,0
DA:813,0
DA:814,0
DA:815,0
DA:816,0
DA:817,0
DA:818,0
DA:825,0
DA:827,0
DA:828,0
DA:829,0
DA:832,0
DA:833,0
DA:835,0
DA:839,0
DA:840,0
DA:841,0
DA:846,0
DA:848,0
DA:849,0
DA:853,0
DA:855,0
DA:856,0
DA:857,0
DA:859,0
DA:862,0
DA:864,0
DA:865,0
DA:866,0
DA:867,0
DA:868,0
DA:869,0
DA:870,0
DA:871,0
DA:872,0
DA:873,0
DA:874,0
DA:881,0
DA:883,0
DA:884,0
DA:885,0
DA:886,0
DA:889,0
DA:890,0
DA:892,0
DA:893,0
DA:894,0
DA:897,0
DA:899,0
DA:900,0
DA:904,0
DA:906,0
DA:907,0
DA:908,0
DA:910,0
DA:911,0
DA:914,0
DA:916,0
DA:917,0
DA:918,0
DA:919,0
DA:920,0
DA:921,0
DA:922,0
DA:923,0
DA:924,0
DA:925,0
DA:926,0
DA:933,0
DA:935,0
DA:936,0
DA:937,0
DA:938,0
DA:941,0
DA:942,0
DA:944,0
DA:945,0
DA:946,0
DA:949,0
DA:951,0
DA:952,0
DA:956,0
DA:958,0
DA:959,0
DA:960,0
DA:962,0
DA:963,0
DA:966,0
DA:972,0
DA:973,0
DA:974,0
DA:976,0
DA:985,0
DA:990,0
DA:991,0
DA:992,0
DA:994,0
DA:995,0
DA:996,0
DA:998,0
DA:1012,0
DA:1013,0
DA:1018,0
DA:1019,0
DA:1020,0
DA:1022,0
DA:1031,0
DA:1036,0
DA:1037,0
DA:1038,0
DA:1040,0
DA:1041,0
DA:1042,0
DA:1044,0
DA:1058,0
DA:1059,0
DA:1061,0
DA:1064,0
DA:1066,0
DA:1067,0
DA:1068,0
DA:1070,0
DA:1072,0
DA:1075,0
DA:1077,0
DA:1078,0
DA:1079,0
DA:1081,0
DA:1083,0
DA:1086,0
DA:1088,0
DA:1089,0
DA:1090,0
DA:1092,0
DA:1094,0
DA:1096,0
DA:1097,0
DA:1107,0
DA:1111,0
DA:1114,0
DA:1116,0
DA:1117,0
DA:1118,0
DA:1120,0
DA:1122,0
DA:1125,0
DA:1127,0
DA:1128,0
DA:1129,0
DA:1131,0
DA:1133,0
DA:1136,0
DA:1138,0
DA:1139,0
DA:1140,0
DA:1142,0
DA:1144,0
DA:1146,0
DA:1147,0
DA:1154,0
DA:1165,0
DA:1166,0
DA:1168,0
DA:1169,0
DA:1170,0
DA:1173,0
DA:1175,0
DA:1176,0
DA:1177,0
DA:1178,0
DA:1179,0
DA:1181,0
DA:1182,0
DA:1183,0
DA:1184,0
DA:1185,0
DA:1187,0
DA:1188,0
DA:1189,0
DA:1190,0
DA:1191,0
DA:1192,0
DA:1193,0
DA:1195,0
DA:1196,0
DA:1197,0
DA:1198,0
DA:1199,0
DA:1200,0
DA:1201,0
DA:1203,0
DA:1204,0
DA:1205,0
DA:1206,0
DA:1207,0
DA:1208,0
DA:1209,0
DA:1211,0
DA:1212,0
DA:1213,0
DA:1214,0
DA:1215,0
DA:1216,0
DA:1218,0
DA:1219,0
DA:1220,0
DA:1221,0
DA:1222,0
DA:1223,0
DA:1224,0
DA:1225,0
DA:1227,0
DA:1228,0
DA:1229,0
DA:1230,0
DA:1231,0
DA:1233,0
DA:1234,0
DA:1235,0
DA:1236,0
DA:1237,0
DA:1239,0
DA:1240,0
DA:1241,0
DA:1242,0
DA:1243,0
DA:1244,0
DA:1245,0
DA:1247,0
DA:1248,0
DA:1249,0
DA:1250,0
DA:1251,0
DA:1252,0
DA:1253,0
DA:1255,0
DA:1256,0
DA:1257,0
DA:1258,0
DA:1259,0
DA:1260,0
DA:1262,0
DA:1263,0
DA:1264,0
DA:1265,0
DA:1266,0
DA:1267,0
DA:1268,0
DA:1269,0
DA:1271,0
DA:1272,0
DA:1273,0
DA:1274,0
DA:1275,0
DA:1276,0
DA:1277,0
DA:1278,0
DA:1280,0
DA:1281,0
DA:1284,0
DA:1285,0
DA:1288,0
DA:1289,0
DA:1291,0
DA:1292,0
DA:1293,0
DA:1296,0
DA:1299,0
DA:1300,0
DA:1301,0
DA:1305,0
DA:1308,0
DA:1309,0
DA:1310,0
DA:1314,0
DA:1317,0
DA:1318,0
DA:1324,0
DA:1331,0
DA:1332,0
LF:675
LH:0
end_of_record
TN:
SF:/home/gabriel/Escritorio/SPEC_CPU2000_CD_2/benchspec/CFP2000/177.mesa/src/span.c
FN:99,gl_write_monocolor_span
FN:99,gl_write_monoindex_span
FN:99,gl_write_texture_span
FN:99,gl_write_index_span
FN:99,gl_write_color_span
FN:122,clip_span
FN:831,gl_read_color_span
FN:878,gl_read_index_span
FNDA:0,clip_span
FNDA:0,gl_write_index_span
FNDA:0,gl_write_monoindex_span
FNDA:0,gl_write_color_span
FNDA:0,gl_write_monocolor_span
FNDA:154837604,gl_write_texture_span
FNDA:0,gl_read_color_span
FNDA:0,gl_read_index_span
FNF:8
FNH:1
BRDA:104,2,0,-
BRDA:104,2,1,-
BRDA:104,5,2,-
BRDA:104,5,3,-
BRDA:104,8,4,-
BRDA:104,8,5,-
BRDA:104,11,6,-
BRDA:104,11,7,-
BRDA:104,14,8,-
BRDA:104,14,9,-
BRDA:105,0,0,-
BRDA:105,0,1,-
BRDA:105,1,2,-
BRDA:105,1,3,-
BRDA:105,2,4,-
BRDA:105,2,5,-
BRDA:105,3,6,-
BRDA:105,3,7,-
BRDA:105,4,8,-
BRDA:105,4,9,-
BRDA:109,0,0,-
BRDA:109,0,1,-
BRDA:109,1,2,-
BRDA:109,1,3,-
BRDA:109,2,4,-
BRDA:109,2,5,-
BRDA:109,3,6,-
BRDA:109,3,7,-
BRDA:109,4,8,-
BRDA:109,4,9,-
BRDA:128,0,0,-
BRDA:128,0,1,-
BRDA:128,1,2,-
BRDA:128,1,3,-
BRDA:133,0,0,-
BRDA:133,0,1,-
BRDA:133,1,2,-
BRDA:133,1,3,-
BRDA:137,0,0,-
BRDA:137,0,1,-
BRDA:141,0,0,-
BRDA:141,0,1,-
BRDA:147,2,0,-
BRDA:147,2,1,-
BRDA:148,0,0,-
BRDA:148,0,1,-
BRDA:148,1,2,-
BRDA:148,1,3,-
BRDA:177,0,0,-
BRDA:177,0,1,-
BRDA:178,0,1,-
BRDA:178,0,2,-
BRDA:184,0,0,-
BRDA:184,0,1,-
BRDA:185,0,0,-
BRDA:185,0,1,-
BRDA:190,0,0,-
BRDA:190,0,1,-
BRDA:191,0,1,-
BRDA:191,0,2,-
BRDA:197,0,0,-
BRDA:197,0,1,-
BRDA:201,0,0,-
BRDA:201,0,1,-
BRDA:203,0,1,-
BRDA:203,0,2,-
BRDA:209,0,0,-
BRDA:209,0,1,-
BRDA:211,0,1,-
BRDA:211,0,2,-
BRDA:214,0,0,-
BRDA:214,0,1,-
BRDA:219,0,0,-
BRDA:219,0,1,-
BRDA:226,0,0,-
BRDA:226,0,1,-
BRDA:229,0,0,-
BRDA:229,0,1,-
BRDA:237,9999,0,-
BRDA:237,9999,1,-
BRDA:241,9999,0,-
BRDA:241,9999,1,-
BRDA:244,0,0,-
BRDA:244,0,1,-
BRDA:266,0,0,-
BRDA:266,0,1,-
BRDA:267,0,1,-
BRDA:267,0,2,-
BRDA:273,0,0,-
BRDA:273,0,1,-
BRDA:274,0,1,-
BRDA:274,0,2,-
BRDA:280,0,0,-
BRDA:280,0,1,-
BRDA:284,0,0,-
BRDA:284,0,1,-
BRDA:286,0,1,-
BRDA:286,0,2,-
BRDA:292,0,0,-
BRDA:292,0,1,-
BRDA:294,0,1,-
BRDA:294,0,2,-
BRDA:297,0,0,-
BRDA:297,0,1,-
BRDA:302,0,0,-
BRDA:302,0,1,-
BRDA:302,1,2,-
BRDA:302,1,3,-
BRDA:303,0,0,-
BRDA:303,0,1,-
BRDA:303,1,2,-
BRDA:303,1,3,-
BRDA:306,2,0,-
BRDA:306,2,1,-
BRDA:310,0,0,-
BRDA:310,0,1,-
BRDA:311,0,0,-
BRDA:311,0,1,-
BRDA:315,0,0,-
BRDA:315,0,1,-
BRDA:319,0,0,-
BRDA:319,0,1,-
BRDA:323,0,0,-
BRDA:323,0,1,-
BRDA:329,9999,0,-
BRDA:329,9999,1,-
BRDA:332,1,0,-
BRDA:332,1,1,-
BRDA:335,0,0,-
BRDA:335,0,1,-
BRDA:338,0,0,-
BRDA:338,0,1,-
BRDA:348,9999,0,-
BRDA:348,9999,1,-
BRDA:373,0,0,-
BRDA:373,0,1,-
BRDA:374,0,1,-
BRDA:374,0,2,-
BRDA:380,0,0,-
BRDA:380,0,1,-
BRDA:380,1,2,-
BRDA:380,1,3,-
BRDA:381,0,0,-
BRDA:381,0,1,-
BRDA:400,0,0,-
BRDA:400,0,1,-
BRDA:400,1,2,-
BRDA:400,1,3,-
BRDA:401,0,0,-
BRDA:401,0,1,-
BRDA:406,0,0,-
BRDA:406,0,1,-
BRDA:407,0,1,-
BRDA:407,0,2,-
BRDA:414,0,0,-
BRDA:414,0,1,-
BRDA:420,0,0,-
BRDA:420,0,1,-
BRDA:421,0,1,-
BRDA:421,0,2,-
BRDA:427,0,0,-
BRDA:427,0,1,-
BRDA:429,0,1,-
BRDA:429,0,2,-
BRDA:436,0,0,-
BRDA:436,0,1,-
BRDA:439,9999,0,-
BRDA:439,9999,1,-
BRDA:442,0,0,-
BRDA:442,0,1,-
BRDA:447,0,0,-
BRDA:447,0,1,-
BRDA:453,0,0,-
BRDA:453,0,1,-
BRDA:456,0,0,-
BRDA:456,0,1,-
BRDA:461,0,0,-
BRDA:461,0,1,-
BRDA:466,0,0,-
BRDA:466,0,1,-
BRDA:468,9999,0,-
BRDA:468,9999,1,-
BRDA:469,0,0,-
BRDA:469,0,1,-
BRDA:472,0,0,-
BRDA:472,0,1,-
BRDA:479,9999,0,-
BRDA:479,9999,1,-
BRDA:482,0,0,-
BRDA:482,0,1,-
BRDA:485,0,0,-
BRDA:485,0,1,-
BRDA:488,0,0,-
BRDA:488,0,1,-
BRDA:490,9999,0,-
BRDA:490,9999,1,-
BRDA:492,0,0,-
BRDA:492,0,1,-
BRDA:525,0,0,-
BRDA:525,0,1,-
BRDA:526,0,1,-
BRDA:526,0,2,-
BRDA:533,0,0,-
BRDA:533,0,1,-
BRDA:534,0,1,-
BRDA:534,0,2,-
BRDA:541,0,0,-
BRDA:541,0,1,-
BRDA:547,0,0,-
BRDA:547,0,1,-
BRDA:549,2,0,-
BRDA:549,2,1,-
BRDA:552,0,1,-
BRDA:552,0,2,-
BRDA:558,0,0,-
BRDA:558,0,1,-
BRDA:560,0,1,-
BRDA:560,0,2,-
BRDA:567,0,0,-
BRDA:567,0,1,-
BRDA:570,9999,0,-
BRDA:570,9999,1,-
BRDA:573,0,0,-
BRDA:573,0,1,-
BRDA:578,0,0,-
BRDA:578,0,1,-
BRDA:583,0,0,-
BRDA:583,0,1,-
BRDA:583,1,2,-
BRDA:583,1,3,-
BRDA:584,0,0,-
BRDA:584,0,1,-
BRDA:586,2,0,-
BRDA:586,2,1,-
BRDA:587,0,0,-
BRDA:587,0,1,-
BRDA:595,0,0,-
BRDA:595,0,1,-
BRDA:598,0,0,-
BRDA:598,0,1,-
BRDA:603,0,0,-
BRDA:603,0,1,-
BRDA:608,0,0,-
BRDA:608,0,1,-
BRDA:610,9999,0,-
BRDA:610,9999,1,-
BRDA:611,0,0,-
BRDA:611,0,1,-
BRDA:614,0,0,-
BRDA:614,0,1,-
BRDA:616,2,0,-
BRDA:616,2,1,-
BRDA:617,0,0,-
BRDA:617,0,1,-
BRDA:625,9999,0,-
BRDA:625,9999,1,-
BRDA:628,0,0,-
BRDA:628,0,1,-
BRDA:631,0,0,-
BRDA:631,0,1,-
BRDA:634,0,0,-
BRDA:634,0,1,-
BRDA:637,9999,0,-
BRDA:637,9999,1,-
BRDA:639,0,0,-
BRDA:639,0,1,-
BRDA:647,9999,0,-
BRDA:647,9999,1,-
BRDA:648,0,0,-
BRDA:648,0,1,-
BRDA:650,0,0,-
BRDA:650,0,1,-
BRDA:655,9999,0,-
BRDA:655,9999,1,-
BRDA:657,0,0,-
BRDA:657,0,1,-
BRDA:696,0,0,0
BRDA:696,0,1,154837604
BRDA:697,0,1,-
BRDA:697,0,2,-
BRDA:704,0,0,154837604
BRDA:704,0,1,0
BRDA:704,1,2,0
BRDA:704,1,3,154837604
BRDA:727,9999,0,0
BRDA:727,9999,1,154837604
BRDA:727,0,2,-
BRDA:727,0,3,-
BRDA:728,0,0,-
BRDA:728,0,1,-
BRDA:733,0,0,0
BRDA:733,0,1,154837604
BRDA:734,0,1,-
BRDA:734,0,2,-
BRDA:741,0,0,0
BRDA:741,0,1,154837604
BRDA:747,0,0,0
BRDA:747,0,1,154837604
BRDA:748,0,1,-
BRDA:748,0,2,-
BRDA:754,0,0,0
BRDA:754,0,1,154837604
BRDA:756,0,1,-
BRDA:756,0,2,-
BRDA:763,0,0,154837604
BRDA:763,0,1,0
BRDA:766,9999,0,148867050
BRDA:766,9999,1,5970554
BRDA:769,0,0,101014
BRDA:769,0,1,148766036
BRDA:774,0,0,148867050
BRDA:774,0,1,0
BRDA:780,0,0,0
BRDA:780,0,1,148867050
BRDA:783,0,0,0
BRDA:783,0,1,148867050
BRDA:787,0,0,0
BRDA:787,0,1,148867050
BRDA:792,0,0,101014
BRDA:792,0,1,148766036
BRDA:794,9999,0,0
BRDA:794,9999,1,148867050
BRDA:795,0,0,-
BRDA:795,0,1,-
BRDA:798,0,0,0
BRDA:798,0,1,148867050
BRDA:805,9999,0,-
BRDA:805,9999,1,-
BRDA:808,0,0,-
BRDA:808,0,1,-
BRDA:811,0,0,-
BRDA:811,0,1,-
BRDA:814,0,0,-
BRDA:814,0,1,-
BRDA:817,9999,0,-
BRDA:817,9999,1,-
BRDA:819,0,0,-
BRDA:819,0,1,-
BRDA:838,0,0,-
BRDA:838,0,1,-
BRDA:838,1,2,-
BRDA:838,1,3,-
BRDA:838,2,4,-
BRDA:838,2,5,-
BRDA:840,2,0,-
BRDA:840,2,1,-
BRDA:845,0,0,-
BRDA:845,0,1,-
BRDA:845,1,2,-
BRDA:845,1,3,-
BRDA:848,9999,0,-
BRDA:848,9999,1,-
BRDA:854,0,0,-
BRDA:854,0,1,-
BRDA:855,0,0,-
BRDA:855,0,1,-
BRDA:864,9999,0,-
BRDA:864,9999,1,-
BRDA:883,0,0,-
BRDA:883,0,1,-
BRDA:883,1,2,-
BRDA:883,1,3,-
BRDA:883,2,4,-
BRDA:883,2,5,-
BRDA:885,2,0,-
BRDA:885,2,1,-
BRDA:890,0,0,-
BRDA:890,0,1,-
BRDA:890,1,2,-
BRDA:890,1,3,-
BRDA:896,0,0,-
BRDA:896,0,1,-
BRDA:897,0,0,-
BRDA:897,0,1,-
BRF:374
BRH:21
DA:99,0
DA:101,0
DA:102,0
DA:104,0
DA:105,0
DA:106,0
DA:108,0
DA:109,0
DA:110,0
DA:122,0
DA:128,0
DA:129,0
DA:133,0
DA:135,0
DA:137,0
DA:139,0
DA:141,0
DA:143,0
DA:147,0
DA:148,0
DA:149,0
DA:152,0
DA:167,0
DA:177,0
DA:178,0
DA:184,0
DA:185,0
DA:186,0
DA:190,0
DA:191,0
DA:197,0
DA:201,0
DA:203,0
DA:207,0
DA:209,0
DA:211,0
DA:214,0
DA:219,0
DA:223,0
DA:226,0
DA:227,0
DA:229,0
DA:230,0
DA:234,0
DA:237,0
DA:239,0
DA:240,0
DA:241,0
DA:242,0
DA:244,0
DA:245,0
DA:247,0
DA:248,0
DA:255,0
DA:266,0
DA:267,0
DA:273,0
DA:274,0
DA:280,0
DA:284,0
DA:286,0
DA:290,0
DA:292,0
DA:294,0
DA:297,0
DA:302,0
DA:303,0
DA:306,0
DA:307,0
DA:310,0
DA:311,0
DA:312,0
DA:315,0
DA:316,0
DA:319,0
DA:320,0
DA:323,0
DA:324,0
DA:327,0
DA:329,0
DA:331,0
DA:332,0
DA:333,0
DA:335,0
DA:336,0
DA:338,0
DA:339,0
DA:341,0
DA:342,0
DA:346,0
DA:348,0
DA:350,0
DA:351,0
DA:352,0
DA:359,0
DA:366,0
DA:373,0
DA:374,0
DA:377,0
DA:380,0
DA:381,0
DA:387,0
DA:388,0
DA:389,0
DA:390,0
DA:393,0
DA:394,0
DA:395,0
DA:396,0
DA:400,0
DA:401,0
DA:402,0
DA:406,0
DA:407,0
DA:410,0
DA:414,0
DA:416,0
DA:420,0
DA:421,0
DA:424,0
DA:427,0
DA:429,0
DA:433,0
DA:434,0
DA:436,0
DA:438,0
DA:439,0
DA:442,0
DA:443,0
DA:447,0
DA:453,0
DA:454,0
DA:456,0
DA:457,0
DA:461,0
DA:462,0
DA:466,0
DA:468,0
DA:469,0
DA:472,0
DA:478,0
DA:479,0
DA:480,0
DA:482,0
DA:483,0
DA:485,0
DA:486,0
DA:488,0
DA:490,0
DA:491,0
DA:492,0
DA:493,0
DA:495,0
DA:512,0
DA:519,0
DA:525,0
DA:526,0
DA:529,0
DA:533,0
DA:534,0
DA:537,0
DA:541,0
DA:543,0
DA:547,0
DA:549,0
DA:550,0
DA:552,0
DA:555,0
DA:558,0
DA:560,0
DA:564,0
DA:565,0
DA:567,0
DA:569,0
DA:570,0
DA:573,0
DA:574,0
DA:578,0
DA:583,0
DA:584,0
DA:586,0
DA:587,0
DA:588,0
DA:589,0
DA:590,0
DA:591,0
DA:595,0
DA:596,0
DA:598,0
DA:599,0
DA:603,0
DA:604,0
DA:608,0
DA:610,0
DA:611,0
DA:614,0
DA:616,0
DA:617,0
DA:618,0
DA:619,0
DA:620,0
DA:621,0
DA:624,0
DA:625,0
DA:626,0
DA:628,0
DA:629,0
DA:631,0
DA:632,0
DA:634,0
DA:636,0
DA:637,0
DA:638,0
DA:639,0
DA:641,0
DA:646,0
DA:647,0
DA:648,0
DA:650,0
DA:652,0
DA:653,0
DA:654,0
DA:655,0
DA:656,0
DA:657,0
DA:659,0
DA:680,154837604
DA:689,154837604
DA:696,154837604
DA:697,0
DA:700,0
DA:704,154837604
DA:710,0
DA:711,0
DA:712,0
DA:713,0
DA:716,154837604
DA:717,154837604
DA:718,154837604
DA:719,154837604
DA:724,154837604
DA:727,154837604
DA:728,0
DA:729,0
DA:733,154837604
DA:734,0
DA:737,0
DA:741,154837604
DA:743,0
DA:747,154837604
DA:748,0
DA:751,0
DA:754,154837604
DA:756,0
DA:760,0
DA:761,0
DA:763,154837604
DA:765,154837604
DA:766,154837604
DA:769,148867050
DA:770,101014
DA:774,148867050
DA:780,148867050
DA:781,0
DA:783,148867050
DA:784,0
DA:787,148867050
DA:788,0
DA:792,148867050
DA:794,148867050
DA:795,0
DA:798,148867050
DA:804,0
DA:805,0
DA:806,0
DA:808,0
DA:809,0
DA:811,0
DA:812,0
DA:814,0
DA:816,0
DA:817,0
DA:818,0
DA:819,0
DA:820,154837604
DA:831,0
DA:838,0
DA:840,0
DA:841,0
DA:845,0
DA:847,0
DA:848,0
DA:849,0
DA:853,0
DA:854,0
DA:855,0
DA:856,0
DA:857,0
DA:858,0
DA:859,0
DA:862,0
DA:863,0
DA:864,0
DA:865,0
DA:869,0
DA:878,0
DA:883,0
DA:885,0
DA:886,0
DA:890,0
DA:892,0
DA:895,0
DA:896,0
DA:897,0
DA:898,0
DA:899,0
DA:900,0
DA:901,0
DA:904,0
DA:905,0
DA:908,0
LF:321
LH:27
end_of_record
SF:/usr/include/bits/string3.h
BRDA:79,0,0,-
BRDA:79,0,1,-
BRDA:79,1,2,-
BRDA:79,1,3,-
BRDA:79,2,4,-
BRDA:79,2,5,-
BRDA:79,3,6,-
BRDA:79,3,7,-
BRDA:79,4,8,0
BRDA:79,4,9,154837604
BRDA:80,0,0,-
BRDA:80,0,1,-
BRDA:80,1,2,-
BRDA:80,1,3,-
BRDA:80,2,4,-
BRDA:80,2,5,-
BRDA:80,3,6,-
BRDA:80,3,7,-
BRDA:80,4,8,-
BRDA:80,4,9,-
BRF:20
BRH:1
DA:52,0
DA:79,154837604
DA:80,0
DA:82,0
DA:83,0
DA:85,154837604
LF:6
LH:2
end_of_record
