TN:
SF:/home/gabriel/Escritorio/SPEC_CPU2000_CD_2/benchspec/CFP2000/179.art/src/scanner.c
FN:67,g
FN:80,find_match
FN:88,simtest
FN:122,simtest2
FN:166,weightadj
FN:219,init_globs
FN:243,init_net
FN:280,analog_conv
FN:295,get_pat
FN:302,show_pat
FN:314,reset_nodes
FN:336,reset_nodes2
FN:357,print_weights
FN:379,print_f12
FN:386,train_match
FN:523,match
FN:682,loadimage
FN:767,load_weights
FN:796,alloc_td_bu
FN:816,init_td
FN:826,init_bu
FN:837,load_train
FN:934,sim_other_objects
FN:975,setup_base_pattern
FN:987,scan_recognize
FN:1046,main
FNDA:22160000,g
FNDA:8622,find_match
FNDA:1108,simtest
FNDA:9622,simtest2
FNDA:1108,weightadj
FNDA:6,init_globs
FNDA:2,init_net
FNDA:0,analog_conv
FNDA:0,get_pat
FNDA:0,show_pat
FNDA:2108,reset_nodes
FNDA:9622,reset_nodes2
FNDA:0,print_weights
FNDA:81,print_f12
FNDA:1108,train_match
FNDA:1000,match
FNDA:2,loadimage
FNDA:0,load_weights
FNDA:2,alloc_td_bu
FNDA:6,init_td
FNDA:6,init_bu
FNDA:4,load_train
FNDA:2,sim_other_objects
FNDA:2,setup_base_pattern
FNDA:2,scan_recognize
FNDA:2,main
FNF:26
FNH:21
BRDA:70,0,0,0
BRDA:70,0,1,22160000
BRDA:73,0,0,22160000
BRDA:73,0,1,0
BRDA:83,2,0,94842
BRDA:83,2,1,8622
BRDA:84,0,0,17666
BRDA:84,0,1,77176
BRDA:94,2,0,11080000
BRDA:94,2,1,1108
BRDA:102,2,0,11080000
BRDA:102,2,1,1108
BRDA:109,2,0,11080000
BRDA:109,2,1,1108
BRDA:112,2,0,11080000
BRDA:112,2,1,1108
BRDA:132,2,0,96220000
BRDA:132,2,1,9622
BRDA:148,0,0,9622
BRDA:148,0,1,0
BRDA:148,1,2,0
BRDA:148,1,3,9622
BRDA:153,0,0,9622
BRDA:153,0,1,0
BRDA:153,1,2,0
BRDA:153,1,3,9622
BRDA:179,2,0,1108
BRDA:179,2,1,1108
BRDA:181,2,0,11080000
BRDA:181,2,1,1108
BRDA:184,9999,0,6249754
BRDA:184,9999,1,4830246
BRDA:191,2,0,11080000
BRDA:191,2,1,1108
BRDA:194,9999,0,5316424
BRDA:194,9999,1,5763576
BRDA:194,0,2,150204
BRDA:194,0,3,5166220
BRDA:221,0,0,2
BRDA:221,0,1,4
BRDA:248,0,0,0
BRDA:248,0,1,2
BRDA:253,2,0,20000
BRDA:253,2,1,2
BRDA:257,0,0,0
BRDA:257,0,1,20000
BRDA:272,0,0,0
BRDA:272,0,1,2
BRDA:286,1,0,-
BRDA:286,1,1,-
BRDA:288,1,0,-
BRDA:288,1,1,-
BRDA:298,1,0,-
BRDA:298,1,1,-
BRDA:305,1,0,-
BRDA:305,1,1,-
BRDA:306,0,0,-
BRDA:306,0,1,-
BRDA:317,2,0,21080000
BRDA:317,2,1,2108
BRDA:327,2,0,23188
BRDA:327,2,1,2108
BRDA:339,2,0,96220000
BRDA:339,2,1,9622
BRDA:349,2,0,105842
BRDA:349,2,1,9622
BRDA:362,1,0,-
BRDA:362,1,1,-
BRDA:363,2,0,-
BRDA:363,2,1,-
BRDA:364,0,0,-
BRDA:364,0,1,-
BRDA:370,1,0,-
BRDA:370,1,1,-
BRDA:371,2,0,-
BRDA:371,2,1,-
BRDA:372,0,0,-
BRDA:372,0,1,-
BRDA:382,0,0,891
BRDA:382,0,1,81
BRDA:397,0,0,1108
BRDA:397,0,1,1108
BRDA:400,2,0,9700
BRDA:400,2,1,1108
BRDA:405,2,0,97000000
BRDA:405,2,1,9700
BRDA:413,2,0,97000000
BRDA:413,2,1,9700
BRDA:419,2,0,97000000
BRDA:419,2,1,9700
BRDA:421,0,0,53687220
BRDA:421,0,1,43312780
BRDA:425,0,0,58634944
BRDA:425,0,1,38365056
BRDA:435,2,0,97000000
BRDA:435,2,1,9700
BRDA:444,2,0,97000000
BRDA:444,2,1,9700
BRDA:449,2,0,1017640000
BRDA:449,2,1,97000000
BRDA:451,0,0,91360000
BRDA:451,0,1,926280000
BRDA:451,1,2,85920000
BRDA:451,1,3,5440000
BRDA:459,0,0,43026980
BRDA:459,0,1,53973020
BRDA:467,2,0,97000000
BRDA:467,2,1,9700
BRDA:471,2,0,101764
BRDA:471,2,1,9700
BRDA:474,0,0,101764
BRDA:474,0,1,0
BRDA:475,2,0,1017640000
BRDA:475,2,1,101764
BRDA:481,2,0,101764
BRDA:481,2,1,9700
BRDA:483,0,0,5536
BRDA:483,0,1,96228
BRDA:497,9999,0,1108
BRDA:497,9999,1,0
BRDA:512,2,0,-
BRDA:512,2,1,-
BRDA:513,0,0,-
BRDA:513,0,1,-
BRDA:515,0,0,-
BRDA:515,0,1,-
BRDA:536,0,0,9622
BRDA:536,0,1,1000
BRDA:540,1,0,86598
BRDA:540,1,1,9622
BRDA:545,2,0,865980000
BRDA:545,2,1,86598
BRDA:553,2,0,865980000
BRDA:553,2,1,86598
BRDA:559,2,0,865980000
BRDA:559,2,1,86598
BRDA:561,0,0,471273831
BRDA:561,0,1,394706169
BRDA:565,0,0,171999081
BRDA:565,0,1,693980919
BRDA:575,2,0,865980000
BRDA:575,2,1,86598
BRDA:584,2,0,865980000
BRDA:584,2,1,86598
BRDA:589,2,0,4294967294
BRDA:589,2,1,865980000
BRDA:591,0,0,865980000
BRDA:591,0,1,4294967294
BRDA:591,1,2,769760000
BRDA:591,1,3,96220000
BRDA:599,0,0,783989926
BRDA:599,0,1,81990074
BRDA:607,2,0,865980000
BRDA:607,2,1,86598
BRDA:611,2,0,952578
BRDA:611,2,1,86598
BRDA:614,0,0,578196
BRDA:614,0,1,374382
BRDA:615,2,0,4294967294
BRDA:615,2,1,578196
BRDA:621,2,0,952578
BRDA:621,2,1,86598
BRDA:623,0,0,179930
BRDA:623,0,1,772648
BRDA:634,9999,0,1000
BRDA:634,9999,1,8622
BRDA:639,0,0,81
BRDA:639,0,1,919
BRDA:644,9999,0,16
BRDA:644,9999,1,65
BRDA:659,2,0,94842
BRDA:659,2,1,8622
BRDA:660,0,0,53244
BRDA:660,0,1,41598
BRDA:662,0,0,8622
BRDA:662,0,1,0
BRDA:688,0,0,0
BRDA:688,0,1,2
BRDA:701,1,0,8
BRDA:701,1,1,2
BRDA:702,0,0,6
BRDA:702,0,1,2
BRDA:707,1,0,8
BRDA:707,1,1,2
BRDA:708,0,0,6
BRDA:708,0,1,2
BRDA:716,0,0,0
BRDA:716,0,1,2
BRDA:722,0,0,0
BRDA:722,0,1,2
BRDA:728,2,0,960
BRDA:728,2,1,2
BRDA:731,0,0,0
BRDA:731,0,1,960
BRDA:739,1,0,960
BRDA:739,1,1,2
BRDA:741,2,0,614400
BRDA:741,2,1,960
BRDA:773,0,1,-
BRDA:773,0,2,-
BRDA:787,0,0,-
BRDA:787,0,1,-
BRDA:800,0,0,2
BRDA:800,0,1,0
BRDA:800,1,2,0
BRDA:800,1,3,2
BRDA:805,2,0,20000
BRDA:805,2,1,2
BRDA:819,2,0,60000
BRDA:819,2,1,6
BRDA:820,2,0,440000
BRDA:820,2,1,60000
BRDA:829,2,0,60000
BRDA:829,2,1,6
BRDA:830,2,0,440000
BRDA:830,2,1,60000
BRDA:846,0,0,2
BRDA:846,0,1,2
BRDA:855,0,0,0
BRDA:855,0,1,4
BRDA:871,1,0,16
BRDA:871,1,1,4
BRDA:872,0,0,16
BRDA:872,0,1,0
BRDA:876,1,0,16
BRDA:876,1,1,4
BRDA:877,0,0,16
BRDA:877,0,1,0
BRDA:891,0,0,2
BRDA:891,0,1,2
BRDA:900,0,0,0
BRDA:900,0,1,2
BRDA:909,0,0,0
BRDA:909,0,1,4
BRDA:916,1,0,40000
BRDA:916,1,1,4
BRDA:943,0,0,2
BRDA:943,0,1,0
BRDA:947,1,0,16
BRDA:947,1,1,2
BRDA:948,2,0,160000
BRDA:948,2,1,16
BRDA:949,0,0,80000
BRDA:949,0,1,80000
BRDA:958,2,0,16
BRDA:958,2,1,2
BRDA:959,1,0,160000
BRDA:959,1,1,16
BRDA:978,2,0,20000
BRDA:978,2,1,2
BRDA:980,2,0,20000
BRDA:980,2,1,20000
BRDA:993,0,0,2
BRDA:993,0,1,0
BRDA:993,1,2,0
BRDA:993,1,3,2
BRDA:998,0,0,2
BRDA:998,0,1,0
BRDA:998,1,2,0
BRDA:998,1,3,2
BRDA:1010,2,0,40
BRDA:1010,2,1,2
BRDA:1011,2,0,1000
BRDA:1011,2,1,40
BRDA:1014,2,0,100000
BRDA:1014,2,1,1000
BRDA:1015,2,0,10000000
BRDA:1015,2,1,100000
BRDA:1019,9999,0,81
BRDA:1019,9999,1,919
BRDA:1024,0,0,2
BRDA:1024,0,1,79
BRDA:1030,0,0,14
BRDA:1030,0,1,67
BRDA:1060,0,0,2
BRDA:1060,0,1,0
BRDA:1064,0,0,0
BRDA:1064,0,1,2
BRDA:1066,0,0,-
BRDA:1066,0,1,-
BRDA:1068,0,0,-
BRDA:1068,0,1,-
BRDA:1081,1,0,18
BRDA:1081,1,1,2
BRDA:1083,0,0,2
BRDA:1083,0,1,16
BRDA:1087,0,0,0
BRDA:1087,0,1,16
BRDA:1091,0,0,2
BRDA:1091,0,1,14
BRDA:1095,0,0,2
BRDA:1095,0,1,12
BRDA:1099,0,0,2
BRDA:1099,0,1,10
BRDA:1103,0,0,2
BRDA:1103,0,1,8
BRDA:1107,0,0,2
BRDA:1107,0,1,6
BRDA:1111,0,0,2
BRDA:1111,0,1,4
BRDA:1115,0,0,2
BRDA:1115,0,1,2
BRDA:1119,0,0,2
BRDA:1119,0,1,0
BRDA:1133,0,0,0
BRDA:1133,0,1,2
BRDA:1138,0,0,0
BRDA:1138,0,1,2
BRDA:1143,0,0,0
BRDA:1143,0,1,2
BRDA:1160,9999,0,0
BRDA:1160,9999,1,2
BRDA:1163,0,0,-
BRDA:1163,0,1,-
BRDA:1173,0,0,2
BRDA:1173,0,1,0
BRDA:1176,0,0,0
BRDA:1176,0,1,2
BRDA:1185,0,0,544
BRDA:1185,0,1,2
BRDA:1198,0,0,564
BRDA:1198,0,1,2
BRDA:1215,0,0,-
BRDA:1215,0,1,-
BRDA:1224,0,0,-
BRDA:1224,0,1,-
BRDA:1239,0,0,0
BRDA:1239,0,1,2
BRDA:1243,0,0,0
BRDA:1243,0,1,2
BRDA:1259,9999,0,2
BRDA:1259,9999,1,0
BRF:332
BRH:249
DA:67,22160000
DA:70,22160000
DA:71,0
DA:73,22160000
DA:74,22160000
DA:76,0
DA:77,22160000
DA:80,8622
DA:82,8622
DA:83,103464
DA:84,94842
DA:85,17666
DA:86,8622
DA:88,1108
DA:93,1108
DA:94,11081108
DA:96,11080000
DA:98,1108
DA:99,1108
DA:100,1108
DA:101,1108
DA:102,11081108
DA:104,11080000
DA:105,11080000
DA:107,1108
DA:108,1108
DA:109,11081108
DA:110,11080000
DA:111,1108
DA:112,11081108
DA:113,11080000
DA:114,1108
DA:118,1108
DA:122,9622
DA:129,9622
DA:131,9622
DA:132,96229622
DA:134,96220000
DA:135,96220000
DA:136,96220000
DA:137,96220000
DA:138,96220000
DA:140,9622
DA:141,9622
DA:142,9622
DA:143,9622
DA:144,9622
DA:145,9622
DA:146,9622
DA:148,9622
DA:150,0
DA:151,0
DA:153,9622
DA:155,0
DA:156,0
DA:158,9622
DA:163,9622
DA:166,1108
DA:169,1108
DA:175,1108
DA:179,2216
DA:180,1108
DA:181,11081108
DA:182,11080000
DA:183,11080000
DA:184,11080000
DA:185,6249754
DA:191,11081108
DA:192,11080000
DA:193,11080000
DA:194,11080000
DA:199,150204
DA:206,10929796
DA:213,1108
DA:219,6
DA:221,6
DA:223,2
DA:224,2
DA:225,2
DA:226,2
DA:227,2
DA:228,2
DA:229,2
DA:233,4
DA:234,4
DA:235,4
DA:236,4
DA:237,4
DA:238,4
DA:239,4
DA:241,6
DA:243,2
DA:247,2
DA:248,2
DA:250,0
DA:251,0
DA:253,20002
DA:256,20000
DA:257,20000
DA:259,0
DA:260,0
DA:262,20000
DA:263,20000
DA:264,20000
DA:265,20000
DA:266,20000
DA:267,20000
DA:268,20000
DA:271,2
DA:272,2
DA:274,0
DA:275,0
DA:278,2
DA:280,0
DA:285,0
DA:286,0
DA:287,0
DA:288,0
DA:289,0
DA:293,0
DA:295,0
DA:298,0
DA:299,0
DA:300,0
DA:302,0
DA:305,0
DA:306,0
DA:307,0
DA:308,0
DA:310,0
DA:312,0
DA:314,2108
DA:317,21082108
DA:319,21080000
DA:320,21080000
DA:321,21080000
DA:322,21080000
DA:323,21080000
DA:324,21080000
DA:325,21080000
DA:327,25296
DA:328,23188
DA:329,23188
DA:331,2108
DA:332,2108
DA:333,2108
DA:336,9622
DA:339,96229622
DA:341,96220000
DA:342,96220000
DA:343,96220000
DA:344,96220000
DA:345,96220000
DA:346,96220000
DA:347,96220000
DA:349,115464
DA:350,105842
DA:351,9622
DA:352,9622
DA:353,9622
DA:357,0
DA:361,0
DA:362,0
DA:363,0
DA:364,0
DA:365,0
DA:367,0
DA:369,0
DA:370,0
DA:371,0
DA:372,0
DA:373,0
DA:375,0
DA:376,0
DA:379,81
DA:381,81
DA:382,972
DA:383,891
DA:384,81
DA:386,1108
DA:393,1108
DA:394,1108
DA:395,1108
DA:396,1108
DA:397,2216
DA:399,1108
DA:400,10808
DA:404,9700
DA:405,97009700
DA:407,97000000
DA:408,97000000
DA:410,9700
DA:413,97009700
DA:414,97000000
DA:418,9700
DA:419,97009700
DA:421,97000000
DA:422,53687220
DA:424,43312780
DA:425,97000000
DA:426,58634944
DA:428,38365056
DA:429,97000000
DA:430,97000000
DA:434,9700
DA:435,97009700
DA:436,97000000
DA:441,9700
DA:442,9700
DA:443,9700
DA:444,97009700
DA:446,97000000
DA:447,97000000
DA:449,1114640000
DA:451,1017640000
DA:452,85920000
DA:455,97000000
DA:457,97000000
DA:459,97000000
DA:460,43026980
DA:462,9700
DA:466,9700
DA:467,97009700
DA:468,97000000
DA:471,111464
DA:473,101764
DA:474,101764
DA:475,1017741764
DA:476,1017640000
DA:480,9700
DA:481,111464
DA:483,101764
DA:484,5536
DA:493,1108
DA:497,1108
DA:502,1108
DA:503,1108
DA:506,0
DA:507,0
DA:511,0
DA:512,0
DA:513,0
DA:514,0
DA:515,0
DA:516,0
DA:518,0
DA:521,1108
DA:523,1000
DA:530,1000
DA:532,1000
DA:533,1000
DA:535,1000
DA:536,10622
DA:538,9622
DA:539,9622
DA:540,96220
DA:544,86598
DA:545,866066598
DA:547,865980000
DA:548,865980000
DA:550,86598
DA:553,866066598
DA:554,865980000
DA:558,86598
DA:559,866066598
DA:561,865980000
DA:562,471273831
DA:564,394706169
DA:565,865980000
DA:566,171999081
DA:568,693980919
DA:569,865980000
DA:570,865980000
DA:574,86598
DA:575,866066598
DA:576,865980000
DA:581,86598
DA:582,86598
DA:583,86598
DA:584,866066598
DA:586,865980000
DA:587,865980000
DA:589,10391760000
DA:591,9525780000
DA:592,769760000
DA:595,865980000
DA:597,865980000
DA:599,865980000
DA:600,783989926
DA:602,86598
DA:606,86598
DA:607,866066598
DA:608,865980000
DA:611,1039176
DA:613,952578
DA:614,952578
DA:615,5782538196
DA:616,5781960000
DA:620,86598
DA:621,1039176
DA:623,952578
DA:624,179930
DA:633,9622
DA:634,9622
DA:639,1000
DA:641,81
DA:642,81
DA:643,81
DA:644,81
DA:646,16
DA:647,16
DA:650,1000
DA:653,8622
DA:654,8622
DA:658,8622
DA:659,103464
DA:660,94842
DA:661,53244
DA:662,8622
DA:663,8622
DA:665,0
DA:668,1000
DA:682,2
DA:688,2
DA:690,0
DA:691,0
DA:698,2
DA:700,2
DA:701,10
DA:702,8
DA:703,6
DA:706,2
DA:707,10
DA:708,8
DA:709,6
DA:715,2
DA:716,2
DA:718,0
DA:719,0
DA:721,2
DA:722,2
DA:724,0
DA:725,0
DA:728,962
DA:730,960
DA:731,960
DA:733,0
DA:734,0
DA:738,2
DA:739,962
DA:741,615360
DA:743,614400
DA:758,2
DA:767,0
DA:773,0
DA:775,0
DA:776,0
DA:779,0
DA:780,0
DA:781,0
DA:782,0
DA:784,0
DA:786,0
DA:787,0
DA:788,0
DA:789,0
DA:791,0
DA:796,2
DA:798,2
DA:799,2
DA:800,2
DA:802,0
DA:803,0
DA:805,20002
DA:807,20000
DA:808,20000
DA:810,2
DA:816,6
DA:819,60006
DA:820,500000
DA:821,440000
DA:822,6
DA:826,6
DA:829,60006
DA:830,500000
DA:831,440000
DA:832,6
DA:837,4
DA:846,4
DA:848,2
DA:852,2
DA:855,4
DA:857,0
DA:858,0
DA:864,4
DA:865,4
DA:868,4
DA:870,4
DA:871,20
DA:872,16
DA:873,16
DA:875,4
DA:876,20
DA:877,16
DA:878,16
DA:891,4
DA:893,2
DA:894,2
DA:895,2
DA:896,2
DA:900,2
DA:902,0
DA:903,0
DA:904,0
DA:908,4
DA:909,4
DA:911,0
DA:912,0
DA:915,4
DA:916,40004
DA:918,40000
DA:919,40000
DA:922,4
DA:924,4
DA:934,2
DA:943,2
DA:946,2
DA:947,18
DA:948,160016
DA:949,160000
DA:950,80000
DA:951,80000
DA:953,80000
DA:954,80000
DA:958,18
DA:959,160016
DA:960,160000
DA:961,160000
DA:962,160000
DA:963,160000
DA:975,2
DA:978,20002
DA:980,40000
DA:982,20000
DA:985,2
DA:987,2
DA:993,2
DA:995,0
DA:996,0
DA:998,2
DA:1000,0
DA:1001,0
DA:1010,42
DA:1011,1040
DA:1013,1000
DA:1014,101000
DA:1015,10100000
DA:1016,10000000
DA:1017,1000
DA:1018,1000
DA:1019,1000
DA:1024,81
DA:1026,2
DA:1027,2
DA:1028,2
DA:1030,81
DA:1032,14
DA:1033,14
DA:1034,14
DA:1042,2
DA:1046,2
DA:1055,2
DA:1056,2
DA:1057,2
DA:1058,2
DA:1060,2
DA:1064,2
DA:1066,0
DA:1068,0
DA:1072,2
DA:1073,2
DA:1074,2
DA:1075,2
DA:1076,2
DA:1077,2
DA:1080,2
DA:1081,20
DA:1083,18
DA:1085,2
DA:1087,16
DA:1089,0
DA:1091,16
DA:1093,2
DA:1095,14
DA:1097,2
DA:1099,12
DA:1101,2
DA:1103,10
DA:1105,2
DA:1107,8
DA:1109,2
DA:1111,6
DA:1113,2
DA:1115,4
DA:1117,2
DA:1119,2
DA:1121,2
DA:1125,0
DA:1128,18
DA:1133,2
DA:1135,0
DA:1138,2
DA:1140,0
DA:1143,2
DA:1145,0
DA:1153,2
DA:1160,2
DA:1162,0
DA:1163,0
DA:1165,0
DA:1167,0
DA:1168,0
DA:1169,0
DA:1173,2
DA:1175,2
DA:1176,2
DA:1178,0
DA:1180,2
DA:1181,2
DA:1182,2
DA:1183,2
DA:1184,2
DA:1185,546
DA:1190,544
DA:1191,544
DA:1193,2
DA:1194,2
DA:1195,2
DA:1196,2
DA:1197,2
DA:1198,566
DA:1203,564
DA:1204,564
DA:1206,2
DA:1207,2
DA:1208,2
DA:1209,2
DA:1210,2
DA:1214,0
DA:1215,0
DA:1217,0
DA:1219,0
DA:1220,0
DA:1221,0
DA:1222,0
DA:1223,0
DA:1224,0
DA:1229,0
DA:1230,0
DA:1232,0
DA:1233,0
DA:1234,0
DA:1235,0
DA:1239,2
DA:1241,0
DA:1243,2
DA:1245,0
DA:1247,2
DA:1248,2
DA:1249,2
DA:1250,2
DA:1251,2
DA:1252,2
DA:1253,2
DA:1254,2
DA:1256,2
DA:1258,2
DA:1259,2
DA:1260,2
DA:1262,2
DA:1264,0
DA:1265,0
DA:1267,0
DA:1268,0
LF:584
LH:460
end_of_record
SF:/usr/include/bits/fcntl2.h
BRDA:44,0,0,0
BRDA:44,0,1,2
BRDA:44,1,2,0
BRDA:44,1,3,4
BRDA:47,0,0,2
BRDA:47,0,1,0
BRDA:47,1,2,4
BRDA:47,1,3,0
BRDA:49,0,0,0
BRDA:49,0,1,2
BRDA:49,1,2,-
BRDA:49,1,3,-
BRDA:49,2,4,0
BRDA:49,2,5,4
BRDA:49,3,6,-
BRDA:49,3,7,-
BRDA:57,0,0,-
BRDA:57,0,1,-
BRDA:57,1,2,-
BRDA:57,1,3,-
BRF:20
BRH:6
DA:44,6
DA:45,0
DA:47,6
DA:49,6
DA:51,0
DA:52,0
DA:54,6
DA:57,0
DA:58,0
DA:60,0
LF:10
LH:4
end_of_record
SF:/usr/include/bits/stdio2.h
DA:98,85
DA:105,972
LF:2
LH:2
end_of_record
SF:/usr/include/stdlib.h
DA:286,12
LF:1
LH:1
end_of_record
SF:/usr/include/bits/fcntl2.h
BRDA:44,9999,0,0
BRDA:44,9999,1,100
BRDA:44,9999,2,0
BRDA:44,9999,3,100
BRDA:47,9999,0,100
BRDA:47,9999,1,0
BRDA:47,9999,2,100
BRDA:47,9999,3,0
BRDA:49,9999,0,0
BRDA:49,9999,1,100
BRDA:49,9999,2,-
BRDA:49,9999,3,-
BRDA:49,9999,4,0
BRDA:49,9999,5,100
BRDA:49,9999,6,-
BRDA:49,9999,7,-
BRDA:57,9999,0,-
BRDA:57,9999,1,-
BRDA:57,9999,2,-
BRDA:57,9999,3,-
BRF:20
BRH:6
DA:44,6
DA:45,0
DA:47,6
DA:49,6
DA:51,0
DA:52,0
DA:54,6
DA:57,0
DA:58,0
DA:60,0
LF:10
LH:4
end_of_record
SF:/home/gabriel/Escritorio/SPEC_CPU2000_CD_2/benchspec/CFP2000/179.art/src/scanner.c
FN:67,g
FN:80,find_match
FN:88,simtest
FN:122,simtest2
FN:166,weightadj
FN:219,init_globs
FN:243,init_net
FN:280,analog_conv
FN:295,get_pat
FN:302,show_pat
FN:314,reset_nodes
FN:336,reset_nodes2
FN:357,print_weights
FN:379,print_f12
FN:386,train_match
FN:523,match
FN:682,loadimage
FN:767,load_weights
FN:796,alloc_td_bu
FN:816,init_td
FN:826,init_bu
FN:837,load_train
FN:934,sim_other_objects
FN:975,setup_base_pattern
FN:987,scan_recognize
FN:1046,main
FNDA:22160000,g
FNDA:8622,find_match
FNDA:1108,simtest
FNDA:9622,simtest2
FNDA:1108,weightadj
FNDA:6,init_globs
FNDA:2,init_net
FNDA:0,analog_conv
FNDA:0,get_pat
FNDA:0,show_pat
FNDA:2108,reset_nodes
FNDA:9622,reset_nodes2
FNDA:0,print_weights
FNDA:81,print_f12
FNDA:1108,train_match
FNDA:1000,match
FNDA:2,loadimage
FNDA:0,load_weights
FNDA:2,alloc_td_bu
FNDA:6,init_td
FNDA:6,init_bu
FNDA:4,load_train
FNDA:2,sim_other_objects
FNDA:2,setup_base_pattern
FNDA:2,scan_recognize
FNDA:2,main
FNF:26
FNH:21
BRDA:70,9999,0,0
BRDA:70,9999,1,100
BRDA:73,9999,0,100
BRDA:73,9999,1,0
BRDA:83,9999,0,92
BRDA:83,9999,1,8
BRDA:84,9999,0,19
BRDA:84,9999,1,81
BRDA:94,9999,0,99
BRDA:94,9999,1,1
BRDA:102,9999,0,99
BRDA:102,9999,1,1
BRDA:109,9999,0,99
BRDA:109,9999,1,1
BRDA:112,9999,0,99
BRDA:112,9999,1,1
BRDA:132,9999,0,99
BRDA:132,9999,1,1
BRDA:148,9999,0,100
BRDA:148,9999,1,0
BRDA:148,9999,2,0
BRDA:148,9999,3,100
BRDA:153,9999,0,100
BRDA:153,9999,1,0
BRDA:153,9999,2,0
BRDA:153,9999,3,100
BRDA:179,9999,0,50
BRDA:179,9999,1,50
BRDA:181,9999,0,99
BRDA:181,9999,1,1
BRDA:184,9999,0,56
BRDA:184,9999,1,44
BRDA:191,9999,0,99
BRDA:191,9999,1,1
BRDA:194,9999,0,48
BRDA:194,9999,1,52
BRDA:194,9999,2,3
BRDA:194,9999,3,97
BRDA:221,9999,0,33
BRDA:221,9999,1,67
BRDA:248,9999,0,0
BRDA:248,9999,1,100
BRDA:253,9999,0,99
BRDA:253,9999,1,1
BRDA:257,9999,0,0
BRDA:257,9999,1,100
BRDA:272,9999,0,0
BRDA:272,9999,1,100
BRDA:286,9999,0,-
BRDA:286,9999,1,-
BRDA:288,9999,0,-
BRDA:288,9999,1,-
BRDA:298,9999,0,-
BRDA:298,9999,1,-
BRDA:305,9999,0,-
BRDA:305,9999,1,-
BRDA:306,9999,0,-
BRDA:306,9999,1,-
BRDA:317,9999,0,99
BRDA:317,9999,1,1
BRDA:327,9999,0,92
BRDA:327,9999,1,8
BRDA:339,9999,0,99
BRDA:339,9999,1,1
BRDA:349,9999,0,92
BRDA:349,9999,1,8
BRDA:362,9999,0,-
BRDA:362,9999,1,-
BRDA:363,9999,0,-
BRDA:363,9999,1,-
BRDA:364,9999,0,-
BRDA:364,9999,1,-
BRDA:370,9999,0,-
BRDA:370,9999,1,-
BRDA:371,9999,0,-
BRDA:371,9999,1,-
BRDA:372,9999,0,-
BRDA:372,9999,1,-
BRDA:382,9999,0,92
BRDA:382,9999,1,8
BRDA:397,9999,0,50
BRDA:397,9999,1,50
BRDA:400,9999,0,90
BRDA:400,9999,1,10
BRDA:405,9999,0,99
BRDA:405,9999,1,1
BRDA:413,9999,0,99
BRDA:413,9999,1,1
BRDA:419,9999,0,99
BRDA:419,9999,1,1
BRDA:421,9999,0,55
BRDA:421,9999,1,45
BRDA:425,9999,0,60
BRDA:425,9999,1,40
BRDA:435,9999,0,99
BRDA:435,9999,1,1
BRDA:444,9999,0,99
BRDA:444,9999,1,1
BRDA:449,9999,0,91
BRDA:449,9999,1,9
BRDA:451,9999,0,9
BRDA:451,9999,1,91
BRDA:451,9999,2,94
BRDA:451,9999,3,6
BRDA:459,9999,0,44
BRDA:459,9999,1,56
BRDA:467,9999,0,99
BRDA:467,9999,1,1
BRDA:471,9999,0,91
BRDA:471,9999,1,9
BRDA:474,9999,0,100
BRDA:474,9999,1,0
BRDA:475,9999,0,99
BRDA:475,9999,1,1
BRDA:481,9999,0,91
BRDA:481,9999,1,9
BRDA:483,9999,0,5
BRDA:483,9999,1,95
BRDA:497,9999,0,100
BRDA:497,9999,1,0
BRDA:512,9999,0,-
BRDA:512,9999,1,-
BRDA:513,9999,0,-
BRDA:513,9999,1,-
BRDA:515,9999,0,-
BRDA:515,9999,1,-
BRDA:536,9999,0,91
BRDA:536,9999,1,9
BRDA:540,9999,0,90
BRDA:540,9999,1,10
BRDA:545,9999,0,99
BRDA:545,9999,1,1
BRDA:553,9999,0,99
BRDA:553,9999,1,1
BRDA:559,9999,0,99
BRDA:559,9999,1,1
BRDA:561,9999,0,54
BRDA:561,9999,1,46
BRDA:565,9999,0,20
BRDA:565,9999,1,80
BRDA:575,9999,0,99
BRDA:575,9999,1,1
BRDA:584,9999,0,99
BRDA:584,9999,1,1
BRDA:589,9999,0,92
BRDA:589,9999,1,8
BRDA:591,9999,0,9
BRDA:591,9999,1,91
BRDA:591,9999,2,89
BRDA:591,9999,3,11
BRDA:599,9999,0,91
BRDA:599,9999,1,9
BRDA:607,9999,0,99
BRDA:607,9999,1,1
BRDA:611,9999,0,92
BRDA:611,9999,1,8
BRDA:614,9999,0,61
BRDA:614,9999,1,39
BRDA:615,9999,0,99
BRDA:615,9999,1,1
BRDA:621,9999,0,92
BRDA:621,9999,1,8
BRDA:623,9999,0,19
BRDA:623,9999,1,81
BRDA:634,9999,0,10
BRDA:634,9999,1,90
BRDA:639,9999,0,8
BRDA:639,9999,1,92
BRDA:644,9999,0,20
BRDA:644,9999,1,80
BRDA:659,9999,0,92
BRDA:659,9999,1,8
BRDA:660,9999,0,56
BRDA:660,9999,1,44
BRDA:662,9999,0,100
BRDA:662,9999,1,0
BRDA:688,9999,0,0
BRDA:688,9999,1,100
BRDA:701,9999,0,80
BRDA:701,9999,1,20
BRDA:702,9999,0,75
BRDA:702,9999,1,25
BRDA:707,9999,0,80
BRDA:707,9999,1,20
BRDA:708,9999,0,75
BRDA:708,9999,1,25
BRDA:716,9999,0,0
BRDA:716,9999,1,100
BRDA:722,9999,0,0
BRDA:722,9999,1,100
BRDA:728,9999,0,99
BRDA:728,9999,1,1
BRDA:731,9999,0,0
BRDA:731,9999,1,100
BRDA:739,9999,0,99
BRDA:739,9999,1,1
BRDA:741,9999,0,99
BRDA:741,9999,1,1
BRDA:773,9999,1,-
BRDA:773,9999,2,-
BRDA:787,9999,0,-
BRDA:787,9999,1,-
BRDA:800,9999,0,100
BRDA:800,9999,1,0
BRDA:800,9999,2,0
BRDA:800,9999,3,100
BRDA:805,9999,0,99
BRDA:805,9999,1,1
BRDA:819,9999,0,99
BRDA:819,9999,1,1
BRDA:820,9999,0,88
BRDA:820,9999,1,12
BRDA:829,9999,0,99
BRDA:829,9999,1,1
BRDA:830,9999,0,88
BRDA:830,9999,1,12
BRDA:846,9999,0,50
BRDA:846,9999,1,50
BRDA:855,9999,0,0
BRDA:855,9999,1,100
BRDA:871,9999,0,80
BRDA:871,9999,1,20
BRDA:872,9999,0,100
BRDA:872,9999,1,0
BRDA:876,9999,0,80
BRDA:876,9999,1,20
BRDA:877,9999,0,100
BRDA:877,9999,1,0
BRDA:891,9999,0,50
BRDA:891,9999,1,50
BRDA:900,9999,0,0
BRDA:900,9999,1,100
BRDA:909,9999,0,0
BRDA:909,9999,1,100
BRDA:916,9999,0,99
BRDA:916,9999,1,1
BRDA:943,9999,0,100
BRDA:943,9999,1,0
BRDA:947,9999,0,89
BRDA:947,9999,1,11
BRDA:948,9999,0,99
BRDA:948,9999,1,1
BRDA:949,9999,0,50
BRDA:949,9999,1,50
BRDA:958,9999,0,89
BRDA:958,9999,1,11
BRDA:959,9999,0,99
BRDA:959,9999,1,1
BRDA:978,9999,0,99
BRDA:978,9999,1,1
BRDA:980,9999,0,50
BRDA:980,9999,1,50
BRDA:993,9999,0,100
BRDA:993,9999,1,0
BRDA:993,9999,2,0
BRDA:993,9999,3,100
BRDA:998,9999,0,100
BRDA:998,9999,1,0
BRDA:998,9999,2,0
BRDA:998,9999,3,100
BRDA:1010,9999,0,95
BRDA:1010,9999,1,5
BRDA:1011,9999,0,96
BRDA:1011,9999,1,4
BRDA:1014,9999,0,99
BRDA:1014,9999,1,1
BRDA:1015,9999,0,99
BRDA:1015,9999,1,1
BRDA:1019,9999,0,8
BRDA:1019,9999,1,92
BRDA:1024,9999,0,2
BRDA:1024,9999,1,98
BRDA:1030,9999,0,17
BRDA:1030,9999,1,83
BRDA:1060,9999,0,100
BRDA:1060,9999,1,0
BRDA:1064,9999,0,0
BRDA:1064,9999,1,100
BRDA:1066,9999,0,-
BRDA:1066,9999,1,-
BRDA:1068,9999,0,-
BRDA:1068,9999,1,-
BRDA:1081,9999,0,90
BRDA:1081,9999,1,10
BRDA:1083,9999,0,11
BRDA:1083,9999,1,89
BRDA:1087,9999,0,0
BRDA:1087,9999,1,100
BRDA:1091,9999,0,13
BRDA:1091,9999,1,88
BRDA:1095,9999,0,14
BRDA:1095,9999,1,86
BRDA:1099,9999,0,17
BRDA:1099,9999,1,83
BRDA:1103,9999,0,20
BRDA:1103,9999,1,80
BRDA:1107,9999,0,25
BRDA:1107,9999,1,75
BRDA:1111,9999,0,33
BRDA:1111,9999,1,67
BRDA:1115,9999,0,50
BRDA:1115,9999,1,50
BRDA:1119,9999,0,100
BRDA:1119,9999,1,0
BRDA:1133,9999,0,0
BRDA:1133,9999,1,100
BRDA:1138,9999,0,0
BRDA:1138,9999,1,100
BRDA:1143,9999,0,0
BRDA:1143,9999,1,100
BRDA:1160,9999,0,0
BRDA:1160,9999,1,100
BRDA:1163,9999,0,-
BRDA:1163,9999,1,-
BRDA:1173,9999,0,100
BRDA:1173,9999,1,0
BRDA:1176,9999,0,0
BRDA:1176,9999,1,100
BRDA:1185,9999,0,99
BRDA:1185,9999,1,1
BRDA:1198,9999,0,99
BRDA:1198,9999,1,1
BRDA:1215,9999,0,-
BRDA:1215,9999,1,-
BRDA:1224,9999,0,-
BRDA:1224,9999,1,-
BRDA:1239,9999,0,0
BRDA:1239,9999,1,100
BRDA:1243,9999,0,0
BRDA:1243,9999,1,100
BRDA:1259,9999,0,100
BRDA:1259,9999,1,0
BRF:332
BRH:249
DA:67,22160000
DA:70,22160000
DA:71,0
DA:73,22160000
DA:74,22160000
DA:76,0
DA:77,22160000
DA:80,8622
DA:82,8622
DA:83,103464
DA:84,94842
DA:85,17666
DA:86,8622
DA:88,1108
DA:93,1108
DA:94,11081108
DA:96,11080000
DA:98,1108
DA:99,1108
DA:100,1108
DA:101,1108
DA:102,11081108
DA:104,11080000
DA:105,11080000
DA:107,1108
DA:108,1108
DA:109,11081108
DA:110,11080000
DA:111,1108
DA:112,11081108
DA:113,11080000
DA:114,1108
DA:118,1108
DA:122,9622
DA:129,9622
DA:131,9622
DA:132,96229622
DA:134,96220000
DA:135,96220000
DA:136,96220000
DA:137,96220000
DA:138,96220000
DA:140,9622
DA:141,9622
DA:142,9622
DA:143,9622
DA:144,9622
DA:145,9622
DA:146,9622
DA:148,9622
DA:150,0
DA:151,0
DA:153,9622
DA:155,0
DA:156,0
DA:158,9622
DA:163,9622
DA:166,1108
DA:169,1108
DA:175,1108
DA:179,2216
DA:180,1108
DA:181,11081108
DA:182,11080000
DA:183,11080000
DA:184,11080000
DA:185,6249754
DA:191,11081108
DA:192,11080000
DA:193,11080000
DA:194,11080000
DA:199,150204
DA:206,10929796
DA:213,1108
DA:219,6
DA:221,6
DA:223,2
DA:224,2
DA:225,2
DA:226,2
DA:227,2
DA:228,2
DA:229,2
DA:233,4
DA:234,4
DA:235,4
DA:236,4
DA:237,4
DA:238,4
DA:239,4
DA:241,6
DA:243,2
DA:247,2
DA:248,2
DA:250,0
DA:251,0
DA:253,20002
DA:256,20000
DA:257,20000
DA:259,0
DA:260,0
DA:262,20000
DA:263,20000
DA:264,20000
DA:265,20000
DA:266,20000
DA:267,20000
DA:268,20000
DA:271,2
DA:272,2
DA:274,0
DA:275,0
DA:278,2
DA:280,0
DA:285,0
DA:286,0
DA:287,0
DA:288,0
DA:289,0
DA:293,0
DA:295,0
DA:298,0
DA:299,0
DA:300,0
DA:302,0
DA:305,0
DA:306,0
DA:307,0
DA:308,0
DA:310,0
DA:312,0
DA:314,2108
DA:317,21082108
DA:319,21080000
DA:320,21080000
DA:321,21080000
DA:322,21080000
DA:323,21080000
DA:324,21080000
DA:325,21080000
DA:327,25296
DA:328,23188
DA:329,23188
DA:331,2108
DA:332,2108
DA:333,2108
DA:336,9622
DA:339,96229622
DA:341,96220000
DA:342,96220000
DA:343,96220000
DA:344,96220000
DA:345,96220000
DA:346,96220000
DA:347,96220000
DA:349,115464
DA:350,105842
DA:351,9622
DA:352,9622
DA:353,9622
DA:357,0
DA:361,0
DA:362,0
DA:363,0
DA:364,0
DA:365,0
DA:367,0
DA:369,0
DA:370,0
DA:371,0
DA:372,0
DA:373,0
DA:375,0
DA:376,0
DA:379,81
DA:381,81
DA:382,972
DA:383,891
DA:384,81
DA:386,1108
DA:393,1108
DA:394,1108
DA:395,1108
DA:396,1108
DA:397,3324
DA:399,1108
DA:400,10808
DA:404,9700
DA:405,97009700
DA:407,97000000
DA:408,97000000
DA:410,9700
DA:413,97009700
DA:414,97000000
DA:418,9700
DA:419,97009700
DA:421,97000000
DA:422,53687220
DA:424,43312780
DA:425,97000000
DA:426,58634944
DA:428,38365056
DA:429,97000000
DA:430,97000000
DA:434,9700
DA:435,97009700
DA:436,97000000
DA:441,9700
DA:442,9700
DA:443,9700
DA:444,97009700
DA:446,97000000
DA:447,97000000
DA:449,1114640000
DA:451,1017640000
DA:452,85920000
DA:455,97000000
DA:457,97000000
DA:459,97000000
DA:460,43026980
DA:462,9700
DA:466,9700
DA:467,97009700
DA:468,97000000
DA:471,111464
DA:473,101764
DA:474,101764
DA:475,1017741764
DA:476,1017640000
DA:480,9700
DA:481,111464
DA:483,101764
DA:484,5536
DA:493,1108
DA:497,1108
DA:502,1108
DA:503,1108
DA:506,0
DA:507,0
DA:511,0
DA:512,0
DA:513,0
DA:514,0
DA:515,0
DA:516,0
DA:518,0
DA:521,1108
DA:523,1000
DA:530,1000
DA:532,1000
DA:533,1000
DA:535,1000
DA:536,11622
DA:538,9622
DA:539,9622
DA:540,96220
DA:544,86598
DA:545,866066598
DA:547,865980000
DA:548,865980000
DA:550,86598
DA:553,866066598
DA:554,865980000
DA:558,86598
DA:559,866066598
DA:561,865980000
DA:562,471273831
DA:564,394706169
DA:565,865980000
DA:566,171999081
DA:568,693980919
DA:569,865980000
DA:570,865980000
DA:574,86598
DA:575,866066598
DA:576,865980000
DA:581,86598
DA:582,86598
DA:583,86598
DA:584,866066598
DA:586,865980000
DA:587,865980000
DA:589,10391760000
DA:591,9525780000
DA:592,769760000
DA:595,865980000
DA:597,865980000
DA:599,865980000
DA:600,783989926
DA:602,86598
DA:606,86598
DA:607,866066598
DA:608,865980000
DA:611,1039176
DA:613,952578
DA:614,952578
DA:615,5782538196
DA:616,5781960000
DA:620,86598
DA:621,1039176
DA:623,952578
DA:624,179930
DA:633,9622
DA:634,9622
DA:639,1000
DA:641,81
DA:642,81
DA:643,81
DA:644,81
DA:646,16
DA:647,16
DA:650,1000
DA:653,8622
DA:654,8622
DA:658,8622
DA:659,103464
DA:660,94842
DA:661,53244
DA:662,8622
DA:663,8622
DA:665,0
DA:668,1000
DA:682,2
DA:688,2
DA:690,0
DA:691,0
DA:698,2
DA:700,2
DA:701,10
DA:702,8
DA:703,6
DA:706,2
DA:707,10
DA:708,8
DA:709,6
DA:715,2
DA:716,2
DA:718,0
DA:719,0
DA:721,2
DA:722,2
DA:724,0
DA:725,0
DA:728,962
DA:730,960
DA:731,960
DA:733,0
DA:734,0
DA:738,2
DA:739,962
DA:741,615360
DA:743,614400
DA:758,2
DA:767,0
DA:773,0
DA:775,0
DA:776,0
DA:779,0
DA:780,0
DA:781,0
DA:782,0
DA:784,0
DA:786,0
DA:787,0
DA:788,0
DA:789,0
DA:791,0
DA:796,2
DA:798,2
DA:799,2
DA:800,2
DA:802,0
DA:803,0
DA:805,20002
DA:807,20000
DA:808,20000
DA:810,2
DA:816,6
DA:819,60006
DA:820,500000
DA:821,440000
DA:822,6
DA:826,6
DA:829,60006
DA:830,500000
DA:831,440000
DA:832,6
DA:837,4
DA:846,4
DA:848,2
DA:852,2
DA:855,4
DA:857,0
DA:858,0
DA:864,4
DA:865,4
DA:868,4
DA:870,4
DA:871,20
DA:872,16
DA:873,16
DA:875,4
DA:876,20
DA:877,16
DA:878,16
DA:891,4
DA:893,2
DA:894,2
DA:895,2
DA:896,2
DA:900,2
DA:902,0
DA:903,0
DA:904,0
DA:908,4
DA:909,4
DA:911,0
DA:912,0
DA:915,4
DA:916,40004
DA:918,40000
DA:919,40000
DA:922,4
DA:924,4
DA:934,2
DA:943,2
DA:946,2
DA:947,18
DA:948,160016
DA:949,160000
DA:950,80000
DA:951,80000
DA:953,80000
DA:954,80000
DA:958,18
DA:959,160016
DA:960,160000
DA:961,160000
DA:962,160000
DA:963,160000
DA:975,2
DA:978,20002
DA:980,40000
DA:982,20000
DA:985,2
DA:987,2
DA:993,2
DA:995,0
DA:996,0
DA:998,2
DA:1000,0
DA:1001,0
DA:1010,42
DA:1011,1040
DA:1013,1000
DA:1014,101000
DA:1015,10100000
DA:1016,10000000
DA:1017,1000
DA:1018,1000
DA:1019,1000
DA:1024,81
DA:1026,2
DA:1027,2
DA:1028,2
DA:1030,81
DA:1032,14
DA:1033,14
DA:1034,14
DA:1042,2
DA:1046,2
DA:1055,2
DA:1056,2
DA:1057,2
DA:1058,2
DA:1060,2
DA:1064,2
DA:1066,0
DA:1068,0
DA:1072,2
DA:1073,2
DA:1074,2
DA:1075,2
DA:1076,2
DA:1077,2
DA:1080,2
DA:1081,22
DA:1083,18
DA:1085,2
DA:1087,16
DA:1089,0
DA:1091,16
DA:1093,2
DA:1095,14
DA:1097,2
DA:1099,12
DA:1101,2
DA:1103,10
DA:1105,2
DA:1107,8
DA:1109,2
DA:1111,6
DA:1113,2
DA:1115,4
DA:1117,2
DA:1119,2
DA:1121,2
DA:1125,0
DA:1128,18
DA:1133,2
DA:1135,0
DA:1138,2
DA:1140,0
DA:1143,2
DA:1145,0
DA:1153,2
DA:1160,2
DA:1162,0
DA:1163,0
DA:1165,0
DA:1167,0
DA:1168,0
DA:1169,0
DA:1173,2
DA:1175,2
DA:1176,2
DA:1178,0
DA:1180,2
DA:1181,2
DA:1182,2
DA:1183,2
DA:1184,2
DA:1185,548
DA:1190,544
DA:1191,544
DA:1193,2
DA:1194,2
DA:1195,2
DA:1196,2
DA:1197,2
DA:1198,568
DA:1203,564
DA:1204,564
DA:1206,2
DA:1207,2
DA:1208,2
DA:1209,2
DA:1210,2
DA:1214,0
DA:1215,0
DA:1217,0
DA:1219,0
DA:1220,0
DA:1221,0
DA:1222,0
DA:1223,0
DA:1224,0
DA:1229,0
DA:1230,0
DA:1232,0
DA:1233,0
DA:1234,0
DA:1235,0
DA:1239,2
DA:1241,0
DA:1243,2
DA:1245,0
DA:1247,2
DA:1248,2
DA:1249,2
DA:1250,2
DA:1251,2
DA:1252,2
DA:1253,2
DA:1254,2
DA:1256,2
DA:1258,2
DA:1259,2
DA:1260,2
DA:1262,2
DA:1264,0
DA:1265,0
DA:1267,0
DA:1268,0
LF:584
LH:460
end_of_record
SF:/usr/include/bits/stdio2.h
DA:98,85
DA:105,972
LF:2
LH:2
end_of_record
SF:/usr/include/stdlib.h
DA:286,12
LF:1
LH:1
end_of_record
