TN:
SF:/home/gabriel/Escritorio/SPEC_CPU2000_CD_2/benchspec/CFP2000/179.art/src/parallel_loop_in_batches.h
FN:28,_ZN21_parallel_loop_threadC2Ev
FN:46,_ZN24parallel_loop_in_batchesD2Ev
FNDA:31,_ZN21_parallel_loop_threadC2Ev
FNDA:2,_ZN24parallel_loop_in_batchesD2Ev
FNDA:2,_ZN24parallel_loop_in_batches35_cancel_loop_threads_and_reset_logsESt6vectorIiSaIiEE
FNDA:2,_ZN24parallel_loop_in_batchesC2Ev
FNDA:33,_ZN24parallel_loop_in_batches6commitEv
FNDA:29,_ZN24parallel_loop_in_batches6appendEPFPvS0_ES0_
FNDA:2,_ZN24parallel_loop_in_batches3runESt6vectorIPFPvS1_ESaIS3_EES0_IS1_SaIS1_EE
FNDA:2,_ZN24parallel_loop_in_batches11get_resultsEv
FNF:8
FNH:8
BRDA:91,0,1,0
BRDA:91,0,2,2
BRDA:93,2,0,-
BRDA:93,2,1,-
BRDA:95,0,0,-
BRDA:95,0,1,-
BRDA:95,1,2,-
BRDA:95,1,3,-
BRDA:95,4,4,-
BRDA:95,4,5,-
BRDA:109,9999,0,0
BRDA:109,9999,1,2
BRDA:113,0,1,0
BRDA:113,0,2,2
BRDA:118,0,0,0
BRDA:118,0,1,2
BRDA:123,0,0,-
BRDA:123,0,1,-
BRDA:131,0,0,-
BRDA:131,0,1,-
BRDA:132,0,0,-
BRDA:132,0,1,-
BRDA:134,9999,0,-
BRDA:134,9999,1,-
BRDA:146,0,0,0
BRDA:146,0,1,2
BRDA:157,0,0,0
BRDA:157,0,1,2
BRDA:213,9999,0,31
BRDA:213,9999,1,2
BRDA:215,9999,0,31
BRDA:215,9999,1,0
BRDA:243,9999,0,0
BRDA:243,9999,1,29
BRDA:273,9999,0,2
BRDA:273,9999,1,0
BRDA:289,9999,1,2
BRDA:289,9999,2,0
BRDA:291,1,0,2
BRDA:291,1,1,2
BRDA:294,2,0,2
BRDA:294,2,1,2
BRDA:298,9999,0,2
BRDA:298,9999,1,0
BRDA:304,9999,0,0
BRDA:304,9999,1,2
BRDA:305,1,0,-
BRDA:305,1,1,-
BRDA:308,2,0,-
BRDA:308,2,1,-
BRDA:309,0,0,-
BRDA:309,0,1,-
BRDA:311,0,0,-
BRDA:311,0,1,-
BRDA:335,0,0,0
BRDA:335,0,1,2
BRDA:337,0,0,2
BRDA:337,0,1,0
BRDA:339,9999,0,2
BRDA:339,9999,1,0
BRDA:343,0,0,-
BRDA:343,0,1,-
BRDA:355,1,0,31
BRDA:355,1,1,2
BRDA:362,9999,0,31
BRDA:362,9999,1,31
BRF:66
BRH:25
DA:28,31
DA:29,31
DA:30,31
DA:31,31
DA:46,2
DA:86,2
DA:89,2
DA:91,2
DA:93,0
DA:95,0
DA:96,0
DA:97,0
DA:103,2
DA:107,2
DA:109,2
DA:111,0
DA:113,2
DA:114,0
DA:118,2
DA:123,0
DA:124,0
DA:126,0
DA:128,0
DA:131,0
DA:132,0
DA:134,0
DA:135,0
DA:140,0
DA:142,0
DA:146,2
DA:148,0
DA:150,2
DA:157,2
DA:159,0
DA:160,0
DA:188,2
DA:195,4
DA:197,2
DA:198,2
DA:199,2
DA:200,2
DA:201,2
DA:202,2
DA:203,2
DA:211,33
DA:212,33
DA:213,33
DA:214,62
DA:215,31
DA:216,31
DA:220,2
DA:222,33
DA:231,29
DA:233,29
DA:234,29
DA:238,58
DA:240,29
DA:241,58
DA:242,29
DA:243,29
DA:244,0
DA:245,0
DA:247,87
DA:248,29
DA:266,2
DA:268,2
DA:270,2
DA:272,2
DA:273,2
DA:276,2
DA:278,2
DA:279,2
DA:280,2
DA:283,2
DA:284,2
DA:289,2
DA:291,4
DA:292,2
DA:294,4
DA:296,2
DA:298,2
DA:299,6
DA:302,2
DA:304,2
DA:305,0
DA:306,0
DA:308,0
DA:309,0
DA:311,0
DA:313,0
DA:315,0
DA:316,0
DA:317,0
DA:318,0
DA:321,2
DA:322,2
DA:331,2
DA:332,2
DA:333,2
DA:335,2
DA:336,2
DA:337,2
DA:338,2
DA:339,2
DA:340,2
DA:343,0
DA:344,0
DA:345,0
DA:348,2
DA:353,2
DA:355,33
DA:357,62
DA:359,31
DA:360,31
DA:362,62
DA:364,62
DA:368,31
DA:371,2
DA:372,2
DA:373,2
DA:374,2
LF:121
LH:87
end_of_record
SF:/home/gabriel/Escritorio/SPEC_CPU2000_CD_2/benchspec/CFP2000/179.art/src/scanner_opt_backup_withcanappend.c
FN:50,_GLOBAL__I_cimage
FN:80,_Z1gi
FN:92,_Z10find_matchi
FN:100,_Z7simtestv
FN:135,_Z8simtest2i
FN:180,_Z9weightadjv
FN:233,_Z10init_globsi
FN:257,_Z8init_netv
FN:300,_Z11reset_nodesi
FN:323,_Z12reset_nodes2i
FN:343,_Z9print_f12i
FN:349,_Z11train_matchi
FN:484,_Z5matchi
FN:645,_Z9loadimagePc
FN:730,_Z12load_weightsPc
FN:759,_Z11alloc_td_buv
FN:779,_Z7init_tdi
FN:789,_Z7init_bui
FN:800,_Z10load_trainPcii
FN:897,_Z17sim_other_objectsiii
FN:938,_Z18setup_base_patterni
FN:950,_Z21f_scan_recognize_loopPv
FN:1118,main
FNDA:22160000,_Z1gi
FNDA:6641,_Z10find_matchi
FNDA:1108,_Z7simtestv
FNDA:7416,_Z8simtest2i
FNDA:1108,_Z9weightadjv
FNDA:6,_Z10init_globsi
FNDA:2,_Z8init_netv
FNDA:1883,_Z11reset_nodesi
FNDA:7416,_Z12reset_nodes2i
FNDA:81,_Z9print_f12i
FNDA:1108,_Z11train_matchi
FNDA:775,_Z5matchi
FNDA:2,_Z9loadimagePc
FNDA:0,_Z12load_weightsPc
FNDA:2,_Z11alloc_td_buv
FNDA:6,_Z7init_tdi
FNDA:6,_Z7init_bui
FNDA:4,_Z10load_trainPcii
FNDA:2,_Z17sim_other_objectsiii
FNDA:2,_Z18setup_base_patterni
FNDA:31,_Z21f_scan_recognize_loopPv
FNDA:2,_Z14scan_recognizeiiiii
FNDA:2,main
FNDA:2,_GLOBAL__I_cimage
FNF:24
FNH:23
BRDA:82,0,0,0
BRDA:82,0,1,22160000
BRDA:85,0,0,22160000
BRDA:85,0,1,0
BRDA:95,2,0,73051
BRDA:95,2,1,6641
BRDA:96,0,0,13874
BRDA:96,0,1,59177
BRDA:106,2,0,11080000
BRDA:106,2,1,1108
BRDA:114,2,0,11080000
BRDA:114,2,1,1108
BRDA:121,2,0,11080000
BRDA:121,2,1,1108
BRDA:125,2,0,11080000
BRDA:125,2,1,1108
BRDA:145,2,0,73030000
BRDA:145,2,1,7416
BRDA:161,0,0,7416
BRDA:161,0,1,0
BRDA:161,1,2,1
BRDA:161,1,3,7415
BRDA:166,0,0,7415
BRDA:166,0,1,0
BRDA:166,1,2,0
BRDA:166,1,3,7415
BRDA:193,2,0,1108
BRDA:193,2,1,1108
BRDA:195,2,0,11080000
BRDA:195,2,1,1108
BRDA:198,9999,0,6249754
BRDA:198,9999,1,4830246
BRDA:205,2,0,11080000
BRDA:205,2,1,1108
BRDA:208,9999,0,5316424
BRDA:208,9999,1,5763576
BRDA:208,0,2,150204
BRDA:208,0,3,5166220
BRDA:235,0,0,2
BRDA:235,0,1,4
BRDA:261,2,0,40
BRDA:261,2,1,2
BRDA:263,0,0,0
BRDA:263,0,1,40
BRDA:269,2,0,20000
BRDA:269,2,1,2
BRDA:271,2,0,400000
BRDA:271,2,1,20000
BRDA:274,0,0,0
BRDA:274,0,1,400000
BRDA:290,2,0,40
BRDA:290,2,1,2
BRDA:292,0,0,0
BRDA:292,0,1,40
BRDA:303,2,0,18770000
BRDA:303,2,1,1883
BRDA:313,2,0,20713
BRDA:313,2,1,1883
BRDA:326,2,0,72670000
BRDA:326,2,1,7416
BRDA:336,2,0,81576
BRDA:336,2,1,7416
BRDA:346,0,0,891
BRDA:346,0,1,81
BRDA:360,0,0,1108
BRDA:360,0,1,1108
BRDA:363,2,0,9700
BRDA:363,2,1,1108
BRDA:368,2,0,97000000
BRDA:368,2,1,9700
BRDA:376,2,0,97000000
BRDA:376,2,1,9700
BRDA:382,2,0,97000000
BRDA:382,2,1,9700
BRDA:384,0,0,53687220
BRDA:384,0,1,43312780
BRDA:388,0,0,58634944
BRDA:388,0,1,38365056
BRDA:398,2,0,97000000
BRDA:398,2,1,9700
BRDA:407,2,0,97000000
BRDA:407,2,1,9700
BRDA:412,2,0,1017640000
BRDA:412,2,1,97000000
BRDA:414,0,0,91360000
BRDA:414,0,1,926280000
BRDA:414,1,2,85920000
BRDA:414,1,3,5440000
BRDA:422,0,0,43026980
BRDA:422,0,1,53973020
BRDA:430,2,0,97000000
BRDA:430,2,1,9700
BRDA:434,2,0,101764
BRDA:434,2,1,9700
BRDA:437,0,0,101764
BRDA:437,0,1,0
BRDA:438,2,0,1017640000
BRDA:438,2,1,101764
BRDA:444,2,0,101764
BRDA:444,2,1,9700
BRDA:446,0,0,5536
BRDA:446,0,1,96228
BRDA:458,9999,0,1108
BRDA:458,9999,1,0
BRDA:473,2,0,-
BRDA:473,2,1,-
BRDA:474,0,0,-
BRDA:474,0,1,-
BRDA:476,0,0,-
BRDA:476,0,1,-
BRDA:497,0,0,7416
BRDA:497,0,1,775
BRDA:501,1,0,66683
BRDA:501,1,1,7415
BRDA:506,2,0,550920000
BRDA:506,2,1,66683
BRDA:514,2,0,587310000
BRDA:514,2,1,66683
BRDA:520,2,0,564350000
BRDA:520,2,1,66683
BRDA:522,0,0,302170061
BRDA:522,0,1,262179939
BRDA:526,0,0,111623693
BRDA:526,0,1,452726307
BRDA:536,2,0,582500000
BRDA:536,2,1,66683
BRDA:545,2,0,474280000
BRDA:545,2,1,66683
BRDA:550,2,0,4294967294
BRDA:550,2,1,474280000
BRDA:552,0,0,474280000
BRDA:552,0,1,4294967294
BRDA:552,1,2,422260000
BRDA:552,1,3,52020000
BRDA:560,0,0,430195182
BRDA:560,0,1,44084818
BRDA:568,2,0,583150000
BRDA:568,2,1,66683
BRDA:572,2,0,389697
BRDA:572,2,1,66683
BRDA:575,0,0,238566
BRDA:575,0,1,151131
BRDA:576,2,0,2385720000
BRDA:576,2,1,238566
BRDA:582,2,0,727254
BRDA:582,2,1,66683
BRDA:584,0,0,137972
BRDA:584,0,1,589282
BRDA:595,9999,0,775
BRDA:595,9999,1,6641
BRDA:600,0,0,81
BRDA:600,0,1,694
BRDA:605,9999,0,41
BRDA:605,9999,1,40
BRDA:620,2,0,73040
BRDA:620,2,1,6641
BRDA:621,0,0,41178
BRDA:621,0,1,31862
BRDA:623,0,0,6641
BRDA:623,0,1,0
BRDA:651,0,0,0
BRDA:651,0,1,2
BRDA:664,2,0,8
BRDA:664,2,1,2
BRDA:665,0,0,6
BRDA:665,0,1,2
BRDA:670,2,0,8
BRDA:670,2,1,2
BRDA:671,0,0,6
BRDA:671,0,1,2
BRDA:679,0,0,0
BRDA:679,0,1,2
BRDA:685,0,0,0
BRDA:685,0,1,2
BRDA:691,2,0,960
BRDA:691,2,1,2
BRDA:694,0,0,0
BRDA:694,0,1,960
BRDA:702,2,0,960
BRDA:702,2,1,2
BRDA:704,2,0,614400
BRDA:704,2,1,960
BRDA:736,0,1,-
BRDA:736,0,2,-
BRDA:750,0,0,-
BRDA:750,0,1,-
BRDA:763,0,0,2
BRDA:763,0,1,0
BRDA:763,1,2,0
BRDA:763,1,3,2
BRDA:768,2,0,20000
BRDA:768,2,1,2
BRDA:782,2,0,60000
BRDA:782,2,1,6
BRDA:783,2,0,440000
BRDA:783,2,1,60000
BRDA:792,2,0,60000
BRDA:792,2,1,6
BRDA:793,2,0,440000
BRDA:793,2,1,60000
BRDA:809,0,0,2
BRDA:809,0,1,2
BRDA:818,0,0,0
BRDA:818,0,1,4
BRDA:834,2,0,16
BRDA:834,2,1,4
BRDA:835,0,0,16
BRDA:835,0,1,0
BRDA:839,2,0,16
BRDA:839,2,1,4
BRDA:840,0,0,16
BRDA:840,0,1,0
BRDA:854,0,0,2
BRDA:854,0,1,2
BRDA:863,0,0,0
BRDA:863,0,1,2
BRDA:872,0,0,0
BRDA:872,0,1,4
BRDA:879,2,0,40000
BRDA:879,2,1,4
BRDA:906,0,0,2
BRDA:906,0,1,0
BRDA:910,1,0,16
BRDA:910,1,1,2
BRDA:911,2,0,160000
BRDA:911,2,1,16
BRDA:912,0,0,80000
BRDA:912,0,1,80000
BRDA:921,2,0,16
BRDA:921,2,1,2
BRDA:922,1,0,160000
BRDA:922,1,1,16
BRDA:941,2,0,20000
BRDA:941,2,1,2
BRDA:943,2,0,20000
BRDA:943,2,1,20000
BRDA:957,2,0,775
BRDA:957,2,1,31
BRDA:960,2,0,77000
BRDA:960,2,1,775
BRDA:961,2,0,7700000
BRDA:961,2,1,77000
BRDA:966,9999,0,81
BRDA:966,9999,1,694
BRDA:972,0,0,2
BRDA:972,0,1,79
BRDA:978,0,0,39
BRDA:978,0,1,42
BRDA:1000,0,0,2
BRDA:1000,0,1,0
BRDA:1000,1,2,0
BRDA:1000,1,3,2
BRDA:1005,0,0,2
BRDA:1005,0,1,0
BRDA:1005,1,2,0
BRDA:1005,1,3,2
BRDA:1021,0,0,2
BRDA:1021,0,1,0
BRDA:1023,0,0,2
BRDA:1023,0,1,0
BRDA:1026,2,0,40
BRDA:1026,2,1,2
BRDA:1032,0,0,2
BRDA:1032,0,1,0
BRDA:1032,1,3,2
BRDA:1032,1,4,0
BRDA:1032,2,6,2
BRDA:1032,2,7,0
BRDA:1033,1,0,4294967294
BRDA:1033,1,1,2
BRDA:1034,0,0,31331995
BRDA:1034,0,1,4294967294
BRDA:1038,0,0,3822830672
BRDA:1038,0,1,4294967294
BRDA:1039,0,0,6
BRDA:1039,0,1,3822830666
BRDA:1040,0,0,4
BRDA:1040,0,1,2
BRDA:1042,0,0,3
BRDA:1042,0,1,1
BRDA:1044,0,0,3
BRDA:1044,0,1,0
BRDA:1059,0,0,4294967294
BRDA:1059,0,1,6
BRDA:1061,0,0,5
BRDA:1061,0,1,4294967294
BRDA:1062,0,0,0
BRDA:1062,0,1,5
BRDA:1062,1,2,-
BRDA:1062,1,3,-
BRDA:1069,0,0,16
BRDA:1069,0,1,4294967294
BRDA:1070,0,0,2
BRDA:1070,0,1,14
BRDA:1070,1,2,2
BRDA:1070,1,3,0
BRDA:1077,0,0,1
BRDA:1077,0,1,4294967294
BRDA:1078,0,0,0
BRDA:1078,0,1,1
BRDA:1078,1,2,-
BRDA:1078,1,3,-
BRDA:1085,0,0,0
BRDA:1085,0,1,4294967294
BRDA:1086,0,0,-
BRDA:1086,0,1,-
BRDA:1086,1,2,-
BRDA:1086,1,3,-
BRDA:1090,0,0,-
BRDA:1090,0,1,-
BRDA:1099,0,0,20
BRDA:1099,0,1,4294967294
BRDA:1101,0,0,20
BRDA:1101,0,1,0
BRDA:1107,0,0,6
BRDA:1107,0,1,0
BRDA:1113,9999,0,2
BRDA:1113,9999,1,0
BRDA:1130,0,0,2
BRDA:1130,0,1,0
BRDA:1134,0,0,0
BRDA:1134,0,1,2
BRDA:1136,0,0,-
BRDA:1136,0,1,-
BRDA:1138,0,0,-
BRDA:1138,0,1,-
BRDA:1151,1,0,18
BRDA:1151,1,1,2
BRDA:1153,0,0,2
BRDA:1153,0,1,16
BRDA:1157,0,0,0
BRDA:1157,0,1,16
BRDA:1161,0,0,2
BRDA:1161,0,1,14
BRDA:1165,0,0,2
BRDA:1165,0,1,12
BRDA:1169,0,0,2
BRDA:1169,0,1,10
BRDA:1173,0,0,2
BRDA:1173,0,1,8
BRDA:1177,0,0,2
BRDA:1177,0,1,6
BRDA:1181,0,0,2
BRDA:1181,0,1,4
BRDA:1185,0,0,2
BRDA:1185,0,1,2
BRDA:1189,0,0,2
BRDA:1189,0,1,0
BRDA:1203,0,0,0
BRDA:1203,0,1,2
BRDA:1208,0,0,0
BRDA:1208,0,1,2
BRDA:1213,0,0,0
BRDA:1213,0,1,2
BRDA:1230,9999,0,0
BRDA:1230,9999,1,2
BRDA:1233,0,0,-
BRDA:1233,0,1,-
BRDA:1243,0,0,2
BRDA:1243,0,1,0
BRDA:1246,0,0,0
BRDA:1246,0,1,2
BRDA:1255,0,0,544
BRDA:1255,0,1,2
BRDA:1269,0,0,564
BRDA:1269,0,1,2
BRDA:1286,0,0,-
BRDA:1286,0,1,-
BRDA:1297,0,0,-
BRDA:1297,0,1,-
BRDA:1313,0,0,0
BRDA:1313,0,1,2
BRDA:1317,0,0,0
BRDA:1317,0,1,2
BRDA:1321,2,0,40
BRDA:1321,2,1,2
BRDA:1343,1,0,38
BRDA:1343,1,1,2
BRDA:1344,0,0,1
BRDA:1344,0,1,37
BRDA:1349,0,0,3
BRDA:1349,0,1,35
BRDA:1356,9999,0,2
BRDA:1356,9999,1,0
BRDA:1366,0,0,2
BRDA:1366,0,1,0
BRDA:1366,1,2,2
BRDA:1366,1,3,0
BRF:388
BRH:303
DA:50,2
DA:80,22160000
DA:82,22160000
DA:83,0
DA:85,22160000
DA:86,22160000
DA:88,0
DA:89,22160000
DA:92,6641
DA:94,6641
DA:95,79692
DA:96,73051
DA:97,13874
DA:98,6641
DA:100,1108
DA:105,1108
DA:106,11081108
DA:108,11080000
DA:110,1108
DA:111,1108
DA:112,1108
DA:113,1108
DA:114,11081108
DA:116,11080000
DA:117,11080000
DA:119,1108
DA:120,1108
DA:121,11081108
DA:122,11080000
DA:124,1108
DA:125,11081108
DA:126,11080000
DA:127,1108
DA:131,1108
DA:135,7416
DA:142,7416
DA:144,7416
DA:145,73037416
DA:147,73030000
DA:148,73030000
DA:149,73030000
DA:150,73030000
DA:151,73030000
DA:153,7416
DA:154,7416
DA:155,7416
DA:156,7416
DA:157,7416
DA:158,7416
DA:159,7416
DA:161,7416
DA:163,1
DA:164,0
DA:166,7415
DA:168,0
DA:169,0
DA:171,7415
DA:177,7415
DA:180,1108
DA:183,1108
DA:189,1108
DA:193,2216
DA:194,1108
DA:195,11081108
DA:196,11080000
DA:197,11080000
DA:198,11080000
DA:199,6249754
DA:205,11081108
DA:206,11080000
DA:207,11080000
DA:208,11080000
DA:213,150204
DA:220,10929796
DA:227,1108
DA:233,6
DA:235,6
DA:237,2
DA:238,2
DA:239,2
DA:240,2
DA:241,2
DA:242,2
DA:243,2
DA:247,4
DA:248,4
DA:249,4
DA:250,4
DA:251,4
DA:252,4
DA:253,4
DA:255,6
DA:257,2
DA:261,42
DA:262,40
DA:263,40
DA:265,0
DA:266,0
DA:269,20002
DA:271,420000
DA:273,400000
DA:274,400000
DA:276,0
DA:277,0
DA:280,20000
DA:281,20000
DA:282,20000
DA:283,20000
DA:284,20000
DA:285,20000
DA:286,20000
DA:290,42
DA:291,40
DA:292,40
DA:294,0
DA:295,0
DA:298,2
DA:300,1883
DA:303,18771883
DA:305,18770000
DA:306,18770000
DA:307,18770000
DA:308,18770000
DA:309,18770000
DA:310,18770000
DA:311,18770000
DA:313,22596
DA:315,20713
DA:316,20713
DA:318,1883
DA:319,1883
DA:320,1883
DA:323,7416
DA:326,72677416
DA:328,72670000
DA:329,72670000
DA:330,72670000
DA:331,72670000
DA:332,72670000
DA:333,72670000
DA:334,72670000
DA:336,88992
DA:337,81576
DA:338,7416
DA:339,7416
DA:340,7416
DA:343,81
DA:346,972
DA:347,891
DA:348,81
DA:349,1108
DA:356,1108
DA:357,1108
DA:358,1108
DA:359,1108
DA:360,2216
DA:362,1108
DA:363,10808
DA:367,9700
DA:368,97009700
DA:370,97000000
DA:371,97000000
DA:373,9700
DA:376,97009700
DA:377,97000000
DA:381,9700
DA:382,97009700
DA:384,97000000
DA:385,53687220
DA:387,43312780
DA:388,97000000
DA:389,58634944
DA:391,38365056
DA:392,97000000
DA:393,97000000
DA:397,9700
DA:398,97009700
DA:399,97000000
DA:404,9700
DA:405,9700
DA:406,9700
DA:407,97009700
DA:409,97000000
DA:410,97000000
DA:412,1114640000
DA:414,1017640000
DA:415,85920000
DA:418,97000000
DA:420,97000000
DA:422,97000000
DA:423,43026980
DA:425,9700
DA:429,9700
DA:430,97009700
DA:431,97000000
DA:434,111464
DA:436,101764
DA:437,101764
DA:438,1017741764
DA:439,1017640000
DA:443,9700
DA:444,111464
DA:446,101764
DA:447,5536
DA:454,1108
DA:458,1108
DA:463,1108
DA:464,1108
DA:467,0
DA:468,0
DA:472,0
DA:473,0
DA:474,0
DA:475,0
DA:476,0
DA:477,0
DA:479,0
DA:482,1108
DA:484,775
DA:491,775
DA:492,775
DA:494,775
DA:496,775
DA:497,8191
DA:499,7416
DA:500,7415
DA:501,74098
DA:505,66683
DA:506,550986683
DA:508,550920000
DA:509,550920000
DA:511,66683
DA:514,587376683
DA:515,587310000
DA:519,66683
DA:520,564416683
DA:522,564350000
DA:523,302170061
DA:525,262179939
DA:526,564350000
DA:527,111623693
DA:529,452726307
DA:530,564350000
DA:531,564350000
DA:535,66683
DA:536,582566683
DA:537,582500000
DA:542,66683
DA:543,66683
DA:544,66683
DA:545,474346683
DA:547,474280000
DA:548,474280000
DA:550,5691140000
DA:552,5216860000
DA:553,422260000
DA:556,474280000
DA:558,474280000
DA:560,474280000
DA:561,430195182
DA:563,66683
DA:567,66683
DA:568,583216683
DA:569,583150000
DA:572,456380
DA:574,389697
DA:575,389697
DA:576,2385958566
DA:577,2385720000
DA:581,66683
DA:582,793937
DA:584,727254
DA:585,137972
DA:593,7415
DA:595,7416
DA:600,775
DA:602,81
DA:603,81
DA:604,81
DA:605,81
DA:607,41
DA:608,41
DA:611,775
DA:614,6641
DA:615,6641
DA:619,6641
DA:620,79681
DA:621,73040
DA:622,41178
DA:623,6641
DA:624,6641
DA:626,0
DA:630,775
DA:645,2
DA:651,2
DA:653,0
DA:654,0
DA:664,10
DA:665,8
DA:666,6
DA:670,10
DA:671,8
DA:672,6
DA:678,2
DA:679,2
DA:681,0
DA:682,0
DA:684,2
DA:685,2
DA:687,0
DA:688,0
DA:691,962
DA:693,960
DA:694,960
DA:696,0
DA:697,0
DA:701,2
DA:702,962
DA:704,615360
DA:706,614400
DA:721,2
DA:730,0
DA:736,0
DA:738,0
DA:739,0
DA:743,0
DA:744,0
DA:745,0
DA:747,0
DA:749,0
DA:750,0
DA:751,0
DA:752,0
DA:754,0
DA:759,2
DA:761,2
DA:762,2
DA:763,2
DA:765,0
DA:766,0
DA:768,20002
DA:770,20000
DA:771,20000
DA:773,2
DA:779,6
DA:782,60006
DA:783,500000
DA:784,440000
DA:785,6
DA:789,6
DA:792,60006
DA:793,500000
DA:794,440000
DA:795,6
DA:800,4
DA:809,4
DA:811,2
DA:815,2
DA:818,4
DA:820,0
DA:821,0
DA:827,4
DA:828,4
DA:834,20
DA:835,16
DA:836,16
DA:839,20
DA:840,16
DA:841,16
DA:854,4
DA:856,2
DA:857,2
DA:858,2
DA:859,2
DA:863,2
DA:865,0
DA:866,0
DA:867,0
DA:871,4
DA:872,4
DA:874,0
DA:875,0
DA:878,4
DA:879,40004
DA:881,40000
DA:882,40000
DA:885,4
DA:887,4
DA:897,2
DA:906,2
DA:909,2
DA:910,18
DA:911,160016
DA:912,160000
DA:913,80000
DA:914,80000
DA:916,80000
DA:917,80000
DA:921,18
DA:922,160016
DA:923,160000
DA:924,160000
DA:925,160000
DA:926,160000
DA:938,2
DA:941,20002
DA:943,40000
DA:945,20000
DA:948,2
DA:950,31
DA:951,31
DA:952,31
DA:956,31
DA:957,806
DA:959,775
DA:960,77775
DA:961,7777000
DA:962,7700000
DA:965,775
DA:966,775
DA:971,81
DA:972,81
DA:974,2
DA:975,2
DA:976,2
DA:978,81
DA:980,39
DA:981,39
DA:982,39
DA:990,31
DA:991,31
DA:992,31
DA:994,2
DA:1000,2
DA:1002,0
DA:1003,0
DA:1005,2
DA:1007,0
DA:1008,0
DA:1017,2
DA:1018,2
DA:1019,2
DA:1020,2
DA:1021,2
DA:1022,2
DA:1023,2
DA:1024,2
DA:1026,42
DA:1027,40
DA:1028,40
DA:1029,40
DA:1031,2
DA:1032,2
DA:1033,15250761536
DA:1034,15250761534
DA:1035,31331995
DA:1038,15219429539
DA:1039,3822830672
DA:1040,6
DA:1041,4
DA:1042,4
DA:1043,3
DA:1044,3
DA:1048,1
DA:1052,2
DA:1056,3822830666
DA:1059,11396598867
DA:1060,11396598861
DA:1061,11396598861
DA:1062,5
DA:1063,0
DA:1064,0
DA:1065,0
DA:1067,5
DA:1069,11396598856
DA:1070,16
DA:1071,2
DA:1072,2
DA:1073,2
DA:1075,16
DA:1077,11396598840
DA:1078,1
DA:1079,0
DA:1080,0
DA:1081,0
DA:1083,1
DA:1085,11396598839
DA:1086,0
DA:1087,0
DA:1089,0
DA:1090,0
DA:1091,0
DA:1092,0
DA:1096,11396598839
DA:1097,11396598839
DA:1099,11396598861
DA:1100,20
DA:1101,20
DA:1106,6
DA:1107,6
DA:1112,2
DA:1113,2
DA:1114,2
DA:1118,2
DA:1125,2
DA:1126,2
DA:1127,2
DA:1128,2
DA:1130,2
DA:1134,2
DA:1136,0
DA:1138,0
DA:1142,2
DA:1143,2
DA:1144,2
DA:1145,2
DA:1146,2
DA:1147,2
DA:1150,2
DA:1151,20
DA:1153,18
DA:1155,2
DA:1157,16
DA:1159,0
DA:1161,16
DA:1163,2
DA:1165,14
DA:1167,2
DA:1169,12
DA:1171,2
DA:1173,10
DA:1175,2
DA:1177,8
DA:1179,2
DA:1181,6
DA:1183,2
DA:1185,4
DA:1187,2
DA:1189,2
DA:1191,2
DA:1195,0
DA:1198,18
DA:1203,2
DA:1205,0
DA:1208,2
DA:1210,0
DA:1213,2
DA:1215,0
DA:1223,2
DA:1230,2
DA:1232,0
DA:1233,0
DA:1235,0
DA:1237,0
DA:1238,0
DA:1239,0
DA:1243,2
DA:1245,2
DA:1246,2
DA:1248,0
DA:1250,2
DA:1251,2
DA:1252,2
DA:1253,2
DA:1254,2
DA:1255,546
DA:1260,544
DA:1262,544
DA:1264,2
DA:1265,2
DA:1266,2
DA:1267,2
DA:1268,2
DA:1269,566
DA:1274,564
DA:1275,564
DA:1277,2
DA:1278,2
DA:1279,2
DA:1280,2
DA:1281,2
DA:1285,0
DA:1286,0
DA:1288,0
DA:1290,0
DA:1291,0
DA:1292,0
DA:1293,0
DA:1295,0
DA:1297,0
DA:1302,0
DA:1304,0
DA:1306,0
DA:1307,0
DA:1308,0
DA:1309,0
DA:1313,2
DA:1315,0
DA:1317,2
DA:1319,0
DA:1321,42
DA:1322,40
DA:1323,40
DA:1324,40
DA:1325,40
DA:1326,40
DA:1327,40
DA:1328,40
DA:1329,40
DA:1332,2
DA:1336,2
DA:1338,2
DA:1339,2
DA:1340,2
DA:1341,2
DA:1342,2
DA:1343,40
DA:1344,38
DA:1345,1
DA:1346,1
DA:1347,1
DA:1349,38
DA:1350,3
DA:1351,3
DA:1352,3
DA:1355,2
DA:1356,2
DA:1357,2
DA:1359,2
DA:1361,0
DA:1362,0
DA:1364,0
DA:1365,0
DA:1366,4
LF:634
LH:532
end_of_record
SF:/usr/include/bits/fcntl2.h
BRDA:44,0,0,0
BRDA:44,0,1,2
BRDA:44,1,2,0
BRDA:44,1,3,4
BRDA:47,0,0,2
BRDA:47,0,1,0
BRDA:47,1,2,4
BRDA:47,1,3,0
BRDA:49,0,0,0
BRDA:49,0,1,2
BRDA:49,1,2,-
BRDA:49,1,3,-
BRDA:49,2,4,0
BRDA:49,2,5,4
BRDA:49,3,6,-
BRDA:49,3,7,-
BRDA:57,0,0,-
BRDA:57,0,1,-
BRDA:57,1,2,-
BRDA:57,1,3,-
BRF:20
BRH:6
DA:44,6
DA:45,0
DA:47,6
DA:49,6
DA:51,0
DA:52,0
DA:54,6
DA:57,0
DA:58,0
DA:60,0
LF:10
LH:4
end_of_record
SF:/usr/include/bits/stdio2.h
DA:99,86
DA:105,972
LF:2
LH:2
end_of_record
SF:/usr/include/bits/unistd.h
BRDA:37,0,0,2
BRDA:37,0,1,0
BRDA:37,1,2,2
BRDA:37,1,3,0
BRDA:37,2,4,2
BRDA:37,2,5,0
BRDA:37,3,6,0
BRDA:37,3,7,2
BRDA:37,4,8,4
BRDA:37,4,9,0
BRDA:37,5,10,4
BRDA:37,5,11,0
BRDA:37,6,12,4
BRDA:37,6,13,0
BRDA:37,7,14,0
BRDA:37,7,15,4
BRDA:39,0,0,0
BRDA:39,0,1,2
BRDA:39,1,2,0
BRDA:39,1,3,2
BRDA:39,2,4,0
BRDA:39,2,5,2
BRDA:39,3,6,-
BRDA:39,3,7,-
BRDA:39,4,8,0
BRDA:39,4,9,4
BRDA:39,5,10,0
BRDA:39,5,11,4
BRDA:39,6,12,0
BRDA:39,6,13,4
BRDA:39,7,14,-
BRDA:39,7,15,-
BRDA:42,0,0,0
BRDA:42,0,1,2
BRDA:42,1,2,0
BRDA:42,1,3,2
BRDA:42,2,4,0
BRDA:42,2,5,2
BRDA:42,3,6,-
BRDA:42,3,7,-
BRDA:42,4,8,0
BRDA:42,4,9,4
BRDA:42,5,10,0
BRDA:42,5,11,4
BRDA:42,6,12,0
BRDA:42,6,13,4
BRDA:42,7,14,-
BRDA:42,7,15,-
BRF:48
BRH:20
DA:37,24
DA:39,18
DA:40,0
DA:42,18
DA:43,0
DA:45,24
LF:6
LH:4
end_of_record
SF:/usr/include/c++/4.5/bits/allocator.h
DA:101,10
DA:104,6
DA:107,62
DA:109,78
LF:4
LH:4
end_of_record
SF:/usr/include/c++/4.5/bits/stl_algobase.h
FN:270,_ZSt14__copy_move_a2ILb0EN9__gnu_cxx17__normal_iteratorIPKiSt6vectorIiSaIiEEEEPiET1_T0_SA_S9_
FN:270,_ZSt4copyIN9__gnu_cxx17__normal_iteratorIPKPFPvS2_ESt6vectorIS4_SaIS4_EEEEPS4_ET0_T_SD_SC_
FN:270,_ZSt14__copy_move_a2ILb0EN9__gnu_cxx17__normal_iteratorIPKPFPvS2_ESt6vectorIS4_SaIS4_EEEEPS4_ET1_T0_SD_SC_
FN:270,_ZSt4copyIN9__gnu_cxx17__normal_iteratorIPKiSt6vectorIiSaIiEEEEPiET0_T_SA_S9_
FN:270,_ZSt4copyIN9__gnu_cxx17__normal_iteratorIPKPvSt6vectorIS2_SaIS2_EEEEPS2_ET0_T_SB_SA_
FN:270,_ZSt14__copy_move_a2ILb0EN9__gnu_cxx17__normal_iteratorIPKPvSt6vectorIS2_SaIS2_EEEEPS2_ET1_T0_SB_SA_
FN:382,_ZNSt11__copy_moveILb0ELb1ESt26random_access_iterator_tagE8__copy_mIPFPvS3_EEEPT_PKS6_S9_S7_
FN:382,_ZNSt11__copy_moveILb0ELb1ESt26random_access_iterator_tagE8__copy_mIPvEEPT_PKS4_S7_S5_
FN:382,_ZNSt11__copy_moveILb0ELb1ESt26random_access_iterator_tagE8__copy_mIiEEPT_PKS3_S6_S4_
FN:547,_ZNSt20__copy_move_backwardILb0ELb0ESt26random_access_iterator_tagE13__copy_move_bIP21_parallel_loop_threadS4_EET0_T_S6_S5_
FN:577,_ZNSt20__copy_move_backwardILb0ELb1ESt26random_access_iterator_tagE13__copy_move_bIiEEPT_PKS3_S6_S4_
FN:577,_ZNSt20__copy_move_backwardILb0ELb1ESt26random_access_iterator_tagE13__copy_move_bIPvEEPT_PKS4_S7_S5_
FN:577,_ZNSt20__copy_move_backwardILb0ELb1ESt26random_access_iterator_tagE13__copy_move_bIPFPvS3_EEEPT_PKS6_S9_S7_
FN:692,_ZSt8__fill_aIP21_parallel_loop_threadS0_EN9__gnu_cxx11__enable_ifIXntsrSt11__is_scalarIT0_E7__valueEvE6__typeET_S9_RKS5_
FNDA:2,_ZNSt11__copy_moveILb0ELb1ESt26random_access_iterator_tagE8__copy_mIiEEPT_PKS3_S6_S4_
FNDA:6,_ZNSt11__copy_moveILb0ELb1ESt26random_access_iterator_tagE8__copy_mIPFPvS3_EEEPT_PKS6_S9_S7_
FNDA:6,_ZNSt11__copy_moveILb0ELb1ESt26random_access_iterator_tagE8__copy_mIPvEEPT_PKS4_S7_S5_
FNDA:2,_ZSt14__copy_move_a2ILb0EN9__gnu_cxx17__normal_iteratorIPKiSt6vectorIiSaIiEEEEPiET1_T0_SA_S9_
FNDA:2,_ZSt14__copy_move_a2ILb0EN9__gnu_cxx17__normal_iteratorIPKPFPvS2_ESt6vectorIS4_SaIS4_EEEEPS4_ET1_T0_SD_SC_
FNDA:2,_ZSt14__copy_move_a2ILb0EN9__gnu_cxx17__normal_iteratorIPKPvSt6vectorIS2_SaIS2_EEEEPS2_ET1_T0_SB_SA_
FNDA:2,_ZSt4copyIN9__gnu_cxx17__normal_iteratorIPKiSt6vectorIiSaIiEEEEPiET0_T_SA_S9_
FNDA:2,_ZSt4copyIN9__gnu_cxx17__normal_iteratorIPKPFPvS2_ESt6vectorIS4_SaIS4_EEEEPS4_ET0_T_SD_SC_
FNDA:2,_ZSt4copyIN9__gnu_cxx17__normal_iteratorIPKPvSt6vectorIS2_SaIS2_EEEEPS2_ET0_T_SB_SA_
FNDA:0,_ZNSt20__copy_move_backwardILb0ELb0ESt26random_access_iterator_tagE13__copy_move_bIP21_parallel_loop_threadS4_EET0_T_S6_S5_
FNDA:0,_ZNSt20__copy_move_backwardILb0ELb1ESt26random_access_iterator_tagE13__copy_move_bIiEEPT_PKS3_S6_S4_
FNDA:0,_ZNSt20__copy_move_backwardILb0ELb1ESt26random_access_iterator_tagE13__copy_move_bIPFPvS3_EEEPT_PKS6_S9_S7_
FNDA:0,_ZNSt20__copy_move_backwardILb0ELb1ESt26random_access_iterator_tagE13__copy_move_bIPvEEPT_PKS4_S7_S5_
FNDA:20,_ZSt8__fill_aIP21_parallel_loop_threadS0_EN9__gnu_cxx11__enable_ifIXntsrSt11__is_scalarIT0_E7__valueEvE6__typeET_S9_RKS5_
FNF:14
FNH:10
BRDA:214,0,0,-
BRDA:214,0,1,-
BRDA:214,1,2,2
BRDA:214,1,3,0
BRDA:214,2,4,2
BRDA:214,2,5,0
BRDA:214,3,6,2
BRDA:214,3,7,9
BRDA:385,0,0,0
BRDA:385,0,1,2
BRDA:385,1,2,2
BRDA:385,1,3,4
BRDA:385,2,4,2
BRDA:385,2,5,4
BRDA:550,2,0,-
BRDA:550,2,1,-
BRDA:580,0,0,-
BRDA:580,0,1,-
BRDA:580,1,2,-
BRDA:580,1,3,-
BRDA:580,2,4,-
BRDA:580,2,5,-
BRDA:695,2,0,0
BRDA:695,2,1,20
BRF:24
BRH:10
DA:214,15
DA:215,6
DA:216,9
DA:270,76
DA:279,12
DA:292,8
DA:382,14
DA:384,14
DA:385,14
DA:386,4
DA:387,14
DA:401,14
DA:404,10
DA:438,6
DA:442,6
DA:464,6
DA:474,6
DA:547,0
DA:550,0
DA:551,0
DA:552,0
DA:577,0
DA:579,0
DA:580,0
DA:581,0
DA:582,0
DA:596,0
DA:601,0
DA:610,0
DA:645,0
DA:692,20
DA:695,20
DA:696,0
DA:697,20
DA:742,20
LF:35
LH:21
end_of_record
SF:/usr/include/c++/4.5/bits/stl_construct.h
FN:75,_ZSt10_ConstructI21_parallel_loop_threadS0_EvPT_RKT0_
FNDA:77,_ZSt10_ConstructI21_parallel_loop_threadS0_EvPT_RKT0_
FNF:1
FNH:1
BRDA:80,0,0,77
BRDA:80,0,1,0
BRF:2
BRH:1
DA:75,77
DA:80,77
DA:81,77
LF:3
LH:3
end_of_record
SF:/usr/include/c++/4.5/bits/stl_function.h
DA:230,465
DA:489,606
LF:2
LH:2
end_of_record
SF:/usr/include/c++/4.5/bits/stl_iterator.h
DA:715,90
DA:728,0
DA:780,160
DA:802,8
DA:887,70
LF:5
LH:4
end_of_record
SF:/usr/include/c++/4.5/bits/stl_map.h
BRDA:501,0,0,2
BRDA:501,0,1,0
BRF:2
BRH:1
DA:87,2
DA:151,2
DA:308,0
DA:326,33
DA:417,2
DA:501,31
DA:664,0
DA:697,64
LF:8
LH:6
end_of_record
SF:/usr/include/c++/4.5/bits/stl_pair.h
DA:88,31
DA:116,31
LF:2
LH:2
end_of_record
SF:/usr/include/c++/4.5/bits/stl_tree.h
FN:171,_ZNSt8_Rb_treeImSt4pairIKmiESt10_Select1stIS2_ESt4lessImESaIS2_EE10_M_insert_EPKSt18_Rb_tree_node_baseSB_RKS2_
FN:171,_ZNSt8_Rb_treeImSt4pairIKmiESt10_Select1stIS2_ESt4lessImESaIS2_EE16_M_insert_uniqueERKS2_
FN:171,_ZNSt8_Rb_treeImSt4pairIKmiESt10_Select1stIS2_ESt4lessImESaIS2_EE14_M_lower_boundEPSt13_Rb_tree_nodeIS2_ESB_RS1_
FN:171,_ZNSt8_Rb_treeImSt4pairIKmiESt10_Select1stIS2_ESt4lessImESaIS2_EE4findERS1_
FN:350,_ZNSt8_Rb_treeImSt4pairIKmiESt10_Select1stIS2_ESt4lessImESaIS2_EE15_M_destroy_nodeEPSt13_Rb_tree_nodeIS2_E
FN:350,_ZNSt8_Rb_treeImSt4pairIKmiESt10_Select1stIS2_ESt4lessImESaIS2_EE14_M_create_nodeERKS2_
FN:358,_ZNSt8_Rb_treeImSt4pairIKmiESt10_Select1stIS2_ESt4lessImESaIS2_EE11_M_get_nodeEv
FN:427,_ZNSt8_Rb_treeImSt4pairIKmiESt10_Select1stIS2_ESt4lessImESaIS2_EED2Ev
FN:434,_ZNSt8_Rb_treeImSt4pairIKmiESt10_Select1stIS2_ESt4lessImESaIS2_EEC2Ev
FN:458,_ZNSt8_Rb_treeImSt4pairIKmiESt10_Select1stIS2_ESt4lessImESaIS2_EE5clearEv
FN:509,_ZNSt8_Rb_treeImSt4pairIKmiESt10_Select1stIS2_ESt4lessImESaIS2_EE8_M_eraseEPSt13_Rb_tree_nodeIS2_E
FNDA:31,_ZNSt8_Rb_treeImSt4pairIKmiESt10_Select1stIS2_ESt4lessImESaIS2_EE11_M_get_nodeEv
FNDA:31,_ZNSt8_Rb_treeImSt4pairIKmiESt10_Select1stIS2_ESt4lessImESaIS2_EE14_M_create_nodeERKS2_
FNDA:31,_ZNSt8_Rb_treeImSt4pairIKmiESt10_Select1stIS2_ESt4lessImESaIS2_EE15_M_destroy_nodeEPSt13_Rb_tree_nodeIS2_E
FNDA:2,_ZNSt8_Rb_treeImSt4pairIKmiESt10_Select1stIS2_ESt4lessImESaIS2_EEC2Ev
FNDA:2,_ZNSt8_Rb_treeImSt4pairIKmiESt10_Select1stIS2_ESt4lessImESaIS2_EED2Ev
FNDA:0,_ZNSt8_Rb_treeImSt4pairIKmiESt10_Select1stIS2_ESt4lessImESaIS2_EE5clearEv
FNDA:31,_ZNSt8_Rb_treeImSt4pairIKmiESt10_Select1stIS2_ESt4lessImESaIS2_EE10_M_insert_EPKSt18_Rb_tree_node_baseSB_RKS2_
FNDA:33,_ZNSt8_Rb_treeImSt4pairIKmiESt10_Select1stIS2_ESt4lessImESaIS2_EE8_M_eraseEPSt13_Rb_tree_nodeIS2_E
FNDA:64,_ZNSt8_Rb_treeImSt4pairIKmiESt10_Select1stIS2_ESt4lessImESaIS2_EE14_M_lower_boundEPSt13_Rb_tree_nodeIS2_ESB_RS1_
FNDA:31,_ZNSt8_Rb_treeImSt4pairIKmiESt10_Select1stIS2_ESt4lessImESaIS2_EE16_M_insert_uniqueERKS2_
FNDA:62,_ZNSt8_Rb_treeImSt4pairIKmiESt10_Select1stIS2_ESt4lessImESaIS2_EE4findERS1_
FNF:11
FNH:10
BRDA:897,0,0,31
BRDA:897,0,1,0
BRDA:897,1,2,29
BRDA:897,1,3,2
BRDA:897,2,4,29
BRDA:897,2,5,0
BRDA:986,1,0,31
BRDA:986,1,1,33
BRDA:1003,1,0,262
BRDA:1003,1,1,64
BRDA:1004,0,0,204
BRDA:1004,0,1,58
BRDA:1181,1,0,112
BRDA:1181,1,1,31
BRDA:1185,0,0,112
BRDA:1185,0,1,0
BRDA:1188,0,0,31
BRDA:1188,0,1,0
BRDA:1190,0,0,31
BRDA:1190,0,1,0
BRDA:1195,0,0,-
BRDA:1195,0,1,-
BRDA:1522,9999,0,62
BRDA:1522,9999,1,2
BRDA:1522,0,2,0
BRDA:1522,0,3,62
BRF:26
BRH:18
DA:167,0
DA:171,97
DA:179,31
DA:191,0
DA:192,0
DA:199,0
DA:200,0
DA:213,95
DA:217,33
DA:350,62
DA:354,62
DA:358,31
DA:359,31
DA:363,31
DA:367,31
DA:369,31
DA:371,62
DA:377,31
DA:381,31
DA:383,31
DA:385,31
DA:427,2
DA:434,4
DA:446,2
DA:447,2
DA:448,2
DA:449,2
DA:458,0
DA:466,0
DA:474,0
DA:482,95
DA:493,124
DA:501,374
DA:505,374
DA:509,316
DA:517,58
DA:525,91
DA:529,91
DA:591,2
DA:613,2
DA:614,4
DA:628,31
DA:640,99
DA:667,2
DA:742,0
DA:744,0
DA:745,0
DA:746,0
DA:747,0
DA:748,0
DA:749,0
DA:892,31
DA:897,31
DA:899,31
DA:901,31
DA:904,31
DA:982,33
DA:986,64
DA:988,31
DA:989,31
DA:990,31
DA:991,31
DA:993,33
DA:999,64
DA:1003,326
DA:1004,262
DA:1005,204
DA:1007,58
DA:1175,31
DA:1180,31
DA:1181,143
DA:1183,112
DA:1184,224
DA:1185,224
DA:1188,31
DA:1190,31
DA:1191,31
DA:1195,0
DA:1196,0
DA:1197,0
DA:1516,62
DA:1519,62
DA:1522,66
LF:83
LH:65
end_of_record
SF:/usr/include/c++/4.5/bits/stl_uninitialized.h
FN:67,_ZNSt20__uninitialized_copyILb0EE18uninitialized_copyIP21_parallel_loop_threadS3_EET0_T_S5_S4_
FN:92,_ZSt18uninitialized_copyIN9__gnu_cxx17__normal_iteratorIPKPvSt6vectorIS2_SaIS2_EEEEPS2_ET0_T_SB_SA_
FN:92,_ZSt18uninitialized_copyIN9__gnu_cxx17__normal_iteratorIPKiSt6vectorIiSaIiEEEEPiET0_T_SA_S9_
FN:92,_ZSt18uninitialized_copyIN9__gnu_cxx17__normal_iteratorIPKPFPvS2_ESt6vectorIS4_SaIS4_EEEEPS4_ET0_T_SD_SC_
FN:241,_ZNSt22__uninitialized_fill_nILb0EE20uninitialized_fill_nIP21_parallel_loop_threadjS2_EEvT_T0_RKT1_
FNDA:42,_ZNSt20__uninitialized_copyILb0EE18uninitialized_copyIP21_parallel_loop_threadS3_EET0_T_S5_S4_
FNDA:2,_ZSt18uninitialized_copyIN9__gnu_cxx17__normal_iteratorIPKiSt6vectorIiSaIiEEEEPiET0_T_SA_S9_
FNDA:2,_ZSt18uninitialized_copyIN9__gnu_cxx17__normal_iteratorIPKPFPvS2_ESt6vectorIS4_SaIS4_EEEEPS4_ET0_T_SD_SC_
FNDA:2,_ZSt18uninitialized_copyIN9__gnu_cxx17__normal_iteratorIPKPvSt6vectorIS2_SaIS2_EEEEPS2_ET0_T_SB_SA_
FNDA:31,_ZNSt22__uninitialized_fill_nILb0EE20uninitialized_fill_nIP21_parallel_loop_threadjS2_EEvT_T0_RKT1_
FNF:5
FNH:5
BRDA:73,1,0,46
BRDA:73,1,1,42
BRDA:247,1,0,31
BRDA:247,1,1,31
BRF:4
BRH:4
DA:67,42
DA:70,42
DA:73,88
DA:74,46
DA:75,42
DA:92,6
DA:106,6
DA:116,37
DA:241,31
DA:244,31
DA:247,62
DA:248,31
DA:255,31
DA:284,31
DA:318,6
DA:328,50
LF:16
LH:16
end_of_record
SF:/usr/include/c++/4.5/bits/stl_vector.h
FN:75,_ZNSt12_Vector_baseIPvSaIS0_EEC2EjRKS1_
FN:75,_ZNSt12_Vector_baseIPFPvS0_ESaIS2_EED2Ev
FN:75,_ZNSt12_Vector_baseIPvSaIS0_EED2Ev
FN:75,_ZNSt12_Vector_baseIiSaIiEEC2EjRKS0_
FN:75,_ZNSt12_Vector_baseI21_parallel_loop_threadSaIS0_EED2Ev
FN:75,_ZNSt12_Vector_baseIPFPvS0_ESaIS2_EEC2EjRKS3_
FN:75,_ZNSt12_Vector_baseIiSaIiEED2Ev
FN:94,_ZNSt6vectorI21_parallel_loop_threadSaIS0_EE6resizeEjS0_
FN:94,_ZNSt6vectorIiSaIiEED2Ev
FN:94,_ZNSt6vectorIiSaIiEEC2ERKS1_
FN:94,_ZNSt6vectorI21_parallel_loop_threadSaIS0_EED2Ev
FN:94,_ZNSt6vectorIPvSaIS0_EEC2ERKS2_
FN:94,_ZNSt6vectorIPFPvS0_ESaIS2_EEC2ERKS4_
FN:94,_ZNSt6vectorIPvSaIS0_EED2Ev
FN:94,_ZNSt6vectorIPFPvS0_ESaIS2_EED2Ev
FN:98,_ZNKSt6vectorIPFPvS0_ESaIS2_EE12_M_check_lenEjPKc
FN:98,_ZNKSt6vectorIiSaIiEE12_M_check_lenEjPKc
FN:98,_ZNKSt6vectorIPvSaIS0_EE12_M_check_lenEjPKc
FN:98,_ZNKSt6vectorI21_parallel_loop_threadSaIS0_EE12_M_check_lenEjPKc
FN:139,_ZNSt12_Vector_baseI21_parallel_loop_threadSaIS0_EE11_M_allocateEj
FN:139,_ZNSt12_Vector_baseIPvSaIS0_EE11_M_allocateEj
FN:139,_ZNSt12_Vector_baseIPFPvS0_ESaIS2_EE11_M_allocateEj
FN:139,_ZNSt12_Vector_baseIiSaIiEE11_M_allocateEj
FN:436,_ZNKSt6vectorI21_parallel_loop_threadSaIS0_EE5emptyEv
FN:436,_ZNKSt6vectorIiSaIiEE5emptyEv
FN:445,_ZNSt6vectorIiSaIiEE9push_backERKi
FN:445,_ZNSt6vectorIPFPvS0_ESaIS2_EE9push_backERKS2_
FN:445,_ZNSt6vectorIPvSaIS0_EE9push_backERKS0_
FNDA:2,_ZNSt12_Vector_baseIiSaIiEEC2EjRKS0_
FNDA:2,_ZNSt12_Vector_baseIPFPvS0_ESaIS2_EEC2EjRKS3_
FNDA:2,_ZNSt12_Vector_baseIPvSaIS0_EEC2EjRKS1_
FNDA:2,_ZNSt12_Vector_baseI21_parallel_loop_threadSaIS0_EED2Ev
FNDA:4,_ZNSt12_Vector_baseIiSaIiEED2Ev
FNDA:4,_ZNSt12_Vector_baseIPFPvS0_ESaIS2_EED2Ev
FNDA:4,_ZNSt12_Vector_baseIPvSaIS0_EED2Ev
FNDA:2,_ZNSt12_Vector_baseIiSaIiEE11_M_allocateEj
FNDA:4,_ZNSt12_Vector_baseIPFPvS0_ESaIS2_EE11_M_allocateEj
FNDA:4,_ZNSt12_Vector_baseIPvSaIS0_EE11_M_allocateEj
FNDA:11,_ZNSt12_Vector_baseI21_parallel_loop_threadSaIS0_EE11_M_allocateEj
FNDA:2,_ZNSt6vectorIiSaIiEEC2ERKS1_
FNDA:2,_ZNSt6vectorIPFPvS0_ESaIS2_EEC2ERKS4_
FNDA:2,_ZNSt6vectorIPvSaIS0_EEC2ERKS2_
FNDA:2,_ZNSt6vectorI21_parallel_loop_threadSaIS0_EED2Ev
FNDA:4,_ZNSt6vectorIiSaIiEED2Ev
FNDA:4,_ZNSt6vectorIPFPvS0_ESaIS2_EED2Ev
FNDA:4,_ZNSt6vectorIPvSaIS0_EED2Ev
FNDA:31,_ZNSt6vectorI21_parallel_loop_threadSaIS0_EE6resizeEjS0_
FNDA:2,_ZNKSt6vectorIiSaIiEE5emptyEv
FNDA:2,_ZNKSt6vectorI21_parallel_loop_threadSaIS0_EE5emptyEv
FNDA:0,_ZNSt6vectorIiSaIiEE9push_backERKi
FNDA:2,_ZNSt6vectorIPFPvS0_ESaIS2_EE9push_backERKS2_
FNDA:2,_ZNSt6vectorIPvSaIS0_EE9push_backERKS0_
FNDA:0,_ZNKSt6vectorIiSaIiEE12_M_check_lenEjPKc
FNDA:2,_ZNKSt6vectorIPFPvS0_ESaIS2_EE12_M_check_lenEjPKc
FNDA:2,_ZNKSt6vectorIPvSaIS0_EE12_M_check_lenEjPKc
FNDA:11,_ZNKSt6vectorI21_parallel_loop_threadSaIS0_EE12_M_check_lenEjPKc
FNF:28
FNH:26
BRDA:113,0,0,2
BRDA:113,0,1,0
BRDA:113,1,3,2
BRDA:113,1,4,0
BRDA:113,2,6,2
BRDA:113,2,7,0
BRDA:140,0,0,0
BRDA:140,0,1,2
BRDA:140,4,3,4
BRDA:140,4,4,0
BRDA:140,8,6,4
BRDA:140,8,7,0
BRDA:140,12,9,11
BRDA:140,12,10,0
BRDA:145,0,0,2
BRDA:145,0,1,0
BRDA:145,1,2,0
BRDA:145,1,3,4
BRDA:145,2,4,4
BRDA:145,2,5,0
BRDA:145,3,6,4
BRDA:145,3,7,0
BRDA:145,3,8,9
BRDA:145,3,9,2
BRDA:145,3,10,-
BRDA:145,3,11,-
BRDA:145,3,12,0
BRDA:145,3,13,2
BRDA:145,3,14,0
BRDA:145,3,15,2
BRDA:555,0,0,0
BRDA:555,0,1,31
BRDA:743,0,0,-
BRDA:743,0,1,-
BRDA:743,1,2,0
BRDA:743,1,3,2
BRDA:743,2,4,0
BRDA:743,2,5,2
BRDA:1140,0,0,-
BRDA:1140,0,1,-
BRDA:1140,1,2,0
BRDA:1140,1,3,2
BRDA:1140,2,4,0
BRDA:1140,2,5,2
BRDA:1140,3,6,0
BRDA:1140,3,7,11
BRDA:1144,0,0,-
BRDA:1144,0,1,-
BRDA:1144,1,2,-
BRDA:1144,1,3,-
BRDA:1144,4,4,2
BRDA:1144,4,5,0
BRDA:1144,5,6,0
BRDA:1144,5,7,2
BRDA:1144,8,8,2
BRDA:1144,8,9,0
BRDA:1144,9,10,0
BRDA:1144,9,11,2
BRDA:1144,12,12,11
BRDA:1144,12,13,0
BRDA:1144,13,14,0
BRDA:1144,13,15,11
BRF:62
BRH:27
DA:75,14
DA:81,16
DA:85,12
DA:94,116
DA:98,36
DA:105,8
DA:110,6
DA:111,6
DA:113,6
DA:114,6
DA:115,6
DA:116,6
DA:131,14
DA:132,14
DA:133,14
DA:139,21
DA:140,21
DA:145,29
DA:146,19
DA:208,8
DA:241,6
DA:242,6
DA:243,18
DA:247,6
DA:312,14
DA:313,28
DA:314,14
DA:427,15
DA:436,10
DA:445,55
DA:454,10
DA:534,185
DA:539,60
DA:553,31
DA:555,31
DA:556,0
DA:558,31
DA:559,31
DA:582,4
DA:583,4
DA:619,161
DA:741,4
DA:743,4
DA:745,0
DA:746,0
DA:749,4
DA:750,4
DA:859,31
DA:955,0
DA:1138,15
DA:1140,15
DA:1141,0
DA:1143,30
DA:1144,15
DA:1154,0
DA:1155,0
LF:56
LH:49
end_of_record
SF:/usr/include/c++/4.5/bits/vector.tcc
FNDA:0,_ZNSt6vectorIiSaIiEE13_M_insert_auxEN9__gnu_cxx17__normal_iteratorIPiS1_EERKi
FNDA:2,_ZNSt6vectorIPFPvS0_ESaIS2_EE13_M_insert_auxEN9__gnu_cxx17__normal_iteratorIPS2_S4_EERKS2_
FNDA:2,_ZNSt6vectorIPvSaIS0_EE13_M_insert_auxEN9__gnu_cxx17__normal_iteratorIPS0_S2_EERKS0_
FNDA:31,_ZNSt6vectorI21_parallel_loop_threadSaIS0_EE14_M_fill_insertEN9__gnu_cxx17__normal_iteratorIPS0_S2_EEjRKS0_
FNF:4
FNH:3
BRDA:299,0,0,-
BRDA:299,0,1,-
BRDA:299,1,2,0
BRDA:299,1,3,2
BRDA:299,2,4,0
BRDA:299,2,5,2
BRDA:375,0,0,31
BRDA:375,0,1,0
BRDA:377,0,0,20
BRDA:377,0,1,11
BRDA:383,0,0,0
BRDA:383,0,1,20
BRF:12
BRH:6
DA:295,4
DA:299,4
DA:301,0
DA:304,0
DA:306,0
DA:308,0
DA:312,0
DA:320,4
DA:321,4
DA:322,4
DA:323,4
DA:330,4
DA:336,4
DA:338,12
DA:342,4
DA:344,16
DA:359,8
DA:361,4
DA:364,4
DA:365,4
DA:366,4
DA:368,4
DA:372,31
DA:375,31
DA:377,31
DA:380,20
DA:381,20
DA:382,20
DA:383,20
DA:385,0
DA:389,0
DA:390,0
DA:392,0
DA:397,40
DA:401,20
DA:402,60
DA:405,20
DA:406,20
DA:412,11
DA:413,11
DA:414,11
DA:415,11
DA:419,22
DA:422,11
DA:424,33
DA:429,11
DA:431,44
DA:449,22
DA:451,11
DA:454,11
DA:455,11
DA:456,11
DA:459,31
LF:53
LH:44
end_of_record
SF:/usr/include/c++/4.5/ext/new_allocator.h
FN:84,_ZN9__gnu_cxx13new_allocatorIPvE8allocateEjPKv
FN:84,_ZN9__gnu_cxx13new_allocatorISt13_Rb_tree_nodeISt4pairIKmiEEE8allocateEjPKv
FN:84,_ZN9__gnu_cxx13new_allocatorIiE8allocateEjPKv
FN:84,_ZN9__gnu_cxx13new_allocatorI21_parallel_loop_threadE8allocateEjPKv
FN:84,_ZN9__gnu_cxx13new_allocatorIPFPvS1_EE8allocateEjPKv
FNDA:0,_ZN9__gnu_cxx13new_allocatorIiE8allocateEjPKv
FNDA:4,_ZN9__gnu_cxx13new_allocatorIPFPvS1_EE8allocateEjPKv
FNDA:4,_ZN9__gnu_cxx13new_allocatorIPvE8allocateEjPKv
FNDA:11,_ZN9__gnu_cxx13new_allocatorI21_parallel_loop_threadE8allocateEjPKv
FNDA:31,_ZN9__gnu_cxx13new_allocatorISt13_Rb_tree_nodeISt4pairIKmiEEE8allocateEjPKv
FNF:5
FNH:4
BRDA:86,0,0,-
BRDA:86,0,1,-
BRDA:86,1,2,0
BRDA:86,1,3,4
BRDA:86,2,4,0
BRDA:86,2,5,4
BRDA:86,3,6,0
BRDA:86,3,7,11
BRDA:86,4,8,0
BRDA:86,4,9,31
BRDA:105,9999,0,31
BRDA:105,9999,1,0
BRDA:105,2,2,-
BRDA:105,2,3,-
BRDA:105,4,4,-
BRDA:105,4,5,-
BRDA:105,7,6,-
BRDA:105,7,7,-
BRDA:105,10,8,-
BRDA:105,10,9,-
BRDA:105,12,10,2
BRDA:105,12,11,0
BRDA:105,15,12,-
BRDA:105,15,13,-
BRDA:105,18,14,-
BRDA:105,18,15,-
BRDA:105,20,16,2
BRDA:105,20,17,0
BRDA:105,23,18,-
BRDA:105,23,19,-
BRF:30
BRH:7
DA:84,50
DA:86,50
DA:87,0
DA:89,50
DA:95,50
DA:99,0
DA:105,35
LF:7
LH:5
end_of_record
SF:/usr/include/c++/4.5/iostream
DA:73,2
LF:1
LH:1
end_of_record
SF:/usr/include/c++/4.5/new
DA:103,112
LF:1
LH:1
end_of_record
SF:/usr/include/pthread.h
FN:1137,pthread_equal
FNDA:0,pthread_equal
FNF:1
FNH:0
DA:1137,0
DA:1139,0
LF:2
LH:0
end_of_record
SF:/usr/include/stdlib.h
DA:286,12
LF:1
LH:1
end_of_record
SF:/usr/include/c++/4.5/bits/allocator.h
DA:101,10
DA:104,6
DA:107,62
DA:109,78
LF:4
LH:4
end_of_record
SF:/usr/include/bits/fcntl2.h
BRDA:44,9999,0,0
BRDA:44,9999,1,100
BRDA:44,9999,2,0
BRDA:44,9999,3,100
BRDA:47,9999,0,100
BRDA:47,9999,1,0
BRDA:47,9999,2,100
BRDA:47,9999,3,0
BRDA:49,9999,0,0
BRDA:49,9999,1,100
BRDA:49,9999,2,-
BRDA:49,9999,3,-
BRDA:49,9999,4,0
BRDA:49,9999,5,100
BRDA:49,9999,6,-
BRDA:49,9999,7,-
BRDA:57,9999,0,-
BRDA:57,9999,1,-
BRDA:57,9999,2,-
BRDA:57,9999,3,-
BRF:20
BRH:6
DA:44,6
DA:45,0
DA:47,6
DA:49,6
DA:51,0
DA:52,0
DA:54,6
DA:57,0
DA:58,0
DA:60,0
LF:10
LH:4
end_of_record
SF:/usr/include/c++/4.5/iostream
DA:73,2
LF:1
LH:1
end_of_record
SF:/usr/include/c++/4.5/new
DA:103,112
LF:1
LH:1
end_of_record
SF:/usr/include/c++/4.5/ext/new_allocator.h
FN:84,_ZN9__gnu_cxx13new_allocatorIPvE8allocateEjPKv
FN:84,_ZN9__gnu_cxx13new_allocatorISt13_Rb_tree_nodeISt4pairIKmiEEE8allocateEjPKv
FN:84,_ZN9__gnu_cxx13new_allocatorIiE8allocateEjPKv
FN:84,_ZN9__gnu_cxx13new_allocatorI21_parallel_loop_threadE8allocateEjPKv
FN:84,_ZN9__gnu_cxx13new_allocatorIPFPvS1_EE8allocateEjPKv
FNDA:0,_ZN9__gnu_cxx13new_allocatorIiE8allocateEjPKv
FNDA:4,_ZN9__gnu_cxx13new_allocatorIPFPvS1_EE8allocateEjPKv
FNDA:4,_ZN9__gnu_cxx13new_allocatorIPvE8allocateEjPKv
FNDA:11,_ZN9__gnu_cxx13new_allocatorI21_parallel_loop_threadE8allocateEjPKv
FNDA:31,_ZN9__gnu_cxx13new_allocatorISt13_Rb_tree_nodeISt4pairIKmiEEE8allocateEjPKv
FNF:5
FNH:4
BRDA:86,9999,0,-
BRDA:86,9999,1,-
BRDA:86,9999,2,0
BRDA:86,9999,3,100
BRDA:86,9999,4,0
BRDA:86,9999,5,100
BRDA:86,9999,6,0
BRDA:86,9999,7,100
BRDA:86,9999,8,0
BRDA:86,9999,9,100
BRDA:105,9999,0,100
BRDA:105,9999,1,0
BRDA:105,9999,2,-
BRDA:105,9999,3,-
BRDA:105,9999,4,-
BRDA:105,9999,5,-
BRDA:105,9999,6,-
BRDA:105,9999,7,-
BRDA:105,9999,8,-
BRDA:105,9999,9,-
BRDA:105,9999,10,100
BRDA:105,9999,11,0
BRDA:105,9999,12,-
BRDA:105,9999,13,-
BRDA:105,9999,14,-
BRDA:105,9999,15,-
BRDA:105,9999,16,100
BRDA:105,9999,17,0
BRDA:105,9999,18,-
BRDA:105,9999,19,-
BRF:30
BRH:7
DA:84,50
DA:86,50
DA:87,0
DA:89,50
DA:95,50
DA:99,80
DA:105,70
LF:7
LH:6
end_of_record
SF:/home/gabriel/Escritorio/SPEC_CPU2000_CD_2/benchspec/CFP2000/179.art/src/parallel_loop_in_batches.h
FN:28,_ZN21_parallel_loop_threadC2Ev
FN:46,_ZN24parallel_loop_in_batchesD2Ev
FNDA:31,_ZN21_parallel_loop_threadC2Ev
FNDA:2,_ZN24parallel_loop_in_batchesD2Ev
FNDA:2,_ZN24parallel_loop_in_batches35_cancel_loop_threads_and_reset_logsESt6vectorIiSaIiEE
FNDA:2,_ZN24parallel_loop_in_batchesC2Ev
FNDA:33,_ZN24parallel_loop_in_batches6commitEv
FNDA:29,_ZN24parallel_loop_in_batches6appendEPFPvS0_ES0_
FNDA:2,_ZN24parallel_loop_in_batches3runESt6vectorIPFPvS1_ESaIS3_EES0_IS1_SaIS1_EE
FNDA:2,_ZN24parallel_loop_in_batches11get_resultsEv
FNF:8
FNH:8
BRDA:91,9999,1,0
BRDA:91,9999,2,100
BRDA:93,9999,0,-
BRDA:93,9999,1,-
BRDA:95,9999,0,-
BRDA:95,9999,1,-
BRDA:95,9999,2,-
BRDA:95,9999,3,-
BRDA:95,9999,4,-
BRDA:95,9999,5,-
BRDA:109,9999,0,0
BRDA:109,9999,1,100
BRDA:113,9999,1,0
BRDA:113,9999,2,100
BRDA:118,9999,0,0
BRDA:118,9999,1,100
BRDA:123,9999,0,-
BRDA:123,9999,1,-
BRDA:131,9999,0,-
BRDA:131,9999,1,-
BRDA:132,9999,0,-
BRDA:132,9999,1,-
BRDA:134,9999,0,-
BRDA:134,9999,1,-
BRDA:146,9999,0,0
BRDA:146,9999,1,100
BRDA:157,9999,0,0
BRDA:157,9999,1,100
BRDA:213,9999,0,94
BRDA:213,9999,1,6
BRDA:215,9999,0,100
BRDA:215,9999,1,0
BRDA:243,9999,0,0
BRDA:243,9999,1,100
BRDA:273,9999,0,100
BRDA:273,9999,1,0
BRDA:289,9999,1,100
BRDA:289,9999,2,0
BRDA:291,9999,0,50
BRDA:291,9999,1,50
BRDA:294,9999,0,50
BRDA:294,9999,1,50
BRDA:298,9999,0,100
BRDA:298,9999,1,0
BRDA:304,9999,0,0
BRDA:304,9999,1,100
BRDA:305,9999,0,-
BRDA:305,9999,1,-
BRDA:308,9999,0,-
BRDA:308,9999,1,-
BRDA:309,9999,0,-
BRDA:309,9999,1,-
BRDA:311,9999,0,-
BRDA:311,9999,1,-
BRDA:335,9999,0,0
BRDA:335,9999,1,100
BRDA:337,9999,0,100
BRDA:337,9999,1,0
BRDA:339,9999,0,100
BRDA:339,9999,1,0
BRDA:343,9999,0,-
BRDA:343,9999,1,-
BRDA:355,9999,0,94
BRDA:355,9999,1,6
BRDA:362,9999,0,50
BRDA:362,9999,1,50
BRF:66
BRH:25
DA:28,31
DA:29,31
DA:30,31
DA:31,31
DA:46,4
DA:86,2
DA:89,2
DA:91,2
DA:93,0
DA:95,0
DA:96,0
DA:97,0
DA:103,2
DA:107,2
DA:109,2
DA:111,0
DA:113,4
DA:114,0
DA:118,4
DA:123,0
DA:124,0
DA:126,0
DA:128,0
DA:131,0
DA:132,0
DA:134,0
DA:135,0
DA:140,0
DA:142,0
DA:146,2
DA:148,0
DA:150,2
DA:157,2
DA:159,0
DA:160,0
DA:188,2
DA:195,4
DA:197,2
DA:198,2
DA:199,2
DA:200,2
DA:201,2
DA:202,2
DA:203,2
DA:211,33
DA:212,33
DA:213,99
DA:214,62
DA:215,31
DA:216,62
DA:220,2
DA:222,33
DA:231,29
DA:233,29
DA:234,29
DA:238,58
DA:240,29
DA:241,58
DA:242,58
DA:243,29
DA:244,0
DA:245,0
DA:247,87
DA:248,29
DA:266,2
DA:268,2
DA:270,2
DA:272,2
DA:273,2
DA:276,2
DA:278,2
DA:279,2
DA:280,2
DA:283,2
DA:284,2
DA:289,4
DA:291,8
DA:292,4
DA:294,8
DA:296,6
DA:298,2
DA:299,6
DA:302,4
DA:304,2
DA:305,0
DA:306,0
DA:308,0
DA:309,0
DA:311,0
DA:313,0
DA:315,0
DA:316,0
DA:317,0
DA:318,0
DA:321,2
DA:322,2
DA:331,2
DA:332,2
DA:333,2
DA:335,2
DA:336,2
DA:337,2
DA:338,2
DA:339,2
DA:340,2
DA:343,0
DA:344,0
DA:345,0
DA:348,2
DA:353,2
DA:355,68
DA:357,62
DA:359,31
DA:360,31
DA:362,62
DA:364,62
DA:368,31
DA:371,2
DA:372,2
DA:373,2
DA:374,2
LF:121
LH:87
end_of_record
SF:/usr/include/pthread.h
FN:1137,pthread_equal
FNDA:0,pthread_equal
FNF:1
FNH:0
DA:1137,0
DA:1139,0
LF:2
LH:0
end_of_record
SF:/home/gabriel/Escritorio/SPEC_CPU2000_CD_2/benchspec/CFP2000/179.art/src/scanner_opt_backup_withcanappend.c
FN:50,_GLOBAL__I_cimage
FN:80,_Z1gi
FN:92,_Z10find_matchi
FN:100,_Z7simtestv
FN:135,_Z8simtest2i
FN:180,_Z9weightadjv
FN:233,_Z10init_globsi
FN:257,_Z8init_netv
FN:300,_Z11reset_nodesi
FN:323,_Z12reset_nodes2i
FN:343,_Z9print_f12i
FN:349,_Z11train_matchi
FN:484,_Z5matchi
FN:645,_Z9loadimagePc
FN:730,_Z12load_weightsPc
FN:759,_Z11alloc_td_buv
FN:779,_Z7init_tdi
FN:789,_Z7init_bui
FN:800,_Z10load_trainPcii
FN:897,_Z17sim_other_objectsiii
FN:938,_Z18setup_base_patterni
FN:950,_Z21f_scan_recognize_loopPv
FN:1118,main
FNDA:22160000,_Z1gi
FNDA:6641,_Z10find_matchi
FNDA:1108,_Z7simtestv
FNDA:7416,_Z8simtest2i
FNDA:1108,_Z9weightadjv
FNDA:6,_Z10init_globsi
FNDA:2,_Z8init_netv
FNDA:1883,_Z11reset_nodesi
FNDA:7416,_Z12reset_nodes2i
FNDA:81,_Z9print_f12i
FNDA:1108,_Z11train_matchi
FNDA:775,_Z5matchi
FNDA:2,_Z9loadimagePc
FNDA:0,_Z12load_weightsPc
FNDA:2,_Z11alloc_td_buv
FNDA:6,_Z7init_tdi
FNDA:6,_Z7init_bui
FNDA:4,_Z10load_trainPcii
FNDA:2,_Z17sim_other_objectsiii
FNDA:2,_Z18setup_base_patterni
FNDA:31,_Z21f_scan_recognize_loopPv
FNDA:2,_Z14scan_recognizeiiiii
FNDA:2,main
FNDA:2,_GLOBAL__I_cimage
FNF:24
FNH:23
BRDA:82,9999,0,0
BRDA:82,9999,1,100
BRDA:85,9999,0,100
BRDA:85,9999,1,0
BRDA:95,9999,0,92
BRDA:95,9999,1,8
BRDA:96,9999,0,19
BRDA:96,9999,1,81
BRDA:106,9999,0,99
BRDA:106,9999,1,1
BRDA:114,9999,0,99
BRDA:114,9999,1,1
BRDA:121,9999,0,99
BRDA:121,9999,1,1
BRDA:125,9999,0,99
BRDA:125,9999,1,1
BRDA:145,9999,0,99
BRDA:145,9999,1,1
BRDA:161,9999,0,100
BRDA:161,9999,1,0
BRDA:161,9999,2,1
BRDA:161,9999,3,99
BRDA:166,9999,0,100
BRDA:166,9999,1,0
BRDA:166,9999,2,0
BRDA:166,9999,3,100
BRDA:193,9999,0,50
BRDA:193,9999,1,50
BRDA:195,9999,0,99
BRDA:195,9999,1,1
BRDA:198,9999,0,56
BRDA:198,9999,1,44
BRDA:205,9999,0,99
BRDA:205,9999,1,1
BRDA:208,9999,0,48
BRDA:208,9999,1,52
BRDA:208,9999,2,3
BRDA:208,9999,3,97
BRDA:235,9999,0,33
BRDA:235,9999,1,67
BRDA:261,9999,0,95
BRDA:261,9999,1,5
BRDA:263,9999,0,0
BRDA:263,9999,1,100
BRDA:269,9999,0,99
BRDA:269,9999,1,1
BRDA:271,9999,0,95
BRDA:271,9999,1,5
BRDA:274,9999,0,0
BRDA:274,9999,1,100
BRDA:290,9999,0,95
BRDA:290,9999,1,5
BRDA:292,9999,0,0
BRDA:292,9999,1,100
BRDA:303,9999,0,99
BRDA:303,9999,1,1
BRDA:313,9999,0,92
BRDA:313,9999,1,8
BRDA:326,9999,0,99
BRDA:326,9999,1,1
BRDA:336,9999,0,92
BRDA:336,9999,1,8
BRDA:346,9999,0,92
BRDA:346,9999,1,8
BRDA:360,9999,0,50
BRDA:360,9999,1,50
BRDA:363,9999,0,90
BRDA:363,9999,1,10
BRDA:368,9999,0,99
BRDA:368,9999,1,1
BRDA:376,9999,0,99
BRDA:376,9999,1,1
BRDA:382,9999,0,99
BRDA:382,9999,1,1
BRDA:384,9999,0,55
BRDA:384,9999,1,45
BRDA:388,9999,0,60
BRDA:388,9999,1,40
BRDA:398,9999,0,99
BRDA:398,9999,1,1
BRDA:407,9999,0,99
BRDA:407,9999,1,1
BRDA:412,9999,0,91
BRDA:412,9999,1,9
BRDA:414,9999,0,9
BRDA:414,9999,1,91
BRDA:414,9999,2,94
BRDA:414,9999,3,6
BRDA:422,9999,0,44
BRDA:422,9999,1,56
BRDA:430,9999,0,99
BRDA:430,9999,1,1
BRDA:434,9999,0,91
BRDA:434,9999,1,9
BRDA:437,9999,0,100
BRDA:437,9999,1,0
BRDA:438,9999,0,99
BRDA:438,9999,1,1
BRDA:444,9999,0,91
BRDA:444,9999,1,9
BRDA:446,9999,0,5
BRDA:446,9999,1,95
BRDA:458,9999,0,100
BRDA:458,9999,1,0
BRDA:473,9999,0,-
BRDA:473,9999,1,-
BRDA:474,9999,0,-
BRDA:474,9999,1,-
BRDA:476,9999,0,-
BRDA:476,9999,1,-
BRDA:497,9999,0,91
BRDA:497,9999,1,9
BRDA:501,9999,0,90
BRDA:501,9999,1,10
BRDA:506,9999,0,99
BRDA:506,9999,1,1
BRDA:514,9999,0,99
BRDA:514,9999,1,1
BRDA:520,9999,0,99
BRDA:520,9999,1,1
BRDA:522,9999,0,54
BRDA:522,9999,1,46
BRDA:526,9999,0,20
BRDA:526,9999,1,80
BRDA:536,9999,0,99
BRDA:536,9999,1,1
BRDA:545,9999,0,99
BRDA:545,9999,1,1
BRDA:550,9999,0,92
BRDA:550,9999,1,8
BRDA:552,9999,0,9
BRDA:552,9999,1,91
BRDA:552,9999,2,89
BRDA:552,9999,3,11
BRDA:560,9999,0,91
BRDA:560,9999,1,9
BRDA:568,9999,0,99
BRDA:568,9999,1,1
BRDA:572,9999,0,85
BRDA:572,9999,1,15
BRDA:575,9999,0,61
BRDA:575,9999,1,39
BRDA:576,9999,0,99
BRDA:576,9999,1,1
BRDA:582,9999,0,92
BRDA:582,9999,1,8
BRDA:584,9999,0,19
BRDA:584,9999,1,81
BRDA:595,9999,0,10
BRDA:595,9999,1,90
BRDA:600,9999,0,10
BRDA:600,9999,1,90
BRDA:605,9999,0,51
BRDA:605,9999,1,49
BRDA:620,9999,0,92
BRDA:620,9999,1,8
BRDA:621,9999,0,56
BRDA:621,9999,1,44
BRDA:623,9999,0,100
BRDA:623,9999,1,0
BRDA:651,9999,0,0
BRDA:651,9999,1,100
BRDA:664,9999,0,80
BRDA:664,9999,1,20
BRDA:665,9999,0,75
BRDA:665,9999,1,25
BRDA:670,9999,0,80
BRDA:670,9999,1,20
BRDA:671,9999,0,75
BRDA:671,9999,1,25
BRDA:679,9999,0,0
BRDA:679,9999,1,100
BRDA:685,9999,0,0
BRDA:685,9999,1,100
BRDA:691,9999,0,99
BRDA:691,9999,1,1
BRDA:694,9999,0,0
BRDA:694,9999,1,100
BRDA:702,9999,0,99
BRDA:702,9999,1,1
BRDA:704,9999,0,99
BRDA:704,9999,1,1
BRDA:736,9999,1,-
BRDA:736,9999,2,-
BRDA:750,9999,0,-
BRDA:750,9999,1,-
BRDA:763,9999,0,100
BRDA:763,9999,1,0
BRDA:763,9999,2,0
BRDA:763,9999,3,100
BRDA:768,9999,0,99
BRDA:768,9999,1,1
BRDA:782,9999,0,99
BRDA:782,9999,1,1
BRDA:783,9999,0,88
BRDA:783,9999,1,12
BRDA:792,9999,0,99
BRDA:792,9999,1,1
BRDA:793,9999,0,88
BRDA:793,9999,1,12
BRDA:809,9999,0,50
BRDA:809,9999,1,50
BRDA:818,9999,0,0
BRDA:818,9999,1,100
BRDA:834,9999,0,80
BRDA:834,9999,1,20
BRDA:835,9999,0,100
BRDA:835,9999,1,0
BRDA:839,9999,0,80
BRDA:839,9999,1,20
BRDA:840,9999,0,100
BRDA:840,9999,1,0
BRDA:854,9999,0,50
BRDA:854,9999,1,50
BRDA:863,9999,0,0
BRDA:863,9999,1,100
BRDA:872,9999,0,0
BRDA:872,9999,1,100
BRDA:879,9999,0,99
BRDA:879,9999,1,1
BRDA:906,9999,0,100
BRDA:906,9999,1,0
BRDA:910,9999,0,89
BRDA:910,9999,1,11
BRDA:911,9999,0,99
BRDA:911,9999,1,1
BRDA:912,9999,0,50
BRDA:912,9999,1,50
BRDA:921,9999,0,89
BRDA:921,9999,1,11
BRDA:922,9999,0,99
BRDA:922,9999,1,1
BRDA:941,9999,0,99
BRDA:941,9999,1,1
BRDA:943,9999,0,50
BRDA:943,9999,1,50
BRDA:957,9999,0,96
BRDA:957,9999,1,4
BRDA:960,9999,0,99
BRDA:960,9999,1,1
BRDA:961,9999,0,99
BRDA:961,9999,1,1
BRDA:966,9999,0,10
BRDA:966,9999,1,90
BRDA:972,9999,0,2
BRDA:972,9999,1,98
BRDA:978,9999,0,48
BRDA:978,9999,1,52
BRDA:1000,9999,0,100
BRDA:1000,9999,1,0
BRDA:1000,9999,2,0
BRDA:1000,9999,3,100
BRDA:1005,9999,0,100
BRDA:1005,9999,1,0
BRDA:1005,9999,2,0
BRDA:1005,9999,3,100
BRDA:1021,9999,0,100
BRDA:1021,9999,1,0
BRDA:1023,9999,0,100
BRDA:1023,9999,1,0
BRDA:1026,9999,0,95
BRDA:1026,9999,1,5
BRDA:1032,9999,0,100
BRDA:1032,9999,1,0
BRDA:1032,9999,3,100
BRDA:1032,9999,4,0
BRDA:1032,9999,6,100
BRDA:1032,9999,7,0
BRDA:1033,9999,0,99
BRDA:1033,9999,1,1
BRDA:1034,9999,0,1
BRDA:1034,9999,1,99
BRDA:1038,9999,0,25
BRDA:1038,9999,1,75
BRDA:1039,9999,0,1
BRDA:1039,9999,1,99
BRDA:1040,9999,0,67
BRDA:1040,9999,1,33
BRDA:1042,9999,0,75
BRDA:1042,9999,1,25
BRDA:1044,9999,0,100
BRDA:1044,9999,1,0
BRDA:1059,9999,0,99
BRDA:1059,9999,1,1
BRDA:1061,9999,0,1
BRDA:1061,9999,1,99
BRDA:1062,9999,0,0
BRDA:1062,9999,1,100
BRDA:1062,9999,2,-
BRDA:1062,9999,3,-
BRDA:1069,9999,0,1
BRDA:1069,9999,1,99
BRDA:1070,9999,0,13
BRDA:1070,9999,1,88
BRDA:1070,9999,2,100
BRDA:1070,9999,3,0
BRDA:1077,9999,0,1
BRDA:1077,9999,1,99
BRDA:1078,9999,0,0
BRDA:1078,9999,1,100
BRDA:1078,9999,2,-
BRDA:1078,9999,3,-
BRDA:1085,9999,0,0
BRDA:1085,9999,1,100
BRDA:1086,9999,0,-
BRDA:1086,9999,1,-
BRDA:1086,9999,2,-
BRDA:1086,9999,3,-
BRDA:1090,9999,0,-
BRDA:1090,9999,1,-
BRDA:1099,9999,0,1
BRDA:1099,9999,1,99
BRDA:1101,9999,0,100
BRDA:1101,9999,1,0
BRDA:1107,9999,0,100
BRDA:1107,9999,1,0
BRDA:1113,9999,0,100
BRDA:1113,9999,1,0
BRDA:1130,9999,0,100
BRDA:1130,9999,1,0
BRDA:1134,9999,0,0
BRDA:1134,9999,1,100
BRDA:1136,9999,0,-
BRDA:1136,9999,1,-
BRDA:1138,9999,0,-
BRDA:1138,9999,1,-
BRDA:1151,9999,0,90
BRDA:1151,9999,1,10
BRDA:1153,9999,0,11
BRDA:1153,9999,1,89
BRDA:1157,9999,0,0
BRDA:1157,9999,1,100
BRDA:1161,9999,0,13
BRDA:1161,9999,1,88
BRDA:1165,9999,0,14
BRDA:1165,9999,1,86
BRDA:1169,9999,0,17
BRDA:1169,9999,1,83
BRDA:1173,9999,0,20
BRDA:1173,9999,1,80
BRDA:1177,9999,0,25
BRDA:1177,9999,1,75
BRDA:1181,9999,0,33
BRDA:1181,9999,1,67
BRDA:1185,9999,0,50
BRDA:1185,9999,1,50
BRDA:1189,9999,0,100
BRDA:1189,9999,1,0
BRDA:1203,9999,0,0
BRDA:1203,9999,1,100
BRDA:1208,9999,0,0
BRDA:1208,9999,1,100
BRDA:1213,9999,0,0
BRDA:1213,9999,1,100
BRDA:1230,9999,0,0
BRDA:1230,9999,1,100
BRDA:1233,9999,0,-
BRDA:1233,9999,1,-
BRDA:1243,9999,0,100
BRDA:1243,9999,1,0
BRDA:1246,9999,0,0
BRDA:1246,9999,1,100
BRDA:1255,9999,0,99
BRDA:1255,9999,1,1
BRDA:1269,9999,0,99
BRDA:1269,9999,1,1
BRDA:1286,9999,0,-
BRDA:1286,9999,1,-
BRDA:1297,9999,0,-
BRDA:1297,9999,1,-
BRDA:1313,9999,0,0
BRDA:1313,9999,1,100
BRDA:1317,9999,0,0
BRDA:1317,9999,1,100
BRDA:1321,9999,0,95
BRDA:1321,9999,1,5
BRDA:1343,9999,0,95
BRDA:1343,9999,1,5
BRDA:1344,9999,0,3
BRDA:1344,9999,1,97
BRDA:1349,9999,0,8
BRDA:1349,9999,1,92
BRDA:1356,9999,0,100
BRDA:1356,9999,1,0
BRDA:1366,9999,0,100
BRDA:1366,9999,1,0
BRDA:1366,9999,2,100
BRDA:1366,9999,3,0
BRF:388
BRH:303
DA:50,2
DA:80,22160000
DA:82,22160000
DA:83,0
DA:85,22160000
DA:86,22160000
DA:88,0
DA:89,22160000
DA:92,6641
DA:94,6641
DA:95,79692
DA:96,73051
DA:97,13874
DA:98,6641
DA:100,1108
DA:105,1108
DA:106,11081108
DA:108,11080000
DA:110,1108
DA:111,1108
DA:112,1108
DA:113,1108
DA:114,11081108
DA:116,11080000
DA:117,11080000
DA:119,1108
DA:120,1108
DA:121,11081108
DA:122,11080000
DA:124,1108
DA:125,11081108
DA:126,11080000
DA:127,1108
DA:131,1108
DA:135,7416
DA:142,7416
DA:144,7416
DA:145,73037416
DA:147,73030000
DA:148,73030000
DA:149,73030000
DA:150,73030000
DA:151,73030000
DA:153,7416
DA:154,7416
DA:155,7416
DA:156,7416
DA:157,7416
DA:158,7416
DA:159,7416
DA:161,7416
DA:163,1
DA:164,0
DA:166,7415
DA:168,0
DA:169,0
DA:171,7415
DA:177,7415
DA:180,1108
DA:183,1108
DA:189,1108
DA:193,2216
DA:194,1108
DA:195,11081108
DA:196,11080000
DA:197,11080000
DA:198,11080000
DA:199,6249754
DA:205,11081108
DA:206,11080000
DA:207,11080000
DA:208,11080000
DA:213,150204
DA:220,10929796
DA:227,1108
DA:233,6
DA:235,6
DA:237,2
DA:238,2
DA:239,2
DA:240,2
DA:241,2
DA:242,2
DA:243,2
DA:247,4
DA:248,4
DA:249,4
DA:250,4
DA:251,4
DA:252,4
DA:253,4
DA:255,6
DA:257,2
DA:261,42
DA:262,40
DA:263,40
DA:265,0
DA:266,0
DA:269,20002
DA:271,420000
DA:273,400000
DA:274,400000
DA:276,0
DA:277,0
DA:280,20000
DA:281,20000
DA:282,20000
DA:283,20000
DA:284,20000
DA:285,20000
DA:286,20000
DA:290,42
DA:291,40
DA:292,40
DA:294,0
DA:295,0
DA:298,2
DA:300,1883
DA:303,18771883
DA:305,18770000
DA:306,18770000
DA:307,18770000
DA:308,18770000
DA:309,18770000
DA:310,18770000
DA:311,18770000
DA:313,22596
DA:315,20713
DA:316,20713
DA:318,1883
DA:319,1883
DA:320,1883
DA:323,7416
DA:326,72677416
DA:328,72670000
DA:329,72670000
DA:330,72670000
DA:331,72670000
DA:332,72670000
DA:333,72670000
DA:334,72670000
DA:336,88992
DA:337,81576
DA:338,7416
DA:339,7416
DA:340,7416
DA:343,81
DA:346,972
DA:347,891
DA:348,81
DA:349,1108
DA:356,1108
DA:357,1108
DA:358,1108
DA:359,1108
DA:360,3324
DA:362,1108
DA:363,10808
DA:367,9700
DA:368,97009700
DA:370,97000000
DA:371,97000000
DA:373,9700
DA:376,97009700
DA:377,97000000
DA:381,9700
DA:382,97009700
DA:384,97000000
DA:385,53687220
DA:387,43312780
DA:388,97000000
DA:389,58634944
DA:391,38365056
DA:392,97000000
DA:393,97000000
DA:397,9700
DA:398,97009700
DA:399,97000000
DA:404,9700
DA:405,9700
DA:406,9700
DA:407,97009700
DA:409,97000000
DA:410,97000000
DA:412,1114640000
DA:414,1017640000
DA:415,85920000
DA:418,97000000
DA:420,97000000
DA:422,97000000
DA:423,43026980
DA:425,9700
DA:429,9700
DA:430,97009700
DA:431,97000000
DA:434,111464
DA:436,101764
DA:437,101764
DA:438,1017741764
DA:439,1017640000
DA:443,9700
DA:444,111464
DA:446,101764
DA:447,5536
DA:454,1108
DA:458,1108
DA:463,1108
DA:464,1108
DA:467,0
DA:468,0
DA:472,0
DA:473,0
DA:474,0
DA:475,0
DA:476,0
DA:477,0
DA:479,0
DA:482,1108
DA:484,775
DA:491,775
DA:492,775
DA:494,775
DA:496,775
DA:497,8966
DA:499,7416
DA:500,7415
DA:501,74098
DA:505,66683
DA:506,550986683
DA:508,550920000
DA:509,550920000
DA:511,66683
DA:514,587376683
DA:515,587310000
DA:519,66683
DA:520,564416683
DA:522,564350000
DA:523,302170061
DA:525,262179939
DA:526,564350000
DA:527,111623693
DA:529,452726307
DA:530,564350000
DA:531,564350000
DA:535,66683
DA:536,582566683
DA:537,582500000
DA:542,66683
DA:543,66683
DA:544,66683
DA:545,474346683
DA:547,474280000
DA:548,474280000
DA:550,5691140000
DA:552,5216860000
DA:553,422260000
DA:556,474280000
DA:558,474280000
DA:560,474280000
DA:561,430195182
DA:563,66683
DA:567,66683
DA:568,583216683
DA:569,583150000
DA:572,456380
DA:574,389697
DA:575,389697
DA:576,2385958566
DA:577,2385720000
DA:581,66683
DA:582,793937
DA:584,727254
DA:585,137972
DA:593,7415
DA:595,7416
DA:600,775
DA:602,81
DA:603,81
DA:604,81
DA:605,81
DA:607,41
DA:608,41
DA:611,775
DA:614,6641
DA:615,6641
DA:619,6641
DA:620,79681
DA:621,73040
DA:622,41178
DA:623,6641
DA:624,6641
DA:626,0
DA:630,775
DA:645,2
DA:651,2
DA:653,0
DA:654,0
DA:664,10
DA:665,8
DA:666,6
DA:670,10
DA:671,8
DA:672,6
DA:678,2
DA:679,2
DA:681,0
DA:682,0
DA:684,2
DA:685,2
DA:687,0
DA:688,0
DA:691,962
DA:693,960
DA:694,960
DA:696,0
DA:697,0
DA:701,2
DA:702,962
DA:704,615360
DA:706,614400
DA:721,2
DA:730,0
DA:736,0
DA:738,0
DA:739,0
DA:743,0
DA:744,0
DA:745,0
DA:747,0
DA:749,0
DA:750,0
DA:751,0
DA:752,0
DA:754,0
DA:759,2
DA:761,2
DA:762,2
DA:763,2
DA:765,0
DA:766,0
DA:768,20002
DA:770,20000
DA:771,20000
DA:773,2
DA:779,6
DA:782,60006
DA:783,500000
DA:784,440000
DA:785,6
DA:789,6
DA:792,60006
DA:793,500000
DA:794,440000
DA:795,6
DA:800,4
DA:809,4
DA:811,2
DA:815,2
DA:818,4
DA:820,0
DA:821,0
DA:827,4
DA:828,4
DA:834,20
DA:835,16
DA:836,16
DA:839,20
DA:840,16
DA:841,16
DA:854,4
DA:856,2
DA:857,2
DA:858,2
DA:859,2
DA:863,2
DA:865,0
DA:866,0
DA:867,0
DA:871,4
DA:872,4
DA:874,0
DA:875,0
DA:878,4
DA:879,40004
DA:881,40000
DA:882,40000
DA:885,4
DA:887,4
DA:897,2
DA:906,2
DA:909,2
DA:910,18
DA:911,160016
DA:912,160000
DA:913,80000
DA:914,80000
DA:916,80000
DA:917,80000
DA:921,18
DA:922,160016
DA:923,160000
DA:924,160000
DA:925,160000
DA:926,160000
DA:938,2
DA:941,20002
DA:943,40000
DA:945,20000
DA:948,2
DA:950,31
DA:951,31
DA:952,31
DA:956,31
DA:957,806
DA:959,775
DA:960,77775
DA:961,7777000
DA:962,7700000
DA:965,775
DA:966,775
DA:971,81
DA:972,81
DA:974,2
DA:975,2
DA:976,2
DA:978,81
DA:980,39
DA:981,39
DA:982,39
DA:990,31
DA:991,31
DA:992,31
DA:994,2
DA:1000,2
DA:1002,0
DA:1003,0
DA:1005,2
DA:1007,0
DA:1008,0
DA:1017,2
DA:1018,2
DA:1019,2
DA:1020,2
DA:1021,2
DA:1022,2
DA:1023,2
DA:1024,2
DA:1026,42
DA:1027,40
DA:1028,40
DA:1029,40
DA:1031,2
DA:1032,2
DA:1033,15250761536
DA:1034,15250761534
DA:1035,31331995
DA:1038,15219429539
DA:1039,3822830672
DA:1040,6
DA:1041,4
DA:1042,4
DA:1043,3
DA:1044,3
DA:1048,1
DA:1052,2
DA:1056,3822830666
DA:1059,11396598867
DA:1060,11396598861
DA:1061,11396598861
DA:1062,5
DA:1063,0
DA:1064,0
DA:1065,0
DA:1067,5
DA:1069,11396598856
DA:1070,16
DA:1071,2
DA:1072,2
DA:1073,2
DA:1075,16
DA:1077,11396598840
DA:1078,1
DA:1079,0
DA:1080,0
DA:1081,0
DA:1083,1
DA:1085,11396598839
DA:1086,0
DA:1087,0
DA:1089,0
DA:1090,0
DA:1091,0
DA:1092,0
DA:1096,11396598839
DA:1097,11396598839
DA:1099,11396598861
DA:1100,20
DA:1101,20
DA:1106,6
DA:1107,6
DA:1112,2
DA:1113,2
DA:1114,2
DA:1118,2
DA:1125,2
DA:1126,2
DA:1127,2
DA:1128,2
DA:1130,2
DA:1134,2
DA:1136,0
DA:1138,0
DA:1142,2
DA:1143,2
DA:1144,2
DA:1145,2
DA:1146,2
DA:1147,2
DA:1150,2
DA:1151,22
DA:1153,18
DA:1155,2
DA:1157,16
DA:1159,0
DA:1161,16
DA:1163,2
DA:1165,14
DA:1167,2
DA:1169,12
DA:1171,2
DA:1173,10
DA:1175,2
DA:1177,8
DA:1179,2
DA:1181,6
DA:1183,2
DA:1185,4
DA:1187,2
DA:1189,2
DA:1191,2
DA:1195,0
DA:1198,18
DA:1203,2
DA:1205,0
DA:1208,2
DA:1210,0
DA:1213,2
DA:1215,0
DA:1223,2
DA:1230,2
DA:1232,0
DA:1233,0
DA:1235,0
DA:1237,0
DA:1238,0
DA:1239,0
DA:1243,2
DA:1245,2
DA:1246,2
DA:1248,0
DA:1250,2
DA:1251,2
DA:1252,2
DA:1253,2
DA:1254,2
DA:1255,548
DA:1260,544
DA:1262,544
DA:1264,2
DA:1265,2
DA:1266,2
DA:1267,2
DA:1268,2
DA:1269,568
DA:1274,564
DA:1275,564
DA:1277,2
DA:1278,2
DA:1279,2
DA:1280,2
DA:1281,2
DA:1285,0
DA:1286,0
DA:1288,0
DA:1290,0
DA:1291,0
DA:1292,0
DA:1293,0
DA:1295,0
DA:1297,0
DA:1302,0
DA:1304,0
DA:1306,0
DA:1307,0
DA:1308,0
DA:1309,0
DA:1313,2
DA:1315,0
DA:1317,2
DA:1319,0
DA:1321,42
DA:1322,40
DA:1323,40
DA:1324,40
DA:1325,40
DA:1326,40
DA:1327,40
DA:1328,40
DA:1329,40
DA:1332,2
DA:1336,2
DA:1338,2
DA:1339,2
DA:1340,2
DA:1341,2
DA:1342,2
DA:1343,40
DA:1344,38
DA:1345,1
DA:1346,1
DA:1347,1
DA:1349,38
DA:1350,3
DA:1351,3
DA:1352,3
DA:1355,2
DA:1356,2
DA:1357,2
DA:1359,2
DA:1361,0
DA:1362,0
DA:1364,0
DA:1365,0
DA:1366,37
LF:634
LH:532
end_of_record
SF:/usr/include/bits/stdio2.h
DA:99,86
DA:105,972
LF:2
LH:2
end_of_record
SF:/usr/include/stdlib.h
DA:286,12
LF:1
LH:1
end_of_record
SF:/usr/include/c++/4.5/bits/stl_algobase.h
FN:270,_ZSt14__copy_move_a2ILb0EN9__gnu_cxx17__normal_iteratorIPKiSt6vectorIiSaIiEEEEPiET1_T0_SA_S9_
FN:270,_ZSt4copyIN9__gnu_cxx17__normal_iteratorIPKPFPvS2_ESt6vectorIS4_SaIS4_EEEEPS4_ET0_T_SD_SC_
FN:270,_ZSt14__copy_move_a2ILb0EN9__gnu_cxx17__normal_iteratorIPKPFPvS2_ESt6vectorIS4_SaIS4_EEEEPS4_ET1_T0_SD_SC_
FN:270,_ZSt4copyIN9__gnu_cxx17__normal_iteratorIPKiSt6vectorIiSaIiEEEEPiET0_T_SA_S9_
FN:270,_ZSt4copyIN9__gnu_cxx17__normal_iteratorIPKPvSt6vectorIS2_SaIS2_EEEEPS2_ET0_T_SB_SA_
FN:270,_ZSt14__copy_move_a2ILb0EN9__gnu_cxx17__normal_iteratorIPKPvSt6vectorIS2_SaIS2_EEEEPS2_ET1_T0_SB_SA_
FN:382,_ZNSt11__copy_moveILb0ELb1ESt26random_access_iterator_tagE8__copy_mIPFPvS3_EEEPT_PKS6_S9_S7_
FN:382,_ZNSt11__copy_moveILb0ELb1ESt26random_access_iterator_tagE8__copy_mIPvEEPT_PKS4_S7_S5_
FN:382,_ZNSt11__copy_moveILb0ELb1ESt26random_access_iterator_tagE8__copy_mIiEEPT_PKS3_S6_S4_
FN:547,_ZNSt20__copy_move_backwardILb0ELb0ESt26random_access_iterator_tagE13__copy_move_bIP21_parallel_loop_threadS4_EET0_T_S6_S5_
FN:577,_ZNSt20__copy_move_backwardILb0ELb1ESt26random_access_iterator_tagE13__copy_move_bIiEEPT_PKS3_S6_S4_
FN:577,_ZNSt20__copy_move_backwardILb0ELb1ESt26random_access_iterator_tagE13__copy_move_bIPvEEPT_PKS4_S7_S5_
FN:577,_ZNSt20__copy_move_backwardILb0ELb1ESt26random_access_iterator_tagE13__copy_move_bIPFPvS3_EEEPT_PKS6_S9_S7_
FN:692,_ZSt8__fill_aIP21_parallel_loop_threadS0_EN9__gnu_cxx11__enable_ifIXntsrSt11__is_scalarIT0_E7__valueEvE6__typeET_S9_RKS5_
FNDA:2,_ZNSt11__copy_moveILb0ELb1ESt26random_access_iterator_tagE8__copy_mIiEEPT_PKS3_S6_S4_
FNDA:6,_ZNSt11__copy_moveILb0ELb1ESt26random_access_iterator_tagE8__copy_mIPFPvS3_EEEPT_PKS6_S9_S7_
FNDA:6,_ZNSt11__copy_moveILb0ELb1ESt26random_access_iterator_tagE8__copy_mIPvEEPT_PKS4_S7_S5_
FNDA:2,_ZSt14__copy_move_a2ILb0EN9__gnu_cxx17__normal_iteratorIPKiSt6vectorIiSaIiEEEEPiET1_T0_SA_S9_
FNDA:2,_ZSt14__copy_move_a2ILb0EN9__gnu_cxx17__normal_iteratorIPKPFPvS2_ESt6vectorIS4_SaIS4_EEEEPS4_ET1_T0_SD_SC_
FNDA:2,_ZSt14__copy_move_a2ILb0EN9__gnu_cxx17__normal_iteratorIPKPvSt6vectorIS2_SaIS2_EEEEPS2_ET1_T0_SB_SA_
FNDA:2,_ZSt4copyIN9__gnu_cxx17__normal_iteratorIPKiSt6vectorIiSaIiEEEEPiET0_T_SA_S9_
FNDA:2,_ZSt4copyIN9__gnu_cxx17__normal_iteratorIPKPFPvS2_ESt6vectorIS4_SaIS4_EEEEPS4_ET0_T_SD_SC_
FNDA:2,_ZSt4copyIN9__gnu_cxx17__normal_iteratorIPKPvSt6vectorIS2_SaIS2_EEEEPS2_ET0_T_SB_SA_
FNDA:0,_ZNSt20__copy_move_backwardILb0ELb0ESt26random_access_iterator_tagE13__copy_move_bIP21_parallel_loop_threadS4_EET0_T_S6_S5_
FNDA:0,_ZNSt20__copy_move_backwardILb0ELb1ESt26random_access_iterator_tagE13__copy_move_bIiEEPT_PKS3_S6_S4_
FNDA:0,_ZNSt20__copy_move_backwardILb0ELb1ESt26random_access_iterator_tagE13__copy_move_bIPFPvS3_EEEPT_PKS6_S9_S7_
FNDA:0,_ZNSt20__copy_move_backwardILb0ELb1ESt26random_access_iterator_tagE13__copy_move_bIPvEEPT_PKS4_S7_S5_
FNDA:20,_ZSt8__fill_aIP21_parallel_loop_threadS0_EN9__gnu_cxx11__enable_ifIXntsrSt11__is_scalarIT0_E7__valueEvE6__typeET_S9_RKS5_
FNF:14
FNH:10
BRDA:214,9999,0,-
BRDA:214,9999,1,-
BRDA:214,9999,2,100
BRDA:214,9999,3,0
BRDA:214,9999,4,100
BRDA:214,9999,5,0
BRDA:214,9999,6,18
BRDA:214,9999,7,82
BRDA:385,9999,0,0
BRDA:385,9999,1,100
BRDA:385,9999,2,33
BRDA:385,9999,3,67
BRDA:385,9999,4,33
BRDA:385,9999,5,67
BRDA:550,9999,0,-
BRDA:550,9999,1,-
BRDA:580,9999,0,-
BRDA:580,9999,1,-
BRDA:580,9999,2,-
BRDA:580,9999,3,-
BRDA:580,9999,4,-
BRDA:580,9999,5,-
BRDA:695,9999,0,0
BRDA:695,9999,1,100
BRF:24
BRH:10
DA:214,15
DA:215,6
DA:216,9
DA:270,76
DA:279,12
DA:292,8
DA:382,14
DA:384,14
DA:385,14
DA:386,4
DA:387,14
DA:401,14
DA:404,14
DA:438,6
DA:442,18
DA:464,6
DA:474,30
DA:547,0
DA:550,0
DA:551,0
DA:552,0
DA:577,0
DA:579,0
DA:580,0
DA:581,0
DA:582,0
DA:596,0
DA:601,0
DA:610,0
DA:645,0
DA:692,20
DA:695,20
DA:696,0
DA:697,20
DA:742,40
LF:35
LH:21
end_of_record
SF:/usr/include/c++/4.5/bits/stl_construct.h
FN:75,_ZSt10_ConstructI21_parallel_loop_threadS0_EvPT_RKT0_
FNDA:77,_ZSt10_ConstructI21_parallel_loop_threadS0_EvPT_RKT0_
FNF:1
FNH:1
BRDA:80,9999,0,100
BRDA:80,9999,1,0
BRF:2
BRH:1
DA:75,77
DA:80,154
DA:81,77
LF:3
LH:3
end_of_record
SF:/usr/include/c++/4.5/bits/stl_function.h
DA:230,465
DA:489,606
LF:2
LH:2
end_of_record
SF:/usr/include/c++/4.5/bits/stl_iterator.h
DA:715,90
DA:728,0
DA:780,160
DA:802,8
DA:887,70
LF:5
LH:4
end_of_record
SF:/usr/include/c++/4.5/bits/stl_map.h
BRDA:501,9999,0,100
BRDA:501,9999,1,0
BRF:2
BRH:1
DA:87,2
DA:151,2
DA:308,0
DA:326,33
DA:417,2
DA:501,31
DA:664,0
DA:697,64
LF:8
LH:6
end_of_record
SF:/usr/include/c++/4.5/bits/stl_pair.h
DA:88,62
DA:116,31
LF:2
LH:2
end_of_record
SF:/usr/include/c++/4.5/bits/stl_tree.h
FN:171,_ZNSt8_Rb_treeImSt4pairIKmiESt10_Select1stIS2_ESt4lessImESaIS2_EE10_M_insert_EPKSt18_Rb_tree_node_baseSB_RKS2_
FN:171,_ZNSt8_Rb_treeImSt4pairIKmiESt10_Select1stIS2_ESt4lessImESaIS2_EE16_M_insert_uniqueERKS2_
FN:171,_ZNSt8_Rb_treeImSt4pairIKmiESt10_Select1stIS2_ESt4lessImESaIS2_EE14_M_lower_boundEPSt13_Rb_tree_nodeIS2_ESB_RS1_
FN:171,_ZNSt8_Rb_treeImSt4pairIKmiESt10_Select1stIS2_ESt4lessImESaIS2_EE4findERS1_
FN:350,_ZNSt8_Rb_treeImSt4pairIKmiESt10_Select1stIS2_ESt4lessImESaIS2_EE15_M_destroy_nodeEPSt13_Rb_tree_nodeIS2_E
FN:350,_ZNSt8_Rb_treeImSt4pairIKmiESt10_Select1stIS2_ESt4lessImESaIS2_EE14_M_create_nodeERKS2_
FN:358,_ZNSt8_Rb_treeImSt4pairIKmiESt10_Select1stIS2_ESt4lessImESaIS2_EE11_M_get_nodeEv
FN:427,_ZNSt8_Rb_treeImSt4pairIKmiESt10_Select1stIS2_ESt4lessImESaIS2_EED2Ev
FN:434,_ZNSt8_Rb_treeImSt4pairIKmiESt10_Select1stIS2_ESt4lessImESaIS2_EEC2Ev
FN:458,_ZNSt8_Rb_treeImSt4pairIKmiESt10_Select1stIS2_ESt4lessImESaIS2_EE5clearEv
FN:509,_ZNSt8_Rb_treeImSt4pairIKmiESt10_Select1stIS2_ESt4lessImESaIS2_EE8_M_eraseEPSt13_Rb_tree_nodeIS2_E
FNDA:31,_ZNSt8_Rb_treeImSt4pairIKmiESt10_Select1stIS2_ESt4lessImESaIS2_EE11_M_get_nodeEv
FNDA:31,_ZNSt8_Rb_treeImSt4pairIKmiESt10_Select1stIS2_ESt4lessImESaIS2_EE14_M_create_nodeERKS2_
FNDA:31,_ZNSt8_Rb_treeImSt4pairIKmiESt10_Select1stIS2_ESt4lessImESaIS2_EE15_M_destroy_nodeEPSt13_Rb_tree_nodeIS2_E
FNDA:2,_ZNSt8_Rb_treeImSt4pairIKmiESt10_Select1stIS2_ESt4lessImESaIS2_EEC2Ev
FNDA:2,_ZNSt8_Rb_treeImSt4pairIKmiESt10_Select1stIS2_ESt4lessImESaIS2_EED2Ev
FNDA:0,_ZNSt8_Rb_treeImSt4pairIKmiESt10_Select1stIS2_ESt4lessImESaIS2_EE5clearEv
FNDA:31,_ZNSt8_Rb_treeImSt4pairIKmiESt10_Select1stIS2_ESt4lessImESaIS2_EE10_M_insert_EPKSt18_Rb_tree_node_baseSB_RKS2_
FNDA:33,_ZNSt8_Rb_treeImSt4pairIKmiESt10_Select1stIS2_ESt4lessImESaIS2_EE8_M_eraseEPSt13_Rb_tree_nodeIS2_E
FNDA:64,_ZNSt8_Rb_treeImSt4pairIKmiESt10_Select1stIS2_ESt4lessImESaIS2_EE14_M_lower_boundEPSt13_Rb_tree_nodeIS2_ESB_RS1_
FNDA:31,_ZNSt8_Rb_treeImSt4pairIKmiESt10_Select1stIS2_ESt4lessImESaIS2_EE16_M_insert_uniqueERKS2_
FNDA:62,_ZNSt8_Rb_treeImSt4pairIKmiESt10_Select1stIS2_ESt4lessImESaIS2_EE4findERS1_
FNF:11
FNH:10
BRDA:897,9999,0,100
BRDA:897,9999,1,0
BRDA:897,9999,2,94
BRDA:897,9999,3,6
BRDA:897,9999,4,100
BRDA:897,9999,5,0
BRDA:986,9999,0,48
BRDA:986,9999,1,52
BRDA:1003,9999,0,80
BRDA:1003,9999,1,20
BRDA:1004,9999,0,78
BRDA:1004,9999,1,22
BRDA:1181,9999,0,78
BRDA:1181,9999,1,22
BRDA:1185,9999,0,100
BRDA:1185,9999,1,0
BRDA:1188,9999,0,100
BRDA:1188,9999,1,0
BRDA:1190,9999,0,100
BRDA:1190,9999,1,0
BRDA:1195,9999,0,-
BRDA:1195,9999,1,-
BRDA:1522,9999,0,97
BRDA:1522,9999,1,3
BRDA:1522,9999,2,0
BRDA:1522,9999,3,100
BRF:26
BRH:18
DA:167,0
DA:171,256
DA:179,31
DA:191,0
DA:192,0
DA:199,0
DA:200,0
DA:213,95
DA:217,33
DA:350,62
DA:354,62
DA:358,31
DA:359,31
DA:363,31
DA:367,31
DA:369,31
DA:371,62
DA:377,31
DA:381,31
DA:383,62
DA:385,31
DA:427,2
DA:434,4
DA:446,2
DA:447,2
DA:448,2
DA:449,2
DA:458,0
DA:466,0
DA:474,0
DA:482,95
DA:493,124
DA:501,374
DA:505,374
DA:509,347
DA:517,89
DA:525,91
DA:529,91
DA:591,4
DA:613,2
DA:614,4
DA:628,31
DA:640,99
DA:667,2
DA:742,0
DA:744,0
DA:745,0
DA:746,0
DA:747,0
DA:748,0
DA:749,0
DA:892,31
DA:897,149
DA:899,31
DA:901,31
DA:904,31
DA:982,33
DA:986,97
DA:988,62
DA:989,31
DA:990,31
DA:991,31
DA:993,33
DA:999,64
DA:1003,390
DA:1004,524
DA:1005,204
DA:1007,58
DA:1175,31
DA:1180,31
DA:1181,174
DA:1183,112
DA:1184,224
DA:1185,224
DA:1188,31
DA:1190,31
DA:1191,31
DA:1195,0
DA:1196,0
DA:1197,0
DA:1516,62
DA:1519,62
DA:1522,250
LF:83
LH:65
end_of_record
SF:/usr/include/c++/4.5/bits/stl_uninitialized.h
FN:67,_ZNSt20__uninitialized_copyILb0EE18uninitialized_copyIP21_parallel_loop_threadS3_EET0_T_S5_S4_
FN:92,_ZSt18uninitialized_copyIN9__gnu_cxx17__normal_iteratorIPKPvSt6vectorIS2_SaIS2_EEEEPS2_ET0_T_SB_SA_
FN:92,_ZSt18uninitialized_copyIN9__gnu_cxx17__normal_iteratorIPKiSt6vectorIiSaIiEEEEPiET0_T_SA_S9_
FN:92,_ZSt18uninitialized_copyIN9__gnu_cxx17__normal_iteratorIPKPFPvS2_ESt6vectorIS4_SaIS4_EEEEPS4_ET0_T_SD_SC_
FN:241,_ZNSt22__uninitialized_fill_nILb0EE20uninitialized_fill_nIP21_parallel_loop_threadjS2_EEvT_T0_RKT1_
FNDA:42,_ZNSt20__uninitialized_copyILb0EE18uninitialized_copyIP21_parallel_loop_threadS3_EET0_T_S5_S4_
FNDA:2,_ZSt18uninitialized_copyIN9__gnu_cxx17__normal_iteratorIPKiSt6vectorIiSaIiEEEEPiET0_T_SA_S9_
FNDA:2,_ZSt18uninitialized_copyIN9__gnu_cxx17__normal_iteratorIPKPFPvS2_ESt6vectorIS4_SaIS4_EEEEPS4_ET0_T_SD_SC_
FNDA:2,_ZSt18uninitialized_copyIN9__gnu_cxx17__normal_iteratorIPKPvSt6vectorIS2_SaIS2_EEEEPS2_ET0_T_SB_SA_
FNDA:31,_ZNSt22__uninitialized_fill_nILb0EE20uninitialized_fill_nIP21_parallel_loop_threadjS2_EEvT_T0_RKT1_
FNF:5
FNH:5
BRDA:73,9999,0,52
BRDA:73,9999,1,48
BRDA:247,9999,0,50
BRDA:247,9999,1,50
BRF:4
BRH:4
DA:67,42
DA:70,42
DA:73,88
DA:74,46
DA:75,42
DA:92,14
DA:106,6
DA:116,56
DA:241,31
DA:244,31
DA:247,62
DA:248,31
DA:255,31
DA:284,31
DA:318,56
DA:328,50
LF:16
LH:16
end_of_record
SF:/usr/include/c++/4.5/bits/stl_vector.h
FN:75,_ZNSt12_Vector_baseIPvSaIS0_EEC2EjRKS1_
FN:75,_ZNSt12_Vector_baseIPFPvS0_ESaIS2_EED2Ev
FN:75,_ZNSt12_Vector_baseIPvSaIS0_EED2Ev
FN:75,_ZNSt12_Vector_baseIiSaIiEEC2EjRKS0_
FN:75,_ZNSt12_Vector_baseI21_parallel_loop_threadSaIS0_EED2Ev
FN:75,_ZNSt12_Vector_baseIPFPvS0_ESaIS2_EEC2EjRKS3_
FN:75,_ZNSt12_Vector_baseIiSaIiEED2Ev
FN:94,_ZNSt6vectorI21_parallel_loop_threadSaIS0_EE6resizeEjS0_
FN:94,_ZNSt6vectorIiSaIiEED2Ev
FN:94,_ZNSt6vectorIiSaIiEEC2ERKS1_
FN:94,_ZNSt6vectorI21_parallel_loop_threadSaIS0_EED2Ev
FN:94,_ZNSt6vectorIPvSaIS0_EEC2ERKS2_
FN:94,_ZNSt6vectorIPFPvS0_ESaIS2_EEC2ERKS4_
FN:94,_ZNSt6vectorIPvSaIS0_EED2Ev
FN:94,_ZNSt6vectorIPFPvS0_ESaIS2_EED2Ev
FN:98,_ZNKSt6vectorIPFPvS0_ESaIS2_EE12_M_check_lenEjPKc
FN:98,_ZNKSt6vectorIiSaIiEE12_M_check_lenEjPKc
FN:98,_ZNKSt6vectorIPvSaIS0_EE12_M_check_lenEjPKc
FN:98,_ZNKSt6vectorI21_parallel_loop_threadSaIS0_EE12_M_check_lenEjPKc
FN:139,_ZNSt12_Vector_baseI21_parallel_loop_threadSaIS0_EE11_M_allocateEj
FN:139,_ZNSt12_Vector_baseIPvSaIS0_EE11_M_allocateEj
FN:139,_ZNSt12_Vector_baseIPFPvS0_ESaIS2_EE11_M_allocateEj
FN:139,_ZNSt12_Vector_baseIiSaIiEE11_M_allocateEj
FN:436,_ZNKSt6vectorI21_parallel_loop_threadSaIS0_EE5emptyEv
FN:436,_ZNKSt6vectorIiSaIiEE5emptyEv
FN:445,_ZNSt6vectorIiSaIiEE9push_backERKi
FN:445,_ZNSt6vectorIPFPvS0_ESaIS2_EE9push_backERKS2_
FN:445,_ZNSt6vectorIPvSaIS0_EE9push_backERKS0_
FNDA:2,_ZNSt12_Vector_baseIiSaIiEEC2EjRKS0_
FNDA:2,_ZNSt12_Vector_baseIPFPvS0_ESaIS2_EEC2EjRKS3_
FNDA:2,_ZNSt12_Vector_baseIPvSaIS0_EEC2EjRKS1_
FNDA:2,_ZNSt12_Vector_baseI21_parallel_loop_threadSaIS0_EED2Ev
FNDA:4,_ZNSt12_Vector_baseIiSaIiEED2Ev
FNDA:4,_ZNSt12_Vector_baseIPFPvS0_ESaIS2_EED2Ev
FNDA:4,_ZNSt12_Vector_baseIPvSaIS0_EED2Ev
FNDA:2,_ZNSt12_Vector_baseIiSaIiEE11_M_allocateEj
FNDA:4,_ZNSt12_Vector_baseIPFPvS0_ESaIS2_EE11_M_allocateEj
FNDA:4,_ZNSt12_Vector_baseIPvSaIS0_EE11_M_allocateEj
FNDA:11,_ZNSt12_Vector_baseI21_parallel_loop_threadSaIS0_EE11_M_allocateEj
FNDA:2,_ZNSt6vectorIiSaIiEEC2ERKS1_
FNDA:2,_ZNSt6vectorIPFPvS0_ESaIS2_EEC2ERKS4_
FNDA:2,_ZNSt6vectorIPvSaIS0_EEC2ERKS2_
FNDA:2,_ZNSt6vectorI21_parallel_loop_threadSaIS0_EED2Ev
FNDA:4,_ZNSt6vectorIiSaIiEED2Ev
FNDA:4,_ZNSt6vectorIPFPvS0_ESaIS2_EED2Ev
FNDA:4,_ZNSt6vectorIPvSaIS0_EED2Ev
FNDA:31,_ZNSt6vectorI21_parallel_loop_threadSaIS0_EE6resizeEjS0_
FNDA:2,_ZNKSt6vectorIiSaIiEE5emptyEv
FNDA:2,_ZNKSt6vectorI21_parallel_loop_threadSaIS0_EE5emptyEv
FNDA:0,_ZNSt6vectorIiSaIiEE9push_backERKi
FNDA:2,_ZNSt6vectorIPFPvS0_ESaIS2_EE9push_backERKS2_
FNDA:2,_ZNSt6vectorIPvSaIS0_EE9push_backERKS0_
FNDA:0,_ZNKSt6vectorIiSaIiEE12_M_check_lenEjPKc
FNDA:2,_ZNKSt6vectorIPFPvS0_ESaIS2_EE12_M_check_lenEjPKc
FNDA:2,_ZNKSt6vectorIPvSaIS0_EE12_M_check_lenEjPKc
FNDA:11,_ZNKSt6vectorI21_parallel_loop_threadSaIS0_EE12_M_check_lenEjPKc
FNF:28
FNH:26
BRDA:113,9999,0,100
BRDA:113,9999,1,0
BRDA:113,9999,3,100
BRDA:113,9999,4,0
BRDA:113,9999,6,100
BRDA:113,9999,7,0
BRDA:140,9999,0,0
BRDA:140,9999,1,100
BRDA:140,9999,3,100
BRDA:140,9999,4,0
BRDA:140,9999,6,100
BRDA:140,9999,7,0
BRDA:140,9999,9,100
BRDA:140,9999,10,0
BRDA:145,9999,0,100
BRDA:145,9999,1,0
BRDA:145,9999,2,0
BRDA:145,9999,3,100
BRDA:145,9999,4,100
BRDA:145,9999,5,0
BRDA:145,9999,6,100
BRDA:145,9999,7,0
BRDA:145,9999,8,82
BRDA:145,9999,9,18
BRDA:145,9999,10,-
BRDA:145,9999,11,-
BRDA:145,9999,12,0
BRDA:145,9999,13,100
BRDA:145,9999,14,0
BRDA:145,9999,15,100
BRDA:555,9999,0,0
BRDA:555,9999,1,100
BRDA:743,9999,0,-
BRDA:743,9999,1,-
BRDA:743,9999,2,0
BRDA:743,9999,3,100
BRDA:743,9999,4,0
BRDA:743,9999,5,100
BRDA:1140,9999,0,-
BRDA:1140,9999,1,-
BRDA:1140,9999,2,0
BRDA:1140,9999,3,100
BRDA:1140,9999,4,0
BRDA:1140,9999,5,100
BRDA:1140,9999,6,0
BRDA:1140,9999,7,100
BRDA:1144,9999,0,-
BRDA:1144,9999,1,-
BRDA:1144,9999,2,-
BRDA:1144,9999,3,-
BRDA:1144,9999,4,100
BRDA:1144,9999,5,0
BRDA:1144,9999,6,0
BRDA:1144,9999,7,100
BRDA:1144,9999,8,100
BRDA:1144,9999,9,0
BRDA:1144,9999,10,0
BRDA:1144,9999,11,100
BRDA:1144,9999,12,100
BRDA:1144,9999,13,0
BRDA:1144,9999,14,0
BRDA:1144,9999,15,100
BRF:62
BRH:27
DA:75,14
DA:81,16
DA:85,12
DA:94,116
DA:98,36
DA:105,8
DA:110,6
DA:111,6
DA:113,6
DA:114,6
DA:115,6
DA:116,6
DA:131,14
DA:132,14
DA:133,28
DA:139,21
DA:140,21
DA:145,29
DA:146,19
DA:208,8
DA:241,6
DA:242,12
DA:243,18
DA:247,6
DA:312,14
DA:313,28
DA:314,28
DA:427,15
DA:436,10
DA:445,55
DA:454,10
DA:534,185
DA:539,60
DA:553,31
DA:555,31
DA:556,0
DA:558,31
DA:559,31
DA:582,4
DA:583,4
DA:619,161
DA:741,4
DA:743,4
DA:745,0
DA:746,0
DA:749,4
DA:750,4
DA:859,31
DA:955,0
DA:1138,15
DA:1140,26
DA:1141,0
DA:1143,30
DA:1144,34
DA:1154,0
DA:1155,0
LF:56
LH:49
end_of_record
SF:/usr/include/bits/unistd.h
BRDA:37,9999,0,100
BRDA:37,9999,1,0
BRDA:37,9999,2,100
BRDA:37,9999,3,0
BRDA:37,9999,4,100
BRDA:37,9999,5,0
BRDA:37,9999,6,0
BRDA:37,9999,7,100
BRDA:37,9999,8,100
BRDA:37,9999,9,0
BRDA:37,9999,10,100
BRDA:37,9999,11,0
BRDA:37,9999,12,100
BRDA:37,9999,13,0
BRDA:37,9999,14,0
BRDA:37,9999,15,100
BRDA:39,9999,0,0
BRDA:39,9999,1,100
BRDA:39,9999,2,0
BRDA:39,9999,3,100
BRDA:39,9999,4,0
BRDA:39,9999,5,100
BRDA:39,9999,6,-
BRDA:39,9999,7,-
BRDA:39,9999,8,0
BRDA:39,9999,9,100
BRDA:39,9999,10,0
BRDA:39,9999,11,100
BRDA:39,9999,12,0
BRDA:39,9999,13,100
BRDA:39,9999,14,-
BRDA:39,9999,15,-
BRDA:42,9999,0,0
BRDA:42,9999,1,100
BRDA:42,9999,2,0
BRDA:42,9999,3,100
BRDA:42,9999,4,0
BRDA:42,9999,5,100
BRDA:42,9999,6,-
BRDA:42,9999,7,-
BRDA:42,9999,8,0
BRDA:42,9999,9,100
BRDA:42,9999,10,0
BRDA:42,9999,11,100
BRDA:42,9999,12,0
BRDA:42,9999,13,100
BRDA:42,9999,14,-
BRDA:42,9999,15,-
BRF:48
BRH:20
DA:37,24
DA:39,18
DA:40,0
DA:42,18
DA:43,0
DA:45,24
LF:6
LH:4
end_of_record
SF:/usr/include/c++/4.5/bits/vector.tcc
FNDA:0,_ZNSt6vectorIiSaIiEE13_M_insert_auxEN9__gnu_cxx17__normal_iteratorIPiS1_EERKi
FNDA:2,_ZNSt6vectorIPFPvS0_ESaIS2_EE13_M_insert_auxEN9__gnu_cxx17__normal_iteratorIPS2_S4_EERKS2_
FNDA:2,_ZNSt6vectorIPvSaIS0_EE13_M_insert_auxEN9__gnu_cxx17__normal_iteratorIPS0_S2_EERKS0_
FNDA:31,_ZNSt6vectorI21_parallel_loop_threadSaIS0_EE14_M_fill_insertEN9__gnu_cxx17__normal_iteratorIPS0_S2_EEjRKS0_
FNF:4
FNH:3
BRDA:299,9999,0,-
BRDA:299,9999,1,-
BRDA:299,9999,2,0
BRDA:299,9999,3,100
BRDA:299,9999,4,0
BRDA:299,9999,5,100
BRDA:375,9999,0,100
BRDA:375,9999,1,0
BRDA:377,9999,0,65
BRDA:377,9999,1,35
BRDA:383,9999,0,0
BRDA:383,9999,1,100
BRF:12
BRH:6
DA:295,4
DA:299,4
DA:301,0
DA:304,0
DA:306,0
DA:308,0
DA:312,0
DA:320,4
DA:321,4
DA:322,4
DA:323,4
DA:330,4
DA:336,4
DA:338,12
DA:342,4
DA:344,16
DA:359,8
DA:361,4
DA:364,4
DA:365,4
DA:366,4
DA:368,4
DA:372,31
DA:375,31
DA:377,31
DA:380,20
DA:381,20
DA:382,20
DA:383,20
DA:385,0
DA:389,0
DA:390,0
DA:392,0
DA:397,40
DA:401,20
DA:402,60
DA:405,20
DA:406,20
DA:412,11
DA:413,11
DA:414,11
DA:415,11
DA:419,22
DA:422,11
DA:424,33
DA:429,11
DA:431,44
DA:449,22
DA:451,11
DA:454,11
DA:455,11
DA:456,11
DA:459,31
LF:53
LH:44
end_of_record
