TN:
SF:/usr/include/c++/4.5/bits/allocator.h
FN:101,_ZNSaISt13_Rb_tree_nodeIPvEEC2Ev
FN:101,_ZNSaIPvEC2Ev
FN:101,_ZNSaI17_loop_spec_threadEC2Ev
FN:101,_ZNSaISt13_Rb_tree_nodeISt4pairIKmiEEEC2Ev
FN:101,_ZNSaIiEC2Ev
FN:101,_ZNSaISt13_Rb_tree_nodeIiEEC2Ev
FN:101,_ZNSaIPFPvS_EEC2Ev
FN:101,_ZNSaISt13_Rb_tree_nodeISt4pairIKPv16_data_access_logEEEC2Ev
FN:103,_ZNSaISt13_Rb_tree_nodeIPvEEC2ERKS2_
FN:103,_ZNSaIPFPvS_EEC2ERKS2_
FN:103,_ZNSaIPvEC2ERKS0_
FN:103,_ZNSaISt13_Rb_tree_nodeIiEEC2ERKS1_
FN:103,_ZNSaIiEC2ERKS_
FN:107,_ZNSaIiEC2ISt13_Rb_tree_nodeIiEEERKSaIT_E
FN:107,_ZNSaISt4pairIKmiEEC2ISt13_Rb_tree_nodeIS1_EEERKSaIT_E
FN:107,_ZNSaISt4pairIKPv16_data_access_logEEC2ISt13_Rb_tree_nodeIS3_EEERKSaIT_E
FN:107,_ZNSaIPvEC2ISt13_Rb_tree_nodeIS_EEERKSaIT_E
FN:109,_ZNSaI17_loop_spec_threadED2Ev
FN:109,_ZNSaIPFPvS_EED2Ev
FN:109,_ZNSaISt13_Rb_tree_nodeISt4pairIKPv16_data_access_logEEED2Ev
FN:109,_ZNSaISt4pairIKmiEED2Ev
FN:109,_ZNSaIiED2Ev
FN:109,_ZNSaISt13_Rb_tree_nodeISt4pairIKmiEEED2Ev
FN:109,_ZNSaISt4pairIKPv16_data_access_logEED2Ev
FN:109,_ZNSaISt13_Rb_tree_nodeIiEED2Ev
FN:109,_ZNSaISt13_Rb_tree_nodeIPvEED2Ev
FN:109,_ZNSaIPvED2Ev
FNDA:1162,_ZNSaIiEC2Ev
FNDA:432,_ZNSaISt13_Rb_tree_nodeIPvEEC2Ev
FNDA:2,_ZNSaISt13_Rb_tree_nodeISt4pairIKmiEEEC2Ev
FNDA:346,_ZNSaISt13_Rb_tree_nodeIiEEC2Ev
FNDA:347,_ZNSaIPvEC2Ev
FNDA:2,_ZNSaI17_loop_spec_threadEC2Ev
FNDA:2,_ZNSaISt13_Rb_tree_nodeISt4pairIKPv16_data_access_logEEEC2Ev
FNDA:1,_ZNSaIPFPvS_EEC2Ev
FNDA:1042,_ZNSaIiEC2ERKS_
FNDA:1340,_ZNSaISt13_Rb_tree_nodeIPvEEC2ERKS2_
FNDA:4,_ZNSaIPFPvS_EEC2ERKS2_
FNDA:1042,_ZNSaIPvEC2ERKS0_
FNDA:1038,_ZNSaISt13_Rb_tree_nodeIiEEC2ERKS1_
FNDA:0,_ZNSaIiEC2ISt13_Rb_tree_nodeIiEEERKSaIT_E
FNDA:2920,_ZNSaIPvEC2ISt13_Rb_tree_nodeIS_EEERKSaIT_E
FNDA:432,_ZNSaISt4pairIKmiEEC2ISt13_Rb_tree_nodeIS1_EEERKSaIT_E
FNDA:692,_ZNSaISt4pairIKPv16_data_access_logEEC2ISt13_Rb_tree_nodeIS3_EEERKSaIT_E
FNDA:1772,_ZNSaISt13_Rb_tree_nodeIPvEED2Ev
FNDA:2,_ZNSaISt13_Rb_tree_nodeISt4pairIKmiEEED2Ev
FNDA:1384,_ZNSaISt13_Rb_tree_nodeIiEED2Ev
FNDA:2,_ZNSaISt13_Rb_tree_nodeISt4pairIKPv16_data_access_logEEED2Ev
FNDA:2204,_ZNSaIiED2Ev
FNDA:4309,_ZNSaIPvED2Ev
FNDA:2,_ZNSaI17_loop_spec_threadED2Ev
FNDA:5,_ZNSaIPFPvS_EED2Ev
FNDA:432,_ZNSaISt4pairIKmiEED2Ev
FNDA:692,_ZNSaISt4pairIKPv16_data_access_logEED2Ev
FNF:27
FNH:26
DA:101,2294
DA:103,4466
DA:104,4466
DA:107,4044
DA:109,10804
LF:5
LH:5
end_of_record
SF:/usr/include/c++/4.5/bits/basic_ios.h
FN:46,_ZSt13__check_facetISt5ctypeIcEERKT_PS3_
FN:127,_ZNKSt9basic_iosIcSt11char_traitsIcEE7rdstateEv
FN:147,_ZNSt9basic_iosIcSt11char_traitsIcEE8setstateESt12_Ios_Iostate
FN:439,_ZNKSt9basic_iosIcSt11char_traitsIcEE5widenEc
FNDA:0,_ZSt13__check_facetISt5ctypeIcEERKT_PS3_
FNDA:0,_ZNKSt9basic_iosIcSt11char_traitsIcEE7rdstateEv
FNDA:0,_ZNSt9basic_iosIcSt11char_traitsIcEE8setstateESt12_Ios_Iostate
FNDA:0,_ZNKSt9basic_iosIcSt11char_traitsIcEE5widenEc
FNF:4
FNH:0
BRDA:48,0,0,-
BRDA:48,0,1,-
BRF:2
BRH:0
DA:46,0
DA:48,0
DA:49,0
DA:50,0
DA:127,0
DA:128,0
DA:147,0
DA:148,0
DA:439,0
DA:440,0
LF:10
LH:0
end_of_record
SF:/usr/include/c++/4.5/bits/char_traits.h
FN:262,_ZNSt11char_traitsIcE6lengthEPKc
FNDA:0,_ZNSt11char_traitsIcE6lengthEPKc
FNF:1
FNH:0
DA:262,0
DA:263,0
LF:2
LH:0
end_of_record
SF:/usr/include/c++/4.5/bits/ios_base.h
FN:166,_ZStorSt12_Ios_IostateS_
FNDA:0,_ZStorSt12_Ios_IostateS_
FNF:1
FNH:0
DA:166,0
DA:167,0
LF:2
LH:0
end_of_record
SF:/usr/include/c++/4.5/bits/locale_facets.h
FN:864,_ZNKSt5ctypeIcE5widenEc
FNDA:0,_ZNKSt5ctypeIcE5widenEc
FNF:1
FNH:0
BRDA:866,0,0,-
BRDA:866,0,1,-
BRF:2
BRH:0
DA:864,0
DA:866,0
DA:867,0
DA:868,0
DA:869,0
LF:5
LH:0
end_of_record
SF:/usr/include/c++/4.5/bits/stl_algobase.h
FN:209,_ZSt3maxIjERKT_S2_S2_
FN:269,_ZNSt10_Iter_baseIPPvLb0EE7_S_baseES1_
FN:269,_ZNSt10_Iter_baseIN9__gnu_cxx17__normal_iteratorIPiSt6vectorIiSaIiEEEELb0EE7_S_baseES6_
FN:269,_ZNSt10_Iter_baseIN9__gnu_cxx17__normal_iteratorIPKiSt6vectorIiSaIiEEEELb0EE7_S_baseES7_
FN:269,_ZNSt10_Iter_baseISt23_Rb_tree_const_iteratorIiELb0EE7_S_baseES1_
FN:269,_ZNSt10_Iter_baseIP17_loop_spec_threadLb0EE7_S_baseES1_
FN:269,_ZNSt10_Iter_baseIPiLb0EE7_S_baseES0_
FN:269,_ZNSt10_Iter_baseIPPFPvS0_ELb0EE7_S_baseES3_
FN:269,_ZNSt10_Iter_baseIN9__gnu_cxx17__normal_iteratorIPPvSt6vectorIS2_SaIS2_EEEELb0EE7_S_baseES7_
FN:269,_ZNSt10_Iter_baseIN9__gnu_cxx17__normal_iteratorIPKPFPvS2_ESt6vectorIS4_SaIS4_EEEELb0EE7_S_baseESA_
FN:269,_ZNSt10_Iter_baseIN9__gnu_cxx17__normal_iteratorIPKPvSt6vectorIS2_SaIS2_EEEELb0EE7_S_baseES8_
FN:278,_ZNSt10_Iter_baseIN9__gnu_cxx17__normal_iteratorIPiSt6vectorIiSaIiEEEELb1EE7_S_baseES6_
FN:278,_ZNSt10_Iter_baseIN9__gnu_cxx17__normal_iteratorIPKiSt6vectorIiSaIiEEEELb1EE7_S_baseES7_
FN:278,_ZNSt10_Iter_baseIN9__gnu_cxx17__normal_iteratorIPPvSt6vectorIS2_SaIS2_EEEELb1EE7_S_baseES7_
FN:278,_ZNSt10_Iter_baseIN9__gnu_cxx17__normal_iteratorIPKPvSt6vectorIS2_SaIS2_EEEELb1EE7_S_baseES8_
FN:278,_ZNSt10_Iter_baseIN9__gnu_cxx17__normal_iteratorIPKPFPvS2_ESt6vectorIS4_SaIS4_EEEELb1EE7_S_baseESA_
FN:291,_ZSt12__niter_baseIN9__gnu_cxx17__normal_iteratorIPiSt6vectorIiSaIiEEEEENSt11_Niter_baseIT_E13iterator_typeES8_
FN:291,_ZSt12__niter_baseIPPFPvS0_EENSt11_Niter_baseIT_E13iterator_typeES5_
FN:291,_ZSt12__niter_baseIN9__gnu_cxx17__normal_iteratorIPPvSt6vectorIS2_SaIS2_EEEEENSt11_Niter_baseIT_E13iterator_typeES9_
FN:291,_ZSt12__niter_baseIPiENSt11_Niter_baseIT_E13iterator_typeES2_
FN:291,_ZSt12__niter_baseISt23_Rb_tree_const_iteratorIiEENSt11_Niter_baseIT_E13iterator_typeES3_
FN:291,_ZSt12__niter_baseIPPvENSt11_Niter_baseIT_E13iterator_typeES3_
FN:291,_ZSt12__niter_baseIN9__gnu_cxx17__normal_iteratorIPKPvSt6vectorIS2_SaIS2_EEEEENSt11_Niter_baseIT_E13iterator_typeESA_
FN:291,_ZSt12__niter_baseIN9__gnu_cxx17__normal_iteratorIPKiSt6vectorIiSaIiEEEEENSt11_Niter_baseIT_E13iterator_typeES9_
FN:291,_ZSt12__niter_baseIN9__gnu_cxx17__normal_iteratorIPKPFPvS2_ESt6vectorIS4_SaIS4_EEEEENSt11_Niter_baseIT_E13iterator_typeESC_
FN:291,_ZSt12__niter_baseIP17_loop_spec_threadENSt11_Niter_baseIT_E13iterator_typeES3_
FN:302,_ZSt12__miter_baseIN9__gnu_cxx17__normal_iteratorIPKPvSt6vectorIS2_SaIS2_EEEEENSt11_Miter_baseIT_E13iterator_typeESA_
FN:302,_ZSt12__miter_baseIN9__gnu_cxx17__normal_iteratorIPPvSt6vectorIS2_SaIS2_EEEEENSt11_Miter_baseIT_E13iterator_typeES9_
FN:302,_ZSt12__miter_baseIPPFPvS0_EENSt11_Miter_baseIT_E13iterator_typeES5_
FN:302,_ZSt12__miter_baseIPiENSt11_Miter_baseIT_E13iterator_typeES2_
FN:302,_ZSt12__miter_baseIN9__gnu_cxx17__normal_iteratorIPKPFPvS2_ESt6vectorIS4_SaIS4_EEEEENSt11_Miter_baseIT_E13iterator_typeESC_
FN:302,_ZSt12__miter_baseIN9__gnu_cxx17__normal_iteratorIPiSt6vectorIiSaIiEEEEENSt11_Miter_baseIT_E13iterator_typeES8_
FN:302,_ZSt12__miter_baseISt23_Rb_tree_const_iteratorIiEENSt11_Miter_baseIT_E13iterator_typeES3_
FN:302,_ZSt12__miter_baseIPPvENSt11_Miter_baseIT_E13iterator_typeES3_
FN:302,_ZSt12__miter_baseIP17_loop_spec_threadENSt11_Miter_baseIT_E13iterator_typeES3_
FN:302,_ZSt12__miter_baseIN9__gnu_cxx17__normal_iteratorIPKiSt6vectorIiSaIiEEEEENSt11_Miter_baseIT_E13iterator_typeES9_
FN:316,_ZNSt11__copy_moveILb0ELb0ESt26bidirectional_iterator_tagE8__copy_mISt23_Rb_tree_const_iteratorIiEPiEET0_T_S7_S6_
FN:382,_ZNSt11__copy_moveILb0ELb1ESt26random_access_iterator_tagE8__copy_mIPFPvS3_EEEPT_PKS6_S9_S7_
FN:382,_ZNSt11__copy_moveILb0ELb1ESt26random_access_iterator_tagE8__copy_mIiEEPT_PKS3_S6_S4_
FN:382,_ZNSt11__copy_moveILb0ELb1ESt26random_access_iterator_tagE8__copy_mIPvEEPT_PKS4_S7_S5_
FN:393,_ZSt13__copy_move_aILb0EPiS0_ET1_T0_S2_S1_
FN:393,_ZSt13__copy_move_aILb0EPPvS1_ET1_T0_S3_S2_
FN:393,_ZSt13__copy_move_aILb0EPKPFPvS0_EPS2_ET1_T0_S7_S6_
FN:393,_ZSt13__copy_move_aILb0ESt23_Rb_tree_const_iteratorIiEPiET1_T0_S4_S3_
FN:393,_ZSt13__copy_move_aILb0EPPFPvS0_ES3_ET1_T0_S5_S4_
FN:393,_ZSt13__copy_move_aILb0EPKPvPS0_ET1_T0_S5_S4_
FN:393,_ZSt13__copy_move_aILb0EPKiPiET1_T0_S4_S3_
FN:438,_ZSt14__copy_move_a2ILb0EN9__gnu_cxx17__normal_iteratorIPKiSt6vectorIiSaIiEEEEPiET1_T0_SA_S9_
FN:438,_ZSt14__copy_move_a2ILb0ESt23_Rb_tree_const_iteratorIiEPiET1_T0_S4_S3_
FN:438,_ZSt14__copy_move_a2ILb0EPPvS1_ET1_T0_S3_S2_
FN:438,_ZSt14__copy_move_a2ILb0EPiS0_ET1_T0_S2_S1_
FN:438,_ZSt14__copy_move_a2ILb0EN9__gnu_cxx17__normal_iteratorIPPvSt6vectorIS2_SaIS2_EEEES7_ET1_T0_S9_S8_
FN:438,_ZSt14__copy_move_a2ILb0EPPFPvS0_ES3_ET1_T0_S5_S4_
FN:438,_ZSt14__copy_move_a2ILb0EN9__gnu_cxx17__normal_iteratorIPKPFPvS2_ESt6vectorIS4_SaIS4_EEEEPS4_ET1_T0_SD_SC_
FN:438,_ZSt14__copy_move_a2ILb0EN9__gnu_cxx17__normal_iteratorIPiSt6vectorIiSaIiEEEES2_ET1_T0_S8_S7_
FN:438,_ZSt14__copy_move_a2ILb0EN9__gnu_cxx17__normal_iteratorIPKiSt6vectorIiSaIiEEEENS1_IPiS6_EEET1_T0_SB_SA_
FN:438,_ZSt14__copy_move_a2ILb0EN9__gnu_cxx17__normal_iteratorIPKPvSt6vectorIS2_SaIS2_EEEEPS2_ET1_T0_SB_SA_
FN:438,_ZSt14__copy_move_a2ILb0ESt23_Rb_tree_const_iteratorIiEN9__gnu_cxx17__normal_iteratorIPiSt6vectorIiSaIiEEEEET1_T0_SA_S9_
FN:438,_ZSt14__copy_move_a2ILb0EN9__gnu_cxx17__normal_iteratorIPiSt6vectorIiSaIiEEEES6_ET1_T0_S8_S7_
FN:464,_ZSt4copyIN9__gnu_cxx17__normal_iteratorIPKPFPvS2_ESt6vectorIS4_SaIS4_EEEEPS4_ET0_T_SD_SC_
FN:464,_ZSt4copyIN9__gnu_cxx17__normal_iteratorIPKPvSt6vectorIS2_SaIS2_EEEEPS2_ET0_T_SB_SA_
FN:464,_ZSt4copyIN9__gnu_cxx17__normal_iteratorIPPvSt6vectorIS2_SaIS2_EEEES7_ET0_T_S9_S8_
FN:464,_ZSt4copyIPiS0_ET0_T_S2_S1_
FN:464,_ZSt4copyIN9__gnu_cxx17__normal_iteratorIPiSt6vectorIiSaIiEEEES2_ET0_T_S8_S7_
FN:464,_ZSt4copyIN9__gnu_cxx17__normal_iteratorIPiSt6vectorIiSaIiEEEES6_ET0_T_S8_S7_
FN:464,_ZSt4copyISt23_Rb_tree_const_iteratorIiEPiET0_T_S4_S3_
FN:464,_ZSt4copyIN9__gnu_cxx17__normal_iteratorIPKiSt6vectorIiSaIiEEEENS1_IPiS6_EEET0_T_SB_SA_
FN:464,_ZSt4copyIPPFPvS0_ES3_ET0_T_S5_S4_
FN:464,_ZSt4copyIN9__gnu_cxx17__normal_iteratorIPKiSt6vectorIiSaIiEEEEPiET0_T_SA_S9_
FN:464,_ZSt4copyISt23_Rb_tree_const_iteratorIiEN9__gnu_cxx17__normal_iteratorIPiSt6vectorIiSaIiEEEEET0_T_SA_S9_
FN:464,_ZSt4copyIPPvS1_ET0_T_S3_S2_
FN:547,_ZNSt20__copy_move_backwardILb0ELb0ESt26random_access_iterator_tagE13__copy_move_bIP17_loop_spec_threadS4_EET0_T_S6_S5_
FN:577,_ZNSt20__copy_move_backwardILb0ELb1ESt26random_access_iterator_tagE13__copy_move_bIiEEPT_PKS3_S6_S4_
FN:577,_ZNSt20__copy_move_backwardILb0ELb1ESt26random_access_iterator_tagE13__copy_move_bIPvEEPT_PKS4_S7_S5_
FN:577,_ZNSt20__copy_move_backwardILb0ELb1ESt26random_access_iterator_tagE13__copy_move_bIPFPvS3_EEEPT_PKS6_S9_S7_
FN:588,_ZSt22__copy_move_backward_aILb0EP17_loop_spec_threadS1_ET1_T0_S3_S2_
FN:588,_ZSt22__copy_move_backward_aILb0EPPFPvS0_ES3_ET1_T0_S5_S4_
FN:588,_ZSt22__copy_move_backward_aILb0EPiS0_ET1_T0_S2_S1_
FN:588,_ZSt22__copy_move_backward_aILb0EPPvS1_ET1_T0_S3_S2_
FN:606,_ZSt23__copy_move_backward_a2ILb0EPPvS1_ET1_T0_S3_S2_
FN:606,_ZSt23__copy_move_backward_a2ILb0EP17_loop_spec_threadS1_ET1_T0_S3_S2_
FN:606,_ZSt23__copy_move_backward_a2ILb0EPPFPvS0_ES3_ET1_T0_S5_S4_
FN:606,_ZSt23__copy_move_backward_a2ILb0EPiS0_ET1_T0_S2_S1_
FN:633,_ZSt13copy_backwardIPPFPvS0_ES3_ET0_T_S5_S4_
FN:633,_ZSt13copy_backwardIPPvS1_ET0_T_S3_S2_
FN:633,_ZSt13copy_backwardIPiS0_ET0_T_S2_S1_
FN:633,_ZSt13copy_backwardIP17_loop_spec_threadS1_ET0_T_S3_S2_
FN:692,_ZSt8__fill_aIP17_loop_spec_threadS0_EN9__gnu_cxx11__enable_ifIXntsrSt11__is_scalarIT0_E7__valueEvE6__typeET_S9_RKS5_
FN:735,_ZSt4fillIP17_loop_spec_threadS0_EvT_S2_RKT0_
FNDA:1846,_ZSt3maxIjERKT_S2_S2_
FNDA:0,_ZNSt10_Iter_baseIN9__gnu_cxx17__normal_iteratorIPiSt6vectorIiSaIiEEEELb0EE7_S_baseES6_
FNDA:0,_ZNSt10_Iter_baseIN9__gnu_cxx17__normal_iteratorIPPvSt6vectorIS2_SaIS2_EEEELb0EE7_S_baseES7_
FNDA:10182,_ZNSt10_Iter_baseIPiLb0EE7_S_baseES0_
FNDA:2084,_ZNSt10_Iter_baseIN9__gnu_cxx17__normal_iteratorIPKiSt6vectorIiSaIiEEEELb0EE7_S_baseES7_
FNDA:14,_ZNSt10_Iter_baseIPPFPvS0_ELb0EE7_S_baseES3_
FNDA:10192,_ZNSt10_Iter_baseIPPvLb0EE7_S_baseES1_
FNDA:0,_ZNSt10_Iter_baseISt23_Rb_tree_const_iteratorIiELb0EE7_S_baseES1_
FNDA:400,_ZNSt10_Iter_baseIP17_loop_spec_threadLb0EE7_S_baseES1_
FNDA:8,_ZNSt10_Iter_baseIN9__gnu_cxx17__normal_iteratorIPKPFPvS2_ESt6vectorIS4_SaIS4_EEEELb0EE7_S_baseESA_
FNDA:2084,_ZNSt10_Iter_baseIN9__gnu_cxx17__normal_iteratorIPKPvSt6vectorIS2_SaIS2_EEEELb0EE7_S_baseES8_
FNDA:0,_ZNSt10_Iter_baseIN9__gnu_cxx17__normal_iteratorIPiSt6vectorIiSaIiEEEELb1EE7_S_baseES6_
FNDA:0,_ZNSt10_Iter_baseIN9__gnu_cxx17__normal_iteratorIPPvSt6vectorIS2_SaIS2_EEEELb1EE7_S_baseES7_
FNDA:2084,_ZNSt10_Iter_baseIN9__gnu_cxx17__normal_iteratorIPKiSt6vectorIiSaIiEEEELb1EE7_S_baseES7_
FNDA:8,_ZNSt10_Iter_baseIN9__gnu_cxx17__normal_iteratorIPKPFPvS2_ESt6vectorIS4_SaIS4_EEEELb1EE7_S_baseESA_
FNDA:2084,_ZNSt10_Iter_baseIN9__gnu_cxx17__normal_iteratorIPKPvSt6vectorIS2_SaIS2_EEEELb1EE7_S_baseES8_
FNDA:6526,_ZSt12__niter_baseIPiENSt11_Niter_baseIT_E13iterator_typeES2_
FNDA:0,_ZSt12__niter_baseIN9__gnu_cxx17__normal_iteratorIPiSt6vectorIiSaIiEEEEENSt11_Niter_baseIT_E13iterator_typeES8_
FNDA:0,_ZSt12__niter_baseIN9__gnu_cxx17__normal_iteratorIPPvSt6vectorIS2_SaIS2_EEEEENSt11_Niter_baseIT_E13iterator_typeES9_
FNDA:10,_ZSt12__niter_baseIPPFPvS0_EENSt11_Niter_baseIT_E13iterator_typeES5_
FNDA:6532,_ZSt12__niter_baseIPPvENSt11_Niter_baseIT_E13iterator_typeES3_
FNDA:0,_ZSt12__niter_baseISt23_Rb_tree_const_iteratorIiEENSt11_Niter_baseIT_E13iterator_typeES3_
FNDA:400,_ZSt12__niter_baseIP17_loop_spec_threadENSt11_Niter_baseIT_E13iterator_typeES3_
FNDA:2084,_ZSt12__niter_baseIN9__gnu_cxx17__normal_iteratorIPKiSt6vectorIiSaIiEEEEENSt11_Niter_baseIT_E13iterator_typeES9_
FNDA:8,_ZSt12__niter_baseIN9__gnu_cxx17__normal_iteratorIPKPFPvS2_ESt6vectorIS4_SaIS4_EEEEENSt11_Niter_baseIT_E13iterator_typeESC_
FNDA:2084,_ZSt12__niter_baseIN9__gnu_cxx17__normal_iteratorIPKPvSt6vectorIS2_SaIS2_EEEEENSt11_Niter_baseIT_E13iterator_typeESA_
FNDA:0,_ZSt12__miter_baseIN9__gnu_cxx17__normal_iteratorIPiSt6vectorIiSaIiEEEEENSt11_Miter_baseIT_E13iterator_typeES8_
FNDA:0,_ZSt12__miter_baseIN9__gnu_cxx17__normal_iteratorIPPvSt6vectorIS2_SaIS2_EEEEENSt11_Miter_baseIT_E13iterator_typeES9_
FNDA:3656,_ZSt12__miter_baseIPiENSt11_Miter_baseIT_E13iterator_typeES2_
FNDA:2084,_ZSt12__miter_baseIN9__gnu_cxx17__normal_iteratorIPKiSt6vectorIiSaIiEEEEENSt11_Miter_baseIT_E13iterator_typeES9_
FNDA:4,_ZSt12__miter_baseIPPFPvS0_EENSt11_Miter_baseIT_E13iterator_typeES5_
FNDA:3660,_ZSt12__miter_baseIPPvENSt11_Miter_baseIT_E13iterator_typeES3_
FNDA:0,_ZSt12__miter_baseISt23_Rb_tree_const_iteratorIiEENSt11_Miter_baseIT_E13iterator_typeES3_
FNDA:0,_ZSt12__miter_baseIP17_loop_spec_threadENSt11_Miter_baseIT_E13iterator_typeES3_
FNDA:8,_ZSt12__miter_baseIN9__gnu_cxx17__normal_iteratorIPKPFPvS2_ESt6vectorIS4_SaIS4_EEEEENSt11_Miter_baseIT_E13iterator_typeESC_
FNDA:2084,_ZSt12__miter_baseIN9__gnu_cxx17__normal_iteratorIPKPvSt6vectorIS2_SaIS2_EEEEENSt11_Miter_baseIT_E13iterator_typeESA_
FNDA:0,_ZNSt11__copy_moveILb0ELb0ESt26bidirectional_iterator_tagE8__copy_mISt23_Rb_tree_const_iteratorIiEPiEET0_T_S7_S6_
FNDA:2870,_ZNSt11__copy_moveILb0ELb1ESt26random_access_iterator_tagE8__copy_mIiEEPT_PKS3_S6_S4_
FNDA:2872,_ZNSt11__copy_moveILb0ELb1ESt26random_access_iterator_tagE8__copy_mIPvEEPT_PKS4_S7_S5_
FNDA:6,_ZNSt11__copy_moveILb0ELb1ESt26random_access_iterator_tagE8__copy_mIPFPvS3_EEEPT_PKS6_S9_S7_
FNDA:1828,_ZSt13__copy_move_aILb0EPiS0_ET1_T0_S2_S1_
FNDA:1830,_ZSt13__copy_move_aILb0EPPvS1_ET1_T0_S3_S2_
FNDA:1042,_ZSt13__copy_move_aILb0EPKiPiET1_T0_S4_S3_
FNDA:0,_ZSt13__copy_move_aILb0ESt23_Rb_tree_const_iteratorIiEPiET1_T0_S4_S3_
FNDA:1042,_ZSt13__copy_move_aILb0EPKPvPS0_ET1_T0_S5_S4_
FNDA:4,_ZSt13__copy_move_aILb0EPKPFPvS0_EPS2_ET1_T0_S7_S6_
FNDA:2,_ZSt13__copy_move_aILb0EPPFPvS0_ES3_ET1_T0_S5_S4_
FNDA:1828,_ZSt14__copy_move_a2ILb0EPiS0_ET1_T0_S2_S1_
FNDA:0,_ZSt14__copy_move_a2ILb0EN9__gnu_cxx17__normal_iteratorIPiSt6vectorIiSaIiEEEES6_ET1_T0_S8_S7_
FNDA:0,_ZSt14__copy_move_a2ILb0EN9__gnu_cxx17__normal_iteratorIPPvSt6vectorIS2_SaIS2_EEEES7_ET1_T0_S9_S8_
FNDA:1042,_ZSt14__copy_move_a2ILb0EN9__gnu_cxx17__normal_iteratorIPKiSt6vectorIiSaIiEEEEPiET1_T0_SA_S9_
FNDA:0,_ZSt14__copy_move_a2ILb0EN9__gnu_cxx17__normal_iteratorIPKiSt6vectorIiSaIiEEEENS1_IPiS6_EEET1_T0_SB_SA_
FNDA:0,_ZSt14__copy_move_a2ILb0ESt23_Rb_tree_const_iteratorIiEN9__gnu_cxx17__normal_iteratorIPiSt6vectorIiSaIiEEEEET1_T0_SA_S9_
FNDA:0,_ZSt14__copy_move_a2ILb0ESt23_Rb_tree_const_iteratorIiEPiET1_T0_S4_S3_
FNDA:0,_ZSt14__copy_move_a2ILb0EN9__gnu_cxx17__normal_iteratorIPiSt6vectorIiSaIiEEEES2_ET1_T0_S8_S7_
FNDA:1830,_ZSt14__copy_move_a2ILb0EPPvS1_ET1_T0_S3_S2_
FNDA:2,_ZSt14__copy_move_a2ILb0EPPFPvS0_ES3_ET1_T0_S5_S4_
FNDA:4,_ZSt14__copy_move_a2ILb0EN9__gnu_cxx17__normal_iteratorIPKPFPvS2_ESt6vectorIS4_SaIS4_EEEEPS4_ET1_T0_SD_SC_
FNDA:1042,_ZSt14__copy_move_a2ILb0EN9__gnu_cxx17__normal_iteratorIPKPvSt6vectorIS2_SaIS2_EEEEPS2_ET1_T0_SB_SA_
FNDA:1828,_ZSt4copyIPiS0_ET0_T_S2_S1_
FNDA:0,_ZSt4copyIN9__gnu_cxx17__normal_iteratorIPiSt6vectorIiSaIiEEEES6_ET0_T_S8_S7_
FNDA:0,_ZSt4copyIN9__gnu_cxx17__normal_iteratorIPPvSt6vectorIS2_SaIS2_EEEES7_ET0_T_S9_S8_
FNDA:1042,_ZSt4copyIN9__gnu_cxx17__normal_iteratorIPKiSt6vectorIiSaIiEEEEPiET0_T_SA_S9_
FNDA:0,_ZSt4copyIN9__gnu_cxx17__normal_iteratorIPKiSt6vectorIiSaIiEEEENS1_IPiS6_EEET0_T_SB_SA_
FNDA:0,_ZSt4copyISt23_Rb_tree_const_iteratorIiEN9__gnu_cxx17__normal_iteratorIPiSt6vectorIiSaIiEEEEET0_T_SA_S9_
FNDA:0,_ZSt4copyISt23_Rb_tree_const_iteratorIiEPiET0_T_S4_S3_
FNDA:0,_ZSt4copyIN9__gnu_cxx17__normal_iteratorIPiSt6vectorIiSaIiEEEES2_ET0_T_S8_S7_
FNDA:1830,_ZSt4copyIPPvS1_ET0_T_S3_S2_
FNDA:2,_ZSt4copyIPPFPvS0_ES3_ET0_T_S5_S4_
FNDA:4,_ZSt4copyIN9__gnu_cxx17__normal_iteratorIPKPFPvS2_ESt6vectorIS4_SaIS4_EEEEPS4_ET0_T_SD_SC_
FNDA:1042,_ZSt4copyIN9__gnu_cxx17__normal_iteratorIPKPvSt6vectorIS2_SaIS2_EEEEPS2_ET0_T_SB_SA_
FNDA:0,_ZNSt20__copy_move_backwardILb0ELb0ESt26random_access_iterator_tagE13__copy_move_bIP17_loop_spec_threadS4_EET0_T_S6_S5_
FNDA:0,_ZNSt20__copy_move_backwardILb0ELb1ESt26random_access_iterator_tagE13__copy_move_bIiEEPT_PKS3_S6_S4_
FNDA:0,_ZNSt20__copy_move_backwardILb0ELb1ESt26random_access_iterator_tagE13__copy_move_bIPFPvS3_EEEPT_PKS6_S9_S7_
FNDA:0,_ZNSt20__copy_move_backwardILb0ELb1ESt26random_access_iterator_tagE13__copy_move_bIPvEEPT_PKS4_S7_S5_
FNDA:0,_ZSt22__copy_move_backward_aILb0EPiS0_ET1_T0_S2_S1_
FNDA:0,_ZSt22__copy_move_backward_aILb0EPPFPvS0_ES3_ET1_T0_S5_S4_
FNDA:0,_ZSt22__copy_move_backward_aILb0EPPvS1_ET1_T0_S3_S2_
FNDA:0,_ZSt22__copy_move_backward_aILb0EP17_loop_spec_threadS1_ET1_T0_S3_S2_
FNDA:0,_ZSt23__copy_move_backward_a2ILb0EPiS0_ET1_T0_S2_S1_
FNDA:0,_ZSt23__copy_move_backward_a2ILb0EPPFPvS0_ES3_ET1_T0_S5_S4_
FNDA:0,_ZSt23__copy_move_backward_a2ILb0EPPvS1_ET1_T0_S3_S2_
FNDA:0,_ZSt23__copy_move_backward_a2ILb0EP17_loop_spec_threadS1_ET1_T0_S3_S2_
FNDA:0,_ZSt13copy_backwardIPiS0_ET0_T_S2_S1_
FNDA:0,_ZSt13copy_backwardIPPFPvS0_ES3_ET0_T_S5_S4_
FNDA:0,_ZSt13copy_backwardIPPvS1_ET0_T_S3_S2_
FNDA:0,_ZSt13copy_backwardIP17_loop_spec_threadS1_ET0_T_S3_S2_
FNDA:200,_ZSt8__fill_aIP17_loop_spec_threadS0_EN9__gnu_cxx11__enable_ifIXntsrSt11__is_scalarIT0_E7__valueEvE6__typeET_S9_RKS5_
FNDA:200,_ZSt4fillIP17_loop_spec_threadS0_EvT_S2_RKT0_
FNF:89
FNH:47
BRDA:214,0,0,696
BRDA:214,0,1,1150
BRDA:318,1,2,-
BRDA:318,1,3,-
BRDA:385,0,0,1606
BRDA:385,0,1,1264
BRDA:385,1,2,1610
BRDA:385,1,3,1262
BRDA:385,2,4,4
BRDA:385,2,5,2
BRDA:550,1,0,-
BRDA:550,1,1,-
BRDA:580,0,0,-
BRDA:580,0,1,-
BRDA:580,1,2,-
BRDA:580,1,3,-
BRDA:580,2,4,-
BRDA:580,2,5,-
BRDA:695,1,0,0
BRDA:695,1,1,200
BRF:20
BRH:9
DA:209,1846
DA:214,1846
DA:215,696
DA:216,1846
DA:269,24964
DA:270,24964
DA:278,4176
DA:279,4176
DA:291,17644
DA:292,17644
DA:302,11496
DA:303,11496
DA:316,0
DA:318,0
DA:319,0
DA:320,0
DA:382,5748
DA:384,5748
DA:385,5748
DA:386,3220
DA:387,5748
DA:393,5748
DA:401,5748
DA:404,5748
DA:438,5748
DA:442,5748
DA:464,5748
DA:474,5748
DA:547,0
DA:550,0
DA:551,0
DA:552,0
DA:577,0
DA:579,0
DA:580,0
DA:581,0
DA:582,0
DA:588,0
DA:596,0
DA:601,0
DA:606,0
DA:610,0
DA:633,0
DA:645,0
DA:692,200
DA:695,200
DA:696,0
DA:697,200
DA:735,200
DA:742,200
DA:744,200
LF:51
LH:30
end_of_record
SF:/usr/include/c++/4.5/bits/stl_construct.h
FN:75,_ZSt10_ConstructI17_loop_spec_threadS0_EvPT_RKT0_
FN:88,_ZSt8_DestroyI17_loop_spec_threadEvPT_
FN:96,_ZNSt12_Destroy_auxILb0EE9__destroyIP17_loop_spec_threadEEvT_S4_
FN:108,_ZNSt12_Destroy_auxILb1EE9__destroyIPPFPvS2_EEEvT_S6_
FN:108,_ZNSt12_Destroy_auxILb1EE9__destroyIPPvEEvT_S4_
FN:108,_ZNSt12_Destroy_auxILb1EE9__destroyIPiEEvT_S3_
FN:108,_ZNSt12_Destroy_auxILb1EE9__destroyIN9__gnu_cxx17__normal_iteratorIPiSt6vectorIiSaIiEEEEEEvT_S9_
FN:118,_ZSt8_DestroyIPiEvT_S1_
FN:118,_ZSt8_DestroyIP17_loop_spec_threadEvT_S2_
FN:118,_ZSt8_DestroyIPPvEvT_S2_
FN:118,_ZSt8_DestroyIPPFPvS0_EEvT_S4_
FN:118,_ZSt8_DestroyIN9__gnu_cxx17__normal_iteratorIPiSt6vectorIiSaIiEEEEEvT_S7_
FN:145,_ZSt8_DestroyIPiiEvT_S1_RSaIT0_E
FN:145,_ZSt8_DestroyIN9__gnu_cxx17__normal_iteratorIPiSt6vectorIiSaIiEEEEiEvT_S7_RSaIT0_E
FN:145,_ZSt8_DestroyIPPFPvS0_ES2_EvT_S4_RSaIT0_E
FN:145,_ZSt8_DestroyIP17_loop_spec_threadS0_EvT_S2_RSaIT0_E
FN:145,_ZSt8_DestroyIPPvS0_EvT_S2_RSaIT0_E
FNDA:470,_ZSt10_ConstructI17_loop_spec_threadS0_EvPT_RKT0_
FNDA:470,_ZSt8_DestroyI17_loop_spec_threadEvPT_
FNDA:20,_ZNSt12_Destroy_auxILb0EE9__destroyIP17_loop_spec_threadEEvT_S4_
FNDA:3118,_ZNSt12_Destroy_auxILb1EE9__destroyIPiEEvT_S3_
FNDA:2307,_ZNSt12_Destroy_auxILb1EE9__destroyIPPvEEvT_S4_
FNDA:9,_ZNSt12_Destroy_auxILb1EE9__destroyIPPFPvS2_EEEvT_S6_
FNDA:0,_ZNSt12_Destroy_auxILb1EE9__destroyIN9__gnu_cxx17__normal_iteratorIPiSt6vectorIiSaIiEEEEEEvT_S9_
FNDA:3118,_ZSt8_DestroyIPiEvT_S1_
FNDA:2307,_ZSt8_DestroyIPPvEvT_S2_
FNDA:9,_ZSt8_DestroyIPPFPvS0_EEvT_S4_
FNDA:20,_ZSt8_DestroyIP17_loop_spec_threadEvT_S2_
FNDA:0,_ZSt8_DestroyIN9__gnu_cxx17__normal_iteratorIPiSt6vectorIiSaIiEEEEEvT_S7_
FNDA:3118,_ZSt8_DestroyIPiiEvT_S1_RSaIT0_E
FNDA:2307,_ZSt8_DestroyIPPvS0_EvT_S2_RSaIT0_E
FNDA:9,_ZSt8_DestroyIPPFPvS0_ES2_EvT_S4_RSaIT0_E
FNDA:20,_ZSt8_DestroyIP17_loop_spec_threadS0_EvT_S2_RSaIT0_E
FNDA:0,_ZSt8_DestroyIN9__gnu_cxx17__normal_iteratorIPiSt6vectorIiSaIiEEEEiEvT_S7_RSaIT0_E
FNF:17
FNH:14
BRDA:80,0,1,470
BRDA:80,0,2,0
BRDA:80,1,3,470
BRDA:80,1,4,0
BRDA:98,1,0,470
BRDA:98,1,1,20
BRF:6
BRH:4
DA:75,470
DA:80,470
DA:81,470
DA:88,470
DA:89,470
DA:96,20
DA:98,490
DA:99,470
DA:100,20
DA:108,5434
DA:118,5454
DA:122,5454
DA:124,5454
DA:145,5454
DA:148,5454
DA:149,5454
LF:16
LH:16
end_of_record
SF:/usr/include/c++/4.5/bits/stl_function.h
FN:229,_ZNKSt4lessImEclERKmS2_
FN:229,_ZNKSt4lessIiEclERKiS2_
FN:229,_ZNKSt4lessIPvEclERKS0_S3_
FN:475,_ZNKSt9_IdentityIiEclERKi
FN:475,_ZNKSt9_IdentityIPvEclERKS0_
FN:488,_ZNKSt10_Select1stISt4pairIKPv16_data_access_logEEclERKS4_
FN:488,_ZNKSt10_Select1stISt4pairIKmiEEclERKS2_
FNDA:14631,_ZNKSt4lessIPvEclERKS0_S3_
FNDA:19454,_ZNKSt4lessImEclERKmS2_
FNDA:0,_ZNKSt4lessIiEclERKiS2_
FNDA:7308,_ZNKSt9_IdentityIPvEclERKS0_
FNDA:0,_ZNKSt9_IdentityIiEclERKi
FNDA:21284,_ZNKSt10_Select1stISt4pairIKmiEEclERKS2_
FNDA:13694,_ZNKSt10_Select1stISt4pairIKPv16_data_access_logEEclERKS4_
FNF:7
FNH:5
DA:229,34085
DA:230,34085
DA:475,7308
DA:476,7308
DA:488,34978
DA:489,34978
LF:6
LH:6
end_of_record
SF:/usr/include/c++/4.5/bits/stl_iterator.h
FN:715,_ZN9__gnu_cxx17__normal_iteratorIPPvSt6vectorIS1_SaIS1_EEEC2ERKS2_
FN:715,_ZN9__gnu_cxx17__normal_iteratorIPKPFPvS1_ESt6vectorIS3_SaIS3_EEEC2ERKS5_
FN:715,_ZN9__gnu_cxx17__normal_iteratorIPKiSt6vectorIiSaIiEEEC2ERKS2_
FN:715,_ZN9__gnu_cxx17__normal_iteratorIPK17_loop_spec_threadSt6vectorIS1_SaIS1_EEEC2ERKS3_
FN:715,_ZN9__gnu_cxx17__normal_iteratorIP17_loop_spec_threadSt6vectorIS1_SaIS1_EEEC2ERKS2_
FN:715,_ZN9__gnu_cxx17__normal_iteratorIPKPvSt6vectorIS1_SaIS1_EEEC2ERKS3_
FN:715,_ZN9__gnu_cxx17__normal_iteratorIPiSt6vectorIiSaIiEEEC2ERKS1_
FN:715,_ZN9__gnu_cxx17__normal_iteratorIPPFPvS1_ESt6vectorIS3_SaIS3_EEEC2ERKS4_
FN:727,_ZNK9__gnu_cxx17__normal_iteratorIPPvSt6vectorIS1_SaIS1_EEEdeEv
FN:727,_ZNK9__gnu_cxx17__normal_iteratorIPPFPvS1_ESt6vectorIS3_SaIS3_EEEdeEv
FN:727,_ZNK9__gnu_cxx17__normal_iteratorIPiSt6vectorIiSaIiEEEdeEv
FN:735,_ZN9__gnu_cxx17__normal_iteratorIPiSt6vectorIiSaIiEEEppEv
FN:763,_ZN9__gnu_cxx17__normal_iteratorIPiSt6vectorIiSaIiEEEpLERKi
FN:767,_ZNK9__gnu_cxx17__normal_iteratorIPiSt6vectorIiSaIiEEEplERKi
FN:767,_ZNK9__gnu_cxx17__normal_iteratorIPPvSt6vectorIS1_SaIS1_EEEplERKi
FN:779,_ZNK9__gnu_cxx17__normal_iteratorIPKiSt6vectorIiSaIiEEE4baseEv
FN:779,_ZNK9__gnu_cxx17__normal_iteratorIPPvSt6vectorIS1_SaIS1_EEE4baseEv
FN:779,_ZNK9__gnu_cxx17__normal_iteratorIPK17_loop_spec_threadSt6vectorIS1_SaIS1_EEE4baseEv
FN:779,_ZNK9__gnu_cxx17__normal_iteratorIPKPFPvS1_ESt6vectorIS3_SaIS3_EEE4baseEv
FN:779,_ZNK9__gnu_cxx17__normal_iteratorIP17_loop_spec_threadSt6vectorIS1_SaIS1_EEE4baseEv
FN:779,_ZNK9__gnu_cxx17__normal_iteratorIPPFPvS1_ESt6vectorIS3_SaIS3_EEE4baseEv
FN:779,_ZNK9__gnu_cxx17__normal_iteratorIPiSt6vectorIiSaIiEEE4baseEv
FN:779,_ZNK9__gnu_cxx17__normal_iteratorIPKPvSt6vectorIS1_SaIS1_EEE4baseEv
FN:800,_ZN9__gnu_cxxeqIPKiSt6vectorIiSaIiEEEEbRKNS_17__normal_iteratorIT_T0_EESB_
FN:800,_ZN9__gnu_cxxeqIPK17_loop_spec_threadSt6vectorIS1_SaIS1_EEEEbRKNS_17__normal_iteratorIT_T0_EESC_
FN:812,_ZN9__gnu_cxxneIPPvSt6vectorIS1_SaIS1_EEEEbRKNS_17__normal_iteratorIT_T0_EESB_
FN:812,_ZN9__gnu_cxxneIPiSt6vectorIiSaIiEEEEbRKNS_17__normal_iteratorIT_T0_EESA_
FN:885,_ZN9__gnu_cxxmiIP17_loop_spec_threadSt6vectorIS1_SaIS1_EEEENS_17__normal_iteratorIT_T0_E15difference_typeERKS9_SC_
FN:885,_ZN9__gnu_cxxmiIPiSt6vectorIiSaIiEEEENS_17__normal_iteratorIT_T0_E15difference_typeERKS8_SB_
FN:885,_ZN9__gnu_cxxmiIPPvSt6vectorIS1_SaIS1_EEEENS_17__normal_iteratorIT_T0_E15difference_typeERKS9_SC_
FN:885,_ZN9__gnu_cxxmiIPPFPvS1_ESt6vectorIS3_SaIS3_EEEENS_17__normal_iteratorIT_T0_E15difference_typeERKSB_SE_
FNDA:1828,_ZN9__gnu_cxx17__normal_iteratorIPiSt6vectorIiSaIiEEEC2ERKS1_
FNDA:1830,_ZN9__gnu_cxx17__normal_iteratorIPPvSt6vectorIS1_SaIS1_EEEC2ERKS2_
FNDA:3716,_ZN9__gnu_cxx17__normal_iteratorIPKiSt6vectorIiSaIiEEEC2ERKS2_
FNDA:8,_ZN9__gnu_cxx17__normal_iteratorIPK17_loop_spec_threadSt6vectorIS1_SaIS1_EEEC2ERKS3_
FNDA:432,_ZN9__gnu_cxx17__normal_iteratorIP17_loop_spec_threadSt6vectorIS1_SaIS1_EEEC2ERKS2_
FNDA:2,_ZN9__gnu_cxx17__normal_iteratorIPPFPvS1_ESt6vectorIS3_SaIS3_EEEC2ERKS4_
FNDA:8,_ZN9__gnu_cxx17__normal_iteratorIPKPFPvS1_ESt6vectorIS3_SaIS3_EEEC2ERKS5_
FNDA:2084,_ZN9__gnu_cxx17__normal_iteratorIPKPvSt6vectorIS1_SaIS1_EEEC2ERKS3_
FNDA:0,_ZNK9__gnu_cxx17__normal_iteratorIPiSt6vectorIiSaIiEEEdeEv
FNDA:0,_ZNK9__gnu_cxx17__normal_iteratorIPPFPvS1_ESt6vectorIS3_SaIS3_EEEdeEv
FNDA:0,_ZNK9__gnu_cxx17__normal_iteratorIPPvSt6vectorIS1_SaIS1_EEEdeEv
FNDA:0,_ZN9__gnu_cxx17__normal_iteratorIPiSt6vectorIiSaIiEEEppEv
FNDA:0,_ZN9__gnu_cxx17__normal_iteratorIPiSt6vectorIiSaIiEEEpLERKi
FNDA:0,_ZNK9__gnu_cxx17__normal_iteratorIPiSt6vectorIiSaIiEEEplERKi
FNDA:0,_ZNK9__gnu_cxx17__normal_iteratorIPPvSt6vectorIS1_SaIS1_EEEplERKi
FNDA:3716,_ZNK9__gnu_cxx17__normal_iteratorIPKiSt6vectorIiSaIiEEE4baseEv
FNDA:3656,_ZNK9__gnu_cxx17__normal_iteratorIPiSt6vectorIiSaIiEEE4baseEv
FNDA:3660,_ZNK9__gnu_cxx17__normal_iteratorIPPvSt6vectorIS1_SaIS1_EEE4baseEv
FNDA:8,_ZNK9__gnu_cxx17__normal_iteratorIPK17_loop_spec_threadSt6vectorIS1_SaIS1_EEE4baseEv
FNDA:4,_ZNK9__gnu_cxx17__normal_iteratorIPPFPvS1_ESt6vectorIS3_SaIS3_EEE4baseEv
FNDA:864,_ZNK9__gnu_cxx17__normal_iteratorIP17_loop_spec_threadSt6vectorIS1_SaIS1_EEE4baseEv
FNDA:8,_ZNK9__gnu_cxx17__normal_iteratorIPKPFPvS1_ESt6vectorIS3_SaIS3_EEE4baseEv
FNDA:2084,_ZNK9__gnu_cxx17__normal_iteratorIPKPvSt6vectorIS1_SaIS1_EEE4baseEv
FNDA:816,_ZN9__gnu_cxxeqIPKiSt6vectorIiSaIiEEEEbRKNS_17__normal_iteratorIT_T0_EESB_
FNDA:4,_ZN9__gnu_cxxeqIPK17_loop_spec_threadSt6vectorIS1_SaIS1_EEEEbRKNS_17__normal_iteratorIT_T0_EESC_
FNDA:0,_ZN9__gnu_cxxneIPiSt6vectorIiSaIiEEEEbRKNS_17__normal_iteratorIT_T0_EESA_
FNDA:0,_ZN9__gnu_cxxneIPPvSt6vectorIS1_SaIS1_EEEEbRKNS_17__normal_iteratorIT_T0_EESB_
FNDA:914,_ZN9__gnu_cxxmiIPiSt6vectorIiSaIiEEEENS_17__normal_iteratorIT_T0_E15difference_typeERKS8_SB_
FNDA:1,_ZN9__gnu_cxxmiIPPFPvS1_ESt6vectorIS3_SaIS3_EEEENS_17__normal_iteratorIT_T0_E15difference_typeERKSB_SE_
FNDA:915,_ZN9__gnu_cxxmiIPPvSt6vectorIS1_SaIS1_EEEENS_17__normal_iteratorIT_T0_E15difference_typeERKS9_SC_
FNDA:216,_ZN9__gnu_cxxmiIP17_loop_spec_threadSt6vectorIS1_SaIS1_EEEENS_17__normal_iteratorIT_T0_E15difference_typeERKS9_SC_
FNF:31
FNH:22
DA:715,9908
DA:727,0
DA:728,0
DA:735,0
DA:737,0
DA:738,0
DA:763,0
DA:764,0
DA:767,0
DA:768,0
DA:779,14000
DA:780,14000
DA:800,820
DA:802,820
DA:812,0
DA:814,0
DA:885,2046
DA:887,2046
LF:18
LH:7
end_of_record
SF:/usr/include/c++/4.5/bits/stl_iterator_base_funcs.h
FN:71,_ZSt10__distanceISt23_Rb_tree_const_iteratorIiEENSt15iterator_traitsIT_E15difference_typeES3_S3_St18input_iterator_tag
FN:88,_ZSt10__distanceIN9__gnu_cxx17__normal_iteratorIPiSt6vectorIiSaIiEEEEENSt15iterator_traitsIT_E15difference_typeES8_S8_St26random_access_iterator_tag
FN:111,_ZSt8distanceIN9__gnu_cxx17__normal_iteratorIPiSt6vectorIiSaIiEEEEENSt15iterator_traitsIT_E15difference_typeES8_S8_
FN:111,_ZSt8distanceISt23_Rb_tree_const_iteratorIiEENSt15iterator_traitsIT_E15difference_typeES3_S3_
FN:130,_ZSt9__advanceISt23_Rb_tree_const_iteratorIiEiEvRT_T0_St26bidirectional_iterator_tag
FN:146,_ZSt9__advanceIN9__gnu_cxx17__normal_iteratorIPiSt6vectorIiSaIiEEEEiEvRT_T0_St26random_access_iterator_tag
FN:169,_ZSt7advanceISt23_Rb_tree_const_iteratorIiEjEvRT_T0_
FN:169,_ZSt7advanceIN9__gnu_cxx17__normal_iteratorIPiSt6vectorIiSaIiEEEEjEvRT_T0_
FNDA:0,_ZSt10__distanceISt23_Rb_tree_const_iteratorIiEENSt15iterator_traitsIT_E15difference_typeES3_S3_St18input_iterator_tag
FNDA:0,_ZSt10__distanceIN9__gnu_cxx17__normal_iteratorIPiSt6vectorIiSaIiEEEEENSt15iterator_traitsIT_E15difference_typeES8_S8_St26random_access_iterator_tag
FNDA:0,_ZSt8distanceISt23_Rb_tree_const_iteratorIiEENSt15iterator_traitsIT_E15difference_typeES3_S3_
FNDA:0,_ZSt8distanceIN9__gnu_cxx17__normal_iteratorIPiSt6vectorIiSaIiEEEEENSt15iterator_traitsIT_E15difference_typeES8_S8_
FNDA:0,_ZSt9__advanceISt23_Rb_tree_const_iteratorIiEiEvRT_T0_St26bidirectional_iterator_tag
FNDA:0,_ZSt9__advanceIN9__gnu_cxx17__normal_iteratorIPiSt6vectorIiSaIiEEEEiEvRT_T0_St26random_access_iterator_tag
FNDA:0,_ZSt7advanceISt23_Rb_tree_const_iteratorIiEjEvRT_T0_
FNDA:0,_ZSt7advanceIN9__gnu_cxx17__normal_iteratorIPiSt6vectorIiSaIiEEEEjEvRT_T0_
FNF:8
FNH:0
BRDA:78,1,1,-
BRDA:78,1,2,-
BRDA:136,0,0,-
BRDA:136,0,1,-
BRDA:137,1,0,-
BRDA:137,1,1,-
BRDA:140,1,0,-
BRDA:140,1,1,-
BRF:8
BRH:0
DA:71,0
DA:77,0
DA:78,0
DA:80,0
DA:81,0
DA:83,0
DA:88,0
DA:94,0
DA:111,0
DA:115,0
DA:130,0
DA:136,0
DA:137,0
DA:138,0
DA:140,0
DA:141,0
DA:142,0
DA:146,0
DA:152,0
DA:153,0
DA:169,0
DA:172,0
DA:173,0
DA:174,0
LF:24
LH:0
end_of_record
SF:/usr/include/c++/4.5/bits/stl_iterator_base_types.h
FN:174,_ZSt19__iterator_categoryIN9__gnu_cxx17__normal_iteratorIPiSt6vectorIiSaIiEEEEENSt15iterator_traitsIT_E17iterator_categoryERKS8_
FN:174,_ZSt19__iterator_categoryISt23_Rb_tree_const_iteratorIiEENSt15iterator_traitsIT_E17iterator_categoryERKS3_
FNDA:0,_ZSt19__iterator_categoryISt23_Rb_tree_const_iteratorIiEENSt15iterator_traitsIT_E17iterator_categoryERKS3_
FNDA:0,_ZSt19__iterator_categoryIN9__gnu_cxx17__normal_iteratorIPiSt6vectorIiSaIiEEEEENSt15iterator_traitsIT_E17iterator_categoryERKS8_
FNF:2
FNH:0
DA:174,0
DA:175,0
LF:2
LH:0
end_of_record
SF:/usr/include/c++/4.5/bits/stl_map.h
FN:87,_ZNSt3mapIPv16_data_access_logSt4lessIS0_ESaISt4pairIKS0_S1_EEED2Ev
FN:87,_ZNSt3mapImiSt4lessImESaISt4pairIKmiEEED2Ev
FN:150,_ZNSt3mapIPv16_data_access_logSt4lessIS0_ESaISt4pairIKS0_S1_EEEC2Ev
FN:150,_ZNSt3mapImiSt4lessImESaISt4pairIKmiEEEC2Ev
FN:307,_ZNSt3mapImiSt4lessImESaISt4pairIKmiEEE5beginEv
FN:325,_ZNSt3mapImiSt4lessImESaISt4pairIKmiEEE3endEv
FN:325,_ZNSt3mapIPv16_data_access_logSt4lessIS0_ESaISt4pairIKS0_S1_EEE3endEv
FN:416,_ZNKSt3mapImiSt4lessImESaISt4pairIKmiEEE5emptyEv
FN:416,_ZNKSt3mapIPv16_data_access_logSt4lessIS0_ESaISt4pairIKS0_S1_EEE5emptyEv
FN:443,_ZNSt3mapImiSt4lessImESaISt4pairIKmiEEEixERS3_
FN:500,_ZNSt3mapImiSt4lessImESaISt4pairIKmiEEE6insertERKS4_
FN:500,_ZNSt3mapIPv16_data_access_logSt4lessIS0_ESaISt4pairIKS0_S1_EEE6insertERKS6_
FN:540,_ZNSt3mapImiSt4lessImESaISt4pairIKmiEEE6insertESt17_Rb_tree_iteratorIS4_ERKS4_
FN:663,_ZNSt3mapIPv16_data_access_logSt4lessIS0_ESaISt4pairIKS0_S1_EEE5clearEv
FN:663,_ZNSt3mapImiSt4lessImESaISt4pairIKmiEEE5clearEv
FN:672,_ZNKSt3mapImiSt4lessImESaISt4pairIKmiEEE8key_compEv
FN:696,_ZNSt3mapIPv16_data_access_logSt4lessIS0_ESaISt4pairIKS0_S1_EEE4findERS5_
FN:696,_ZNSt3mapImiSt4lessImESaISt4pairIKmiEEE4findERS3_
FN:738,_ZNSt3mapImiSt4lessImESaISt4pairIKmiEEE11lower_boundERS3_
FNDA:2,_ZNSt3mapImiSt4lessImESaISt4pairIKmiEEED2Ev
FNDA:2,_ZNSt3mapIPv16_data_access_logSt4lessIS0_ESaISt4pairIKS0_S1_EEED2Ev
FNDA:2,_ZNSt3mapImiSt4lessImESaISt4pairIKmiEEEC2Ev
FNDA:2,_ZNSt3mapIPv16_data_access_logSt4lessIS0_ESaISt4pairIKS0_S1_EEEC2Ev
FNDA:2,_ZNSt3mapImiSt4lessImESaISt4pairIKmiEEE5beginEv
FNDA:1958,_ZNSt3mapImiSt4lessImESaISt4pairIKmiEEE3endEv
FNDA:752,_ZNSt3mapIPv16_data_access_logSt4lessIS0_ESaISt4pairIKS0_S1_EEE3endEv
FNDA:1940,_ZNKSt3mapImiSt4lessImESaISt4pairIKmiEEE5emptyEv
FNDA:4,_ZNKSt3mapIPv16_data_access_logSt4lessIS0_ESaISt4pairIKS0_S1_EEE5emptyEv
FNDA:0,_ZNSt3mapImiSt4lessImESaISt4pairIKmiEEEixERS3_
FNDA:216,_ZNSt3mapImiSt4lessImESaISt4pairIKmiEEE6insertERKS4_
FNDA:346,_ZNSt3mapIPv16_data_access_logSt4lessIS0_ESaISt4pairIKS0_S1_EEE6insertERKS6_
FNDA:0,_ZNSt3mapImiSt4lessImESaISt4pairIKmiEEE6insertESt17_Rb_tree_iteratorIS4_ERKS4_
FNDA:2,_ZNSt3mapImiSt4lessImESaISt4pairIKmiEEE5clearEv
FNDA:2,_ZNSt3mapIPv16_data_access_logSt4lessIS0_ESaISt4pairIKS0_S1_EEE5clearEv
FNDA:0,_ZNKSt3mapImiSt4lessImESaISt4pairIKmiEEE8key_compEv
FNDA:2904,_ZNSt3mapImiSt4lessImESaISt4pairIKmiEEE4findERS3_
FNDA:1158,_ZNSt3mapIPv16_data_access_logSt4lessIS0_ESaISt4pairIKS0_S1_EEE4findERS5_
FNDA:0,_ZNSt3mapImiSt4lessImESaISt4pairIKmiEEE11lower_boundERS3_
FNF:19
FNH:15
BRDA:450,9999,2,-
BRDA:450,9999,3,-
BRDA:450,0,7,-
BRDA:450,0,8,-
BRDA:450,3,9,-
BRDA:450,3,10,-
BRF:6
BRH:0
DA:87,4
DA:150,4
DA:151,4
DA:307,2
DA:308,2
DA:325,2710
DA:326,2710
DA:416,1944
DA:417,1944
DA:443,0
DA:448,0
DA:450,0
DA:451,0
DA:452,0
DA:500,562
DA:501,562
DA:540,0
DA:541,0
DA:663,4
DA:664,4
DA:672,0
DA:673,0
DA:696,4062
DA:697,4062
DA:738,0
DA:739,0
LF:26
LH:15
end_of_record
SF:/usr/include/c++/4.5/bits/stl_pair.h
FN:72,_ZNSt4pairIKmiED2Ev
FN:72,_ZNSt4pairIKPv16_data_access_logED2Ev
FN:72,_ZNSt4pairIKPv16_data_access_logEC2ERKS3_
FN:72,_ZNSt4pairIPv16_data_access_logED2Ev
FN:87,_ZNSt4pairISt17_Rb_tree_iteratorIiEbEC2ERKS1_RKb
FN:87,_ZNSt4pairISt17_Rb_tree_iteratorIS_IKPv16_data_access_logEEbEC2ERKS5_RKb
FN:87,_ZNSt4pairIKmiEC2ERS0_RKi
FN:87,_ZNSt4pairIPv16_data_access_logEC2ERKS0_RKS1_
FN:87,_ZNSt4pairISt17_Rb_tree_iteratorIS_IKmiEEbEC2ERKS3_RKb
FN:87,_ZNSt4pairISt23_Rb_tree_const_iteratorIPvEbEC2ERKS2_RKb
FN:87,_ZNSt4pairImiEC2ERKmRKi
FN:87,_ZNSt4pairISt17_Rb_tree_iteratorIPvEbEC2ERKS2_RKb
FN:87,_ZNSt4pairISt23_Rb_tree_const_iteratorIiEbEC2ERKS1_RKb
FN:87,_ZNSt4pairISt17_Rb_tree_iteratorIiES1_EC2ERKS1_S4_
FN:114,_ZNSt4pairIKPv16_data_access_logEC2IS0_S2_EERKS_IT_T0_E
FN:114,_ZNSt4pairIKmiEC2ImiEERKS_IT_T0_E
FNDA:216,_ZNSt4pairIKmiED2Ev
FNDA:692,_ZNSt4pairIKPv16_data_access_logED2Ev
FNDA:346,_ZNSt4pairIPv16_data_access_logED2Ev
FNDA:346,_ZNSt4pairIKPv16_data_access_logEC2ERKS3_
FNDA:216,_ZNSt4pairImiEC2ERKmRKi
FNDA:0,_ZNSt4pairIKmiEC2ERS0_RKi
FNDA:752,_ZNSt4pairISt23_Rb_tree_const_iteratorIPvEbEC2ERKS2_RKb
FNDA:0,_ZNSt4pairISt23_Rb_tree_const_iteratorIiEbEC2ERKS1_RKb
FNDA:752,_ZNSt4pairISt17_Rb_tree_iteratorIPvEbEC2ERKS2_RKb
FNDA:0,_ZNSt4pairISt17_Rb_tree_iteratorIiEbEC2ERKS1_RKb
FNDA:216,_ZNSt4pairISt17_Rb_tree_iteratorIS_IKmiEEbEC2ERKS3_RKb
FNDA:0,_ZNSt4pairISt17_Rb_tree_iteratorIiES1_EC2ERKS1_S4_
FNDA:346,_ZNSt4pairISt17_Rb_tree_iteratorIS_IKPv16_data_access_logEEbEC2ERKS5_RKb
FNDA:346,_ZNSt4pairIPv16_data_access_logEC2ERKS0_RKS1_
FNDA:216,_ZNSt4pairIKmiEC2ImiEERKS_IT_T0_E
FNDA:346,_ZNSt4pairIKPv16_data_access_logEC2IS0_S2_EERKS_IT_T0_E
FNF:16
FNH:12
DA:72,1600
DA:87,2628
DA:88,2628
DA:114,562
DA:116,562
LF:5
LH:5
end_of_record
SF:/usr/include/c++/4.5/bits/stl_set.h
FN:88,_ZNSt3setIiSt4lessIiESaIiEED2Ev
FN:88,_ZNSt3setIPvSt4lessIS0_ESaIS0_EED2Ev
FN:136,_ZNSt3setIiSt4lessIiESaIiEEC2Ev
FN:136,_ZNSt3setIPvSt4lessIS0_ESaIS0_EEC2Ev
FN:188,_ZNSt3setIiSt4lessIiESaIiEEC2ERKS3_
FN:188,_ZNSt3setIPvSt4lessIS0_ESaIS0_EEC2ERKS4_
FN:227,_ZNSt3setIPvSt4lessIS0_ESaIS0_EEaSERKS4_
FN:292,_ZNKSt3setIiSt4lessIiESaIiEE5beginEv
FN:292,_ZNKSt3setIPvSt4lessIS0_ESaIS0_EE5beginEv
FN:301,_ZNKSt3setIPvSt4lessIS0_ESaIS0_EE3endEv
FN:301,_ZNKSt3setIiSt4lessIiESaIiEE3endEv
FN:362,_ZNKSt3setIiSt4lessIiESaIiEE5emptyEv
FN:367,_ZNKSt3setIiSt4lessIiESaIiEE4sizeEv
FN:405,_ZNSt3setIiSt4lessIiESaIiEE6insertERKi
FN:405,_ZNSt3setIPvSt4lessIS0_ESaIS0_EE6insertERKS0_
FN:446,_ZNSt3setIiSt4lessIiESaIiEE6insertIN9__gnu_cxx17__normal_iteratorIPiSt6vectorIiS2_EEEEEvT_SB_
FN:507,_ZNSt3setIiSt4lessIiESaIiEE5eraseERKi
FN:552,_ZNSt3setIPvSt4lessIS0_ESaIS0_EE5clearEv
FN:584,_ZNSt3setIPvSt4lessIS0_ESaIS0_EE4findERKS0_
FN:584,_ZNSt3setIiSt4lessIiESaIiEE4findERKi
FNDA:1384,_ZNSt3setIiSt4lessIiESaIiEED2Ev
FNDA:1772,_ZNSt3setIPvSt4lessIS0_ESaIS0_EED2Ev
FNDA:432,_ZNSt3setIPvSt4lessIS0_ESaIS0_EEC2Ev
FNDA:346,_ZNSt3setIiSt4lessIiESaIiEEC2Ev
FNDA:1340,_ZNSt3setIPvSt4lessIS0_ESaIS0_EEC2ERKS4_
FNDA:1038,_ZNSt3setIiSt4lessIiESaIiEEC2ERKS3_
FNDA:0,_ZNSt3setIPvSt4lessIS0_ESaIS0_EEaSERKS4_
FNDA:0,_ZNKSt3setIPvSt4lessIS0_ESaIS0_EE5beginEv
FNDA:406,_ZNKSt3setIiSt4lessIiESaIiEE5beginEv
FNDA:0,_ZNKSt3setIPvSt4lessIS0_ESaIS0_EE3endEv
FNDA:0,_ZNKSt3setIiSt4lessIiESaIiEE3endEv
FNDA:406,_ZNKSt3setIiSt4lessIiESaIiEE5emptyEv
FNDA:0,_ZNKSt3setIiSt4lessIiESaIiEE4sizeEv
FNDA:752,_ZNSt3setIPvSt4lessIS0_ESaIS0_EE6insertERKS0_
FNDA:0,_ZNSt3setIiSt4lessIiESaIiEE6insertERKi
FNDA:0,_ZNSt3setIiSt4lessIiESaIiEE6insertIN9__gnu_cxx17__normal_iteratorIPiSt6vectorIiS2_EEEEEvT_SB_
FNDA:0,_ZNSt3setIiSt4lessIiESaIiEE5eraseERKi
FNDA:0,_ZNSt3setIPvSt4lessIS0_ESaIS0_EE5clearEv
FNDA:0,_ZNSt3setIPvSt4lessIS0_ESaIS0_EE4findERKS0_
FNDA:0,_ZNSt3setIiSt4lessIiESaIiEE4findERKi
FNF:20
FNH:9
DA:88,3156
DA:136,778
DA:137,778
DA:188,2378
DA:189,2378
DA:227,0
DA:229,0
DA:230,0
DA:292,406
DA:293,406
DA:301,0
DA:302,0
DA:362,406
DA:363,406
DA:367,0
DA:368,0
DA:405,752
DA:408,752
DA:409,752
DA:446,0
DA:447,0
DA:507,0
DA:508,0
DA:552,0
DA:553,0
DA:584,0
DA:585,0
LF:27
LH:12
end_of_record
SF:/usr/include/c++/4.5/bits/stl_tree.h
FN:98,_ZNSt18_Rb_tree_node_base10_S_minimumEPS_
FN:112,_ZNSt18_Rb_tree_node_base10_S_maximumEPS_
FN:166,_ZNSt17_Rb_tree_iteratorISt4pairIKmiEEC2Ev
FN:170,_ZNSt17_Rb_tree_iteratorIPvEC2EPSt13_Rb_tree_nodeIS0_E
FN:170,_ZNSt17_Rb_tree_iteratorISt4pairIKmiEEC2EPSt13_Rb_tree_nodeIS2_E
FN:170,_ZNSt17_Rb_tree_iteratorIiEC2EPSt13_Rb_tree_nodeIiE
FN:170,_ZNSt17_Rb_tree_iteratorISt4pairIKPv16_data_access_logEEC2EPSt13_Rb_tree_nodeIS4_E
FN:174,_ZNKSt17_Rb_tree_iteratorISt4pairIKmiEEdeEv
FN:178,_ZNKSt17_Rb_tree_iteratorISt4pairIKmiEEptEv
FN:178,_ZNKSt17_Rb_tree_iteratorISt4pairIKPv16_data_access_logEEptEv
FN:189,_ZNSt17_Rb_tree_iteratorIiEppEi
FN:189,_ZNSt17_Rb_tree_iteratorISt4pairIKmiEEppEi
FN:197,_ZNSt17_Rb_tree_iteratorIPvEmmEv
FN:197,_ZNSt17_Rb_tree_iteratorISt4pairIKPv16_data_access_logEEmmEv
FN:197,_ZNSt17_Rb_tree_iteratorISt4pairIKmiEEmmEv
FN:197,_ZNSt17_Rb_tree_iteratorIiEmmEv
FN:212,_ZNKSt17_Rb_tree_iteratorISt4pairIKmiEEeqERKS3_
FN:212,_ZNKSt17_Rb_tree_iteratorISt4pairIKPv16_data_access_logEEeqERKS5_
FN:212,_ZNKSt17_Rb_tree_iteratorIPvEeqERKS1_
FN:212,_ZNKSt17_Rb_tree_iteratorIiEeqERKS0_
FN:216,_ZNKSt17_Rb_tree_iteratorISt4pairIKmiEEneERKS3_
FN:216,_ZNKSt17_Rb_tree_iteratorIiEneERKS0_
FN:238,_ZNSt23_Rb_tree_const_iteratorIiEC2Ev
FN:238,_ZNSt23_Rb_tree_const_iteratorIPvEC2Ev
FN:242,_ZNSt23_Rb_tree_const_iteratorIPvEC2EPKSt13_Rb_tree_nodeIS0_E
FN:242,_ZNSt23_Rb_tree_const_iteratorIiEC2EPKSt13_Rb_tree_nodeIiE
FN:245,_ZNSt23_Rb_tree_const_iteratorIPvEC2ERKSt17_Rb_tree_iteratorIS0_E
FN:245,_ZNSt23_Rb_tree_const_iteratorISt4pairIKmiEEC2ERKSt17_Rb_tree_iteratorIS2_E
FN:245,_ZNSt23_Rb_tree_const_iteratorIiEC2ERKSt17_Rb_tree_iteratorIiE
FN:249,_ZNKSt23_Rb_tree_const_iteratorIiEdeEv
FN:249,_ZNKSt23_Rb_tree_const_iteratorIPvEdeEv
FN:257,_ZNSt23_Rb_tree_const_iteratorISt4pairIKmiEEppEv
FN:257,_ZNSt23_Rb_tree_const_iteratorIiEppEv
FN:264,_ZNSt23_Rb_tree_const_iteratorIiEppEi
FN:264,_ZNSt23_Rb_tree_const_iteratorIPvEppEi
FN:272,_ZNSt23_Rb_tree_const_iteratorISt4pairIKmiEEmmEv
FN:272,_ZNSt23_Rb_tree_const_iteratorIiEmmEv
FN:287,_ZNKSt23_Rb_tree_const_iteratorIiEeqERKS0_
FN:287,_ZNKSt23_Rb_tree_const_iteratorIPvEeqERKS1_
FN:291,_ZNKSt23_Rb_tree_const_iteratorIiEneERKS0_
FN:291,_ZNKSt23_Rb_tree_const_iteratorIPvEneERKS1_
FN:349,_ZNKSt8_Rb_treeIPvSt4pairIKS0_16_data_access_logESt10_Select1stIS4_ESt4lessIS0_ESaIS4_EE21_M_get_Node_allocatorEv
FN:349,_ZNKSt8_Rb_treeImSt4pairIKmiESt10_Select1stIS2_ESt4lessImESaIS2_EE21_M_get_Node_allocatorEv
FN:349,_ZNKSt8_Rb_treeIPvS0_St9_IdentityIS0_ESt4lessIS0_ESaIS0_EE21_M_get_Node_allocatorEv
FN:349,_ZNKSt8_Rb_treeIiiSt9_IdentityIiESt4lessIiESaIiEE21_M_get_Node_allocatorEv
FN:353,_ZNKSt8_Rb_treeIPvSt4pairIKS0_16_data_access_logESt10_Select1stIS4_ESt4lessIS0_ESaIS4_EE13get_allocatorEv
FN:353,_ZNKSt8_Rb_treeImSt4pairIKmiESt10_Select1stIS2_ESt4lessImESaIS2_EE13get_allocatorEv
FN:353,_ZNKSt8_Rb_treeIiiSt9_IdentityIiESt4lessIiESaIiEE13get_allocatorEv
FN:353,_ZNKSt8_Rb_treeIPvS0_St9_IdentityIS0_ESt4lessIS0_ESaIS0_EE13get_allocatorEv
FN:358,_ZNSt8_Rb_treeIPvSt4pairIKS0_16_data_access_logESt10_Select1stIS4_ESt4lessIS0_ESaIS4_EE11_M_get_nodeEv
FN:358,_ZNSt8_Rb_treeIiiSt9_IdentityIiESt4lessIiESaIiEE11_M_get_nodeEv
FN:358,_ZNSt8_Rb_treeIPvS0_St9_IdentityIS0_ESt4lessIS0_ESaIS0_EE11_M_get_nodeEv
FN:358,_ZNSt8_Rb_treeImSt4pairIKmiESt10_Select1stIS2_ESt4lessImESaIS2_EE11_M_get_nodeEv
FN:362,_ZNSt8_Rb_treeImSt4pairIKmiESt10_Select1stIS2_ESt4lessImESaIS2_EE11_M_put_nodeEPSt13_Rb_tree_nodeIS2_E
FN:362,_ZNSt8_Rb_treeIiiSt9_IdentityIiESt4lessIiESaIiEE11_M_put_nodeEPSt13_Rb_tree_nodeIiE
FN:362,_ZNSt8_Rb_treeIPvSt4pairIKS0_16_data_access_logESt10_Select1stIS4_ESt4lessIS0_ESaIS4_EE11_M_put_nodeEPSt13_Rb_tree_nodeIS4_E
FN:362,_ZNSt8_Rb_treeIPvS0_St9_IdentityIS0_ESt4lessIS0_ESaIS0_EE11_M_put_nodeEPSt13_Rb_tree_nodeIS0_E
FN:367,_ZNSt8_Rb_treeImSt4pairIKmiESt10_Select1stIS2_ESt4lessImESaIS2_EE14_M_create_nodeERKS2_
FN:367,_ZNSt8_Rb_treeIiiSt9_IdentityIiESt4lessIiESaIiEE14_M_create_nodeERKi
FN:367,_ZNSt8_Rb_treeIPvSt4pairIKS0_16_data_access_logESt10_Select1stIS4_ESt4lessIS0_ESaIS4_EE14_M_create_nodeERKS4_
FN:367,_ZNSt8_Rb_treeIPvS0_St9_IdentityIS0_ESt4lessIS0_ESaIS0_EE14_M_create_nodeERKS0_
FN:381,_ZNSt8_Rb_treeIPvS0_St9_IdentityIS0_ESt4lessIS0_ESaIS0_EE15_M_destroy_nodeEPSt13_Rb_tree_nodeIS0_E
FN:381,_ZNSt8_Rb_treeIPvSt4pairIKS0_16_data_access_logESt10_Select1stIS4_ESt4lessIS0_ESaIS4_EE15_M_destroy_nodeEPSt13_Rb_tree_nodeIS4_E
FN:381,_ZNSt8_Rb_treeIiiSt9_IdentityIiESt4lessIiESaIiEE15_M_destroy_nodeEPSt13_Rb_tree_nodeIiE
FN:381,_ZNSt8_Rb_treeImSt4pairIKmiESt10_Select1stIS2_ESt4lessImESaIS2_EE15_M_destroy_nodeEPSt13_Rb_tree_nodeIS2_E
FN:414,_ZNSt8_Rb_treeIPvS0_St9_IdentityIS0_ESt4lessIS0_ESaIS0_EE13_M_clone_nodeEPKSt13_Rb_tree_nodeIS0_E
FN:414,_ZNSt8_Rb_treeIiiSt9_IdentityIiESt4lessIiESaIiEE13_M_clone_nodeEPKSt13_Rb_tree_nodeIiE
FN:427,_ZNSt8_Rb_treeImSt4pairIKmiESt10_Select1stIS2_ESt4lessImESaIS2_EE13_Rb_tree_implIS6_Lb0EED2Ev
FN:427,_ZNSt8_Rb_treeIPvS0_St9_IdentityIS0_ESt4lessIS0_ESaIS0_EE13_Rb_tree_implIS4_Lb0EED2Ev
FN:427,_ZNSt8_Rb_treeIPvSt4pairIKS0_16_data_access_logESt10_Select1stIS4_ESt4lessIS0_ESaIS4_EE13_Rb_tree_implIS8_Lb0EED2Ev
FN:427,_ZNSt8_Rb_treeIiiSt9_IdentityIiESt4lessIiESaIiEE13_Rb_tree_implIS3_Lb0EED2Ev
FN:432,_ZNSt8_Rb_treeImSt4pairIKmiESt10_Select1stIS2_ESt4lessImESaIS2_EE13_Rb_tree_implIS6_Lb0EEC2Ev
FN:432,_ZNSt8_Rb_treeIiiSt9_IdentityIiESt4lessIiESaIiEE13_Rb_tree_implIS3_Lb0EEC2Ev
FN:432,_ZNSt8_Rb_treeIPvSt4pairIKS0_16_data_access_logESt10_Select1stIS4_ESt4lessIS0_ESaIS4_EE13_Rb_tree_implIS8_Lb0EEC2Ev
FN:432,_ZNSt8_Rb_treeIPvS0_St9_IdentityIS0_ESt4lessIS0_ESaIS0_EE13_Rb_tree_implIS4_Lb0EEC2Ev
FN:437,_ZNSt8_Rb_treeIPvS0_St9_IdentityIS0_ESt4lessIS0_ESaIS0_EE13_Rb_tree_implIS4_Lb0EEC2ERKS4_RKSaISt13_Rb_tree_nodeIS0_EE
FN:437,_ZNSt8_Rb_treeIiiSt9_IdentityIiESt4lessIiESaIiEE13_Rb_tree_implIS3_Lb0EEC2ERKS3_RKSaISt13_Rb_tree_nodeIiEE
FN:444,_ZNSt8_Rb_treeImSt4pairIKmiESt10_Select1stIS2_ESt4lessImESaIS2_EE13_Rb_tree_implIS6_Lb0EE13_M_initializeEv
FN:444,_ZNSt8_Rb_treeIPvSt4pairIKS0_16_data_access_logESt10_Select1stIS4_ESt4lessIS0_ESaIS4_EE13_Rb_tree_implIS8_Lb0EE13_M_initializeEv
FN:444,_ZNSt8_Rb_treeIiiSt9_IdentityIiESt4lessIiESaIiEE13_Rb_tree_implIS3_Lb0EE13_M_initializeEv
FN:444,_ZNSt8_Rb_treeIPvS0_St9_IdentityIS0_ESt4lessIS0_ESaIS0_EE13_Rb_tree_implIS4_Lb0EE13_M_initializeEv
FN:457,_ZNSt8_Rb_treeIiiSt9_IdentityIiESt4lessIiESaIiEE7_M_rootEv
FN:457,_ZNSt8_Rb_treeIPvSt4pairIKS0_16_data_access_logESt10_Select1stIS4_ESt4lessIS0_ESaIS4_EE7_M_rootEv
FN:457,_ZNSt8_Rb_treeIPvS0_St9_IdentityIS0_ESt4lessIS0_ESaIS0_EE7_M_rootEv
FN:457,_ZNSt8_Rb_treeImSt4pairIKmiESt10_Select1stIS2_ESt4lessImESaIS2_EE7_M_rootEv
FN:461,_ZNKSt8_Rb_treeIiiSt9_IdentityIiESt4lessIiESaIiEE7_M_rootEv
FN:461,_ZNKSt8_Rb_treeIPvS0_St9_IdentityIS0_ESt4lessIS0_ESaIS0_EE7_M_rootEv
FN:465,_ZNSt8_Rb_treeIPvSt4pairIKS0_16_data_access_logESt10_Select1stIS4_ESt4lessIS0_ESaIS4_EE11_M_leftmostEv
FN:465,_ZNSt8_Rb_treeImSt4pairIKmiESt10_Select1stIS2_ESt4lessImESaIS2_EE11_M_leftmostEv
FN:465,_ZNSt8_Rb_treeIiiSt9_IdentityIiESt4lessIiESaIiEE11_M_leftmostEv
FN:465,_ZNSt8_Rb_treeIPvS0_St9_IdentityIS0_ESt4lessIS0_ESaIS0_EE11_M_leftmostEv
FN:473,_ZNSt8_Rb_treeIiiSt9_IdentityIiESt4lessIiESaIiEE12_M_rightmostEv
FN:473,_ZNSt8_Rb_treeIPvS0_St9_IdentityIS0_ESt4lessIS0_ESaIS0_EE12_M_rightmostEv
FN:473,_ZNSt8_Rb_treeIPvSt4pairIKS0_16_data_access_logESt10_Select1stIS4_ESt4lessIS0_ESaIS4_EE12_M_rightmostEv
FN:473,_ZNSt8_Rb_treeImSt4pairIKmiESt10_Select1stIS2_ESt4lessImESaIS2_EE12_M_rightmostEv
FN:481,_ZNSt8_Rb_treeIPvS0_St9_IdentityIS0_ESt4lessIS0_ESaIS0_EE8_M_beginEv
FN:481,_ZNSt8_Rb_treeIiiSt9_IdentityIiESt4lessIiESaIiEE8_M_beginEv
FN:481,_ZNSt8_Rb_treeImSt4pairIKmiESt10_Select1stIS2_ESt4lessImESaIS2_EE8_M_beginEv
FN:481,_ZNSt8_Rb_treeIPvSt4pairIKS0_16_data_access_logESt10_Select1stIS4_ESt4lessIS0_ESaIS4_EE8_M_beginEv
FN:485,_ZNKSt8_Rb_treeIPvS0_St9_IdentityIS0_ESt4lessIS0_ESaIS0_EE8_M_beginEv
FN:485,_ZNKSt8_Rb_treeIiiSt9_IdentityIiESt4lessIiESaIiEE8_M_beginEv
FN:492,_ZNSt8_Rb_treeIPvSt4pairIKS0_16_data_access_logESt10_Select1stIS4_ESt4lessIS0_ESaIS4_EE6_M_endEv
FN:492,_ZNSt8_Rb_treeImSt4pairIKmiESt10_Select1stIS2_ESt4lessImESaIS2_EE6_M_endEv
FN:492,_ZNSt8_Rb_treeIiiSt9_IdentityIiESt4lessIiESaIiEE6_M_endEv
FN:492,_ZNSt8_Rb_treeIPvS0_St9_IdentityIS0_ESt4lessIS0_ESaIS0_EE6_M_endEv
FN:500,_ZNSt8_Rb_treeIPvS0_St9_IdentityIS0_ESt4lessIS0_ESaIS0_EE8_S_valueEPKSt13_Rb_tree_nodeIS0_E
FN:500,_ZNSt8_Rb_treeIiiSt9_IdentityIiESt4lessIiESaIiEE8_S_valueEPKSt13_Rb_tree_nodeIiE
FN:500,_ZNSt8_Rb_treeIPvSt4pairIKS0_16_data_access_logESt10_Select1stIS4_ESt4lessIS0_ESaIS4_EE8_S_valueEPKSt13_Rb_tree_nodeIS4_E
FN:500,_ZNSt8_Rb_treeImSt4pairIKmiESt10_Select1stIS2_ESt4lessImESaIS2_EE8_S_valueEPKSt13_Rb_tree_nodeIS2_E
FN:504,_ZNSt8_Rb_treeIiiSt9_IdentityIiESt4lessIiESaIiEE6_S_keyEPKSt13_Rb_tree_nodeIiE
FN:504,_ZNSt8_Rb_treeIPvS0_St9_IdentityIS0_ESt4lessIS0_ESaIS0_EE6_S_keyEPKSt13_Rb_tree_nodeIS0_E
FN:504,_ZNSt8_Rb_treeIPvSt4pairIKS0_16_data_access_logESt10_Select1stIS4_ESt4lessIS0_ESaIS4_EE6_S_keyEPKSt13_Rb_tree_nodeIS4_E
FN:504,_ZNSt8_Rb_treeImSt4pairIKmiESt10_Select1stIS2_ESt4lessImESaIS2_EE6_S_keyEPKSt13_Rb_tree_nodeIS2_E
FN:508,_ZNSt8_Rb_treeIPvSt4pairIKS0_16_data_access_logESt10_Select1stIS4_ESt4lessIS0_ESaIS4_EE7_S_leftEPSt18_Rb_tree_node_base
FN:508,_ZNSt8_Rb_treeIPvS0_St9_IdentityIS0_ESt4lessIS0_ESaIS0_EE7_S_leftEPSt18_Rb_tree_node_base
FN:508,_ZNSt8_Rb_treeImSt4pairIKmiESt10_Select1stIS2_ESt4lessImESaIS2_EE7_S_leftEPSt18_Rb_tree_node_base
FN:508,_ZNSt8_Rb_treeIiiSt9_IdentityIiESt4lessIiESaIiEE7_S_leftEPSt18_Rb_tree_node_base
FN:512,_ZNSt8_Rb_treeIPvS0_St9_IdentityIS0_ESt4lessIS0_ESaIS0_EE7_S_leftEPKSt18_Rb_tree_node_base
FN:512,_ZNSt8_Rb_treeIiiSt9_IdentityIiESt4lessIiESaIiEE7_S_leftEPKSt18_Rb_tree_node_base
FN:516,_ZNSt8_Rb_treeImSt4pairIKmiESt10_Select1stIS2_ESt4lessImESaIS2_EE8_S_rightEPSt18_Rb_tree_node_base
FN:516,_ZNSt8_Rb_treeIiiSt9_IdentityIiESt4lessIiESaIiEE8_S_rightEPSt18_Rb_tree_node_base
FN:516,_ZNSt8_Rb_treeIPvS0_St9_IdentityIS0_ESt4lessIS0_ESaIS0_EE8_S_rightEPSt18_Rb_tree_node_base
FN:516,_ZNSt8_Rb_treeIPvSt4pairIKS0_16_data_access_logESt10_Select1stIS4_ESt4lessIS0_ESaIS4_EE8_S_rightEPSt18_Rb_tree_node_base
FN:520,_ZNSt8_Rb_treeIiiSt9_IdentityIiESt4lessIiESaIiEE8_S_rightEPKSt18_Rb_tree_node_base
FN:520,_ZNSt8_Rb_treeImSt4pairIKmiESt10_Select1stIS2_ESt4lessImESaIS2_EE8_S_rightEPKSt18_Rb_tree_node_base
FN:520,_ZNSt8_Rb_treeIPvS0_St9_IdentityIS0_ESt4lessIS0_ESaIS0_EE8_S_rightEPKSt18_Rb_tree_node_base
FN:524,_ZNSt8_Rb_treeImSt4pairIKmiESt10_Select1stIS2_ESt4lessImESaIS2_EE8_S_valueEPKSt18_Rb_tree_node_base
FN:524,_ZNSt8_Rb_treeIPvS0_St9_IdentityIS0_ESt4lessIS0_ESaIS0_EE8_S_valueEPKSt18_Rb_tree_node_base
FN:524,_ZNSt8_Rb_treeIPvSt4pairIKS0_16_data_access_logESt10_Select1stIS4_ESt4lessIS0_ESaIS4_EE8_S_valueEPKSt18_Rb_tree_node_base
FN:524,_ZNSt8_Rb_treeIiiSt9_IdentityIiESt4lessIiESaIiEE8_S_valueEPKSt18_Rb_tree_node_base
FN:528,_ZNSt8_Rb_treeIPvS0_St9_IdentityIS0_ESt4lessIS0_ESaIS0_EE6_S_keyEPKSt18_Rb_tree_node_base
FN:528,_ZNSt8_Rb_treeIiiSt9_IdentityIiESt4lessIiESaIiEE6_S_keyEPKSt18_Rb_tree_node_base
FN:528,_ZNSt8_Rb_treeImSt4pairIKmiESt10_Select1stIS2_ESt4lessImESaIS2_EE6_S_keyEPKSt18_Rb_tree_node_base
FN:528,_ZNSt8_Rb_treeIPvSt4pairIKS0_16_data_access_logESt10_Select1stIS4_ESt4lessIS0_ESaIS4_EE6_S_keyEPKSt18_Rb_tree_node_base
FN:532,_ZNSt8_Rb_treeIiiSt9_IdentityIiESt4lessIiESaIiEE10_S_minimumEPSt18_Rb_tree_node_base
FN:532,_ZNSt8_Rb_treeIPvS0_St9_IdentityIS0_ESt4lessIS0_ESaIS0_EE10_S_minimumEPSt18_Rb_tree_node_base
FN:540,_ZNSt8_Rb_treeIPvS0_St9_IdentityIS0_ESt4lessIS0_ESaIS0_EE10_S_maximumEPSt18_Rb_tree_node_base
FN:540,_ZNSt8_Rb_treeIiiSt9_IdentityIiESt4lessIiESaIiEE10_S_maximumEPSt18_Rb_tree_node_base
FN:591,_ZNSt8_Rb_treeIPvSt4pairIKS0_16_data_access_logESt10_Select1stIS4_ESt4lessIS0_ESaIS4_EEC2Ev
FN:591,_ZNSt8_Rb_treeIiiSt9_IdentityIiESt4lessIiESaIiEEC2Ev
FN:591,_ZNSt8_Rb_treeIPvS0_St9_IdentityIS0_ESt4lessIS0_ESaIS0_EEC2Ev
FN:591,_ZNSt8_Rb_treeImSt4pairIKmiESt10_Select1stIS2_ESt4lessImESaIS2_EEC2Ev
FN:597,_ZNSt8_Rb_treeIiiSt9_IdentityIiESt4lessIiESaIiEEC2ERKS5_
FN:597,_ZNSt8_Rb_treeIPvS0_St9_IdentityIS0_ESt4lessIS0_ESaIS0_EEC2ERKS6_
FN:613,_ZNSt8_Rb_treeImSt4pairIKmiESt10_Select1stIS2_ESt4lessImESaIS2_EED2Ev
FN:613,_ZNSt8_Rb_treeIiiSt9_IdentityIiESt4lessIiESaIiEED2Ev
FN:613,_ZNSt8_Rb_treeIPvS0_St9_IdentityIS0_ESt4lessIS0_ESaIS0_EED2Ev
FN:613,_ZNSt8_Rb_treeIPvSt4pairIKS0_16_data_access_logESt10_Select1stIS4_ESt4lessIS0_ESaIS4_EED2Ev
FN:621,_ZNKSt8_Rb_treeImSt4pairIKmiESt10_Select1stIS2_ESt4lessImESaIS2_EE8key_compEv
FN:625,_ZNSt8_Rb_treeIPvSt4pairIKS0_16_data_access_logESt10_Select1stIS4_ESt4lessIS0_ESaIS4_EE5beginEv
FN:625,_ZNSt8_Rb_treeImSt4pairIKmiESt10_Select1stIS2_ESt4lessImESaIS2_EE5beginEv
FN:625,_ZNSt8_Rb_treeIiiSt9_IdentityIiESt4lessIiESaIiEE5beginEv
FN:625,_ZNSt8_Rb_treeIPvS0_St9_IdentityIS0_ESt4lessIS0_ESaIS0_EE5beginEv
FN:632,_ZNKSt8_Rb_treeIiiSt9_IdentityIiESt4lessIiESaIiEE5beginEv
FN:632,_ZNKSt8_Rb_treeIPvS0_St9_IdentityIS0_ESt4lessIS0_ESaIS0_EE5beginEv
FN:639,_ZNSt8_Rb_treeIPvSt4pairIKS0_16_data_access_logESt10_Select1stIS4_ESt4lessIS0_ESaIS4_EE3endEv
FN:639,_ZNSt8_Rb_treeIPvS0_St9_IdentityIS0_ESt4lessIS0_ESaIS0_EE3endEv
FN:639,_ZNSt8_Rb_treeImSt4pairIKmiESt10_Select1stIS2_ESt4lessImESaIS2_EE3endEv
FN:639,_ZNSt8_Rb_treeIiiSt9_IdentityIiESt4lessIiESaIiEE3endEv
FN:643,_ZNKSt8_Rb_treeIiiSt9_IdentityIiESt4lessIiESaIiEE3endEv
FN:643,_ZNKSt8_Rb_treeIPvS0_St9_IdentityIS0_ESt4lessIS0_ESaIS0_EE3endEv
FN:666,_ZNKSt8_Rb_treeIiiSt9_IdentityIiESt4lessIiESaIiEE5emptyEv
FN:666,_ZNKSt8_Rb_treeImSt4pairIKmiESt10_Select1stIS2_ESt4lessImESaIS2_EE5emptyEv
FN:666,_ZNKSt8_Rb_treeIPvSt4pairIKS0_16_data_access_logESt10_Select1stIS4_ESt4lessIS0_ESaIS4_EE5emptyEv
FN:670,_ZNKSt8_Rb_treeImSt4pairIKmiESt10_Select1stIS2_ESt4lessImESaIS2_EE4sizeEv
FN:670,_ZNKSt8_Rb_treeIiiSt9_IdentityIiESt4lessIiESaIiEE4sizeEv
FN:742,_ZNSt8_Rb_treeIPvSt4pairIKS0_16_data_access_logESt10_Select1stIS4_ESt4lessIS0_ESaIS4_EE5clearEv
FN:742,_ZNSt8_Rb_treeIPvS0_St9_IdentityIS0_ESt4lessIS0_ESaIS0_EE5clearEv
FN:742,_ZNSt8_Rb_treeImSt4pairIKmiESt10_Select1stIS2_ESt4lessImESaIS2_EE5clearEv
FN:742,_ZNSt8_Rb_treeIiiSt9_IdentityIiESt4lessIiESaIiEE5clearEv
FN:762,_ZNSt8_Rb_treeImSt4pairIKmiESt10_Select1stIS2_ESt4lessImESaIS2_EE11lower_boundERS1_
FN:870,_ZNSt8_Rb_treeIPvS0_St9_IdentityIS0_ESt4lessIS0_ESaIS0_EEaSERKS6_
FN:892,_ZNSt8_Rb_treeIPvS0_St9_IdentityIS0_ESt4lessIS0_ESaIS0_EE10_M_insert_EPKSt18_Rb_tree_node_baseS9_RKS0_
FN:892,_ZNSt8_Rb_treeIPvSt4pairIKS0_16_data_access_logESt10_Select1stIS4_ESt4lessIS0_ESaIS4_EE10_M_insert_EPKSt18_Rb_tree_node_baseSD_RKS4_
FN:892,_ZNSt8_Rb_treeImSt4pairIKmiESt10_Select1stIS2_ESt4lessImESaIS2_EE10_M_insert_EPKSt18_Rb_tree_node_baseSB_RKS2_
FN:892,_ZNSt8_Rb_treeIiiSt9_IdentityIiESt4lessIiESaIiEE10_M_insert_EPKSt18_Rb_tree_node_baseS8_RKi
FN:946,_ZNSt8_Rb_treeIiiSt9_IdentityIiESt4lessIiESaIiEE7_M_copyEPKSt13_Rb_tree_nodeIiEPS7_
FN:946,_ZNSt8_Rb_treeIPvS0_St9_IdentityIS0_ESt4lessIS0_ESaIS0_EE7_M_copyEPKSt13_Rb_tree_nodeIS0_EPS8_
FN:982,_ZNSt8_Rb_treeIPvSt4pairIKS0_16_data_access_logESt10_Select1stIS4_ESt4lessIS0_ESaIS4_EE8_M_eraseEPSt13_Rb_tree_nodeIS4_E
FN:982,_ZNSt8_Rb_treeImSt4pairIKmiESt10_Select1stIS2_ESt4lessImESaIS2_EE8_M_eraseEPSt13_Rb_tree_nodeIS2_E
FN:982,_ZNSt8_Rb_treeIiiSt9_IdentityIiESt4lessIiESaIiEE8_M_eraseEPSt13_Rb_tree_nodeIiE
FN:982,_ZNSt8_Rb_treeIPvS0_St9_IdentityIS0_ESt4lessIS0_ESaIS0_EE8_M_eraseEPSt13_Rb_tree_nodeIS0_E
FN:999,_ZNSt8_Rb_treeIPvS0_St9_IdentityIS0_ESt4lessIS0_ESaIS0_EE14_M_lower_boundEPSt13_Rb_tree_nodeIS0_ES9_RKS0_
FN:999,_ZNSt8_Rb_treeIiiSt9_IdentityIiESt4lessIiESaIiEE14_M_lower_boundEPSt13_Rb_tree_nodeIiES8_RKi
FN:999,_ZNSt8_Rb_treeIPvSt4pairIKS0_16_data_access_logESt10_Select1stIS4_ESt4lessIS0_ESaIS4_EE14_M_lower_boundEPSt13_Rb_tree_nodeIS4_ESD_RS2_
FN:999,_ZNSt8_Rb_treeImSt4pairIKmiESt10_Select1stIS2_ESt4lessImESaIS2_EE14_M_lower_boundEPSt13_Rb_tree_nodeIS2_ESB_RS1_
FN:1031,_ZNSt8_Rb_treeIiiSt9_IdentityIiESt4lessIiESaIiEE14_M_upper_boundEPSt13_Rb_tree_nodeIiES8_RKi
FN:1065,_ZNSt8_Rb_treeIiiSt9_IdentityIiESt4lessIiESaIiEE11equal_rangeERKi
FN:1175,_ZNSt8_Rb_treeImSt4pairIKmiESt10_Select1stIS2_ESt4lessImESaIS2_EE16_M_insert_uniqueERKS2_
FN:1175,_ZNSt8_Rb_treeIPvS0_St9_IdentityIS0_ESt4lessIS0_ESaIS0_EE16_M_insert_uniqueERKS0_
FN:1175,_ZNSt8_Rb_treeIPvSt4pairIKS0_16_data_access_logESt10_Select1stIS4_ESt4lessIS0_ESaIS4_EE16_M_insert_uniqueERKS4_
FN:1175,_ZNSt8_Rb_treeIiiSt9_IdentityIiESt4lessIiESaIiEE16_M_insert_uniqueERKi
FN:1220,_ZNSt8_Rb_treeImSt4pairIKmiESt10_Select1stIS2_ESt4lessImESaIS2_EE17_M_insert_unique_ESt23_Rb_tree_const_iteratorIS2_ERKS2_
FN:1220,_ZNSt8_Rb_treeIiiSt9_IdentityIiESt4lessIiESaIiEE17_M_insert_unique_ESt23_Rb_tree_const_iteratorIiERKi
FN:1334,_ZNSt8_Rb_treeIiiSt9_IdentityIiESt4lessIiESaIiEE16_M_insert_uniqueIN9__gnu_cxx17__normal_iteratorIPiSt6vectorIiS4_EEEEEvT_SD_
FN:1394,_ZNSt8_Rb_treeIiiSt9_IdentityIiESt4lessIiESaIiEE5eraseESt17_Rb_tree_iteratorIiE
FN:1423,_ZNSt8_Rb_treeIiiSt9_IdentityIiESt4lessIiESaIiEE5eraseERKi
FN:1478,_ZNSt8_Rb_treeIiiSt9_IdentityIiESt4lessIiESaIiEE5eraseESt17_Rb_tree_iteratorIiES7_
FN:1516,_ZNSt8_Rb_treeIPvSt4pairIKS0_16_data_access_logESt10_Select1stIS4_ESt4lessIS0_ESaIS4_EE4findERS2_
FN:1516,_ZNSt8_Rb_treeIPvS0_St9_IdentityIS0_ESt4lessIS0_ESaIS0_EE4findERKS0_
FN:1516,_ZNSt8_Rb_treeImSt4pairIKmiESt10_Select1stIS2_ESt4lessImESaIS2_EE4findERS1_
FN:1516,_ZNSt8_Rb_treeIiiSt9_IdentityIiESt4lessIiESaIiEE4findERKi
FNDA:89,_ZNSt18_Rb_tree_node_base10_S_minimumEPS_
FNDA:89,_ZNSt18_Rb_tree_node_base10_S_maximumEPS_
FNDA:2,_ZNSt17_Rb_tree_iteratorISt4pairIKmiEEC2Ev
FNDA:8620,_ZNSt17_Rb_tree_iteratorISt4pairIKmiEEC2EPSt13_Rb_tree_nodeIS2_E
FNDA:1620,_ZNSt17_Rb_tree_iteratorIPvEC2EPSt13_Rb_tree_nodeIS0_E
FNDA:0,_ZNSt17_Rb_tree_iteratorIiEC2EPSt13_Rb_tree_nodeIiE
FNDA:4197,_ZNSt17_Rb_tree_iteratorISt4pairIKPv16_data_access_logEEC2EPSt13_Rb_tree_nodeIS4_E
FNDA:0,_ZNKSt17_Rb_tree_iteratorISt4pairIKmiEEdeEv
FNDA:988,_ZNKSt17_Rb_tree_iteratorISt4pairIKmiEEptEv
FNDA:406,_ZNKSt17_Rb_tree_iteratorISt4pairIKPv16_data_access_logEEptEv
FNDA:20,_ZNSt17_Rb_tree_iteratorISt4pairIKmiEEppEi
FNDA:0,_ZNSt17_Rb_tree_iteratorIiEppEi
FNDA:0,_ZNSt17_Rb_tree_iteratorIPvEmmEv
FNDA:0,_ZNSt17_Rb_tree_iteratorIiEmmEv
FNDA:11,_ZNSt17_Rb_tree_iteratorISt4pairIKmiEEmmEv
FNDA:79,_ZNSt17_Rb_tree_iteratorISt4pairIKPv16_data_access_logEEmmEv
FNDA:3320,_ZNKSt17_Rb_tree_iteratorISt4pairIKmiEEeqERKS3_
FNDA:2001,_ZNKSt17_Rb_tree_iteratorISt4pairIKPv16_data_access_logEEeqERKS5_
FNDA:116,_ZNKSt17_Rb_tree_iteratorIPvEeqERKS1_
FNDA:0,_ZNKSt17_Rb_tree_iteratorIiEeqERKS0_
FNDA:1746,_ZNKSt17_Rb_tree_iteratorISt4pairIKmiEEneERKS3_
FNDA:0,_ZNKSt17_Rb_tree_iteratorIiEneERKS0_
FNDA:0,_ZNSt23_Rb_tree_const_iteratorIPvEC2Ev
FNDA:0,_ZNSt23_Rb_tree_const_iteratorIiEC2Ev
FNDA:0,_ZNSt23_Rb_tree_const_iteratorIPvEC2EPKSt13_Rb_tree_nodeIS0_E
FNDA:406,_ZNSt23_Rb_tree_const_iteratorIiEC2EPKSt13_Rb_tree_nodeIiE
FNDA:752,_ZNSt23_Rb_tree_const_iteratorIPvEC2ERKSt17_Rb_tree_iteratorIS0_E
FNDA:0,_ZNSt23_Rb_tree_const_iteratorIiEC2ERKSt17_Rb_tree_iteratorIiE
FNDA:0,_ZNSt23_Rb_tree_const_iteratorISt4pairIKmiEEC2ERKSt17_Rb_tree_iteratorIS2_E
FNDA:0,_ZNKSt23_Rb_tree_const_iteratorIPvEdeEv
FNDA:0,_ZNKSt23_Rb_tree_const_iteratorIiEdeEv
FNDA:0,_ZNSt23_Rb_tree_const_iteratorISt4pairIKmiEEppEv
FNDA:0,_ZNSt23_Rb_tree_const_iteratorIiEppEv
FNDA:0,_ZNSt23_Rb_tree_const_iteratorIPvEppEi
FNDA:0,_ZNSt23_Rb_tree_const_iteratorIiEppEi
FNDA:0,_ZNSt23_Rb_tree_const_iteratorISt4pairIKmiEEmmEv
FNDA:0,_ZNSt23_Rb_tree_const_iteratorIiEmmEv
FNDA:0,_ZNKSt23_Rb_tree_const_iteratorIPvEeqERKS1_
FNDA:0,_ZNKSt23_Rb_tree_const_iteratorIiEeqERKS0_
FNDA:0,_ZNKSt23_Rb_tree_const_iteratorIPvEneERKS1_
FNDA:0,_ZNKSt23_Rb_tree_const_iteratorIiEneERKS0_
FNDA:4260,_ZNKSt8_Rb_treeIPvS0_St9_IdentityIS0_ESt4lessIS0_ESaIS0_EE21_M_get_Node_allocatorEv
FNDA:432,_ZNKSt8_Rb_treeImSt4pairIKmiESt10_Select1stIS2_ESt4lessImESaIS2_EE21_M_get_Node_allocatorEv
FNDA:1038,_ZNKSt8_Rb_treeIiiSt9_IdentityIiESt4lessIiESaIiEE21_M_get_Node_allocatorEv
FNDA:692,_ZNKSt8_Rb_treeIPvSt4pairIKS0_16_data_access_logESt10_Select1stIS4_ESt4lessIS0_ESaIS4_EE21_M_get_Node_allocatorEv
FNDA:0,_ZNKSt8_Rb_treeIiiSt9_IdentityIiESt4lessIiESaIiEE13get_allocatorEv
FNDA:2920,_ZNKSt8_Rb_treeIPvS0_St9_IdentityIS0_ESt4lessIS0_ESaIS0_EE13get_allocatorEv
FNDA:432,_ZNKSt8_Rb_treeImSt4pairIKmiESt10_Select1stIS2_ESt4lessImESaIS2_EE13get_allocatorEv
FNDA:692,_ZNKSt8_Rb_treeIPvSt4pairIKS0_16_data_access_logESt10_Select1stIS4_ESt4lessIS0_ESaIS4_EE13get_allocatorEv
FNDA:1460,_ZNSt8_Rb_treeIPvS0_St9_IdentityIS0_ESt4lessIS0_ESaIS0_EE11_M_get_nodeEv
FNDA:0,_ZNSt8_Rb_treeIiiSt9_IdentityIiESt4lessIiESaIiEE11_M_get_nodeEv
FNDA:216,_ZNSt8_Rb_treeImSt4pairIKmiESt10_Select1stIS2_ESt4lessImESaIS2_EE11_M_get_nodeEv
FNDA:346,_ZNSt8_Rb_treeIPvSt4pairIKS0_16_data_access_logESt10_Select1stIS4_ESt4lessIS0_ESaIS4_EE11_M_get_nodeEv
FNDA:1460,_ZNSt8_Rb_treeIPvS0_St9_IdentityIS0_ESt4lessIS0_ESaIS0_EE11_M_put_nodeEPSt13_Rb_tree_nodeIS0_E
FNDA:216,_ZNSt8_Rb_treeImSt4pairIKmiESt10_Select1stIS2_ESt4lessImESaIS2_EE11_M_put_nodeEPSt13_Rb_tree_nodeIS2_E
FNDA:0,_ZNSt8_Rb_treeIiiSt9_IdentityIiESt4lessIiESaIiEE11_M_put_nodeEPSt13_Rb_tree_nodeIiE
FNDA:346,_ZNSt8_Rb_treeIPvSt4pairIKS0_16_data_access_logESt10_Select1stIS4_ESt4lessIS0_ESaIS4_EE11_M_put_nodeEPSt13_Rb_tree_nodeIS4_E
FNDA:1460,_ZNSt8_Rb_treeIPvS0_St9_IdentityIS0_ESt4lessIS0_ESaIS0_EE14_M_create_nodeERKS0_
FNDA:0,_ZNSt8_Rb_treeIiiSt9_IdentityIiESt4lessIiESaIiEE14_M_create_nodeERKi
FNDA:216,_ZNSt8_Rb_treeImSt4pairIKmiESt10_Select1stIS2_ESt4lessImESaIS2_EE14_M_create_nodeERKS2_
FNDA:346,_ZNSt8_Rb_treeIPvSt4pairIKS0_16_data_access_logESt10_Select1stIS4_ESt4lessIS0_ESaIS4_EE14_M_create_nodeERKS4_
FNDA:0,_ZNSt8_Rb_treeIiiSt9_IdentityIiESt4lessIiESaIiEE15_M_destroy_nodeEPSt13_Rb_tree_nodeIiE
FNDA:1460,_ZNSt8_Rb_treeIPvS0_St9_IdentityIS0_ESt4lessIS0_ESaIS0_EE15_M_destroy_nodeEPSt13_Rb_tree_nodeIS0_E
FNDA:216,_ZNSt8_Rb_treeImSt4pairIKmiESt10_Select1stIS2_ESt4lessImESaIS2_EE15_M_destroy_nodeEPSt13_Rb_tree_nodeIS2_E
FNDA:346,_ZNSt8_Rb_treeIPvSt4pairIKS0_16_data_access_logESt10_Select1stIS4_ESt4lessIS0_ESaIS4_EE15_M_destroy_nodeEPSt13_Rb_tree_nodeIS4_E
FNDA:708,_ZNSt8_Rb_treeIPvS0_St9_IdentityIS0_ESt4lessIS0_ESaIS0_EE13_M_clone_nodeEPKSt13_Rb_tree_nodeIS0_E
FNDA:0,_ZNSt8_Rb_treeIiiSt9_IdentityIiESt4lessIiESaIiEE13_M_clone_nodeEPKSt13_Rb_tree_nodeIiE
FNDA:1772,_ZNSt8_Rb_treeIPvS0_St9_IdentityIS0_ESt4lessIS0_ESaIS0_EE13_Rb_tree_implIS4_Lb0EED2Ev
FNDA:2,_ZNSt8_Rb_treeImSt4pairIKmiESt10_Select1stIS2_ESt4lessImESaIS2_EE13_Rb_tree_implIS6_Lb0EED2Ev
FNDA:1384,_ZNSt8_Rb_treeIiiSt9_IdentityIiESt4lessIiESaIiEE13_Rb_tree_implIS3_Lb0EED2Ev
FNDA:2,_ZNSt8_Rb_treeIPvSt4pairIKS0_16_data_access_logESt10_Select1stIS4_ESt4lessIS0_ESaIS4_EE13_Rb_tree_implIS8_Lb0EED2Ev
FNDA:432,_ZNSt8_Rb_treeIPvS0_St9_IdentityIS0_ESt4lessIS0_ESaIS0_EE13_Rb_tree_implIS4_Lb0EEC2Ev
FNDA:2,_ZNSt8_Rb_treeImSt4pairIKmiESt10_Select1stIS2_ESt4lessImESaIS2_EE13_Rb_tree_implIS6_Lb0EEC2Ev
FNDA:346,_ZNSt8_Rb_treeIiiSt9_IdentityIiESt4lessIiESaIiEE13_Rb_tree_implIS3_Lb0EEC2Ev
FNDA:2,_ZNSt8_Rb_treeIPvSt4pairIKS0_16_data_access_logESt10_Select1stIS4_ESt4lessIS0_ESaIS4_EE13_Rb_tree_implIS8_Lb0EEC2Ev
FNDA:1340,_ZNSt8_Rb_treeIPvS0_St9_IdentityIS0_ESt4lessIS0_ESaIS0_EE13_Rb_tree_implIS4_Lb0EEC2ERKS4_RKSaISt13_Rb_tree_nodeIS0_EE
FNDA:1038,_ZNSt8_Rb_treeIiiSt9_IdentityIiESt4lessIiESaIiEE13_Rb_tree_implIS3_Lb0EEC2ERKS3_RKSaISt13_Rb_tree_nodeIiEE
FNDA:1772,_ZNSt8_Rb_treeIPvS0_St9_IdentityIS0_ESt4lessIS0_ESaIS0_EE13_Rb_tree_implIS4_Lb0EE13_M_initializeEv
FNDA:2,_ZNSt8_Rb_treeImSt4pairIKmiESt10_Select1stIS2_ESt4lessImESaIS2_EE13_Rb_tree_implIS6_Lb0EE13_M_initializeEv
FNDA:1384,_ZNSt8_Rb_treeIiiSt9_IdentityIiESt4lessIiESaIiEE13_Rb_tree_implIS3_Lb0EE13_M_initializeEv
FNDA:2,_ZNSt8_Rb_treeIPvSt4pairIKS0_16_data_access_logESt10_Select1stIS4_ESt4lessIS0_ESaIS4_EE13_Rb_tree_implIS8_Lb0EE13_M_initializeEv
FNDA:2,_ZNSt8_Rb_treeImSt4pairIKmiESt10_Select1stIS2_ESt4lessImESaIS2_EE7_M_rootEv
FNDA:267,_ZNSt8_Rb_treeIPvS0_St9_IdentityIS0_ESt4lessIS0_ESaIS0_EE7_M_rootEv
FNDA:2,_ZNSt8_Rb_treeIPvSt4pairIKS0_16_data_access_logESt10_Select1stIS4_ESt4lessIS0_ESaIS4_EE7_M_rootEv
FNDA:0,_ZNSt8_Rb_treeIiiSt9_IdentityIiESt4lessIiESaIiEE7_M_rootEv
FNDA:1340,_ZNKSt8_Rb_treeIPvS0_St9_IdentityIS0_ESt4lessIS0_ESaIS0_EE7_M_rootEv
FNDA:1038,_ZNKSt8_Rb_treeIiiSt9_IdentityIiESt4lessIiESaIiEE7_M_rootEv
FNDA:2,_ZNSt8_Rb_treeImSt4pairIKmiESt10_Select1stIS2_ESt4lessImESaIS2_EE11_M_leftmostEv
FNDA:89,_ZNSt8_Rb_treeIPvS0_St9_IdentityIS0_ESt4lessIS0_ESaIS0_EE11_M_leftmostEv
FNDA:2,_ZNSt8_Rb_treeIPvSt4pairIKS0_16_data_access_logESt10_Select1stIS4_ESt4lessIS0_ESaIS4_EE11_M_leftmostEv
FNDA:0,_ZNSt8_Rb_treeIiiSt9_IdentityIiESt4lessIiESaIiEE11_M_leftmostEv
FNDA:2,_ZNSt8_Rb_treeImSt4pairIKmiESt10_Select1stIS2_ESt4lessImESaIS2_EE12_M_rightmostEv
FNDA:89,_ZNSt8_Rb_treeIPvS0_St9_IdentityIS0_ESt4lessIS0_ESaIS0_EE12_M_rightmostEv
FNDA:2,_ZNSt8_Rb_treeIPvSt4pairIKS0_16_data_access_logESt10_Select1stIS4_ESt4lessIS0_ESaIS4_EE12_M_rightmostEv
FNDA:0,_ZNSt8_Rb_treeIiiSt9_IdentityIiESt4lessIiESaIiEE12_M_rightmostEv
FNDA:2524,_ZNSt8_Rb_treeIPvS0_St9_IdentityIS0_ESt4lessIS0_ESaIS0_EE8_M_beginEv
FNDA:3124,_ZNSt8_Rb_treeImSt4pairIKmiESt10_Select1stIS2_ESt4lessImESaIS2_EE8_M_beginEv
FNDA:1384,_ZNSt8_Rb_treeIiiSt9_IdentityIiESt4lessIiESaIiEE8_M_beginEv
FNDA:1508,_ZNSt8_Rb_treeIPvSt4pairIKS0_16_data_access_logESt10_Select1stIS4_ESt4lessIS0_ESaIS4_EE8_M_beginEv
FNDA:89,_ZNKSt8_Rb_treeIPvS0_St9_IdentityIS0_ESt4lessIS0_ESaIS0_EE8_M_beginEv
FNDA:0,_ZNKSt8_Rb_treeIiiSt9_IdentityIiESt4lessIiESaIiEE8_M_beginEv
FNDA:3340,_ZNSt8_Rb_treeImSt4pairIKmiESt10_Select1stIS2_ESt4lessImESaIS2_EE6_M_endEv
FNDA:1593,_ZNSt8_Rb_treeIPvS0_St9_IdentityIS0_ESt4lessIS0_ESaIS0_EE6_M_endEv
FNDA:0,_ZNSt8_Rb_treeIiiSt9_IdentityIiESt4lessIiESaIiEE6_M_endEv
FNDA:1854,_ZNSt8_Rb_treeIPvSt4pairIKS0_16_data_access_logESt10_Select1stIS4_ESt4lessIS0_ESaIS4_EE6_M_endEv
FNDA:2382,_ZNSt8_Rb_treeIPvS0_St9_IdentityIS0_ESt4lessIS0_ESaIS0_EE8_S_valueEPKSt13_Rb_tree_nodeIS0_E
FNDA:0,_ZNSt8_Rb_treeIiiSt9_IdentityIiESt4lessIiESaIiEE8_S_valueEPKSt13_Rb_tree_nodeIiE
FNDA:16531,_ZNSt8_Rb_treeImSt4pairIKmiESt10_Select1stIS2_ESt4lessImESaIS2_EE8_S_valueEPKSt13_Rb_tree_nodeIS2_E
FNDA:9206,_ZNSt8_Rb_treeIPvSt4pairIKS0_16_data_access_logESt10_Select1stIS4_ESt4lessIS0_ESaIS4_EE8_S_valueEPKSt13_Rb_tree_nodeIS4_E
FNDA:2382,_ZNSt8_Rb_treeIPvS0_St9_IdentityIS0_ESt4lessIS0_ESaIS0_EE6_S_keyEPKSt13_Rb_tree_nodeIS0_E
FNDA:0,_ZNSt8_Rb_treeIiiSt9_IdentityIiESt4lessIiESaIiEE6_S_keyEPKSt13_Rb_tree_nodeIiE
FNDA:16531,_ZNSt8_Rb_treeImSt4pairIKmiESt10_Select1stIS2_ESt4lessImESaIS2_EE6_S_keyEPKSt13_Rb_tree_nodeIS2_E
FNDA:9206,_ZNSt8_Rb_treeIPvSt4pairIKS0_16_data_access_logESt10_Select1stIS4_ESt4lessIS0_ESaIS4_EE6_S_keyEPKSt13_Rb_tree_nodeIS4_E
FNDA:1460,_ZNSt8_Rb_treeIPvS0_St9_IdentityIS0_ESt4lessIS0_ESaIS0_EE7_S_leftEPSt18_Rb_tree_node_base
FNDA:9205,_ZNSt8_Rb_treeImSt4pairIKmiESt10_Select1stIS2_ESt4lessImESaIS2_EE7_S_leftEPSt18_Rb_tree_node_base
FNDA:0,_ZNSt8_Rb_treeIiiSt9_IdentityIiESt4lessIiESaIiEE7_S_leftEPSt18_Rb_tree_node_base
FNDA:3738,_ZNSt8_Rb_treeIPvSt4pairIKS0_16_data_access_logESt10_Select1stIS4_ESt4lessIS0_ESaIS4_EE7_S_leftEPSt18_Rb_tree_node_base
FNDA:708,_ZNSt8_Rb_treeIPvS0_St9_IdentityIS0_ESt4lessIS0_ESaIS0_EE7_S_leftEPKSt18_Rb_tree_node_base
FNDA:0,_ZNSt8_Rb_treeIiiSt9_IdentityIiESt4lessIiESaIiEE7_S_leftEPKSt18_Rb_tree_node_base
FNDA:3842,_ZNSt8_Rb_treeIPvS0_St9_IdentityIS0_ESt4lessIS0_ESaIS0_EE8_S_rightEPSt18_Rb_tree_node_base
FNDA:7758,_ZNSt8_Rb_treeImSt4pairIKmiESt10_Select1stIS2_ESt4lessImESaIS2_EE8_S_rightEPSt18_Rb_tree_node_base
FNDA:0,_ZNSt8_Rb_treeIiiSt9_IdentityIiESt4lessIiESaIiEE8_S_rightEPSt18_Rb_tree_node_base
FNDA:6160,_ZNSt8_Rb_treeIPvSt4pairIKS0_16_data_access_logESt10_Select1stIS4_ESt4lessIS0_ESaIS4_EE8_S_rightEPSt18_Rb_tree_node_base
FNDA:0,_ZNSt8_Rb_treeImSt4pairIKmiESt10_Select1stIS2_ESt4lessImESaIS2_EE8_S_rightEPKSt18_Rb_tree_node_base
FNDA:335,_ZNSt8_Rb_treeIPvS0_St9_IdentityIS0_ESt4lessIS0_ESaIS0_EE8_S_rightEPKSt18_Rb_tree_node_base
FNDA:0,_ZNSt8_Rb_treeIiiSt9_IdentityIiESt4lessIiESaIiEE8_S_rightEPKSt18_Rb_tree_node_base
FNDA:1272,_ZNSt8_Rb_treeIPvS0_St9_IdentityIS0_ESt4lessIS0_ESaIS0_EE8_S_valueEPKSt18_Rb_tree_node_base
FNDA:2923,_ZNSt8_Rb_treeImSt4pairIKmiESt10_Select1stIS2_ESt4lessImESaIS2_EE8_S_valueEPKSt18_Rb_tree_node_base
FNDA:0,_ZNSt8_Rb_treeIiiSt9_IdentityIiESt4lessIiESaIiEE8_S_valueEPKSt18_Rb_tree_node_base
FNDA:1771,_ZNSt8_Rb_treeIPvSt4pairIKS0_16_data_access_logESt10_Select1stIS4_ESt4lessIS0_ESaIS4_EE8_S_valueEPKSt18_Rb_tree_node_base
FNDA:1272,_ZNSt8_Rb_treeIPvS0_St9_IdentityIS0_ESt4lessIS0_ESaIS0_EE6_S_keyEPKSt18_Rb_tree_node_base
FNDA:2923,_ZNSt8_Rb_treeImSt4pairIKmiESt10_Select1stIS2_ESt4lessImESaIS2_EE6_S_keyEPKSt18_Rb_tree_node_base
FNDA:0,_ZNSt8_Rb_treeIiiSt9_IdentityIiESt4lessIiESaIiEE6_S_keyEPKSt18_Rb_tree_node_base
FNDA:1771,_ZNSt8_Rb_treeIPvSt4pairIKS0_16_data_access_logESt10_Select1stIS4_ESt4lessIS0_ESaIS4_EE6_S_keyEPKSt18_Rb_tree_node_base
FNDA:89,_ZNSt8_Rb_treeIPvS0_St9_IdentityIS0_ESt4lessIS0_ESaIS0_EE10_S_minimumEPSt18_Rb_tree_node_base
FNDA:0,_ZNSt8_Rb_treeIiiSt9_IdentityIiESt4lessIiESaIiEE10_S_minimumEPSt18_Rb_tree_node_base
FNDA:89,_ZNSt8_Rb_treeIPvS0_St9_IdentityIS0_ESt4lessIS0_ESaIS0_EE10_S_maximumEPSt18_Rb_tree_node_base
FNDA:0,_ZNSt8_Rb_treeIiiSt9_IdentityIiESt4lessIiESaIiEE10_S_maximumEPSt18_Rb_tree_node_base
FNDA:432,_ZNSt8_Rb_treeIPvS0_St9_IdentityIS0_ESt4lessIS0_ESaIS0_EEC2Ev
FNDA:2,_ZNSt8_Rb_treeImSt4pairIKmiESt10_Select1stIS2_ESt4lessImESaIS2_EEC2Ev
FNDA:346,_ZNSt8_Rb_treeIiiSt9_IdentityIiESt4lessIiESaIiEEC2Ev
FNDA:2,_ZNSt8_Rb_treeIPvSt4pairIKS0_16_data_access_logESt10_Select1stIS4_ESt4lessIS0_ESaIS4_EEC2Ev
FNDA:1340,_ZNSt8_Rb_treeIPvS0_St9_IdentityIS0_ESt4lessIS0_ESaIS0_EEC2ERKS6_
FNDA:1038,_ZNSt8_Rb_treeIiiSt9_IdentityIiESt4lessIiESaIiEEC2ERKS5_
FNDA:1384,_ZNSt8_Rb_treeIiiSt9_IdentityIiESt4lessIiESaIiEED2Ev
FNDA:1772,_ZNSt8_Rb_treeIPvS0_St9_IdentityIS0_ESt4lessIS0_ESaIS0_EED2Ev
FNDA:2,_ZNSt8_Rb_treeImSt4pairIKmiESt10_Select1stIS2_ESt4lessImESaIS2_EED2Ev
FNDA:2,_ZNSt8_Rb_treeIPvSt4pairIKS0_16_data_access_logESt10_Select1stIS4_ESt4lessIS0_ESaIS4_EED2Ev
FNDA:0,_ZNKSt8_Rb_treeImSt4pairIKmiESt10_Select1stIS2_ESt4lessImESaIS2_EE8key_compEv
FNDA:206,_ZNSt8_Rb_treeImSt4pairIKmiESt10_Select1stIS2_ESt4lessImESaIS2_EE5beginEv
FNDA:116,_ZNSt8_Rb_treeIPvS0_St9_IdentityIS0_ESt4lessIS0_ESaIS0_EE5beginEv
FNDA:0,_ZNSt8_Rb_treeIiiSt9_IdentityIiESt4lessIiESaIiEE5beginEv
FNDA:91,_ZNSt8_Rb_treeIPvSt4pairIKS0_16_data_access_logESt10_Select1stIS4_ESt4lessIS0_ESaIS4_EE5beginEv
FNDA:0,_ZNKSt8_Rb_treeIPvS0_St9_IdentityIS0_ESt4lessIS0_ESaIS0_EE5beginEv
FNDA:406,_ZNKSt8_Rb_treeIiiSt9_IdentityIiESt4lessIiESaIiEE5beginEv
FNDA:5078,_ZNSt8_Rb_treeImSt4pairIKmiESt10_Select1stIS2_ESt4lessImESaIS2_EE3endEv
FNDA:0,_ZNSt8_Rb_treeIPvS0_St9_IdentityIS0_ESt4lessIS0_ESaIS0_EE3endEv
FNDA:0,_ZNSt8_Rb_treeIiiSt9_IdentityIiESt4lessIiESaIiEE3endEv
FNDA:2256,_ZNSt8_Rb_treeIPvSt4pairIKS0_16_data_access_logESt10_Select1stIS4_ESt4lessIS0_ESaIS4_EE3endEv
FNDA:0,_ZNKSt8_Rb_treeIPvS0_St9_IdentityIS0_ESt4lessIS0_ESaIS0_EE3endEv
FNDA:0,_ZNKSt8_Rb_treeIiiSt9_IdentityIiESt4lessIiESaIiEE3endEv
FNDA:1940,_ZNKSt8_Rb_treeImSt4pairIKmiESt10_Select1stIS2_ESt4lessImESaIS2_EE5emptyEv
FNDA:406,_ZNKSt8_Rb_treeIiiSt9_IdentityIiESt4lessIiESaIiEE5emptyEv
FNDA:4,_ZNKSt8_Rb_treeIPvSt4pairIKS0_16_data_access_logESt10_Select1stIS4_ESt4lessIS0_ESaIS4_EE5emptyEv
FNDA:0,_ZNKSt8_Rb_treeIiiSt9_IdentityIiESt4lessIiESaIiEE4sizeEv
FNDA:0,_ZNKSt8_Rb_treeImSt4pairIKmiESt10_Select1stIS2_ESt4lessImESaIS2_EE4sizeEv
FNDA:0,_ZNSt8_Rb_treeIPvS0_St9_IdentityIS0_ESt4lessIS0_ESaIS0_EE5clearEv
FNDA:0,_ZNSt8_Rb_treeIiiSt9_IdentityIiESt4lessIiESaIiEE5clearEv
FNDA:2,_ZNSt8_Rb_treeImSt4pairIKmiESt10_Select1stIS2_ESt4lessImESaIS2_EE5clearEv
FNDA:2,_ZNSt8_Rb_treeIPvSt4pairIKS0_16_data_access_logESt10_Select1stIS4_ESt4lessIS0_ESaIS4_EE5clearEv
FNDA:0,_ZNSt8_Rb_treeImSt4pairIKmiESt10_Select1stIS2_ESt4lessImESaIS2_EE11lower_boundERS1_
FNDA:0,_ZNSt8_Rb_treeIPvS0_St9_IdentityIS0_ESt4lessIS0_ESaIS0_EEaSERKS6_
FNDA:752,_ZNSt8_Rb_treeIPvS0_St9_IdentityIS0_ESt4lessIS0_ESaIS0_EE10_M_insert_EPKSt18_Rb_tree_node_baseS9_RKS0_
FNDA:0,_ZNSt8_Rb_treeIiiSt9_IdentityIiESt4lessIiESaIiEE10_M_insert_EPKSt18_Rb_tree_node_baseS8_RKi
FNDA:216,_ZNSt8_Rb_treeImSt4pairIKmiESt10_Select1stIS2_ESt4lessImESaIS2_EE10_M_insert_EPKSt18_Rb_tree_node_baseSB_RKS2_
FNDA:346,_ZNSt8_Rb_treeIPvSt4pairIKS0_16_data_access_logESt10_Select1stIS4_ESt4lessIS0_ESaIS4_EE10_M_insert_EPKSt18_Rb_tree_node_baseSD_RKS4_
FNDA:424,_ZNSt8_Rb_treeIPvS0_St9_IdentityIS0_ESt4lessIS0_ESaIS0_EE7_M_copyEPKSt13_Rb_tree_nodeIS0_EPS8_
FNDA:0,_ZNSt8_Rb_treeIiiSt9_IdentityIiESt4lessIiESaIiEE7_M_copyEPKSt13_Rb_tree_nodeIiEPS7_
FNDA:1384,_ZNSt8_Rb_treeIiiSt9_IdentityIiESt4lessIiESaIiEE8_M_eraseEPSt13_Rb_tree_nodeIiE
FNDA:3232,_ZNSt8_Rb_treeIPvS0_St9_IdentityIS0_ESt4lessIS0_ESaIS0_EE8_M_eraseEPSt13_Rb_tree_nodeIS0_E
FNDA:220,_ZNSt8_Rb_treeImSt4pairIKmiESt10_Select1stIS2_ESt4lessImESaIS2_EE8_M_eraseEPSt13_Rb_tree_nodeIS2_E
FNDA:350,_ZNSt8_Rb_treeIPvSt4pairIKS0_16_data_access_logESt10_Select1stIS4_ESt4lessIS0_ESaIS4_EE8_M_eraseEPSt13_Rb_tree_nodeIS4_E
FNDA:0,_ZNSt8_Rb_treeIPvS0_St9_IdentityIS0_ESt4lessIS0_ESaIS0_EE14_M_lower_boundEPSt13_Rb_tree_nodeIS0_ES9_RKS0_
FNDA:0,_ZNSt8_Rb_treeIiiSt9_IdentityIiESt4lessIiESaIiEE14_M_lower_boundEPSt13_Rb_tree_nodeIiES8_RKi
FNDA:2904,_ZNSt8_Rb_treeImSt4pairIKmiESt10_Select1stIS2_ESt4lessImESaIS2_EE14_M_lower_boundEPSt13_Rb_tree_nodeIS2_ESB_RS1_
FNDA:1158,_ZNSt8_Rb_treeIPvSt4pairIKS0_16_data_access_logESt10_Select1stIS4_ESt4lessIS0_ESaIS4_EE14_M_lower_boundEPSt13_Rb_tree_nodeIS4_ESD_RS2_
FNDA:0,_ZNSt8_Rb_treeIiiSt9_IdentityIiESt4lessIiESaIiEE14_M_upper_boundEPSt13_Rb_tree_nodeIiES8_RKi
FNDA:0,_ZNSt8_Rb_treeIiiSt9_IdentityIiESt4lessIiESaIiEE11equal_rangeERKi
FNDA:752,_ZNSt8_Rb_treeIPvS0_St9_IdentityIS0_ESt4lessIS0_ESaIS0_EE16_M_insert_uniqueERKS0_
FNDA:0,_ZNSt8_Rb_treeIiiSt9_IdentityIiESt4lessIiESaIiEE16_M_insert_uniqueERKi
FNDA:216,_ZNSt8_Rb_treeImSt4pairIKmiESt10_Select1stIS2_ESt4lessImESaIS2_EE16_M_insert_uniqueERKS2_
FNDA:346,_ZNSt8_Rb_treeIPvSt4pairIKS0_16_data_access_logESt10_Select1stIS4_ESt4lessIS0_ESaIS4_EE16_M_insert_uniqueERKS4_
FNDA:0,_ZNSt8_Rb_treeIiiSt9_IdentityIiESt4lessIiESaIiEE17_M_insert_unique_ESt23_Rb_tree_const_iteratorIiERKi
FNDA:0,_ZNSt8_Rb_treeImSt4pairIKmiESt10_Select1stIS2_ESt4lessImESaIS2_EE17_M_insert_unique_ESt23_Rb_tree_const_iteratorIS2_ERKS2_
FNDA:0,_ZNSt8_Rb_treeIiiSt9_IdentityIiESt4lessIiESaIiEE16_M_insert_uniqueIN9__gnu_cxx17__normal_iteratorIPiSt6vectorIiS4_EEEEEvT_SD_
FNDA:0,_ZNSt8_Rb_treeIiiSt9_IdentityIiESt4lessIiESaIiEE5eraseESt17_Rb_tree_iteratorIiE
FNDA:0,_ZNSt8_Rb_treeIiiSt9_IdentityIiESt4lessIiESaIiEE5eraseERKi
FNDA:0,_ZNSt8_Rb_treeIiiSt9_IdentityIiESt4lessIiESaIiEE5eraseESt17_Rb_tree_iteratorIiES7_
FNDA:0,_ZNSt8_Rb_treeIPvS0_St9_IdentityIS0_ESt4lessIS0_ESaIS0_EE4findERKS0_
FNDA:0,_ZNSt8_Rb_treeIiiSt9_IdentityIiESt4lessIiESaIiEE4findERKi
FNDA:2904,_ZNSt8_Rb_treeImSt4pairIKmiESt10_Select1stIS2_ESt4lessImESaIS2_EE4findERS1_
FNDA:1158,_ZNSt8_Rb_treeIPvSt4pairIKS0_16_data_access_logESt10_Select1stIS4_ESt4lessIS0_ESaIS4_EE4findERS2_
FNF:202
FNH:128
BRDA:100,2,0,104
BRDA:100,2,1,89
BRDA:114,2,0,223
BRDA:114,2,1,89
BRDA:371,9999,3,-
BRDA:371,9999,4,-
BRDA:371,0,8,216
BRDA:371,0,9,0
BRDA:371,1,13,346
BRDA:371,1,14,0
BRDA:371,2,16,346
BRDA:371,2,17,0
BRDA:374,9999,0,-
BRDA:374,9999,1,-
BRDA:374,9999,3,-
BRDA:374,9999,4,-
BRDA:374,9999,6,-
BRDA:374,9999,7,-
BRDA:383,3,10,346
BRDA:383,3,11,0
BRDA:600,9999,1,89
BRDA:600,9999,2,1251
BRDA:600,9999,4,0
BRDA:600,9999,5,1038
BRDA:602,0,3,89
BRDA:602,0,4,0
BRDA:602,1,9,-
BRDA:602,1,10,-
BRDA:614,0,1,1384
BRDA:614,0,2,0
BRDA:614,3,8,1772
BRDA:614,3,9,0
BRDA:614,6,15,2
BRDA:614,6,16,0
BRDA:614,9,22,2
BRDA:614,9,23,0
BRDA:873,0,0,-
BRDA:873,0,1,-
BRDA:878,9999,1,-
BRDA:878,9999,2,-
BRDA:897,0,0,752
BRDA:897,0,1,0
BRDA:897,1,3,636
BRDA:897,1,4,116
BRDA:897,2,8,0
BRDA:897,2,9,636
BRDA:897,5,10,-
BRDA:897,5,11,-
BRDA:897,6,13,-
BRDA:897,6,14,-
BRDA:897,7,18,-
BRDA:897,7,19,-
BRDA:897,10,20,216
BRDA:897,10,21,0
BRDA:897,11,23,212
BRDA:897,11,24,4
BRDA:897,12,28,200
BRDA:897,12,29,12
BRDA:897,15,30,346
BRDA:897,15,31,0
BRDA:897,16,33,342
BRDA:897,16,34,4
BRDA:897,17,38,87
BRDA:897,17,39,255
BRDA:955,9999,0,246
BRDA:955,9999,1,178
BRDA:955,9999,2,-
BRDA:955,9999,3,-
BRDA:956,0,1,246
BRDA:956,0,2,0
BRDA:956,2,5,-
BRDA:956,2,6,-
BRDA:960,0,0,284
BRDA:960,0,1,424
BRDA:960,1,2,-
BRDA:960,1,3,-
BRDA:962,0,0,284
BRDA:962,0,1,0
BRDA:962,1,3,-
BRDA:962,1,4,-
BRDA:965,0,0,89
BRDA:965,0,1,195
BRDA:965,1,2,-
BRDA:965,1,3,-
BRDA:966,0,1,89
BRDA:966,0,2,0
BRDA:966,2,5,-
BRDA:966,2,6,-
BRDA:973,9999,0,-
BRDA:973,9999,1,-
BRDA:973,9999,3,-
BRDA:973,9999,4,-
BRDA:986,1,0,0
BRDA:986,1,1,1384
BRDA:986,3,2,1460
BRDA:986,3,3,3232
BRDA:986,5,4,216
BRDA:986,5,5,220
BRDA:986,7,6,346
BRDA:986,7,7,350
BRDA:1003,1,0,-
BRDA:1003,1,1,-
BRDA:1003,3,2,-
BRDA:1003,3,3,-
BRDA:1003,5,4,14936
BRDA:1003,5,5,2904
BRDA:1003,7,6,7165
BRDA:1003,7,7,1158
BRDA:1004,0,2,-
BRDA:1004,0,3,-
BRDA:1004,1,6,-
BRDA:1004,1,7,-
BRDA:1004,2,10,7436
BRDA:1004,2,11,7500
BRDA:1004,3,14,2816
BRDA:1004,3,15,4349
BRDA:1035,1,0,-
BRDA:1035,1,1,-
BRDA:1036,0,2,-
BRDA:1036,0,3,-
BRDA:1070,0,0,-
BRDA:1070,0,1,-
BRDA:1072,0,2,-
BRDA:1072,0,3,-
BRDA:1074,0,2,-
BRDA:1074,0,3,-
BRDA:1181,0,0,2382
BRDA:1181,0,1,752
BRDA:1181,1,2,-
BRDA:1181,1,3,-
BRDA:1181,2,4,1595
BRDA:1181,2,5,216
BRDA:1181,3,6,2041
BRDA:1181,3,7,346
BRDA:1185,9999,0,0
BRDA:1185,9999,1,2382
BRDA:1185,2,4,-
BRDA:1185,2,5,-
BRDA:1185,5,8,1553
BRDA:1185,5,9,42
BRDA:1185,8,12,576
BRDA:1185,8,13,1465
BRDA:1188,9999,0,116
BRDA:1188,9999,1,636
BRDA:1188,9999,2,-
BRDA:1188,9999,3,-
BRDA:1188,9999,4,204
BRDA:1188,9999,5,12
BRDA:1188,9999,6,91
BRDA:1188,9999,7,255
BRDA:1190,0,2,116
BRDA:1190,0,3,0
BRDA:1190,1,6,-
BRDA:1190,1,7,-
BRDA:1190,2,10,193
BRDA:1190,2,11,11
BRDA:1190,3,14,12
BRDA:1190,3,15,79
BRDA:1195,0,3,636
BRDA:1195,0,4,0
BRDA:1195,1,8,-
BRDA:1195,1,9,-
BRDA:1195,2,13,23
BRDA:1195,2,14,0
BRDA:1195,3,18,334
BRDA:1195,3,19,0
BRDA:1224,0,1,-
BRDA:1224,0,2,-
BRDA:1224,1,4,-
BRDA:1224,1,5,-
BRDA:1226,0,1,-
BRDA:1226,0,2,-
BRDA:1226,1,7,-
BRDA:1226,1,8,-
BRDA:1226,4,9,-
BRDA:1226,4,10,-
BRDA:1226,5,12,-
BRDA:1226,5,13,-
BRDA:1226,6,18,-
BRDA:1226,6,19,-
BRDA:1226,9,20,-
BRDA:1226,9,21,-
BRDA:1233,0,3,-
BRDA:1233,0,4,-
BRDA:1233,1,8,-
BRDA:1233,1,9,-
BRDA:1238,0,1,-
BRDA:1238,0,2,-
BRDA:1238,1,4,-
BRDA:1238,1,5,-
BRDA:1240,0,4,-
BRDA:1240,0,5,-
BRDA:1240,1,10,-
BRDA:1240,1,11,-
BRDA:1243,0,1,-
BRDA:1243,0,2,-
BRDA:1243,1,4,-
BRDA:1243,1,5,-
BRDA:1252,0,3,-
BRDA:1252,0,4,-
BRDA:1252,1,8,-
BRDA:1252,1,9,-
BRDA:1257,0,1,-
BRDA:1257,0,2,-
BRDA:1257,1,4,-
BRDA:1257,1,5,-
BRDA:1259,0,4,-
BRDA:1259,0,5,-
BRDA:1259,1,10,-
BRDA:1259,1,11,-
BRDA:1262,0,1,-
BRDA:1262,0,2,-
BRDA:1262,1,4,-
BRDA:1262,1,5,-
BRDA:1337,1,2,-
BRDA:1337,1,3,-
BRDA:1481,0,2,-
BRDA:1481,0,3,-
BRDA:1481,1,6,-
BRDA:1481,1,7,-
BRDA:1481,4,8,-
BRDA:1481,4,9,-
BRDA:1484,1,1,-
BRDA:1484,1,2,-
BRDA:1522,9999,2,-
BRDA:1522,9999,3,-
BRDA:1522,0,6,-
BRDA:1522,0,7,-
BRDA:1522,3,11,-
BRDA:1522,3,12,-
BRDA:1522,4,15,-
BRDA:1522,4,16,-
BRDA:1522,7,20,2688
BRDA:1522,7,21,216
BRDA:1522,8,24,0
BRDA:1522,8,25,2688
BRDA:1522,11,29,1095
BRDA:1522,11,30,63
BRDA:1522,12,33,283
BRDA:1522,12,34,812
BRF:240
BRH:86
DA:98,89
DA:100,193
DA:101,89
DA:112,89
DA:114,312
DA:115,89
DA:166,2
DA:167,2
DA:170,14437
DA:171,14437
DA:174,0
DA:175,0
DA:178,1394
DA:179,1394
DA:189,20
DA:191,20
DA:192,20
DA:197,90
DA:199,90
DA:200,90
DA:212,5437
DA:213,5437
DA:216,1746
DA:217,1746
DA:238,0
DA:239,0
DA:242,406
DA:243,406
DA:245,752
DA:246,752
DA:249,0
DA:250,0
DA:257,0
DA:259,0
DA:260,0
DA:264,0
DA:266,0
DA:267,0
DA:272,0
DA:274,0
DA:275,0
DA:287,0
DA:288,0
DA:291,0
DA:292,0
DA:349,6422
DA:350,6422
DA:353,4044
DA:354,4044
DA:358,2022
DA:359,2022
DA:362,2022
DA:363,2022
DA:367,2022
DA:369,2022
DA:371,2022
DA:372,0
DA:374,0
DA:375,0
DA:377,2022
DA:381,2022
DA:383,2022
DA:384,2022
DA:385,2022
DA:414,708
DA:416,708
DA:417,708
DA:418,708
DA:419,708
DA:420,708
DA:427,3160
DA:432,782
DA:434,782
DA:435,782
DA:437,2378
DA:439,2378
DA:440,2378
DA:444,3160
DA:446,3160
DA:447,3160
DA:448,3160
DA:449,3160
DA:450,3160
DA:457,271
DA:458,271
DA:461,2378
DA:462,2378
DA:465,93
DA:466,93
DA:473,93
DA:474,93
DA:481,8540
DA:482,8540
DA:485,89
DA:488,89
DA:492,6787
DA:493,6787
DA:500,28119
DA:501,28119
DA:504,28119
DA:505,28119
DA:508,14403
DA:509,14403
DA:512,708
DA:513,708
DA:516,17760
DA:517,17760
DA:520,335
DA:521,335
DA:524,5966
DA:525,5966
DA:528,5966
DA:529,5966
DA:532,89
DA:533,89
DA:540,89
DA:541,89
DA:591,782
DA:597,2378
DA:598,2378
DA:600,2378
DA:602,89
DA:603,89
DA:604,89
DA:605,89
DA:607,2378
DA:613,3160
DA:614,3160
DA:621,0
DA:625,413
DA:628,413
DA:632,406
DA:635,406
DA:639,7334
DA:640,7334
DA:643,0
DA:646,0
DA:666,2350
DA:667,2350
DA:670,0
DA:671,0
DA:742,4
DA:744,4
DA:745,4
DA:746,4
DA:747,4
DA:748,4
DA:749,4
DA:762,0
DA:763,0
DA:870,0
DA:873,0
DA:876,0
DA:878,0
DA:880,0
DA:881,0
DA:882,0
DA:883,0
DA:886,0
DA:892,1314
DA:897,1314
DA:899,1314
DA:901,1314
DA:904,1314
DA:905,1314
DA:946,424
DA:950,424
DA:951,424
DA:955,424
DA:956,246
DA:957,424
DA:958,424
DA:960,708
DA:962,284
DA:963,284
DA:964,284
DA:965,284
DA:966,89
DA:967,284
DA:968,284
DA:971,0
DA:973,0
DA:974,0
DA:976,424
DA:982,5186
DA:986,7208
DA:988,2022
DA:989,2022
DA:990,2022
DA:991,2022
DA:993,5186
DA:999,4062
DA:1003,26163
DA:1004,22101
DA:1005,10252
DA:1007,11849
DA:1008,4062
DA:1031,0
DA:1035,0
DA:1036,0
DA:1037,0
DA:1039,0
DA:1040,0
DA:1065,0
DA:1068,0
DA:1069,0
DA:1070,0
DA:1072,0
DA:1073,0
DA:1074,0
DA:1075,0
DA:1078,0
DA:1079,0
DA:1080,0
DA:1083,0
DA:1087,0
DA:1175,1314
DA:1178,1314
DA:1179,1314
DA:1180,1314
DA:1181,7332
DA:1183,6018
DA:1184,6018
DA:1185,6018
DA:1187,1314
DA:1188,1314
DA:1190,411
DA:1191,321
DA:1193,90
DA:1195,993
DA:1196,993
DA:1197,1314
DA:1220,0
DA:1224,0
DA:1226,0
DA:1229,0
DA:1231,0
DA:1233,0
DA:1237,0
DA:1238,0
DA:1239,0
DA:1240,0
DA:1243,0
DA:1244,0
DA:1247,0
DA:1250,0
DA:1252,0
DA:1256,0
DA:1257,0
DA:1258,0
DA:1259,0
DA:1262,0
DA:1263,0
DA:1265,0
DA:1268,0
DA:1273,0
DA:1334,0
DA:1337,0
DA:1338,0
DA:1339,0
DA:1394,0
DA:1400,0
DA:1401,0
DA:1402,0
DA:1403,0
DA:1423,0
DA:1426,0
DA:1427,0
DA:1428,0
[...]
FNDA:0,_ZNSt12_Vector_baseIiSaIiEE13_M_deallocateEPij
FNDA:0,_ZNSt12_Vector_baseIPvSaIS0_EE13_M_deallocateEPS0_j
FNDA:0,_ZNSt12_Vector_baseI17_loop_spec_threadSaIS0_EE13_M_deallocateEPS0_j
FNDA:0,_ZNSt12_Vector_baseIPFPvS0_ESaIS2_EE13_M_deallocateEPS2_j
FNDA:0,_ZNSt6vectorIiSaIiEEC2Ev
FNDA:0,_ZNSt6vectorIPvSaIS0_EEC2Ev
FNDA:0,_ZNSt6vectorI17_loop_spec_threadSaIS0_EEC2Ev
FNDA:0,_ZNSt6vectorIPFPvS0_ESaIS2_EEC2Ev
FNDA:0,_ZNSt6vectorIiSaIiEEC2ERKS1_
FNDA:0,_ZNSt6vectorIPFPvS0_ESaIS2_EEC2ERKS4_
FNDA:0,_ZNSt6vectorIPvSaIS0_EEC2ERKS2_
FNDA:0,_ZNSt6vectorIiSaIiEED2Ev
FNDA:0,_ZNSt6vectorIPvSaIS0_EED2Ev
FNDA:0,_ZNSt6vectorIPFPvS0_ESaIS2_EED2Ev
FNDA:0,_ZNSt6vectorI17_loop_spec_threadSaIS0_EED2Ev
FNDA:0,_ZNSt6vectorIiSaIiEE5beginEv
FNDA:0,_ZNSt6vectorIPvSaIS0_EE5beginEv
FNDA:0,_ZNSt6vectorIPFPvS0_ESaIS2_EE5beginEv
FNDA:0,_ZNSt6vectorI17_loop_spec_threadSaIS0_EE5beginEv
FNDA:0,_ZNKSt6vectorIiSaIiEE5beginEv
FNDA:0,_ZNKSt6vectorI17_loop_spec_threadSaIS0_EE5beginEv
FNDA:0,_ZNKSt6vectorIPFPvS0_ESaIS2_EE5beginEv
FNDA:0,_ZNKSt6vectorIPvSaIS0_EE5beginEv
FNDA:0,_ZNSt6vectorIiSaIiEE3endEv
FNDA:0,_ZNSt6vectorIPvSaIS0_EE3endEv
FNDA:0,_ZNSt6vectorI17_loop_spec_threadSaIS0_EE3endEv
FNDA:0,_ZNSt6vectorIPFPvS0_ESaIS2_EE3endEv
FNDA:0,_ZNKSt6vectorIiSaIiEE3endEv
FNDA:0,_ZNKSt6vectorI17_loop_spec_threadSaIS0_EE3endEv
FNDA:0,_ZNKSt6vectorIPFPvS0_ESaIS2_EE3endEv
FNDA:0,_ZNKSt6vectorIPvSaIS0_EE3endEv
FNDA:0,_ZNKSt6vectorIiSaIiEE4sizeEv
FNDA:0,_ZNKSt6vectorIPFPvS0_ESaIS2_EE4sizeEv
FNDA:0,_ZNKSt6vectorIPvSaIS0_EE4sizeEv
FNDA:0,_ZNKSt6vectorI17_loop_spec_threadSaIS0_EE4sizeEv
FNDA:0,_ZNKSt6vectorIiSaIiEE8max_sizeEv
FNDA:0,_ZNKSt6vectorIPFPvS0_ESaIS2_EE8max_sizeEv
FNDA:0,_ZNKSt6vectorIPvSaIS0_EE8max_sizeEv
FNDA:0,_ZNKSt6vectorI17_loop_spec_threadSaIS0_EE8max_sizeEv
FNDA:0,_ZNSt6vectorI17_loop_spec_threadSaIS0_EE6resizeEjS0_
FNDA:0,_ZNKSt6vectorIiSaIiEE8capacityEv
FNDA:0,_ZNKSt6vectorIiSaIiEE5emptyEv
FNDA:0,_ZNKSt6vectorI17_loop_spec_threadSaIS0_EE5emptyEv
FNDA:0,_ZNSt6vectorIiSaIiEEixEj
FNDA:0,_ZNSt6vectorIPFPvS0_ESaIS2_EEixEj
FNDA:0,_ZNSt6vectorIPvSaIS0_EEixEj
FNDA:0,_ZNSt6vectorI17_loop_spec_threadSaIS0_EEixEj
FNDA:0,_ZNSt6vectorIiSaIiEE9push_backERKi
FNDA:0,_ZNSt6vectorIPvSaIS0_EE9push_backERKS0_
FNDA:0,_ZNSt6vectorIPFPvS0_ESaIS2_EE9push_backERKS2_
FNDA:0,_ZNSt6vectorI17_loop_spec_threadSaIS0_EE6insertEN9__gnu_cxx17__normal_iteratorIPS0_S2_EEjRKS0_
FNDA:0,_ZNSt6vectorIiSaIiEE6insertISt23_Rb_tree_const_iteratorIiEEEvN9__gnu_cxx17__normal_iteratorIPiS1_EET_S9_
FNDA:0,_ZNSt6vectorIiSaIiEE6insertIN9__gnu_cxx17__normal_iteratorIPiS1_EEEEvS6_T_S7_
FNDA:0,_ZNSt6vectorIPvSaIS0_EE5clearEv
FNDA:0,_ZNSt6vectorIPFPvS0_ESaIS2_EE5clearEv
FNDA:0,_ZNSt6vectorI17_loop_spec_threadSaIS0_EE5clearEv
FNDA:0,_ZNSt6vectorIiSaIiEE20_M_allocate_and_copyIN9__gnu_cxx17__normal_iteratorIPKiS1_EEEEPijT_S9_
FNDA:0,_ZNSt6vectorIiSaIiEE18_M_insert_dispatchISt23_Rb_tree_const_iteratorIiEEEvN9__gnu_cxx17__normal_iteratorIPiS1_EET_S9_St12__false_type
FNDA:0,_ZNSt6vectorIiSaIiEE18_M_insert_dispatchIN9__gnu_cxx17__normal_iteratorIPiS1_EEEEvS6_T_S7_St12__false_type
FNDA:0,_ZNKSt6vectorIiSaIiEE12_M_check_lenEjPKc
FNDA:0,_ZNKSt6vectorIPFPvS0_ESaIS2_EE12_M_check_lenEjPKc
FNDA:0,_ZNKSt6vectorIPvSaIS0_EE12_M_check_lenEjPKc
FNDA:0,_ZNKSt6vectorI17_loop_spec_threadSaIS0_EE12_M_check_lenEjPKc
FNDA:0,_ZNSt6vectorIPvSaIS0_EE15_M_erase_at_endEPS0_
FNDA:0,_ZNSt6vectorIPFPvS0_ESaIS2_EE15_M_erase_at_endEPS2_
FNDA:0,_ZNSt6vectorI17_loop_spec_threadSaIS0_EE15_M_erase_at_endEPS0_
FNF:100
FNH:0
BRDA:75,9999,0,-
BRDA:75,9999,2,-
BRDA:75,9999,3,-
BRDA:75,9999,5,-
BRDA:75,9999,6,-
BRDA:75,9999,8,-
BRDA:75,9999,9,-
BRDA:75,9999,11,-
BRDA:81,9999,0,-
BRDA:81,9999,2,-
BRDA:81,9999,4,-
BRDA:81,9999,6,-
BRDA:82,9999,0,-
BRDA:82,9999,1,-
BRDA:82,9999,2,-
BRDA:82,9999,3,-
BRDA:85,9999,0,-
BRDA:85,9999,2,-
BRDA:85,9999,4,-
BRDA:86,9999,0,-
BRDA:86,9999,1,-
BRDA:86,9999,2,-
BRDA:94,9999,0,-
BRDA:94,9999,1,-
BRDA:94,9999,2,-
BRDA:94,9999,3,-
BRDA:98,9999,0,-
BRDA:98,9999,1,-
BRDA:98,9999,2,-
BRDA:98,9999,3,-
BRDA:105,9999,0,-
BRDA:105,9999,2,-
BRDA:105,9999,3,-
BRDA:105,9999,5,-
BRDA:105,9999,6,-
BRDA:105,9999,8,-
BRDA:105,9999,9,-
BRDA:105,9999,11,-
BRDA:111,9999,0,-
BRDA:111,9999,2,-
BRDA:111,9999,5,-
BRDA:111,9999,7,-
BRDA:111,9999,10,-
BRDA:111,9999,12,-
BRDA:113,9999,0,-
BRDA:113,9999,1,-
BRDA:113,9999,3,-
BRDA:113,9999,4,-
BRDA:113,9999,6,-
BRDA:113,9999,7,-
BRDA:116,9999,0,-
BRDA:116,9999,1,-
BRDA:116,9999,2,-
BRDA:132,9999,0,-
BRDA:132,9999,1,-
BRDA:132,9999,3,-
BRDA:132,9999,4,-
BRDA:132,9999,6,-
BRDA:132,9999,7,-
BRDA:132,9999,9,-
BRDA:132,9999,10,-
BRDA:133,9999,0,-
BRDA:133,9999,2,-
BRDA:133,9999,3,-
BRDA:133,9999,6,-
BRDA:133,9999,8,-
BRDA:133,9999,9,-
BRDA:133,9999,12,-
BRDA:133,9999,14,-
BRDA:133,9999,15,-
BRDA:133,9999,18,-
BRDA:133,9999,20,-
BRDA:133,9999,21,-
BRDA:140,9999,0,-
BRDA:140,9999,1,-
BRDA:140,9999,2,-
BRDA:140,9999,4,-
BRDA:140,9999,5,-
BRDA:140,9999,6,-
BRDA:140,9999,7,-
BRDA:140,9999,8,-
BRDA:140,9999,9,-
BRDA:140,9999,11,-
BRDA:140,9999,12,-
BRDA:140,9999,13,-
BRDA:140,9999,14,-
BRDA:140,9999,15,-
BRDA:140,9999,16,-
BRDA:140,9999,18,-
BRDA:140,9999,19,-
BRDA:140,9999,20,-
BRDA:140,9999,21,-
BRDA:140,9999,22,-
BRDA:140,9999,23,-
BRDA:140,9999,25,-
BRDA:140,9999,26,-
BRDA:140,9999,27,-
BRDA:145,9999,0,-
BRDA:145,9999,1,-
BRDA:145,9999,2,-
BRDA:145,9999,3,-
BRDA:145,9999,4,-
BRDA:145,9999,5,-
BRDA:145,9999,6,-
BRDA:145,9999,7,-
BRDA:146,9999,0,-
BRDA:146,9999,2,-
BRDA:146,9999,4,-
BRDA:146,9999,6,-
BRDA:147,9999,0,-
BRDA:147,9999,1,-
BRDA:147,9999,2,-
BRDA:147,9999,3,-
BRDA:208,9999,0,-
BRDA:208,9999,2,-
BRDA:208,9999,3,-
BRDA:208,9999,5,-
BRDA:208,9999,6,-
BRDA:208,9999,8,-
BRDA:208,9999,9,-
BRDA:208,9999,11,-
BRDA:242,9999,0,-
BRDA:242,9999,2,-
BRDA:242,9999,4,-
BRDA:242,9999,6,-
BRDA:242,9999,9,-
BRDA:242,9999,11,-
BRDA:242,9999,13,-
BRDA:242,9999,15,-
BRDA:242,9999,18,-
BRDA:242,9999,20,-
BRDA:242,9999,22,-
BRDA:242,9999,24,-
BRDA:243,9999,0,-
BRDA:243,9999,2,-
BRDA:243,9999,3,-
BRDA:243,9999,5,-
BRDA:243,9999,6,-
BRDA:243,9999,8,-
BRDA:243,9999,9,-
BRDA:243,9999,11,-
BRDA:243,9999,13,-
BRDA:243,9999,14,-
BRDA:243,9999,16,-
BRDA:243,9999,17,-
BRDA:243,9999,19,-
BRDA:243,9999,20,-
BRDA:243,9999,22,-
BRDA:243,9999,24,-
BRDA:243,9999,25,-
BRDA:243,9999,27,-
BRDA:243,9999,28,-
BRDA:243,9999,30,-
BRDA:243,9999,31,-
BRDA:247,9999,0,-
BRDA:247,9999,1,-
BRDA:247,9999,2,-
BRDA:313,9999,0,-
BRDA:313,9999,2,-
BRDA:313,9999,3,-
BRDA:313,9999,5,-
BRDA:313,9999,7,-
BRDA:313,9999,8,-
BRDA:313,9999,10,-
BRDA:313,9999,12,-
BRDA:313,9999,13,-
BRDA:313,9999,15,-
BRDA:313,9999,17,-
BRDA:313,9999,18,-
BRDA:314,9999,0,-
BRDA:314,9999,2,-
BRDA:314,9999,3,-
BRDA:314,9999,6,-
BRDA:314,9999,8,-
BRDA:314,9999,9,-
BRDA:314,9999,12,-
BRDA:314,9999,14,-
BRDA:314,9999,15,-
BRDA:314,9999,18,-
BRDA:314,9999,20,-
BRDA:314,9999,21,-
BRDA:427,9999,0,-
BRDA:427,9999,2,-
BRDA:427,9999,3,-
BRDA:427,9999,5,-
BRDA:427,9999,6,-
BRDA:427,9999,8,-
BRDA:427,9999,9,-
BRDA:427,9999,11,-
BRDA:436,9999,0,-
BRDA:436,9999,2,-
BRDA:436,9999,3,-
BRDA:436,9999,5,-
BRDA:436,9999,6,-
BRDA:436,9999,8,-
BRDA:436,9999,9,-
BRDA:436,9999,11,-
BRDA:445,9999,0,-
BRDA:445,9999,2,-
BRDA:445,9999,3,-
BRDA:445,9999,5,-
BRDA:445,9999,6,-
BRDA:445,9999,8,-
BRDA:445,9999,9,-
BRDA:445,9999,11,-
BRDA:454,9999,0,-
BRDA:454,9999,2,-
BRDA:454,9999,3,-
BRDA:454,9999,5,-
BRDA:454,9999,6,-
BRDA:454,9999,8,-
BRDA:454,9999,9,-
BRDA:454,9999,11,-
BRDA:534,9999,0,-
BRDA:534,9999,1,-
BRDA:534,9999,2,-
BRDA:534,9999,3,-
BRDA:539,9999,0,-
BRDA:539,9999,2,-
BRDA:539,9999,4,-
BRDA:539,9999,5,-
BRDA:539,9999,7,-
BRDA:539,9999,9,-
BRDA:539,9999,10,-
BRDA:539,9999,12,-
BRDA:539,9999,14,-
BRDA:539,9999,15,-
BRDA:539,9999,17,-
BRDA:539,9999,19,-
BRDA:555,9999,0,-
BRDA:555,9999,2,-
BRDA:555,9999,3,-
BRDA:556,9999,0,-
BRDA:558,9999,0,-
BRDA:558,9999,2,-
BRDA:558,9999,4,-
BRDA:559,9999,0,-
BRDA:575,9999,0,-
BRDA:583,9999,0,-
BRDA:583,9999,2,-
BRDA:583,9999,4,-
BRDA:583,9999,6,-
BRDA:583,9999,7,-
BRDA:583,9999,9,-
BRDA:583,9999,11,-
BRDA:583,9999,13,-
BRDA:619,9999,0,-
BRDA:619,9999,1,-
BRDA:619,9999,2,-
BRDA:619,9999,3,-
BRDA:743,9999,0,-
BRDA:743,9999,1,-
BRDA:743,9999,2,-
BRDA:743,9999,3,-
BRDA:743,9999,4,-
BRDA:743,9999,5,-
BRDA:745,9999,0,-
BRDA:745,9999,2,-
BRDA:745,9999,4,-
BRDA:746,9999,0,-
BRDA:746,9999,1,-
BRDA:746,9999,2,-
BRDA:749,9999,0,-
BRDA:749,9999,2,-
BRDA:749,9999,4,-
BRDA:749,9999,6,-
BRDA:749,9999,8,-
BRDA:749,9999,10,-
BRDA:750,9999,0,-
BRDA:750,9999,1,-
BRDA:750,9999,2,-
BRDA:859,9999,0,-
BRDA:859,9999,2,-
BRDA:882,9999,0,-
BRDA:882,9999,2,-
BRDA:883,9999,0,-
BRDA:883,9999,1,-
BRDA:955,9999,0,-
BRDA:955,9999,2,-
BRDA:955,9999,3,-
BRDA:955,9999,5,-
BRDA:955,9999,6,-
BRDA:955,9999,8,-
BRDA:967,9999,0,-
BRDA:970,9999,0,-
BRDA:970,9999,2,-
BRDA:970,9999,3,-
BRDA:972,9999,0,-
BRDA:974,9999,0,-
BRDA:974,9999,3,-
BRDA:974,9999,4,-
BRDA:976,9999,0,-
BRDA:976,9999,1,-
BRDA:977,9999,0,-
BRDA:1106,9999,0,-
BRDA:1106,9999,2,-
BRDA:1107,9999,0,-
BRDA:1107,9999,1,-
BRDA:1140,9999,0,-
BRDA:1140,9999,2,-
BRDA:1140,9999,4,-
BRDA:1140,9999,5,-
BRDA:1140,9999,6,-
BRDA:1140,9999,8,-
BRDA:1140,9999,10,-
BRDA:1140,9999,11,-
BRDA:1140,9999,12,-
BRDA:1140,9999,14,-
BRDA:1140,9999,16,-
BRDA:1140,9999,17,-
BRDA:1140,9999,18,-
BRDA:1140,9999,20,-
BRDA:1140,9999,22,-
BRDA:1140,9999,23,-
BRDA:1143,9999,0,-
BRDA:1143,9999,2,-
BRDA:1143,9999,4,-
BRDA:1143,9999,6,-
BRDA:1143,9999,8,-
BRDA:1143,9999,10,-
BRDA:1143,9999,12,-
BRDA:1143,9999,14,-
BRDA:1143,9999,16,-
BRDA:1143,9999,18,-
BRDA:1143,9999,20,-
BRDA:1143,9999,22,-
BRDA:1144,9999,0,-
BRDA:1144,9999,2,-
BRDA:1144,9999,3,-
BRDA:1144,9999,4,-
BRDA:1144,9999,6,-
BRDA:1144,9999,7,-
BRDA:1144,9999,8,-
BRDA:1144,9999,10,-
BRDA:1144,9999,11,-
BRDA:1144,9999,12,-
BRDA:1144,9999,14,-
BRDA:1144,9999,15,-
BRDA:1144,9999,16,-
BRDA:1144,9999,18,-
BRDA:1144,9999,19,-
BRDA:1144,9999,20,-
BRDA:1144,9999,22,-
BRDA:1144,9999,23,-
BRDA:1144,9999,24,-
BRDA:1144,9999,26,-
BRDA:1144,9999,27,-
BRDA:1144,9999,28,-
BRDA:1144,9999,30,-
BRDA:1144,9999,31,-
BRDA:1144,9999,32,-
BRDA:1144,9999,34,-
BRDA:1144,9999,35,-
BRDA:1144,9999,36,-
BRDA:1144,9999,38,-
BRDA:1144,9999,39,-
BRDA:1144,9999,40,-
BRDA:1144,9999,42,-
BRDA:1144,9999,43,-
BRDA:1144,9999,44,-
BRDA:1144,9999,46,-
BRDA:1144,9999,47,-
BRDA:1144,9999,48,-
BRDA:1154,9999,0,-
BRDA:1154,9999,2,-
BRDA:1154,9999,4,-
BRDA:1154,9999,6,-
BRDA:1154,9999,8,-
BRDA:1154,9999,10,-
BRDA:1156,9999,0,-
BRDA:1156,9999,1,-
BRDA:1156,9999,2,-
BRF:372
BRH:0
DA:75,0
DA:80,0
DA:81,0
DA:82,0
DA:84,0
DA:85,0
DA:86,0
DA:93,0
DA:94,0
DA:97,0
DA:98,0
DA:104,0
DA:105,0
DA:110,0
DA:111,0
DA:113,0
DA:114,0
DA:115,0
DA:116,0
DA:131,0
DA:132,0
DA:133,0
DA:139,0
DA:140,0
DA:143,0
DA:145,0
DA:146,0
DA:147,0
DA:207,0
DA:208,0
DA:241,0
DA:242,0
DA:243,0
DA:247,0
DA:312,0
DA:313,0
DA:314,0
DA:426,0
DA:427,0
DA:435,0
DA:436,0
DA:444,0
DA:445,0
DA:453,0
DA:454,0
DA:533,0
DA:534,0
DA:538,0
DA:539,0
DA:553,0
DA:555,0
DA:556,0
DA:558,0
DA:559,0
DA:573,0
DA:575,0
DA:582,0
DA:583,0
DA:618,0
DA:619,0
DA:741,0
DA:743,0
DA:745,0
DA:746,0
DA:749,0
DA:750,0
DA:858,0
DA:859,0
DA:877,0
DA:882,0
DA:883,0
DA:954,0
DA:955,0
DA:964,0
DA:967,0
DA:970,0
DA:972,0
DA:974,0
DA:976,0
DA:977,0
DA:1101,0
DA:1106,0
DA:1107,0
DA:1138,0
DA:1140,0
DA:1141,0
DA:1143,0
DA:1144,0
DA:1152,0
DA:1154,0
DA:1155,0
DA:1156,0
LF:92
LH:0
end_of_record
SF:/usr/include/c++/4.5/bits/vector.tcc
FN:133,_ZNSt6vectorIPvSaIS0_EE5eraseEN9__gnu_cxx17__normal_iteratorIPS0_S2_EE
FN:133,_ZNSt6vectorIiSaIiEE5eraseEN9__gnu_cxx17__normal_iteratorIPiS1_EE
FN:156,_ZNSt6vectorIiSaIiEEaSERKS1_
FN:295,_ZNSt6vectorIiSaIiEE13_M_insert_auxEN9__gnu_cxx17__normal_iteratorIPiS1_EERKi
FN:295,_ZNSt6vectorIPFPvS0_ESaIS2_EE13_M_insert_auxEN9__gnu_cxx17__normal_iteratorIPS2_S4_EERKS2_
FN:295,_ZNSt6vectorIPvSaIS0_EE13_M_insert_auxEN9__gnu_cxx17__normal_iteratorIPS0_S2_EERKS0_
FN:372,_ZNSt6vectorI17_loop_spec_threadSaIS0_EE14_M_fill_insertEN9__gnu_cxx17__normal_iteratorIPS0_S2_EEjRKS0_
FN:478,_ZNSt6vectorIiSaIiEE15_M_range_insertIN9__gnu_cxx17__normal_iteratorIPiS1_EEEEvS6_T_S7_St20forward_iterator_tag
FN:478,_ZNSt6vectorIiSaIiEE15_M_range_insertISt23_Rb_tree_const_iteratorIiEEEvN9__gnu_cxx17__normal_iteratorIPiS1_EET_S9_St20forward_iterator_tag
FNDA:0,_ZNSt6vectorIiSaIiEE5eraseEN9__gnu_cxx17__normal_iteratorIPiS1_EE
FNDA:0,_ZNSt6vectorIPvSaIS0_EE5eraseEN9__gnu_cxx17__normal_iteratorIPS0_S2_EE
FNDA:0,_ZNSt6vectorIiSaIiEEaSERKS1_
FNDA:0,_ZNSt6vectorIiSaIiEE13_M_insert_auxEN9__gnu_cxx17__normal_iteratorIPiS1_EERKi
FNDA:0,_ZNSt6vectorIPvSaIS0_EE13_M_insert_auxEN9__gnu_cxx17__normal_iteratorIPS0_S2_EERKS0_
FNDA:0,_ZNSt6vectorIPFPvS0_ESaIS2_EE13_M_insert_auxEN9__gnu_cxx17__normal_iteratorIPS2_S4_EERKS2_
FNDA:0,_ZNSt6vectorI17_loop_spec_threadSaIS0_EE14_M_fill_insertEN9__gnu_cxx17__normal_iteratorIPS0_S2_EEjRKS0_
FNDA:0,_ZNSt6vectorIiSaIiEE15_M_range_insertISt23_Rb_tree_const_iteratorIiEEEvN9__gnu_cxx17__normal_iteratorIPiS1_EET_S9_St20forward_iterator_tag
FNDA:0,_ZNSt6vectorIiSaIiEE15_M_range_insertIN9__gnu_cxx17__normal_iteratorIPiS1_EEEEvS6_T_S7_St20forward_iterator_tag
FNF:9
FNH:0
BRDA:136,9999,0,-
BRDA:136,9999,2,-
BRDA:136,9999,4,-
BRDA:136,9999,6,-
BRDA:136,9999,7,-
BRDA:136,9999,8,-
BRDA:136,9999,10,-
BRDA:136,9999,12,-
BRDA:136,9999,14,-
BRDA:136,9999,15,-
BRDA:137,9999,0,-
BRDA:137,9999,2,-
BRDA:137,9999,4,-
BRDA:137,9999,6,-
BRDA:137,9999,8,-
BRDA:137,9999,10,-
BRDA:139,9999,0,-
BRDA:139,9999,2,-
BRDA:140,9999,0,-
BRDA:140,9999,1,-
BRDA:159,9999,0,-
BRDA:159,9999,1,-
BRDA:161,9999,0,-
BRDA:162,9999,0,-
BRDA:162,9999,2,-
BRDA:162,9999,3,-
BRDA:165,9999,0,-
BRDA:165,9999,2,-
BRDA:165,9999,4,-
BRDA:166,9999,0,-
BRDA:166,9999,2,-
BRDA:168,9999,0,-
BRDA:172,9999,0,-
BRDA:174,9999,0,-
BRDA:174,9999,2,-
BRDA:174,9999,3,-
BRDA:176,9999,0,-
BRDA:176,9999,2,-
BRDA:176,9999,4,-
BRDA:176,9999,6,-
BRDA:176,9999,8,-
BRDA:176,9999,10,-
BRDA:176,9999,12,-
BRDA:181,9999,0,-
BRDA:181,9999,2,-
BRDA:183,9999,0,-
BRDA:183,9999,2,-
BRDA:183,9999,4,-
BRDA:188,9999,0,-
BRDA:190,9999,0,-
BRDA:299,9999,0,-
BRDA:299,9999,1,-
BRDA:299,9999,2,-
BRDA:299,9999,3,-
BRDA:299,9999,4,-
BRDA:299,9999,5,-
BRDA:301,9999,0,-
BRDA:301,9999,2,-
BRDA:301,9999,4,-
BRDA:308,9999,0,-
BRDA:308,9999,2,-
BRDA:308,9999,4,-
BRDA:308,9999,6,-
BRDA:308,9999,8,-
BRDA:308,9999,10,-
BRDA:312,9999,0,-
BRDA:312,9999,2,-
BRDA:312,9999,3,-
BRDA:312,9999,5,-
BRDA:312,9999,6,-
BRDA:312,9999,8,-
BRDA:320,9999,0,-
BRDA:320,9999,2,-
BRDA:320,9999,4,-
BRDA:321,9999,0,-
BRDA:321,9999,2,-
BRDA:321,9999,4,-
BRDA:321,9999,6,-
BRDA:321,9999,8,-
BRDA:321,9999,10,-
BRDA:322,9999,0,-
BRDA:322,9999,2,-
BRDA:322,9999,4,-
BRDA:330,9999,0,-
BRDA:330,9999,2,-
BRDA:330,9999,4,-
BRDA:338,9999,0,-
BRDA:338,9999,2,-
BRDA:338,9999,4,-
BRDA:338,9999,5,-
BRDA:338,9999,7,-
BRDA:338,9999,9,-
BRDA:338,9999,11,-
BRDA:338,9999,12,-
BRDA:338,9999,14,-
BRDA:338,9999,16,-
BRDA:338,9999,18,-
BRDA:338,9999,19,-
BRDA:344,9999,0,-
BRDA:344,9999,2,-
BRDA:344,9999,4,-
BRDA:344,9999,5,-
BRDA:344,9999,7,-
BRDA:344,9999,9,-
BRDA:344,9999,11,-
BRDA:344,9999,12,-
BRDA:344,9999,14,-
BRDA:344,9999,16,-
BRDA:344,9999,18,-
BRDA:344,9999,19,-
BRDA:350,9999,0,-
BRDA:350,9999,3,-
BRDA:350,9999,4,-
BRDA:350,9999,6,-
BRDA:350,9999,9,-
BRDA:350,9999,10,-
BRDA:350,9999,12,-
BRDA:350,9999,15,-
BRDA:350,9999,16,-
BRDA:352,9999,0,-
BRDA:352,9999,1,-
BRDA:352,9999,2,-
BRDA:352,9999,3,-
BRDA:352,9999,4,-
BRDA:352,9999,5,-
BRDA:353,9999,0,-
BRDA:353,9999,2,-
BRDA:353,9999,4,-
BRDA:355,9999,0,-
BRDA:355,9999,2,-
BRDA:355,9999,3,-
BRDA:355,9999,5,-
BRDA:355,9999,7,-
BRDA:355,9999,8,-
BRDA:355,9999,10,-
BRDA:355,9999,12,-
BRDA:355,9999,13,-
BRDA:356,9999,0,-
BRDA:356,9999,1,-
BRDA:356,9999,3,-
BRDA:356,9999,4,-
BRDA:356,9999,6,-
BRDA:356,9999,7,-
BRDA:357,9999,0,-
BRDA:357,9999,1,-
BRDA:357,9999,2,-
BRDA:359,9999,0,-
BRDA:359,9999,2,-
BRDA:359,9999,4,-
BRDA:359,9999,6,-
BRDA:359,9999,8,-
BRDA:359,9999,10,-
BRDA:361,9999,0,-
BRDA:361,9999,2,-
BRDA:361,9999,4,-
BRDA:366,9999,0,-
BRDA:366,9999,1,-
BRDA:366,9999,2,-
BRDA:368,9999,0,-
BRDA:368,9999,1,-
BRDA:368,9999,2,-
BRDA:375,9999,0,-
BRDA:375,9999,1,-
BRDA:377,9999,0,-
BRDA:377,9999,1,-
BRDA:380,9999,0,-
BRDA:380,9999,2,-
BRDA:380,9999,4,-
BRDA:381,9999,0,-
BRDA:381,9999,1,-
BRDA:381,9999,3,-
BRDA:381,9999,4,-
BRDA:383,9999,0,-
BRDA:383,9999,1,-
BRDA:385,9999,0,-
BRDA:385,9999,2,-
BRDA:385,9999,3,-
BRDA:390,9999,0,-
BRDA:390,9999,2,-
BRDA:390,9999,3,-
BRDA:392,9999,0,-
BRDA:392,9999,2,-
BRDA:392,9999,4,-
BRDA:392,9999,5,-
BRDA:397,9999,0,-
BRDA:397,9999,2,-
BRDA:397,9999,3,-
BRDA:402,9999,0,-
BRDA:402,9999,2,-
BRDA:402,9999,4,-
BRDA:402,9999,5,-
BRDA:406,9999,0,-
BRDA:406,9999,2,-
BRDA:406,9999,3,-
BRDA:412,9999,0,-
BRDA:413,9999,0,-
BRDA:413,9999,2,-
BRDA:414,9999,0,-
BRDA:419,9999,0,-
BRDA:419,9999,2,-
BRDA:419,9999,3,-
BRDA:424,9999,0,-
BRDA:424,9999,2,-
BRDA:424,9999,4,-
BRDA:424,9999,5,-
BRDA:431,9999,0,-
BRDA:431,9999,2,-
BRDA:431,9999,4,-
BRDA:431,9999,5,-
BRDA:437,9999,0,-
BRDA:437,9999,3,-
BRDA:437,9999,4,-
BRDA:439,9999,0,-
BRDA:439,9999,1,-
BRDA:440,9999,0,-
BRDA:440,9999,2,-
BRDA:440,9999,3,-
BRDA:444,9999,0,-
BRDA:444,9999,2,-
BRDA:444,9999,3,-
BRDA:446,9999,0,-
BRDA:446,9999,1,-
BRDA:447,9999,0,-
BRDA:449,9999,0,-
BRDA:449,9999,2,-
BRDA:451,9999,0,-
BRDA:456,9999,0,-
BRDA:459,9999,0,-
BRDA:482,9999,0,-
BRDA:482,9999,2,-
BRDA:482,9999,3,-
BRDA:482,9999,4,-
BRDA:482,9999,6,-
BRDA:482,9999,7,-
BRDA:484,9999,0,-
BRDA:484,9999,2,-
BRDA:485,9999,0,-
BRDA:485,9999,1,-
BRDA:485,9999,2,-
BRDA:485,9999,3,-
BRDA:488,9999,0,-
BRDA:488,9999,2,-
BRDA:488,9999,4,-
BRDA:488,9999,6,-
BRDA:490,9999,0,-
BRDA:490,9999,1,-
BRDA:490,9999,2,-
BRDA:490,9999,3,-
BRDA:492,9999,0,-
BRDA:492,9999,2,-
BRDA:492,9999,4,-
BRDA:492,9999,6,-
BRDA:497,9999,0,-
BRDA:497,9999,2,-
BRDA:497,9999,4,-
BRDA:497,9999,6,-
BRDA:499,9999,0,-
BRDA:499,9999,2,-
BRDA:504,9999,0,-
BRDA:504,9999,2,-
BRDA:505,9999,0,-
BRDA:505,9999,2,-
BRDA:505,9999,4,-
BRDA:505,9999,6,-
BRDA:509,9999,0,-
BRDA:509,9999,2,-
BRDA:509,9999,4,-
BRDA:509,9999,6,-
BRDA:509,9999,8,-
BRDA:509,9999,10,-
BRDA:514,9999,0,-
BRDA:514,9999,2,-
BRDA:520,9999,0,-
BRDA:520,9999,2,-
BRDA:521,9999,0,-
BRDA:521,9999,2,-
BRDA:525,9999,0,-
BRDA:525,9999,2,-
BRDA:525,9999,4,-
BRDA:525,9999,5,-
BRDA:525,9999,7,-
BRDA:525,9999,9,-
BRDA:525,9999,11,-
BRDA:525,9999,12,-
BRDA:530,9999,0,-
BRDA:530,9999,2,-
BRDA:530,9999,3,-
BRDA:530,9999,5,-
BRDA:530,9999,7,-
BRDA:530,9999,8,-
BRDA:534,9999,0,-
BRDA:534,9999,2,-
BRDA:534,9999,4,-
BRDA:534,9999,5,-
BRDA:534,9999,7,-
BRDA:534,9999,9,-
BRDA:534,9999,11,-
BRDA:534,9999,12,-
BRDA:540,9999,0,-
BRDA:540,9999,3,-
BRDA:540,9999,4,-
BRDA:540,9999,6,-
BRDA:540,9999,9,-
BRDA:540,9999,10,-
BRDA:542,9999,0,-
BRDA:542,9999,2,-
BRDA:542,9999,3,-
BRDA:542,9999,5,-
BRDA:542,9999,7,-
BRDA:542,9999,8,-
BRDA:544,9999,0,-
BRDA:544,9999,1,-
BRDA:544,9999,3,-
BRDA:544,9999,4,-
BRDA:545,9999,0,-
BRDA:545,9999,1,-
BRDA:547,9999,0,-
BRDA:547,9999,2,-
BRDA:547,9999,4,-
BRDA:547,9999,6,-
BRDA:549,9999,0,-
BRDA:549,9999,2,-
BRDA:554,9999,0,-
BRDA:554,9999,1,-
BRDA:557,9999,0,-
BRDA:557,9999,1,-
BRF:326
BRH:0
DA:133,0
DA:136,0
DA:137,0
DA:138,0
DA:139,0
DA:140,0
DA:156,0
DA:159,0
DA:161,0
DA:162,0
DA:165,0
DA:166,0
DA:168,0
DA:171,0
DA:172,0
DA:174,0
DA:176,0
DA:181,0
DA:183,0
DA:188,0
DA:190,0
DA:295,0
DA:299,0
DA:301,0
DA:304,0
DA:306,0
DA:308,0
DA:312,0
DA:320,0
DA:321,0
DA:322,0
DA:323,0
DA:330,0
DA:336,0
DA:338,0
DA:342,0
DA:344,0
DA:350,0
DA:352,0
DA:353,0
DA:355,0
DA:356,0
DA:357,0
DA:359,0
DA:361,0
DA:364,0
DA:365,0
DA:366,0
DA:368,0
DA:372,0
DA:375,0
DA:377,0
DA:380,0
DA:381,0
DA:382,0
DA:383,0
DA:385,0
DA:389,0
DA:390,0
DA:392,0
DA:397,0
DA:401,0
DA:402,0
DA:405,0
DA:406,0
DA:412,0
DA:413,0
DA:414,0
DA:415,0
DA:419,0
DA:422,0
DA:424,0
DA:429,0
DA:431,0
DA:437,0
DA:439,0
DA:440,0
DA:444,0
DA:446,0
DA:447,0
DA:449,0
DA:451,0
DA:454,0
DA:455,0
DA:456,0
DA:459,0
DA:478,0
DA:482,0
DA:484,0
DA:485,0
DA:488,0
DA:489,0
DA:490,0
DA:492,0
DA:496,0
DA:497,0
DA:499,0
DA:503,0
DA:504,0
DA:505,0
DA:508,0
DA:509,0
DA:513,0
DA:514,0
DA:520,0
DA:521,0
DA:522,0
DA:525,0
DA:530,0
DA:534,0
DA:540,0
DA:542,0
DA:544,0
DA:545,0
DA:547,0
DA:549,0
DA:552,0
DA:553,0
DA:554,0
DA:557,0
LF:120
LH:0
end_of_record
